ASxxxx Assembler V02.00 + NoICE + SDCC mods  (Zilog Z80 / Hitachi HD64180), page 1.
Hexadecimal [16-Bits]



                              1 ;; File 'src/map/mappk1.h.s' generated using cpct_pack
                              2 ;; Compresor used:   zx7b
                              3 ;; Files compressed: [ 'src/map1.bin' ]
                              4 ;; Uncompressed:     1680 bytes
                              5 ;; Compressed:       673 bytes
                              6 ;; Space saved:      1007 bytes
                              7 ;;
                              8 
                              9 ;; Declaration of the compressed array and
                             10 ;; the address of the latest byte of the compressed array (for unpacking purposes)
                             11 .globl _mappk1
                             12 .globl _mappk1_end
                             13 
                             14 ;; Compressed and uncompressed sizes
                     02A1    15 _mappk1_size_z == 673
                     0690    16 _mappk1_size   == 1680
                             17 
                             18 
