ASxxxx Assembler V02.00 + NoICE + SDCC mods  (Zilog Z80 / Hitachi HD64180), page 1.
Hexadecimal [16-Bits]



                              1 ;; File 'src/map/mappk10.s' generated using cpct_pack
                              2 ;; Compresor used:   zx7b
                              3 ;; Files compressed: [ 'src/map10.bin' ]
                              4 ;; Uncompressed:     1680 bytes
                              5 ;; Compressed:       430 bytes
                              6 ;; Space saved:      1250 bytes
                              7 ;;
                              8 
                              9 ;; Data array definition
   0000                      10 _mappk10::
   0000 60 55 56 D5 A1 AE    11    .db  0x60, 0x55, 0x56, 0xd5, 0xa1, 0xae, 0x4f, 0xb8, 0x28, 0x9a, 0x03, 0x17, 0x54, 0x38, 0x16, 0xa1
        4F B8 28 9A 03 17
        54 38 16 A1
   0010 76 03 17 55 16 1C    12    .db  0x76, 0x03, 0x17, 0x55, 0x16, 0x1c, 0x0c, 0x89, 0x4f, 0xa1, 0xef, 0x88, 0xb1, 0xba, 0x4f, 0x00
        0C 89 4F A1 EF 88
        B1 BA 4F 00
   0020 7A 08 18 4F 1F CA    13    .db  0x7a, 0x08, 0x18, 0x4f, 0x1f, 0xca, 0x00, 0x1c, 0x06, 0x75, 0x4f, 0x17, 0xfd, 0x16, 0xda, 0x84
        00 1C 06 75 4F 17
        FD 16 DA 84
   0030 54 DF 19 08 1B CF    14    .db  0x54, 0xdf, 0x19, 0x08, 0x1b, 0xcf, 0xa8, 0x49, 0xc0, 0x6b, 0x97, 0x8d, 0x15, 0xfb, 0xf6, 0x8f
        A8 49 C0 6B 97 8D
        15 FB F6 8F
   0040 08 D6 4F 0D D3 B9    15    .db  0x08, 0xd6, 0x4f, 0x0d, 0xd3, 0xb9, 0x2b, 0xc1, 0xff, 0x49, 0x06, 0xd3, 0xb6, 0x49, 0x11, 0xfb
        2B C1 FF 49 06 D3
        B6 49 11 FB
   0050 4F D6 06 D3 B6 59    16    .db  0x4f, 0xd6, 0x06, 0xd3, 0xb6, 0x59, 0x11, 0xfb, 0x76, 0xaf, 0x02, 0x05, 0xf1, 0xaf, 0x59, 0x19
        11 FB 76 AF 02 05
        F1 AF 59 19
   0060 06 B5 3A AF 03 13    17    .db  0x06, 0xb5, 0x3a, 0xaf, 0x03, 0x13, 0x87, 0x9a, 0x15, 0xef, 0x61, 0x56, 0x0d, 0x14, 0xd3, 0xbd
        87 9A 15 EF 61 56
        0D 14 D3 BD
   0070 49 A1 67 33 20 DD    18    .db  0x49, 0xa1, 0x67, 0x33, 0x20, 0xdd, 0xaf, 0x27, 0x56, 0x5c, 0xa8, 0x9c, 0x34, 0x97, 0x46, 0xd3
        AF 27 56 5C A8 9C
        34 97 46 D3
   0080 E1 AF 19 14 1C 97    19    .db  0xe1, 0xaf, 0x19, 0x14, 0x1c, 0x97, 0x8c, 0x55, 0xc0, 0x78, 0xaf, 0x16, 0x14, 0x07, 0x97, 0x63
        8C 55 C0 78 AF 16
        14 07 97 63
   0090 15 C0 AF 9E 55 15    20    .db  0x15, 0xc0, 0xaf, 0x9e, 0x55, 0x15, 0x5c, 0x06, 0xdc, 0xaf, 0x59, 0x0b, 0x5c, 0x4f, 0x05, 0x07
        5C 06 DC AF 59 0B
        5C 4F 05 07
   00A0 F7 44 9F 5A 19 05    21    .db  0xf7, 0x44, 0x9f, 0x5a, 0x19, 0x05, 0xef, 0x83, 0x1b, 0x06, 0x9b, 0x5d, 0x04, 0x7b, 0x9e, 0xac
        EF 83 1B 06 9B 5D
        04 7B 9E AC
   00B0 82 91 3A 31 EE AF    22    .db  0x82, 0x91, 0x3a, 0x31, 0xee, 0xaf, 0x13, 0x1b, 0x86, 0x0b, 0x5d, 0x87, 0xef, 0x70, 0x9e, 0xa4
        13 1B 86 0B 5D 87
        EF 70 9E A4
   00C0 89 B1 3A 31 EE 4F    23    .db  0x89, 0xb1, 0x3a, 0x31, 0xee, 0x4f, 0x61, 0xac, 0x2c, 0x04, 0x1e, 0x89, 0x2b, 0x4f, 0x1e, 0xac
        61 AC 2C 04 1E 89
        2B 4F 1E AC
   00D0 8B 04 89 C7 8A 4F    24    .db  0x8b, 0x04, 0x89, 0xc7, 0x8a, 0x4f, 0x97, 0xc7, 0x02, 0x4f, 0x86, 0x0d, 0x29, 0x83, 0xc6, 0x04
        97 C7 02 4F 86 0D
        29 83 C6 04
   00E0 E2 4F 06 19 6A 96    25    .db  0xe2, 0x4f, 0x06, 0x19, 0x6a, 0x96, 0xac, 0x4f, 0x64, 0x87, 0x2e, 0x14, 0x87, 0x0b, 0xc1, 0xc3
        AC 4F 64 87 2E 14
        87 0B C1 C3
ASxxxx Assembler V02.00 + NoICE + SDCC mods  (Zilog Z80 / Hitachi HD64180), page 2.
Hexadecimal [16-Bits]



   00F0 0D 14 EB 06 48 B9    26    .db  0x0d, 0x14, 0xeb, 0x06, 0x48, 0xb9, 0x31, 0xbf, 0x47, 0x06, 0x18, 0x66, 0x67, 0x06, 0x12, 0x0b
        31 BF 47 06 18 66
        67 06 12 0B
   0100 0D 3E 64 65 06 C8    27    .db  0x0d, 0x3e, 0x64, 0x65, 0x06, 0xc8, 0x48, 0x31, 0xe1, 0x4f, 0x0d, 0xe9, 0x08, 0x04, 0xfa, 0x0d
        48 31 E1 4F 0D E9
        08 04 FA 0D
   0110 83 58 59 06 84 5C    28    .db  0x83, 0x58, 0x59, 0x06, 0x84, 0x5c, 0x5d, 0x60, 0x61, 0x4f, 0x90, 0x0d, 0xae, 0x08, 0x04, 0x0d
        5D 60 61 4F 90 0D
        AE 08 04 0D
   0120 3F 5A 5B 06 48 5E    29    .db  0x3f, 0x5a, 0x5b, 0x06, 0x48, 0x5e, 0x5f, 0x62, 0x63, 0x08, 0x04, 0x4f, 0x06, 0x67, 0xaa, 0x00
        5F 62 63 08 04 4F
        06 67 AA 00
   0130 04 4F 7B 27 26 9E    30    .db  0x04, 0x4f, 0x7b, 0x27, 0x26, 0x9e, 0x00, 0xe0, 0x18, 0xa9, 0x4f, 0x18, 0x0c, 0x0b, 0x07, 0x5d
        00 E0 18 A9 4F 18
        0C 0B 07 5D
   0140 17 5C 0B 4F 6F 77    31    .db  0x17, 0x5c, 0x0b, 0x4f, 0x6f, 0x77, 0x70, 0x71, 0x13, 0x4f, 0x58, 0x49, 0x4f, 0x1f, 0x72, 0x73
        70 71 13 4F 58 49
        4F 1F 72 73
   0150 74 14 18 00 56 07    32    .db  0x74, 0x14, 0x18, 0x00, 0x56, 0x07, 0x57, 0x56, 0x75, 0x1d, 0x76, 0x77, 0x27, 0x4e, 0xbc, 0x00
        57 56 75 1D 76 77
        27 4E BC 00
   0160 8B 13 56 57 27 28    33    .db  0x8b, 0x13, 0x56, 0x57, 0x27, 0x28, 0x29, 0x02, 0x27, 0x00, 0x87, 0x26, 0x29, 0x13, 0x20, 0x21
        29 02 27 00 87 26
        29 13 20 21
   0170 23 24 57 02 53 2A    34    .db  0x23, 0x24, 0x57, 0x02, 0x53, 0x2a, 0x2b, 0x2c, 0x18, 0x13, 0x02, 0xc0, 0x01, 0x19, 0x00, 0x0b
        2B 2C 18 13 02 C0
        01 19 00 0B
   0180 13 22 22 11 4A 4B    35    .db  0x13, 0x22, 0x22, 0x11, 0x4a, 0x4b, 0x25, 0x26, 0x53, 0x4f, 0x60, 0x6c, 0x51, 0x6d, 0x6d, 0x6e
        25 26 53 4F 60 6C
        51 6D 6D 6E
   0190 2F 58 05 17 55 68    36    .db  0x2f, 0x58, 0x05, 0x17, 0x55, 0x68, 0x68, 0x0b, 0x44, 0x15, 0x54, 0x0e, 0x1e, 0x1e, 0x0e, 0x02
        68 0B 44 15 54 0E
        1E 1E 0E 02
   01A0 55 15 06 8C 01 83    37    .db  0x55, 0x15, 0x06, 0x8c, 0x01, 0x83, 0x05, 0x00, 0x9e, 0x0e, 0x01, 0x54, 0x46, 0x55
        05 00 9E 0E 01 54
        46 55
                             38 ;; Address of the latest byte of the compressed array (for unpacking purposes)
                     01AD    39 _mappk10_end == . - 1
                             40 
