ASxxxx Assembler V02.00 + NoICE + SDCC mods  (Zilog Z80 / Hitachi HD64180), page 1.
Hexadecimal [16-Bits]



                              1 ;; File 'src/map/mappk1.s' generated using cpct_pack
                              2 ;; Compresor used:   zx7b
                              3 ;; Files compressed: [ 'src/map1.bin' ]
                              4 ;; Uncompressed:     1680 bytes
                              5 ;; Compressed:       673 bytes
                              6 ;; Space saved:      1007 bytes
                              7 ;;
                              8 
                              9 ;; Data array definition
   0000                      10 _mappk1::
   0000 60 55 27 21 F5 07    11    .db  0x60, 0x55, 0x27, 0x21, 0xf5, 0x07, 0x2e, 0x12, 0xdc, 0x30, 0x15, 0xf2, 0xfc, 0x6c, 0x00, 0xd6
        2E 12 DC 30 15 F2
        FC 6C 00 D6
   0010 6D 6E 2F F7 80 50    12    .db  0x6d, 0x6e, 0x2f, 0xf7, 0x80, 0x50, 0x91, 0x05, 0x77, 0xa9, 0x58, 0xcc, 0x03, 0x38, 0x0a, 0x74
        91 05 77 A9 58 CC
        03 38 0A 74
   0020 02 1E 24 37 91 03    13    .db  0x02, 0x1e, 0x24, 0x37, 0x91, 0x03, 0xbc, 0xa5, 0xb1, 0xa2, 0x91, 0x9e, 0x91, 0x9f, 0xb0, 0x03
        BC A5 B1 A2 91 9E
        91 9F B0 03
   0030 15 69 30 00 6A 0E    14    .db  0x15, 0x69, 0x30, 0x00, 0x6a, 0x0e, 0x30, 0xbb, 0x81, 0x06, 0x00, 0x47, 0xce, 0x32, 0xdf, 0xca
        30 BB 81 06 00 47
        CE 32 DF CA
   0040 16 15 69 00 1A 02    15    .db  0x16, 0x15, 0x69, 0x00, 0x1a, 0x02, 0xba, 0x98, 0x98, 0xdf, 0x4a, 0x12, 0x0e, 0xa8, 0x91, 0x09
        BA 98 98 DF 4A 12
        0E A8 91 09
   0050 77 12 EE 11 60 26    16    .db  0x77, 0x12, 0xee, 0x11, 0x60, 0x26, 0xba, 0xb6, 0x8d, 0xe9, 0x90, 0x28, 0xdf, 0x12, 0xbb, 0x90
        BA B6 8D E9 90 28
        DF 12 BB 90
   0060 CE 02 8A F0 34 56    17    .db  0xce, 0x02, 0x8a, 0xf0, 0x34, 0x56, 0xb9, 0x96, 0x2b, 0x6e, 0xe7, 0xa4, 0x12, 0x02, 0xe9, 0xaf
        B9 96 2B 6E E7 A4
        12 02 E9 AF
   0070 38 88 9C 29 D7 6C    18    .db  0x38, 0x88, 0x9c, 0x29, 0xd7, 0x6c, 0xe7, 0x0c, 0xaf, 0x62, 0x27, 0xe2, 0x8c, 0xce, 0xbb, 0x5a
        E7 0C AF 62 27 E2
        8C CE BB 5A
   0080 1A 97 29 F5 8C FD    19    .db  0x1a, 0x97, 0x29, 0xf5, 0x8c, 0xfd, 0x52, 0x31, 0x02, 0xfa, 0xbc, 0xb6, 0xe7, 0xda, 0x1d, 0xe0
        52 31 02 FA BC B6
        E7 DA 1D E0
   0090 00 B8 94 C6 88 A7    20    .db  0x00, 0xb8, 0x94, 0xc6, 0x88, 0xa7, 0x83, 0x2d, 0x71, 0xc6, 0xdd, 0x08, 0x90, 0x9c, 0x0c, 0x31
        83 2D 71 C6 DD 08
        90 9C 0C 31
   00A0 86 67 BF 2D 01 50    21    .db  0x86, 0x67, 0xbf, 0x2d, 0x01, 0x50, 0xbf, 0xa4, 0x36, 0xed, 0x28, 0x49, 0x1d, 0x01, 0x03, 0x0b
        BF A4 36 ED 28 49
        1D 01 03 0B
   00B0 3F FF 00 31 6F 70    22    .db  0x3f, 0xff, 0x00, 0x31, 0x6f, 0x70, 0x71, 0x1f, 0x37, 0xed, 0xcf, 0x0f, 0x1b, 0xbf, 0xa9, 0xbd
        71 1F 37 ED CF 0F
        1B BF A9 BD
   00C0 7D EC 3F 05 9B 42    23    .db  0x7d, 0xec, 0x3f, 0x05, 0x9b, 0x42, 0x19, 0x95, 0x04, 0x72, 0x73, 0x3b, 0x74, 0xd7, 0x20, 0x9f
        19 95 04 72 73 3B
        74 D7 20 9F
   00D0 85 50 BD 3F D2 01    24    .db  0x85, 0x50, 0xbd, 0x3f, 0xd2, 0x01, 0x74, 0xc9, 0x4a, 0xa9, 0x75, 0x61, 0x76, 0x77, 0x2d, 0x31
        74 C9 4A A9 75 61
        76 77 2D 31
   00E0 EC 32 0A C7 42 B4    25    .db  0xec, 0x32, 0x0a, 0xc7, 0x42, 0xb4, 0x2d, 0x54, 0x27, 0x5d, 0x28, 0x29, 0x2d, 0x31, 0xe4, 0x33
        2D 54 27 5D 28 29
        2D 31 E4 33
ASxxxx Assembler V02.00 + NoICE + SDCC mods  (Zilog Z80 / Hitachi HD64180), page 2.
Hexadecimal [16-Bits]



   00F0 1D 6A 77 47 D9 02    26    .db  0x1d, 0x6a, 0x77, 0x47, 0xd9, 0x02, 0x59, 0x26, 0x21, 0xba, 0x84, 0x2a, 0x2b, 0x2c, 0x4f, 0x08
        59 26 21 BA 84 2A
        2B 2C 4F 08
   0100 B1 25 FF 9D 21 74    27    .db  0xb1, 0x25, 0xff, 0x9d, 0x21, 0x74, 0x00, 0x1d, 0xb0, 0x25, 0x5e, 0x09, 0x3d, 0x97, 0x8c, 0x0d
        00 1D B0 25 5E 09
        3D 97 8C 0D
   0110 35 91 23 4F 07 DD    28    .db  0x35, 0x91, 0x23, 0x4f, 0x07, 0xdd, 0x90, 0xaa, 0x09, 0xd6, 0x21, 0x71, 0x05, 0xbd, 0x97, 0x91
        90 AA 09 D6 21 71
        05 BD 97 91
   0120 8D 79 75 ED 0D C8    29    .db  0x8d, 0x79, 0x75, 0xed, 0x0d, 0xc8, 0xae, 0x95, 0x30, 0x97, 0x46, 0xa7, 0x5a, 0x1d, 0x37, 0x91
        AE 95 30 97 46 A7
        5A 1D 37 91
   0130 56 BC 09 AA 69 A8    30    .db  0x56, 0xbc, 0x09, 0xaa, 0x69, 0xa8, 0x95, 0x8f, 0x95, 0x27, 0x75, 0x02, 0x17, 0xad, 0x27, 0x21
        95 8F 95 27 75 02
        17 AD 27 21
   0140 9E 25 B7 CA 9F 4A    31    .db  0x9e, 0x25, 0xb7, 0xca, 0x9f, 0x4a, 0x08, 0xc7, 0x17, 0x63, 0x16, 0x08, 0xfa, 0x25, 0x4b, 0x99
        08 C7 17 63 16 08
        FA 25 4B 99
   0150 A1 DE 30 10 2E 8F    32    .db  0xa1, 0xde, 0x30, 0x10, 0x2e, 0x8f, 0x16, 0x1b, 0x00, 0x1a, 0x05, 0x22, 0xc7, 0x08, 0x17, 0x15
        16 1B 00 1A 05 22
        C7 08 17 15
   0160 D7 AB 61 9A 69 01    33    .db  0xd7, 0xab, 0x61, 0x9a, 0x69, 0x01, 0x05, 0x9f, 0x65, 0x2d, 0x7b, 0x2e, 0x21, 0x55, 0xda, 0x14
        05 9F 65 2D 7B 2E
        21 55 DA 14
   0170 B7 27 C6 C5 21 2D    34    .db  0xb7, 0x27, 0xc6, 0xc5, 0x21, 0x2d, 0x15, 0x34, 0xc1, 0x27, 0x7c, 0x9d, 0xa4, 0x34, 0x31, 0x73
        15 34 C1 27 7C 9D
        A4 34 31 73
   0180 76 17 05 C7 33 5D    35    .db  0x76, 0x17, 0x05, 0xc7, 0x33, 0x5d, 0xb2, 0x46, 0xab, 0x26, 0xd8, 0x3d, 0x5f, 0x77, 0x77, 0x17
        B2 46 AB 26 D8 3D
        5F 77 77 17
   0190 D7 C1 85 27 02 F1    36    .db  0xd7, 0xc1, 0x85, 0x27, 0x02, 0xf1, 0xc3, 0x65, 0x9a, 0x85, 0x5f, 0x0d, 0x36, 0x71, 0x85, 0xbb
        C3 65 9A 85 5F 0D
        36 71 85 BB
   01A0 B1 2C 09 C1 01 2C    37    .db  0xb1, 0x2c, 0x09, 0xc1, 0x01, 0x2c, 0xa3, 0xcd, 0x84, 0x21, 0xf5, 0x81, 0x05, 0xc8, 0x14, 0x77
        A3 CD 84 21 F5 81
        05 C8 14 77
   01B0 7D DB 94 17 03 CD    38    .db  0x7d, 0xdb, 0x94, 0x17, 0x03, 0xcd, 0x32, 0x24, 0xdb, 0x27, 0x63, 0xe2, 0xc2, 0x2e, 0x15, 0x59
        32 24 DB 27 63 E2
        C2 2E 15 59
   01C0 CA 13 09 DC 23 33    39    .db  0xca, 0x13, 0x09, 0xdc, 0x23, 0x33, 0xdc, 0x8d, 0x8c, 0x49, 0x4c, 0xf8, 0x34, 0x58, 0x35, 0x27
        DC 8D 8C 49 4C F8
        34 58 35 27
   01D0 33 03 D2 0F 0E 9F    40    .db  0x33, 0x03, 0xd2, 0x0f, 0x0e, 0x9f, 0xc2, 0x1d, 0xae, 0x03, 0x0b, 0xf8, 0x27, 0x63, 0x04, 0x32
        C2 1D AE 03 0B F8
        27 63 04 32
   01E0 2E F5 18 C7 61 2D    41    .db  0x2e, 0xf5, 0x18, 0xc7, 0x61, 0x2d, 0x27, 0x1d, 0x74, 0x01, 0x05, 0x2a, 0xea, 0x61, 0x05, 0x27
        27 1D 74 01 05 2A
        EA 61 05 27
   01F0 01 F4 E3 C2 05 77    42    .db  0x01, 0xf4, 0xe3, 0xc2, 0x05, 0x77, 0xf8, 0x2b, 0x05, 0x1d, 0xfe, 0x08, 0xfb, 0x89, 0x27, 0x26
        F8 2B 05 1D FE 08
        FB 89 27 26
   0200 00 9F 00 14 5B 36    43    .db  0x00, 0x9f, 0x00, 0x14, 0x5b, 0x36, 0x7a, 0x7b, 0x3e, 0x05, 0x9f, 0x1d, 0x0b, 0x63, 0x05, 0x07
        7A 7B 3E 05 9F 1D
        0B 63 05 07
   0210 A2 E7 85 5C 31 75    44    .db  0xa2, 0xe7, 0x85, 0x5c, 0x31, 0x75, 0x77, 0x27, 0x9b, 0x79, 0xef, 0xc3, 0x0c, 0x0b, 0xee, 0x27
ASxxxx Assembler V02.00 + NoICE + SDCC mods  (Zilog Z80 / Hitachi HD64180), page 3.
Hexadecimal [16-Bits]



        77 27 9B 79 EF C3
        0C 0B EE 27
   0220 98 01 21 DF 8C D0    45    .db  0x98, 0x01, 0x21, 0xdf, 0x8c, 0xd0, 0x90, 0x03, 0x02, 0x77, 0x76, 0xdb, 0x18, 0x13, 0x0b, 0xf7
        90 03 02 77 76 DB
        18 13 0B F7
   0230 0E 2E 35 27 9D 10    46    .db  0x0e, 0x2e, 0x35, 0x27, 0x9d, 0x10, 0x0a, 0x36, 0x4f, 0x07, 0x02, 0x2d, 0x34, 0x2f, 0x34, 0x53
        0A 36 4F 07 02 2D
        34 2F 34 53
   0240 77 0E 23 24 30 01    47    .db  0x77, 0x0e, 0x23, 0x24, 0x30, 0x01, 0xb1, 0x30, 0x0e, 0x32, 0x52, 0x27, 0x0a, 0xb9, 0x07, 0x02
        B1 30 0E 32 52 27
        0A B9 07 02
   0250 08 31 30 3F 31 32    48    .db  0x08, 0x31, 0x30, 0x3f, 0x31, 0x32, 0x03, 0x30, 0x32, 0x24, 0x10, 0x25, 0x26, 0x00, 0x04, 0x63
        03 30 32 24 10 25
        26 00 04 63
   0260 0B 12 DD 05 3C 04    49    .db  0x0b, 0x12, 0xdd, 0x05, 0x3c, 0x04, 0xbd, 0x05, 0x02, 0x04, 0x03, 0x3b, 0x04, 0x09, 0x53, 0x05
        BD 05 02 04 03 3B
        04 09 53 05
   0270 F2 10 1D 18 04 CD    50    .db  0xf2, 0x10, 0x1d, 0x18, 0x04, 0xcd, 0x01, 0x00, 0x55, 0x04, 0x27, 0xf8, 0x35, 0x00, 0x14, 0x00
        01 00 55 04 27 F8
        35 00 14 00
   0280 9C 02 E0 06 00 66    51    .db  0x9c, 0x02, 0xe0, 0x06, 0x00, 0x66, 0x06, 0x02, 0x00, 0x92, 0x01, 0x33, 0x34, 0x0b, 0x08, 0x0c
        06 02 00 92 01 33
        34 0B 08 0C
   0290 1C 03 02 D3 0A 2F    52    .db  0x1c, 0x03, 0x02, 0xd3, 0x0a, 0x2f, 0x05, 0x00, 0x77, 0x37, 0x2d, 0x2f, 0x2d, 0x2e, 0x2e, 0x02
        05 00 77 37 2D 2F
        2D 2E 2E 02
   02A0 34                   53    .db  0x34
                             54 ;; Address of the latest byte of the compressed array (for unpacking purposes)
                     02A0    55 _mappk1_end == . - 1
                             56 
