                              1 ;--------------------------------------------------------
                              2 ; File Created by SDCC : free open source ANSI-C Compiler
                              3 ; Version 3.6.8 #9946 (Linux)
                              4 ;--------------------------------------------------------
                              5 	.module bat
                              6 	.optsdcc -mz80
                              7 	
                              8 ;--------------------------------------------------------
                              9 ; Public variables in this module
                             10 ;--------------------------------------------------------
                             11 	.globl _g_bat_1
                             12 	.globl _g_bat_0
                             13 ;--------------------------------------------------------
                             14 ; special function registers
                             15 ;--------------------------------------------------------
                             16 ;--------------------------------------------------------
                             17 ; ram data
                             18 ;--------------------------------------------------------
                             19 	.area _DATA
                             20 ;--------------------------------------------------------
                             21 ; ram data
                             22 ;--------------------------------------------------------
                             23 	.area _INITIALIZED
                             24 ;--------------------------------------------------------
                             25 ; absolute external ram data
                             26 ;--------------------------------------------------------
                             27 	.area _DABS (ABS)
                             28 ;--------------------------------------------------------
                             29 ; global & static initialisations
                             30 ;--------------------------------------------------------
                             31 	.area _HOME
                             32 	.area _GSINIT
                             33 	.area _GSFINAL
                             34 	.area _GSINIT
                             35 ;--------------------------------------------------------
                             36 ; Home
                             37 ;--------------------------------------------------------
                             38 	.area _HOME
                             39 	.area _HOME
                             40 ;--------------------------------------------------------
                             41 ; code
                             42 ;--------------------------------------------------------
                             43 	.area _CODE
                             44 	.area _CODE
   0000                      45 _g_bat_0:
   0000 00                   46 	.db #0x00	; 0
   0001 C0                   47 	.db #0xc0	; 192
   0002 80                   48 	.db #0x80	; 128
   0003 C0                   49 	.db #0xc0	; 192
   0004 00                   50 	.db #0x00	; 0
   0005 40                   51 	.db #0x40	; 64
   0006 68                   52 	.db #0x68	; 104	'h'
   0007 00                   53 	.db #0x00	; 0
   0008 94                   54 	.db #0x94	; 148
   0009 80                   55 	.db #0x80	; 128
   000A 94                   56 	.db #0x94	; 148
   000B D0                   57 	.db #0xd0	; 208
   000C 00                   58 	.db #0x00	; 0
   000D 68                   59 	.db #0x68	; 104	'h'
   000E 68                   60 	.db #0x68	; 104	'h'
   000F 94                   61 	.db #0x94	; 148
   0010 D0                   62 	.db #0xd0	; 208
   0011 00                   63 	.db #0x00	; 0
   0012 68                   64 	.db #0x68	; 104	'h'
   0013 E0                   65 	.db #0xe0	; 224
   0014 94                   66 	.db #0x94	; 148
   0015 C0                   67 	.db #0xc0	; 192
   0016 00                   68 	.db #0x00	; 0
   0017 C0                   69 	.db #0xc0	; 192
   0018 E0                   70 	.db #0xe0	; 224
   0019 94                   71 	.db #0x94	; 148
   001A E0                   72 	.db #0xe0	; 224
   001B C0                   73 	.db #0xc0	; 192
   001C D0                   74 	.db #0xd0	; 208
   001D E0                   75 	.db #0xe0	; 224
   001E D0                   76 	.db #0xd0	; 208
   001F C4                   77 	.db #0xc4	; 196
   0020 F0                   78 	.db #0xf0	; 240
   0021 C8                   79 	.db #0xc8	; 200
   0022 E0                   80 	.db #0xe0	; 224
   0023 90                   81 	.db #0x90	; 144
   0024 C4                   82 	.db #0xc4	; 196
   0025 F0                   83 	.db #0xf0	; 240
   0026 C8                   84 	.db #0xc8	; 200
   0027 60                   85 	.db #0x60	; 96
   0028 80                   86 	.db #0x80	; 128
   0029 D0                   87 	.db #0xd0	; 208
   002A B0                   88 	.db #0xb0	; 176
   002B 60                   89 	.db #0x60	; 96
   002C 40                   90 	.db #0x40	; 64
   002D 80                   91 	.db #0x80	; 128
   002E 90                   92 	.db #0x90	; 144
   002F 30                   93 	.db #0x30	; 48	'0'
   0030 C0                   94 	.db #0xc0	; 192
   0031 40                   95 	.db #0x40	; 64
   0032 00                   96 	.db #0x00	; 0
   0033 40                   97 	.db #0x40	; 64
   0034 83                   98 	.db #0x83	; 131
   0035 80                   99 	.db #0x80	; 128
   0036 00                  100 	.db #0x00	; 0
   0037 00                  101 	.db #0x00	; 0
   0038 00                  102 	.db #0x00	; 0
   0039 C0                  103 	.db #0xc0	; 192
   003A 00                  104 	.db #0x00	; 0
   003B 00                  105 	.db #0x00	; 0
   003C                     106 _g_bat_1:
   003C 00                  107 	.db #0x00	; 0
   003D 40                  108 	.db #0x40	; 64
   003E 00                  109 	.db #0x00	; 0
   003F 80                  110 	.db #0x80	; 128
   0040 00                  111 	.db #0x00	; 0
   0041 00                  112 	.db #0x00	; 0
   0042 40                  113 	.db #0x40	; 64
   0043 C0                  114 	.db #0xc0	; 192
   0044 80                  115 	.db #0x80	; 128
   0045 00                  116 	.db #0x00	; 0
   0046 00                  117 	.db #0x00	; 0
   0047 C4                  118 	.db #0xc4	; 196
   0048 78                  119 	.db #0x78	; 120	'x'
   0049 C8                  120 	.db #0xc8	; 200
   004A 00                  121 	.db #0x00	; 0
   004B 40                  122 	.db #0x40	; 64
   004C C4                  123 	.db #0xc4	; 196
   004D F0                  124 	.db #0xf0	; 240
   004E C8                  125 	.db #0xc8	; 200
   004F 80                  126 	.db #0x80	; 128
   0050 94                  127 	.db #0x94	; 148
   0051 D0                  128 	.db #0xd0	; 208
   0052 B0                  129 	.db #0xb0	; 176
   0053 60                  130 	.db #0x60	; 96
   0054 E0                  131 	.db #0xe0	; 224
   0055 94                  132 	.db #0x94	; 148
   0056 C0                  133 	.db #0xc0	; 192
   0057 30                  134 	.db #0x30	; 48	'0'
   0058 C0                  135 	.db #0xc0	; 192
   0059 E0                  136 	.db #0xe0	; 224
   005A D0                  137 	.db #0xd0	; 208
   005B 68                  138 	.db #0x68	; 104	'h'
   005C 83                  139 	.db #0x83	; 131
   005D D0                  140 	.db #0xd0	; 208
   005E 60                  141 	.db #0x60	; 96
   005F 94                  142 	.db #0x94	; 148
   0060 E0                  143 	.db #0xe0	; 224
   0061 C0                  144 	.db #0xc0	; 192
   0062 D0                  145 	.db #0xd0	; 208
   0063 E0                  146 	.db #0xe0	; 224
   0064 94                  147 	.db #0x94	; 148
   0065 C0                  148 	.db #0xc0	; 192
   0066 00                  149 	.db #0x00	; 0
   0067 C0                  150 	.db #0xc0	; 192
   0068 E0                  151 	.db #0xe0	; 224
   0069 94                  152 	.db #0x94	; 148
   006A 80                  153 	.db #0x80	; 128
   006B 00                  154 	.db #0x00	; 0
   006C 40                  155 	.db #0x40	; 64
   006D 60                  156 	.db #0x60	; 96
   006E 10                  157 	.db #0x10	; 16
   006F 80                  158 	.db #0x80	; 128
   0070 00                  159 	.db #0x00	; 0
   0071 10                  160 	.db #0x10	; 16
   0072 80                  161 	.db #0x80	; 128
   0073 00                  162 	.db #0x00	; 0
   0074 60                  163 	.db #0x60	; 96
   0075 00                  164 	.db #0x00	; 0
   0076 60                  165 	.db #0x60	; 96
   0077 00                  166 	.db #0x00	; 0
                            167 	.area _INITIALIZER
                            168 	.area _CABS (ABS)
