                              1 ;--------------------------------------------------------
                              2 ; File Created by SDCC : free open source ANSI-C Compiler
                              3 ; Version 3.6.8 #9946 (Linux)
                              4 ;--------------------------------------------------------
                              5 	.module coin
                              6 	.optsdcc -mz80
                              7 	
                              8 ;--------------------------------------------------------
                              9 ; Public variables in this module
                             10 ;--------------------------------------------------------
                             11 	.globl _g_coin
                             12 ;--------------------------------------------------------
                             13 ; special function registers
                             14 ;--------------------------------------------------------
                             15 ;--------------------------------------------------------
                             16 ; ram data
                             17 ;--------------------------------------------------------
                             18 	.area _DATA
                             19 ;--------------------------------------------------------
                             20 ; ram data
                             21 ;--------------------------------------------------------
                             22 	.area _INITIALIZED
                             23 ;--------------------------------------------------------
                             24 ; absolute external ram data
                             25 ;--------------------------------------------------------
                             26 	.area _DABS (ABS)
                             27 ;--------------------------------------------------------
                             28 ; global & static initialisations
                             29 ;--------------------------------------------------------
                             30 	.area _HOME
                             31 	.area _GSINIT
                             32 	.area _GSFINAL
                             33 	.area _GSINIT
                             34 ;--------------------------------------------------------
                             35 ; Home
                             36 ;--------------------------------------------------------
                             37 	.area _HOME
                             38 	.area _HOME
                             39 ;--------------------------------------------------------
                             40 ; code
                             41 ;--------------------------------------------------------
                             42 	.area _CODE
                             43 	.area _CODE
   0000                      44 _g_coin:
   0000 00                   45 	.db #0x00	; 0
   0001 41                   46 	.db #0x41	; 65	'A'
   0002 00                   47 	.db #0x00	; 0
   0003 00                   48 	.db #0x00	; 0
   0004 D7                   49 	.db #0xd7	; 215
   0005 02                   50 	.db #0x02	; 2
   0006 41                   51 	.db #0x41	; 65	'A'
   0007 EB                   52 	.db #0xeb	; 235
   0008 0B                   53 	.db #0x0b	; 11
   0009 01                   54 	.db #0x01	; 1
   000A 0B                   55 	.db #0x0b	; 11
   000B 0B                   56 	.db #0x0b	; 11
   000C 01                   57 	.db #0x01	; 1
   000D 0B                   58 	.db #0x0b	; 11
   000E 0B                   59 	.db #0x0b	; 11
   000F 01                   60 	.db #0x01	; 1
   0010 0B                   61 	.db #0x0b	; 11
   0011 0B                   62 	.db #0x0b	; 11
   0012 00                   63 	.db #0x00	; 0
   0013 07                   64 	.db #0x07	; 7
   0014 42                   65 	.db #0x42	; 66	'B'
   0015 00                   66 	.db #0x00	; 0
   0016 01                   67 	.db #0x01	; 1
   0017 80                   68 	.db #0x80	; 128
   0018 00                   69 	.db #0x00	; 0
   0019 05                   70 	.db #0x05	; 5
   001A 02                   71 	.db #0x02	; 2
   001B 00                   72 	.db #0x00	; 0
   001C 44                   73 	.db #0x44	; 68	'D'
   001D 02                   74 	.db #0x02	; 2
   001E 00                   75 	.db #0x00	; 0
   001F 44                   76 	.db #0x44	; 68	'D'
   0020 82                   77 	.db #0x82	; 130
   0021 00                   78 	.db #0x00	; 0
   0022 44                   79 	.db #0x44	; 68	'D'
   0023 0A                   80 	.db #0x0a	; 10
   0024 00                   81 	.db #0x00	; 0
   0025 44                   82 	.db #0x44	; 68	'D'
   0026 82                   83 	.db #0x82	; 130
   0027 00                   84 	.db #0x00	; 0
   0028 55                   85 	.db #0x55	; 85	'U'
   0029 82                   86 	.db #0x82	; 130
   002A 00                   87 	.db #0x00	; 0
   002B 55                   88 	.db #0x55	; 85	'U'
   002C 02                   89 	.db #0x02	; 2
   002D 00                   90 	.db #0x00	; 0
   002E 05                   91 	.db #0x05	; 5
   002F 80                   92 	.db #0x80	; 128
   0030 00                   93 	.db #0x00	; 0
   0031 41                   94 	.db #0x41	; 65	'A'
   0032 00                   95 	.db #0x00	; 0
   0033 00                   96 	.db #0x00	; 0
   0034 4E                   97 	.db #0x4e	; 78	'N'
   0035 02                   98 	.db #0x02	; 2
   0036 41                   99 	.db #0x41	; 65	'A'
   0037 C9                  100 	.db #0xc9	; 201
   0038 AB                  101 	.db #0xab	; 171
   0039 41                  102 	.db #0x41	; 65	'A'
   003A C9                  103 	.db #0xc9	; 201
   003B AB                  104 	.db #0xab	; 171
   003C 41                  105 	.db #0x41	; 65	'A'
   003D C9                  106 	.db #0xc9	; 201
   003E AB                  107 	.db #0xab	; 171
   003F 41                  108 	.db #0x41	; 65	'A'
   0040 89                  109 	.db #0x89	; 137
   0041 AB                  110 	.db #0xab	; 171
   0042 00                  111 	.db #0x00	; 0
   0043 57                  112 	.db #0x57	; 87	'W'
   0044 42                  113 	.db #0x42	; 66	'B'
   0045 00                  114 	.db #0x00	; 0
   0046 01                  115 	.db #0x01	; 1
   0047 80                  116 	.db #0x80	; 128
                            117 	.area _INITIALIZER
                            118 	.area _CABS (ABS)
