                              1 ;--------------------------------------------------------
                              2 ; File Created by SDCC : free open source ANSI-C Compiler
                              3 ; Version 3.6.8 #9946 (Linux)
                              4 ;--------------------------------------------------------
                              5 	.module door
                              6 	.optsdcc -mz80
                              7 	
                              8 ;--------------------------------------------------------
                              9 ; Public variables in this module
                             10 ;--------------------------------------------------------
                             11 	.globl _g_door_1
                             12 	.globl _g_door_0
                             13 ;--------------------------------------------------------
                             14 ; special function registers
                             15 ;--------------------------------------------------------
                             16 ;--------------------------------------------------------
                             17 ; ram data
                             18 ;--------------------------------------------------------
                             19 	.area _DATA
                             20 ;--------------------------------------------------------
                             21 ; ram data
                             22 ;--------------------------------------------------------
                             23 	.area _INITIALIZED
                             24 ;--------------------------------------------------------
                             25 ; absolute external ram data
                             26 ;--------------------------------------------------------
                             27 	.area _DABS (ABS)
                             28 ;--------------------------------------------------------
                             29 ; global & static initialisations
                             30 ;--------------------------------------------------------
                             31 	.area _HOME
                             32 	.area _GSINIT
                             33 	.area _GSFINAL
                             34 	.area _GSINIT
                             35 ;--------------------------------------------------------
                             36 ; Home
                             37 ;--------------------------------------------------------
                             38 	.area _HOME
                             39 	.area _HOME
                             40 ;--------------------------------------------------------
                             41 ; code
                             42 ;--------------------------------------------------------
                             43 	.area _CODE
                             44 	.area _CODE
   0000                      45 _g_door_0:
   0000 00                   46 	.db #0x00	; 0
   0001 C0                   47 	.db #0xc0	; 192
   0002 C0                   48 	.db #0xc0	; 192
   0003 80                   49 	.db #0x80	; 128
   0004 00                   50 	.db #0x00	; 0
   0005 40                   51 	.db #0x40	; 64
   0006 07                   52 	.db #0x07	; 7
   0007 07                   53 	.db #0x07	; 7
   0008 42                   54 	.db #0x42	; 66	'B'
   0009 00                   55 	.db #0x00	; 0
   000A 85                   56 	.db #0x85	; 133
   000B 07                   57 	.db #0x07	; 7
   000C 43                   58 	.db #0x43	; 67	'C'
   000D 43                   59 	.db #0x43	; 67	'C'
   000E 80                   60 	.db #0x80	; 128
   000F 85                   61 	.db #0x85	; 133
   0010 43                   62 	.db #0x43	; 67	'C'
   0011 43                   63 	.db #0x43	; 67	'C'
   0012 43                   64 	.db #0x43	; 67	'C'
   0013 80                   65 	.db #0x80	; 128
   0014 85                   66 	.db #0x85	; 133
   0015 43                   67 	.db #0x43	; 67	'C'
   0016 43                   68 	.db #0x43	; 67	'C'
   0017 43                   69 	.db #0x43	; 67	'C'
   0018 80                   70 	.db #0x80	; 128
   0019 C1                   71 	.db #0xc1	; 193
   001A 43                   72 	.db #0x43	; 67	'C'
   001B 43                   73 	.db #0x43	; 67	'C'
   001C 43                   74 	.db #0x43	; 67	'C'
   001D 80                   75 	.db #0x80	; 128
   001E C0                   76 	.db #0xc0	; 192
   001F C0                   77 	.db #0xc0	; 192
   0020 C0                   78 	.db #0xc0	; 192
   0021 C0                   79 	.db #0xc0	; 192
   0022 80                   80 	.db #0x80	; 128
   0023 81                   81 	.db #0x81	; 129
   0024 03                   82 	.db #0x03	; 3
   0025 03                   83 	.db #0x03	; 3
   0026 42                   84 	.db #0x42	; 66	'B'
   0027 80                   85 	.db #0x80	; 128
   0028 C1                   86 	.db #0xc1	; 193
   0029 43                   87 	.db #0x43	; 67	'C'
   002A 43                   88 	.db #0x43	; 67	'C'
   002B 03                   89 	.db #0x03	; 3
   002C 80                   90 	.db #0x80	; 128
   002D 81                   91 	.db #0x81	; 129
   002E 43                   92 	.db #0x43	; 67	'C'
   002F 43                   93 	.db #0x43	; 67	'C'
   0030 43                   94 	.db #0x43	; 67	'C'
   0031 80                   95 	.db #0x80	; 128
   0032 81                   96 	.db #0x81	; 129
   0033 03                   97 	.db #0x03	; 3
   0034 43                   98 	.db #0x43	; 67	'C'
   0035 43                   99 	.db #0x43	; 67	'C'
   0036 80                  100 	.db #0x80	; 128
   0037 B3                  101 	.db #0xb3	; 179
   0038 23                  102 	.db #0x23	; 35
   0039 B3                  103 	.db #0xb3	; 179
   003A 63                  104 	.db #0x63	; 99	'c'
   003B B3                  105 	.db #0xb3	; 179
   003C                     106 _g_door_1:
   003C 00                  107 	.db #0x00	; 0
   003D C0                  108 	.db #0xc0	; 192
   003E C0                  109 	.db #0xc0	; 192
   003F 80                  110 	.db #0x80	; 128
   0040 00                  111 	.db #0x00	; 0
   0041 40                  112 	.db #0x40	; 64
   0042 C0                  113 	.db #0xc0	; 192
   0043 C0                  114 	.db #0xc0	; 192
   0044 C0                  115 	.db #0xc0	; 192
   0045 00                  116 	.db #0x00	; 0
   0046 C0                  117 	.db #0xc0	; 192
   0047 03                  118 	.db #0x03	; 3
   0048 C0                  119 	.db #0xc0	; 192
   0049 C0                  120 	.db #0xc0	; 192
   004A 80                  121 	.db #0x80	; 128
   004B 85                  122 	.db #0x85	; 133
   004C 03                  123 	.db #0x03	; 3
   004D 42                  124 	.db #0x42	; 66	'B'
   004E C0                  125 	.db #0xc0	; 192
   004F 80                  126 	.db #0x80	; 128
   0050 C1                  127 	.db #0xc1	; 193
   0051 03                  128 	.db #0x03	; 3
   0052 C0                  129 	.db #0xc0	; 192
   0053 C0                  130 	.db #0xc0	; 192
   0054 80                  131 	.db #0x80	; 128
   0055 C1                  132 	.db #0xc1	; 193
   0056 42                  133 	.db #0x42	; 66	'B'
   0057 42                  134 	.db #0x42	; 66	'B'
   0058 C0                  135 	.db #0xc0	; 192
   0059 80                  136 	.db #0x80	; 128
   005A C0                  137 	.db #0xc0	; 192
   005B 81                  138 	.db #0x81	; 129
   005C C0                  139 	.db #0xc0	; 192
   005D C0                  140 	.db #0xc0	; 192
   005E 80                  141 	.db #0x80	; 128
   005F 81                  142 	.db #0x81	; 129
   0060 03                  143 	.db #0x03	; 3
   0061 42                  144 	.db #0x42	; 66	'B'
   0062 C0                  145 	.db #0xc0	; 192
   0063 80                  146 	.db #0x80	; 128
   0064 C1                  147 	.db #0xc1	; 193
   0065 03                  148 	.db #0x03	; 3
   0066 C0                  149 	.db #0xc0	; 192
   0067 C0                  150 	.db #0xc0	; 192
   0068 80                  151 	.db #0x80	; 128
   0069 C1                  152 	.db #0xc1	; 193
   006A 03                  153 	.db #0x03	; 3
   006B 42                  154 	.db #0x42	; 66	'B'
   006C C0                  155 	.db #0xc0	; 192
   006D 80                  156 	.db #0x80	; 128
   006E 81                  157 	.db #0x81	; 129
   006F 03                  158 	.db #0x03	; 3
   0070 42                  159 	.db #0x42	; 66	'B'
   0071 C0                  160 	.db #0xc0	; 192
   0072 80                  161 	.db #0x80	; 128
   0073 D1                  162 	.db #0xd1	; 209
   0074 23                  163 	.db #0x23	; 35
   0075 C0                  164 	.db #0xc0	; 192
   0076 91                  165 	.db #0x91	; 145
   0077 80                  166 	.db #0x80	; 128
                            167 	.area _INITIALIZER
                            168 	.area _CABS (ABS)
