                              1 ;--------------------------------------------------------
                              2 ; File Created by SDCC : free open source ANSI-C Compiler
                              3 ; Version 3.6.8 #9946 (Linux)
                              4 ;--------------------------------------------------------
                              5 	.module dust
                              6 	.optsdcc -mz80
                              7 	
                              8 ;--------------------------------------------------------
                              9 ; Public variables in this module
                             10 ;--------------------------------------------------------
                             11 	.globl _g_dust
                             12 ;--------------------------------------------------------
                             13 ; special function registers
                             14 ;--------------------------------------------------------
                             15 ;--------------------------------------------------------
                             16 ; ram data
                             17 ;--------------------------------------------------------
                             18 	.area _DATA
                             19 ;--------------------------------------------------------
                             20 ; ram data
                             21 ;--------------------------------------------------------
                             22 	.area _INITIALIZED
                             23 ;--------------------------------------------------------
                             24 ; absolute external ram data
                             25 ;--------------------------------------------------------
                             26 	.area _DABS (ABS)
                             27 ;--------------------------------------------------------
                             28 ; global & static initialisations
                             29 ;--------------------------------------------------------
                             30 	.area _HOME
                             31 	.area _GSINIT
                             32 	.area _GSFINAL
                             33 	.area _GSINIT
                             34 ;--------------------------------------------------------
                             35 ; Home
                             36 ;--------------------------------------------------------
                             37 	.area _HOME
                             38 	.area _HOME
                             39 ;--------------------------------------------------------
                             40 ; code
                             41 ;--------------------------------------------------------
                             42 	.area _CODE
                             43 	.area _CODE
   0000                      44 _g_dust:
   0000 40                   45 	.db #0x40	; 64
   0001 00                   46 	.db #0x00	; 0
   0002 00                   47 	.db #0x00	; 0
   0003 80                   48 	.db #0x80	; 128
   0004 00                   49 	.db #0x00	; 0
   0005 40                   50 	.db #0x40	; 64
   0006 80                   51 	.db #0x80	; 128
   0007 00                   52 	.db #0x00	; 0
   0008 00                   53 	.db #0x00	; 0
   0009 84                   54 	.db #0x84	; 132
   000A C8                   55 	.db #0xc8	; 200
   000B 00                   56 	.db #0x00	; 0
   000C 40                   57 	.db #0x40	; 64
   000D 4C                   58 	.db #0x4c	; 76	'L'
   000E 8C                   59 	.db #0x8c	; 140
   000F 80                   60 	.db #0x80	; 128
   0010 40                   61 	.db #0x40	; 64
   0011 4C                   62 	.db #0x4c	; 76	'L'
   0012 8C                   63 	.db #0x8c	; 140
   0013 80                   64 	.db #0x80	; 128
   0014 00                   65 	.db #0x00	; 0
   0015 84                   66 	.db #0x84	; 132
   0016 48                   67 	.db #0x48	; 72	'H'
   0017 00                   68 	.db #0x00	; 0
   0018 00                   69 	.db #0x00	; 0
   0019 40                   70 	.db #0x40	; 64
   001A 80                   71 	.db #0x80	; 128
   001B 00                   72 	.db #0x00	; 0
   001C 40                   73 	.db #0x40	; 64
   001D 00                   74 	.db #0x00	; 0
   001E 00                   75 	.db #0x00	; 0
   001F 80                   76 	.db #0x80	; 128
   0020 80                   77 	.db #0x80	; 128
   0021 00                   78 	.db #0x00	; 0
   0022 C0                   79 	.db #0xc0	; 192
   0023 C0                   80 	.db #0xc0	; 192
   0024 40                   81 	.db #0x40	; 64
   0025 C0                   82 	.db #0xc0	; 192
   0026 4C                   83 	.db #0x4c	; 76	'L'
   0027 48                   84 	.db #0x48	; 72	'H'
   0028 40                   85 	.db #0x40	; 64
   0029 0C                   86 	.db #0x0c	; 12
   002A 8C                   87 	.db #0x8c	; 140
   002B 80                   88 	.db #0x80	; 128
   002C 84                   89 	.db #0x84	; 132
   002D CC                   90 	.db #0xcc	; 204
   002E 8C                   91 	.db #0x8c	; 140
   002F 80                   92 	.db #0x80	; 128
   0030 40                   93 	.db #0x40	; 64
   0031 4C                   94 	.db #0x4c	; 76	'L'
   0032 CC                   95 	.db #0xcc	; 204
   0033 48                   96 	.db #0x48	; 72	'H'
   0034 40                   97 	.db #0x40	; 64
   0035 0C                   98 	.db #0x0c	; 12
   0036 8C                   99 	.db #0x8c	; 140
   0037 80                  100 	.db #0x80	; 128
   0038 40                  101 	.db #0x40	; 64
   0039 C0                  102 	.db #0xc0	; 192
   003A 0C                  103 	.db #0x0c	; 12
   003B 80                  104 	.db #0x80	; 128
   003C 80                  105 	.db #0x80	; 128
   003D 00                  106 	.db #0x00	; 0
   003E C0                  107 	.db #0xc0	; 192
   003F 40                  108 	.db #0x40	; 64
                            109 	.area _INITIALIZER
                            110 	.area _CABS (ABS)
