                              1 ;--------------------------------------------------------
                              2 ; File Created by SDCC : free open source ANSI-C Compiler
                              3 ; Version 3.6.8 #9946 (Linux)
                              4 ;--------------------------------------------------------
                              5 	.module explosion
                              6 	.optsdcc -mz80
                              7 	
                              8 ;--------------------------------------------------------
                              9 ; Public variables in this module
                             10 ;--------------------------------------------------------
                             11 	.globl _g_explosion
                             12 ;--------------------------------------------------------
                             13 ; special function registers
                             14 ;--------------------------------------------------------
                             15 ;--------------------------------------------------------
                             16 ; ram data
                             17 ;--------------------------------------------------------
                             18 	.area _DATA
                             19 ;--------------------------------------------------------
                             20 ; ram data
                             21 ;--------------------------------------------------------
                             22 	.area _INITIALIZED
                             23 ;--------------------------------------------------------
                             24 ; absolute external ram data
                             25 ;--------------------------------------------------------
                             26 	.area _DABS (ABS)
                             27 ;--------------------------------------------------------
                             28 ; global & static initialisations
                             29 ;--------------------------------------------------------
                             30 	.area _HOME
                             31 	.area _GSINIT
                             32 	.area _GSFINAL
                             33 	.area _GSINIT
                             34 ;--------------------------------------------------------
                             35 ; Home
                             36 ;--------------------------------------------------------
                             37 	.area _HOME
                             38 	.area _HOME
                             39 ;--------------------------------------------------------
                             40 ; code
                             41 ;--------------------------------------------------------
                             42 	.area _CODE
                             43 	.area _CODE
   0000                      44 _g_explosion:
   0000 80                   45 	.db #0x80	; 128
   0001 00                   46 	.db #0x00	; 0
   0002 40                   47 	.db #0x40	; 64
   0003 00                   48 	.db #0x00	; 0
   0004 80                   49 	.db #0x80	; 128
   0005 00                   50 	.db #0x00	; 0
   0006 C0                   51 	.db #0xc0	; 192
   0007 80                   52 	.db #0x80	; 128
   0008 C0                   53 	.db #0xc0	; 192
   0009 00                   54 	.db #0x00	; 0
   000A 40                   55 	.db #0x40	; 64
   000B 4C                   56 	.db #0x4c	; 76	'L'
   000C C8                   57 	.db #0xc8	; 200
   000D CC                   58 	.db #0xcc	; 204
   000E 80                   59 	.db #0x80	; 128
   000F 40                   60 	.db #0x40	; 64
   0010 CC                   61 	.db #0xcc	; 204
   0011 48                   62 	.db #0x48	; 72	'H'
   0012 8C                   63 	.db #0x8c	; 140
   0013 80                   64 	.db #0x80	; 128
   0014 40                   65 	.db #0x40	; 64
   0015 CC                   66 	.db #0xcc	; 204
   0016 8C                   67 	.db #0x8c	; 140
   0017 C8                   68 	.db #0xc8	; 200
   0018 00                   69 	.db #0x00	; 0
   0019 40                   70 	.db #0x40	; 64
   001A CC                   71 	.db #0xcc	; 204
   001B CC                   72 	.db #0xcc	; 204
   001C C8                   73 	.db #0xc8	; 200
   001D 00                   74 	.db #0x00	; 0
   001E 00                   75 	.db #0x00	; 0
   001F C4                   76 	.db #0xc4	; 196
   0020 CC                   77 	.db #0xcc	; 204
   0021 8C                   78 	.db #0x8c	; 140
   0022 80                   79 	.db #0x80	; 128
   0023 40                   80 	.db #0x40	; 64
   0024 4C                   81 	.db #0x4c	; 76	'L'
   0025 4C                   82 	.db #0x4c	; 76	'L'
   0026 8C                   83 	.db #0x8c	; 140
   0027 80                   84 	.db #0x80	; 128
   0028 40                   85 	.db #0x40	; 64
   0029 8C                   86 	.db #0x8c	; 140
   002A 84                   87 	.db #0x84	; 132
   002B 0C                   88 	.db #0x0c	; 12
   002C 80                   89 	.db #0x80	; 128
   002D 00                   90 	.db #0x00	; 0
   002E C0                   91 	.db #0xc0	; 192
   002F 40                   92 	.db #0x40	; 64
   0030 C0                   93 	.db #0xc0	; 192
   0031 00                   94 	.db #0x00	; 0
   0032 00                   95 	.db #0x00	; 0
   0033 00                   96 	.db #0x00	; 0
   0034 80                   97 	.db #0x80	; 128
   0035 00                   98 	.db #0x00	; 0
   0036 00                   99 	.db #0x00	; 0
   0037 40                  100 	.db #0x40	; 64
   0038 00                  101 	.db #0x00	; 0
   0039 00                  102 	.db #0x00	; 0
   003A 00                  103 	.db #0x00	; 0
   003B 80                  104 	.db #0x80	; 128
   003C 80                  105 	.db #0x80	; 128
   003D 40                  106 	.db #0x40	; 64
   003E C0                  107 	.db #0xc0	; 192
   003F C0                  108 	.db #0xc0	; 192
   0040 40                  109 	.db #0x40	; 64
   0041 40                  110 	.db #0x40	; 64
   0042 C4                  111 	.db #0xc4	; 196
   0043 CC                  112 	.db #0xcc	; 204
   0044 8C                  113 	.db #0x8c	; 140
   0045 80                  114 	.db #0x80	; 128
   0046 40                  115 	.db #0x40	; 64
   0047 CC                  116 	.db #0xcc	; 204
   0048 48                  117 	.db #0x48	; 72	'H'
   0049 0C                  118 	.db #0x0c	; 12
   004A C0                  119 	.db #0xc0	; 192
   004B C4                  120 	.db #0xc4	; 196
   004C 8C                  121 	.db #0x8c	; 140
   004D CC                  122 	.db #0xcc	; 204
   004E 84                  123 	.db #0x84	; 132
   004F 48                  124 	.db #0x48	; 72	'H'
   0050 C4                  125 	.db #0xc4	; 196
   0051 CC                  126 	.db #0xcc	; 204
   0052 CC                  127 	.db #0xcc	; 204
   0053 0C                  128 	.db #0x0c	; 12
   0054 C0                  129 	.db #0xc0	; 192
   0055 C4                  130 	.db #0xc4	; 196
   0056 CC                  131 	.db #0xcc	; 204
   0057 CC                  132 	.db #0xcc	; 204
   0058 84                  133 	.db #0x84	; 132
   0059 48                  134 	.db #0x48	; 72	'H'
   005A C4                  135 	.db #0xc4	; 196
   005B 4C                  136 	.db #0x4c	; 76	'L'
   005C CC                  137 	.db #0xcc	; 204
   005D 8C                  138 	.db #0x8c	; 140
   005E 48                  139 	.db #0x48	; 72	'H'
   005F C4                  140 	.db #0xc4	; 196
   0060 C8                  141 	.db #0xc8	; 200
   0061 CC                  142 	.db #0xcc	; 204
   0062 8C                  143 	.db #0x8c	; 140
   0063 C0                  144 	.db #0xc0	; 192
   0064 40                  145 	.db #0x40	; 64
   0065 C8                  146 	.db #0xc8	; 200
   0066 4C                  147 	.db #0x4c	; 76	'L'
   0067 0C                  148 	.db #0x0c	; 12
   0068 C0                  149 	.db #0xc0	; 192
   0069 40                  150 	.db #0x40	; 64
   006A CC                  151 	.db #0xcc	; 204
   006B C0                  152 	.db #0xc0	; 192
   006C 0C                  153 	.db #0x0c	; 12
   006D C0                  154 	.db #0xc0	; 192
   006E 00                  155 	.db #0x00	; 0
   006F C4                  156 	.db #0xc4	; 196
   0070 0C                  157 	.db #0x0c	; 12
   0071 C0                  158 	.db #0xc0	; 192
   0072 80                  159 	.db #0x80	; 128
   0073 80                  160 	.db #0x80	; 128
   0074 40                  161 	.db #0x40	; 64
   0075 C0                  162 	.db #0xc0	; 192
   0076 C0                  163 	.db #0xc0	; 192
   0077 00                  164 	.db #0x00	; 0
                            165 	.area _INITIALIZER
                            166 	.area _CABS (ABS)
