                              1 ;--------------------------------------------------------
                              2 ; File Created by SDCC : free open source ANSI-C Compiler
                              3 ; Version 3.6.8 #9946 (Linux)
                              4 ;--------------------------------------------------------
                              5 	.module ghost
                              6 	.optsdcc -mz80
                              7 	
                              8 ;--------------------------------------------------------
                              9 ; Public variables in this module
                             10 ;--------------------------------------------------------
                             11 	.globl _g_ghost_7
                             12 	.globl _g_ghost_6
                             13 	.globl _g_ghost_5
                             14 	.globl _g_ghost_4
                             15 	.globl _g_ghost_3
                             16 	.globl _g_ghost_2
                             17 	.globl _g_ghost_1
                             18 	.globl _g_ghost_0
                             19 ;--------------------------------------------------------
                             20 ; special function registers
                             21 ;--------------------------------------------------------
                             22 ;--------------------------------------------------------
                             23 ; ram data
                             24 ;--------------------------------------------------------
                             25 	.area _DATA
                             26 ;--------------------------------------------------------
                             27 ; ram data
                             28 ;--------------------------------------------------------
                             29 	.area _INITIALIZED
                             30 ;--------------------------------------------------------
                             31 ; absolute external ram data
                             32 ;--------------------------------------------------------
                             33 	.area _DABS (ABS)
                             34 ;--------------------------------------------------------
                             35 ; global & static initialisations
                             36 ;--------------------------------------------------------
                             37 	.area _HOME
                             38 	.area _GSINIT
                             39 	.area _GSFINAL
                             40 	.area _GSINIT
                             41 ;--------------------------------------------------------
                             42 ; Home
                             43 ;--------------------------------------------------------
                             44 	.area _HOME
                             45 	.area _HOME
                             46 ;--------------------------------------------------------
                             47 ; code
                             48 ;--------------------------------------------------------
                             49 	.area _CODE
                             50 	.area _CODE
   0000                      51 _g_ghost_0:
   0000 00                   52 	.db #0x00	; 0
   0001 40                   53 	.db #0x40	; 64
   0002 C0                   54 	.db #0xc0	; 192
   0003 80                   55 	.db #0x80	; 128
   0004 00                   56 	.db #0x00	; 0
   0005 00                   57 	.db #0x00	; 0
   0006 C4                   58 	.db #0xc4	; 196
   0007 CC                   59 	.db #0xcc	; 204
   0008 EA                   60 	.db #0xea	; 234
   0009 00                   61 	.db #0x00	; 0
   000A 40                   62 	.db #0x40	; 64
   000B CC                   63 	.db #0xcc	; 204
   000C CC                   64 	.db #0xcc	; 204
   000D DD                   65 	.db #0xdd	; 221
   000E 80                   66 	.db #0x80	; 128
   000F 40                   67 	.db #0x40	; 64
   0010 CC                   68 	.db #0xcc	; 204
   0011 CC                   69 	.db #0xcc	; 204
   0012 DD                   70 	.db #0xdd	; 221
   0013 80                   71 	.db #0x80	; 128
   0014 40                   72 	.db #0x40	; 64
   0015 CC                   73 	.db #0xcc	; 204
   0016 CC                   74 	.db #0xcc	; 204
   0017 DD                   75 	.db #0xdd	; 221
   0018 80                   76 	.db #0x80	; 128
   0019 40                   77 	.db #0x40	; 64
   001A EE                   78 	.db #0xee	; 238
   001B CC                   79 	.db #0xcc	; 204
   001C FF                   80 	.db #0xff	; 255
   001D 80                   81 	.db #0x80	; 128
   001E 40                   82 	.db #0x40	; 64
   001F BF                   83 	.db #0xbf	; 191
   0020 7F                   84 	.db #0x7f	; 127
   0021 7F                   85 	.db #0x7f	; 127
   0022 80                   86 	.db #0x80	; 128
   0023 40                   87 	.db #0x40	; 64
   0024 6E                   88 	.db #0x6e	; 110	'n'
   0025 CC                   89 	.db #0xcc	; 204
   0026 9D                   90 	.db #0x9d	; 157
   0027 80                   91 	.db #0x80	; 128
   0028 40                   92 	.db #0x40	; 64
   0029 CC                   93 	.db #0xcc	; 204
   002A FF                   94 	.db #0xff	; 255
   002B 9D                   95 	.db #0x9d	; 157
   002C 80                   96 	.db #0x80	; 128
   002D 40                   97 	.db #0x40	; 64
   002E DD                   98 	.db #0xdd	; 221
   002F 7F                   99 	.db #0x7f	; 127
   0030 3F                  100 	.db #0x3f	; 63
   0031 80                  101 	.db #0x80	; 128
   0032 C4                  102 	.db #0xc4	; 196
   0033 EA                  103 	.db #0xea	; 234
   0034 6A                  104 	.db #0x6a	; 106	'j'
   0035 6A                  105 	.db #0x6a	; 106	'j'
   0036 00                  106 	.db #0x00	; 0
   0037 C0                  107 	.db #0xc0	; 192
   0038 80                  108 	.db #0x80	; 128
   0039 80                  109 	.db #0x80	; 128
   003A C0                  110 	.db #0xc0	; 192
   003B 00                  111 	.db #0x00	; 0
   003C                     112 _g_ghost_1:
   003C 00                  113 	.db #0x00	; 0
   003D C0                  114 	.db #0xc0	; 192
   003E C0                  115 	.db #0xc0	; 192
   003F 00                  116 	.db #0x00	; 0
   0040 00                  117 	.db #0x00	; 0
   0041 40                  118 	.db #0x40	; 64
   0042 CC                  119 	.db #0xcc	; 204
   0043 DD                  120 	.db #0xdd	; 221
   0044 80                  121 	.db #0x80	; 128
   0045 00                  122 	.db #0x00	; 0
   0046 C4                  123 	.db #0xc4	; 196
   0047 CC                  124 	.db #0xcc	; 204
   0048 CC                  125 	.db #0xcc	; 204
   0049 EA                  126 	.db #0xea	; 234
   004A 00                  127 	.db #0x00	; 0
   004B C4                  128 	.db #0xc4	; 196
   004C CC                  129 	.db #0xcc	; 204
   004D CC                  130 	.db #0xcc	; 204
   004E EA                  131 	.db #0xea	; 234
   004F 00                  132 	.db #0x00	; 0
   0050 C4                  133 	.db #0xc4	; 196
   0051 CC                  134 	.db #0xcc	; 204
   0052 CC                  135 	.db #0xcc	; 204
   0053 EA                  136 	.db #0xea	; 234
   0054 00                  137 	.db #0x00	; 0
   0055 D5                  138 	.db #0xd5	; 213
   0056 CC                  139 	.db #0xcc	; 204
   0057 CC                  140 	.db #0xcc	; 204
   0058 EA                  141 	.db #0xea	; 234
   0059 00                  142 	.db #0x00	; 0
   005A D5                  143 	.db #0xd5	; 213
   005B AE                  144 	.db #0xae	; 174
   005C AE                  145 	.db #0xae	; 174
   005D 48                  146 	.db #0x48	; 72	'H'
   005E 00                  147 	.db #0x00	; 0
   005F 84                  148 	.db #0x84	; 132
   0060 CC                  149 	.db #0xcc	; 204
   0061 CC                  150 	.db #0xcc	; 204
   0062 EA                  151 	.db #0xea	; 234
   0063 00                  152 	.db #0x00	; 0
   0064 C4                  153 	.db #0xc4	; 196
   0065 CC                  154 	.db #0xcc	; 204
   0066 FF                  155 	.db #0xff	; 255
   0067 6A                  156 	.db #0x6a	; 106	'j'
   0068 00                  157 	.db #0x00	; 0
   0069 C4                  158 	.db #0xc4	; 196
   006A FF                  159 	.db #0xff	; 255
   006B 3F                  160 	.db #0x3f	; 63
   006C 6A                  161 	.db #0x6a	; 106	'j'
   006D 00                  162 	.db #0x00	; 0
   006E 40                  163 	.db #0x40	; 64
   006F 6A                  164 	.db #0x6a	; 106	'j'
   0070 6A                  165 	.db #0x6a	; 106	'j'
   0071 3F                  166 	.db #0x3f	; 63
   0072 80                  167 	.db #0x80	; 128
   0073 40                  168 	.db #0x40	; 64
   0074 80                  169 	.db #0x80	; 128
   0075 80                  170 	.db #0x80	; 128
   0076 C0                  171 	.db #0xc0	; 192
   0077 80                  172 	.db #0x80	; 128
   0078                     173 _g_ghost_2:
   0078 00                  174 	.db #0x00	; 0
   0079 40                  175 	.db #0x40	; 64
   007A C0                  176 	.db #0xc0	; 192
   007B 80                  177 	.db #0x80	; 128
   007C 00                  178 	.db #0x00	; 0
   007D 00                  179 	.db #0x00	; 0
   007E C4                  180 	.db #0xc4	; 196
   007F CC                  181 	.db #0xcc	; 204
   0080 EA                  182 	.db #0xea	; 234
   0081 00                  183 	.db #0x00	; 0
   0082 40                  184 	.db #0x40	; 64
   0083 C8                  185 	.db #0xc8	; 200
   0084 CC                  186 	.db #0xcc	; 204
   0085 D5                  187 	.db #0xd5	; 213
   0086 80                  188 	.db #0x80	; 128
   0087 40                  189 	.db #0x40	; 64
   0088 C8                  190 	.db #0xc8	; 200
   0089 CC                  191 	.db #0xcc	; 204
   008A D5                  192 	.db #0xd5	; 213
   008B 80                  193 	.db #0x80	; 128
   008C 40                  194 	.db #0x40	; 64
   008D DD                  195 	.db #0xdd	; 221
   008E CC                  196 	.db #0xcc	; 204
   008F FF                  197 	.db #0xff	; 255
   0090 80                  198 	.db #0x80	; 128
   0091 40                  199 	.db #0x40	; 64
   0092 CC                  200 	.db #0xcc	; 204
   0093 CC                  201 	.db #0xcc	; 204
   0094 DD                  202 	.db #0xdd	; 221
   0095 80                  203 	.db #0x80	; 128
   0096 40                  204 	.db #0x40	; 64
   0097 6E                  205 	.db #0x6e	; 110	'n'
   0098 CC                  206 	.db #0xcc	; 204
   0099 BF                  207 	.db #0xbf	; 191
   009A 80                  208 	.db #0x80	; 128
   009B 40                  209 	.db #0x40	; 64
   009C BF                  210 	.db #0xbf	; 191
   009D CC                  211 	.db #0xcc	; 204
   009E 7F                  212 	.db #0x7f	; 127
   009F 80                  213 	.db #0x80	; 128
   00A0 40                  214 	.db #0x40	; 64
   00A1 CC                  215 	.db #0xcc	; 204
   00A2 FF                  216 	.db #0xff	; 255
   00A3 BF                  217 	.db #0xbf	; 191
   00A4 80                  218 	.db #0x80	; 128
   00A5 40                  219 	.db #0x40	; 64
   00A6 DD                  220 	.db #0xdd	; 221
   00A7 7F                  221 	.db #0x7f	; 127
   00A8 3F                  222 	.db #0x3f	; 63
   00A9 80                  223 	.db #0x80	; 128
   00AA C4                  224 	.db #0xc4	; 196
   00AB EA                  225 	.db #0xea	; 234
   00AC 6A                  226 	.db #0x6a	; 106	'j'
   00AD 6A                  227 	.db #0x6a	; 106	'j'
   00AE 00                  228 	.db #0x00	; 0
   00AF C0                  229 	.db #0xc0	; 192
   00B0 80                  230 	.db #0x80	; 128
   00B1 80                  231 	.db #0x80	; 128
   00B2 C0                  232 	.db #0xc0	; 192
   00B3 00                  233 	.db #0x00	; 0
   00B4                     234 _g_ghost_3:
   00B4 00                  235 	.db #0x00	; 0
   00B5 C0                  236 	.db #0xc0	; 192
   00B6 C0                  237 	.db #0xc0	; 192
   00B7 00                  238 	.db #0x00	; 0
   00B8 00                  239 	.db #0x00	; 0
   00B9 40                  240 	.db #0x40	; 64
   00BA CC                  241 	.db #0xcc	; 204
   00BB DD                  242 	.db #0xdd	; 221
   00BC 80                  243 	.db #0x80	; 128
   00BD 00                  244 	.db #0x00	; 0
   00BE C4                  245 	.db #0xc4	; 196
   00BF C4                  246 	.db #0xc4	; 196
   00C0 C8                  247 	.db #0xc8	; 200
   00C1 EA                  248 	.db #0xea	; 234
   00C2 00                  249 	.db #0x00	; 0
   00C3 C4                  250 	.db #0xc4	; 196
   00C4 C4                  251 	.db #0xc4	; 196
   00C5 C8                  252 	.db #0xc8	; 200
   00C6 EA                  253 	.db #0xea	; 234
   00C7 00                  254 	.db #0x00	; 0
   00C8 C4                  255 	.db #0xc4	; 196
   00C9 EE                  256 	.db #0xee	; 238
   00CA DD                  257 	.db #0xdd	; 221
   00CB EA                  258 	.db #0xea	; 234
   00CC 00                  259 	.db #0x00	; 0
   00CD C4                  260 	.db #0xc4	; 196
   00CE CC                  261 	.db #0xcc	; 204
   00CF CC                  262 	.db #0xcc	; 204
   00D0 EA                  263 	.db #0xea	; 234
   00D1 00                  264 	.db #0x00	; 0
   00D2 95                  265 	.db #0x95	; 149
   00D3 CC                  266 	.db #0xcc	; 204
   00D4 DD                  267 	.db #0xdd	; 221
   00D5 6A                  268 	.db #0x6a	; 106	'j'
   00D6 00                  269 	.db #0x00	; 0
   00D7 C4                  270 	.db #0xc4	; 196
   00D8 6E                  271 	.db #0x6e	; 110	'n'
   00D9 9D                  272 	.db #0x9d	; 157
   00DA EA                  273 	.db #0xea	; 234
   00DB 00                  274 	.db #0x00	; 0
   00DC C4                  275 	.db #0xc4	; 196
   00DD CC                  276 	.db #0xcc	; 204
   00DE FF                  277 	.db #0xff	; 255
   00DF 6A                  278 	.db #0x6a	; 106	'j'
   00E0 00                  279 	.db #0x00	; 0
   00E1 C4                  280 	.db #0xc4	; 196
   00E2 FF                  281 	.db #0xff	; 255
   00E3 3F                  282 	.db #0x3f	; 63
   00E4 6A                  283 	.db #0x6a	; 106	'j'
   00E5 00                  284 	.db #0x00	; 0
   00E6 40                  285 	.db #0x40	; 64
   00E7 6A                  286 	.db #0x6a	; 106	'j'
   00E8 6A                  287 	.db #0x6a	; 106	'j'
   00E9 3F                  288 	.db #0x3f	; 63
   00EA 80                  289 	.db #0x80	; 128
   00EB 40                  290 	.db #0x40	; 64
   00EC 80                  291 	.db #0x80	; 128
   00ED 80                  292 	.db #0x80	; 128
   00EE C0                  293 	.db #0xc0	; 192
   00EF 80                  294 	.db #0x80	; 128
   00F0                     295 _g_ghost_4:
   00F0 00                  296 	.db #0x00	; 0
   00F1 C0                  297 	.db #0xc0	; 192
   00F2 C0                  298 	.db #0xc0	; 192
   00F3 00                  299 	.db #0x00	; 0
   00F4 00                  300 	.db #0x00	; 0
   00F5 40                  301 	.db #0x40	; 64
   00F6 CC                  302 	.db #0xcc	; 204
   00F7 DD                  303 	.db #0xdd	; 221
   00F8 80                  304 	.db #0x80	; 128
   00F9 00                  305 	.db #0x00	; 0
   00FA C4                  306 	.db #0xc4	; 196
   00FB C4                  307 	.db #0xc4	; 196
   00FC C4                  308 	.db #0xc4	; 196
   00FD EA                  309 	.db #0xea	; 234
   00FE 00                  310 	.db #0x00	; 0
   00FF C4                  311 	.db #0xc4	; 196
   0100 C4                  312 	.db #0xc4	; 196
   0101 C4                  313 	.db #0xc4	; 196
   0102 EA                  314 	.db #0xea	; 234
   0103 00                  315 	.db #0x00	; 0
   0104 C4                  316 	.db #0xc4	; 196
   0105 EE                  317 	.db #0xee	; 238
   0106 EE                  318 	.db #0xee	; 238
   0107 EA                  319 	.db #0xea	; 234
   0108 00                  320 	.db #0x00	; 0
   0109 C4                  321 	.db #0xc4	; 196
   010A CC                  322 	.db #0xcc	; 204
   010B CC                  323 	.db #0xcc	; 204
   010C EA                  324 	.db #0xea	; 234
   010D 00                  325 	.db #0x00	; 0
   010E C4                  326 	.db #0xc4	; 196
   010F CC                  327 	.db #0xcc	; 204
   0110 BF                  328 	.db #0xbf	; 191
   0111 7F                  329 	.db #0x7f	; 127
   0112 80                  330 	.db #0x80	; 128
   0113 C4                  331 	.db #0xc4	; 196
   0114 CC                  332 	.db #0xcc	; 204
   0115 7F                  333 	.db #0x7f	; 127
   0116 FF                  334 	.db #0xff	; 255
   0117 80                  335 	.db #0x80	; 128
   0118 C4                  336 	.db #0xc4	; 196
   0119 CC                  337 	.db #0xcc	; 204
   011A FF                  338 	.db #0xff	; 255
   011B BF                  339 	.db #0xbf	; 191
   011C 80                  340 	.db #0x80	; 128
   011D C4                  341 	.db #0xc4	; 196
   011E BF                  342 	.db #0xbf	; 191
   011F FF                  343 	.db #0xff	; 255
   0120 3F                  344 	.db #0x3f	; 63
   0121 80                  345 	.db #0x80	; 128
   0122 C4                  346 	.db #0xc4	; 196
   0123 6A                  347 	.db #0x6a	; 106	'j'
   0124 3F                  348 	.db #0x3f	; 63
   0125 95                  349 	.db #0x95	; 149
   0126 80                  350 	.db #0x80	; 128
   0127 40                  351 	.db #0x40	; 64
   0128 80                  352 	.db #0x80	; 128
   0129 C0                  353 	.db #0xc0	; 192
   012A 40                  354 	.db #0x40	; 64
   012B 00                  355 	.db #0x00	; 0
   012C                     356 _g_ghost_5:
   012C 00                  357 	.db #0x00	; 0
   012D C0                  358 	.db #0xc0	; 192
   012E C0                  359 	.db #0xc0	; 192
   012F 00                  360 	.db #0x00	; 0
   0130 00                  361 	.db #0x00	; 0
   0131 40                  362 	.db #0x40	; 64
   0132 CC                  363 	.db #0xcc	; 204
   0133 DD                  364 	.db #0xdd	; 221
   0134 80                  365 	.db #0x80	; 128
   0135 00                  366 	.db #0x00	; 0
   0136 C4                  367 	.db #0xc4	; 196
   0137 C4                  368 	.db #0xc4	; 196
   0138 C4                  369 	.db #0xc4	; 196
   0139 EA                  370 	.db #0xea	; 234
   013A 00                  371 	.db #0x00	; 0
   013B C4                  372 	.db #0xc4	; 196
   013C C4                  373 	.db #0xc4	; 196
   013D C4                  374 	.db #0xc4	; 196
   013E EA                  375 	.db #0xea	; 234
   013F 00                  376 	.db #0x00	; 0
   0140 C4                  377 	.db #0xc4	; 196
   0141 EE                  378 	.db #0xee	; 238
   0142 EE                  379 	.db #0xee	; 238
   0143 EA                  380 	.db #0xea	; 234
   0144 00                  381 	.db #0x00	; 0
   0145 C4                  382 	.db #0xc4	; 196
   0146 CC                  383 	.db #0xcc	; 204
   0147 CC                  384 	.db #0xcc	; 204
   0148 EA                  385 	.db #0xea	; 234
   0149 00                  386 	.db #0x00	; 0
   014A C4                  387 	.db #0xc4	; 196
   014B CC                  388 	.db #0xcc	; 204
   014C 3F                  389 	.db #0x3f	; 63
   014D 7F                  390 	.db #0x7f	; 127
   014E 80                  391 	.db #0x80	; 128
   014F C4                  392 	.db #0xc4	; 196
   0150 9D                  393 	.db #0x9d	; 157
   0151 FF                  394 	.db #0xff	; 255
   0152 FF                  395 	.db #0xff	; 255
   0153 80                  396 	.db #0x80	; 128
   0154 C4                  397 	.db #0xc4	; 196
   0155 CC                  398 	.db #0xcc	; 204
   0156 DD                  399 	.db #0xdd	; 221
   0157 BF                  400 	.db #0xbf	; 191
   0158 80                  401 	.db #0x80	; 128
   0159 C4                  402 	.db #0xc4	; 196
   015A DD                  403 	.db #0xdd	; 221
   015B 7F                  404 	.db #0x7f	; 127
   015C BF                  405 	.db #0xbf	; 191
   015D 6A                  406 	.db #0x6a	; 106	'j'
   015E 40                  407 	.db #0x40	; 64
   015F 9D                  408 	.db #0x9d	; 157
   0160 95                  409 	.db #0x95	; 149
   0161 6A                  410 	.db #0x6a	; 106	'j'
   0162 6A                  411 	.db #0x6a	; 106	'j'
   0163 00                  412 	.db #0x00	; 0
   0164 C0                  413 	.db #0xc0	; 192
   0165 40                  414 	.db #0x40	; 64
   0166 80                  415 	.db #0x80	; 128
   0167 80                  416 	.db #0x80	; 128
   0168                     417 _g_ghost_6:
   0168 00                  418 	.db #0x00	; 0
   0169 00                  419 	.db #0x00	; 0
   016A C0                  420 	.db #0xc0	; 192
   016B C0                  421 	.db #0xc0	; 192
   016C 00                  422 	.db #0x00	; 0
   016D 00                  423 	.db #0x00	; 0
   016E 40                  424 	.db #0x40	; 64
   016F CC                  425 	.db #0xcc	; 204
   0170 FF                  426 	.db #0xff	; 255
   0171 80                  427 	.db #0x80	; 128
   0172 00                  428 	.db #0x00	; 0
   0173 C4                  429 	.db #0xc4	; 196
   0174 C8                  430 	.db #0xc8	; 200
   0175 C8                  431 	.db #0xc8	; 200
   0176 EA                  432 	.db #0xea	; 234
   0177 00                  433 	.db #0x00	; 0
   0178 C4                  434 	.db #0xc4	; 196
   0179 C8                  435 	.db #0xc8	; 200
   017A C8                  436 	.db #0xc8	; 200
   017B EA                  437 	.db #0xea	; 234
   017C 00                  438 	.db #0x00	; 0
   017D C4                  439 	.db #0xc4	; 196
   017E DD                  440 	.db #0xdd	; 221
   017F DD                  441 	.db #0xdd	; 221
   0180 EA                  442 	.db #0xea	; 234
   0181 00                  443 	.db #0x00	; 0
   0182 C4                  444 	.db #0xc4	; 196
   0183 CC                  445 	.db #0xcc	; 204
   0184 DD                  446 	.db #0xdd	; 221
   0185 EA                  447 	.db #0xea	; 234
   0186 40                  448 	.db #0x40	; 64
   0187 9D                  449 	.db #0x9d	; 157
   0188 6E                  450 	.db #0x6e	; 110	'n'
   0189 DD                  451 	.db #0xdd	; 221
   018A EA                  452 	.db #0xea	; 234
   018B 40                  453 	.db #0x40	; 64
   018C DD                  454 	.db #0xdd	; 221
   018D BF                  455 	.db #0xbf	; 191
   018E FF                  456 	.db #0xff	; 255
   018F 6A                  457 	.db #0x6a	; 106	'j'
   0190 40                  458 	.db #0x40	; 64
   0191 CC                  459 	.db #0xcc	; 204
   0192 DD                  460 	.db #0xdd	; 221
   0193 FF                  461 	.db #0xff	; 255
   0194 6A                  462 	.db #0x6a	; 106	'j'
   0195 40                  463 	.db #0x40	; 64
   0196 DD                  464 	.db #0xdd	; 221
   0197 7F                  465 	.db #0x7f	; 127
   0198 BF                  466 	.db #0xbf	; 191
   0199 6A                  467 	.db #0x6a	; 106	'j'
   019A 40                  468 	.db #0x40	; 64
   019B C8                  469 	.db #0xc8	; 200
   019C 7F                  470 	.db #0x7f	; 127
   019D 95                  471 	.db #0x95	; 149
   019E 6A                  472 	.db #0x6a	; 106	'j'
   019F 00                  473 	.db #0x00	; 0
   01A0 80                  474 	.db #0x80	; 128
   01A1 C0                  475 	.db #0xc0	; 192
   01A2 40                  476 	.db #0x40	; 64
   01A3 80                  477 	.db #0x80	; 128
   01A4                     478 _g_ghost_7:
   01A4 00                  479 	.db #0x00	; 0
   01A5 00                  480 	.db #0x00	; 0
   01A6 C0                  481 	.db #0xc0	; 192
   01A7 C0                  482 	.db #0xc0	; 192
   01A8 00                  483 	.db #0x00	; 0
   01A9 00                  484 	.db #0x00	; 0
   01AA 40                  485 	.db #0x40	; 64
   01AB CC                  486 	.db #0xcc	; 204
   01AC FF                  487 	.db #0xff	; 255
   01AD 80                  488 	.db #0x80	; 128
   01AE 00                  489 	.db #0x00	; 0
   01AF C4                  490 	.db #0xc4	; 196
   01B0 C8                  491 	.db #0xc8	; 200
   01B1 C8                  492 	.db #0xc8	; 200
   01B2 EA                  493 	.db #0xea	; 234
   01B3 00                  494 	.db #0x00	; 0
   01B4 C4                  495 	.db #0xc4	; 196
   01B5 C8                  496 	.db #0xc8	; 200
   01B6 C8                  497 	.db #0xc8	; 200
   01B7 EA                  498 	.db #0xea	; 234
   01B8 00                  499 	.db #0x00	; 0
   01B9 C4                  500 	.db #0xc4	; 196
   01BA DD                  501 	.db #0xdd	; 221
   01BB DD                  502 	.db #0xdd	; 221
   01BC EA                  503 	.db #0xea	; 234
   01BD 00                  504 	.db #0x00	; 0
   01BE C4                  505 	.db #0xc4	; 196
   01BF CC                  506 	.db #0xcc	; 204
   01C0 DD                  507 	.db #0xdd	; 221
   01C1 EA                  508 	.db #0xea	; 234
   01C2 40                  509 	.db #0x40	; 64
   01C3 9D                  510 	.db #0x9d	; 157
   01C4 3F                  511 	.db #0x3f	; 63
   01C5 DD                  512 	.db #0xdd	; 221
   01C6 EA                  513 	.db #0xea	; 234
   01C7 40                  514 	.db #0x40	; 64
   01C8 CC                  515 	.db #0xcc	; 204
   01C9 FF                  516 	.db #0xff	; 255
   01CA 7F                  517 	.db #0x7f	; 127
   01CB 6A                  518 	.db #0x6a	; 106	'j'
   01CC 40                  519 	.db #0x40	; 64
   01CD CC                  520 	.db #0xcc	; 204
   01CE DD                  521 	.db #0xdd	; 221
   01CF FF                  522 	.db #0xff	; 255
   01D0 6A                  523 	.db #0x6a	; 106	'j'
   01D1 C4                  524 	.db #0xc4	; 196
   01D2 BF                  525 	.db #0xbf	; 191
   01D3 FF                  526 	.db #0xff	; 255
   01D4 7F                  527 	.db #0x7f	; 127
   01D5 6A                  528 	.db #0x6a	; 106	'j'
   01D6 C4                  529 	.db #0xc4	; 196
   01D7 95                  530 	.db #0x95	; 149
   01D8 EA                  531 	.db #0xea	; 234
   01D9 3F                  532 	.db #0x3f	; 63
   01DA 80                  533 	.db #0x80	; 128
   01DB 40                  534 	.db #0x40	; 64
   01DC 40                  535 	.db #0x40	; 64
   01DD 80                  536 	.db #0x80	; 128
   01DE C0                  537 	.db #0xc0	; 192
   01DF 00                  538 	.db #0x00	; 0
                            539 	.area _INITIALIZER
                            540 	.area _CABS (ABS)
