                              1 ;--------------------------------------------------------
                              2 ; File Created by SDCC : free open source ANSI-C Compiler
                              3 ; Version 3.6.8 #9946 (Linux)
                              4 ;--------------------------------------------------------
                              5 	.module knight
                              6 	.optsdcc -mz80
                              7 	
                              8 ;--------------------------------------------------------
                              9 ; Public variables in this module
                             10 ;--------------------------------------------------------
                             11 	.globl _g_knight_7
                             12 	.globl _g_knight_6
                             13 	.globl _g_knight_5
                             14 	.globl _g_knight_4
                             15 	.globl _g_knight_3
                             16 	.globl _g_knight_2
                             17 	.globl _g_knight_1
                             18 	.globl _g_knight_0
                             19 ;--------------------------------------------------------
                             20 ; special function registers
                             21 ;--------------------------------------------------------
                             22 ;--------------------------------------------------------
                             23 ; ram data
                             24 ;--------------------------------------------------------
                             25 	.area _DATA
                             26 ;--------------------------------------------------------
                             27 ; ram data
                             28 ;--------------------------------------------------------
                             29 	.area _INITIALIZED
                             30 ;--------------------------------------------------------
                             31 ; absolute external ram data
                             32 ;--------------------------------------------------------
                             33 	.area _DABS (ABS)
                             34 ;--------------------------------------------------------
                             35 ; global & static initialisations
                             36 ;--------------------------------------------------------
                             37 	.area _HOME
                             38 	.area _GSINIT
                             39 	.area _GSFINAL
                             40 	.area _GSINIT
                             41 ;--------------------------------------------------------
                             42 ; Home
                             43 ;--------------------------------------------------------
                             44 	.area _HOME
                             45 	.area _HOME
                             46 ;--------------------------------------------------------
                             47 ; code
                             48 ;--------------------------------------------------------
                             49 	.area _CODE
                             50 	.area _CODE
   0000                      51 _g_knight_0:
   0000 00                   52 	.db #0x00	; 0
   0001 C0                   53 	.db #0xc0	; 192
   0002 C2                   54 	.db #0xc2	; 194
   0003 80                   55 	.db #0x80	; 128
   0004 00                   56 	.db #0x00	; 0
   0005 40                   57 	.db #0x40	; 64
   0006 C9                   58 	.db #0xc9	; 201
   0007 83                   59 	.db #0x83	; 131
   0008 E0                   60 	.db #0xe0	; 224
   0009 00                   61 	.db #0x00	; 0
   000A C4                   62 	.db #0xc4	; 196
   000B C9                   63 	.db #0xc9	; 201
   000C 96                   64 	.db #0x96	; 150
   000D F0                   65 	.db #0xf0	; 240
   000E 80                   66 	.db #0x80	; 128
   000F C4                   67 	.db #0xc4	; 196
   0010 C9                   68 	.db #0xc9	; 201
   0011 16                   69 	.db #0x16	; 22
   0012 F0                   70 	.db #0xf0	; 240
   0013 80                   71 	.db #0x80	; 128
   0014 D4                   72 	.db #0xd4	; 212
   0015 E9                   73 	.db #0xe9	; 233
   0016 52                   74 	.db #0x52	; 82	'R'
   0017 F0                   75 	.db #0xf0	; 240
   0018 80                   76 	.db #0x80	; 128
   0019 60                   77 	.db #0x60	; 96
   001A E1                   78 	.db #0xe1	; 225
   001B A1                   79 	.db #0xa1	; 161
   001C C0                   80 	.db #0xc0	; 192
   001D 80                   81 	.db #0x80	; 128
   001E 40                   82 	.db #0x40	; 64
   001F FC                   83 	.db #0xfc	; 252
   0020 3C                   84 	.db #0x3c	; 60
   0021 60                   85 	.db #0x60	; 96
   0022 00                   86 	.db #0x00	; 0
   0023 C0                   87 	.db #0xc0	; 192
   0024 C0                   88 	.db #0xc0	; 192
   0025 C0                   89 	.db #0xc0	; 192
   0026 C0                   90 	.db #0xc0	; 192
   0027 00                   91 	.db #0x00	; 0
   0028 C0                   92 	.db #0xc0	; 192
   0029 7C                   93 	.db #0x7c	; 124
   002A BC                   94 	.db #0xbc	; 188
   002B 78                   95 	.db #0x78	; 120	'x'
   002C 80                   96 	.db #0x80	; 128
   002D D0                   97 	.db #0xd0	; 208
   002E B4                   98 	.db #0xb4	; 180
   002F 78                   99 	.db #0x78	; 120	'x'
   0030 F0                  100 	.db #0xf0	; 240
   0031 80                  101 	.db #0x80	; 128
   0032 C0                  102 	.db #0xc0	; 192
   0033 B4                  103 	.db #0xb4	; 180
   0034 94                  104 	.db #0x94	; 148
   0035 C0                  105 	.db #0xc0	; 192
   0036 00                  106 	.db #0x00	; 0
   0037 40                  107 	.db #0x40	; 64
   0038 C0                  108 	.db #0xc0	; 192
   0039 EC                  109 	.db #0xec	; 236
   003A E0                  110 	.db #0xe0	; 224
   003B 00                  111 	.db #0x00	; 0
   003C                     112 _g_knight_1:
   003C 00                  113 	.db #0x00	; 0
   003D C0                  114 	.db #0xc0	; 192
   003E C2                  115 	.db #0xc2	; 194
   003F 80                  116 	.db #0x80	; 128
   0040 00                  117 	.db #0x00	; 0
   0041 40                  118 	.db #0x40	; 64
   0042 C9                  119 	.db #0xc9	; 201
   0043 83                  120 	.db #0x83	; 131
   0044 E0                  121 	.db #0xe0	; 224
   0045 00                  122 	.db #0x00	; 0
   0046 C4                  123 	.db #0xc4	; 196
   0047 9C                  124 	.db #0x9c	; 156
   0048 83                  125 	.db #0x83	; 131
   0049 F0                  126 	.db #0xf0	; 240
   004A 80                  127 	.db #0x80	; 128
   004B C4                  128 	.db #0xc4	; 196
   004C DC                  129 	.db #0xdc	; 220
   004D 83                  130 	.db #0x83	; 131
   004E F0                  131 	.db #0xf0	; 240
   004F 80                  132 	.db #0x80	; 128
   0050 D4                  133 	.db #0xd4	; 212
   0051 E9                  134 	.db #0xe9	; 233
   0052 83                  135 	.db #0x83	; 131
   0053 F0                  136 	.db #0xf0	; 240
   0054 80                  137 	.db #0x80	; 128
   0055 60                  138 	.db #0x60	; 96
   0056 E1                  139 	.db #0xe1	; 225
   0057 52                  140 	.db #0x52	; 82	'R'
   0058 C0                  141 	.db #0xc0	; 192
   0059 80                  142 	.db #0x80	; 128
   005A 40                  143 	.db #0x40	; 64
   005B FC                  144 	.db #0xfc	; 252
   005C 3C                  145 	.db #0x3c	; 60
   005D 60                  146 	.db #0x60	; 96
   005E 00                  147 	.db #0x00	; 0
   005F C0                  148 	.db #0xc0	; 192
   0060 C0                  149 	.db #0xc0	; 192
   0061 C0                  150 	.db #0xc0	; 192
   0062 C0                  151 	.db #0xc0	; 192
   0063 00                  152 	.db #0x00	; 0
   0064 C0                  153 	.db #0xc0	; 192
   0065 7C                  154 	.db #0x7c	; 124
   0066 BC                  155 	.db #0xbc	; 188
   0067 78                  156 	.db #0x78	; 120	'x'
   0068 80                  157 	.db #0x80	; 128
   0069 D0                  158 	.db #0xd0	; 208
   006A B4                  159 	.db #0xb4	; 180
   006B 78                  160 	.db #0x78	; 120	'x'
   006C F0                  161 	.db #0xf0	; 240
   006D 80                  162 	.db #0x80	; 128
   006E C0                  163 	.db #0xc0	; 192
   006F 94                  164 	.db #0x94	; 148
   0070 C0                  165 	.db #0xc0	; 192
   0071 C0                  166 	.db #0xc0	; 192
   0072 00                  167 	.db #0x00	; 0
   0073 40                  168 	.db #0x40	; 64
   0074 DC                  169 	.db #0xdc	; 220
   0075 E0                  170 	.db #0xe0	; 224
   0076 E0                  171 	.db #0xe0	; 224
   0077 00                  172 	.db #0x00	; 0
   0078                     173 _g_knight_2:
   0078 00                  174 	.db #0x00	; 0
   0079 C0                  175 	.db #0xc0	; 192
   007A C2                  176 	.db #0xc2	; 194
   007B 80                  177 	.db #0x80	; 128
   007C 00                  178 	.db #0x00	; 0
   007D 40                  179 	.db #0x40	; 64
   007E CC                  180 	.db #0xcc	; 204
   007F 6C                  181 	.db #0x6c	; 108	'l'
   0080 68                  182 	.db #0x68	; 104	'h'
   0081 00                  183 	.db #0x00	; 0
   0082 C4                  184 	.db #0xc4	; 196
   0083 74                  185 	.db #0x74	; 116	't'
   0084 74                  186 	.db #0x74	; 116	't'
   0085 74                  187 	.db #0x74	; 116	't'
   0086 80                  188 	.db #0x80	; 128
   0087 C4                  189 	.db #0xc4	; 196
   0088 74                  190 	.db #0x74	; 116	't'
   0089 74                  191 	.db #0x74	; 116	't'
   008A 34                  192 	.db #0x34	; 52	'4'
   008B 80                  193 	.db #0x80	; 128
   008C D4                  194 	.db #0xd4	; 212
   008D 34                  195 	.db #0x34	; 52	'4'
   008E 34                  196 	.db #0x34	; 52	'4'
   008F 34                  197 	.db #0x34	; 52	'4'
   0090 80                  198 	.db #0x80	; 128
   0091 E0                  199 	.db #0xe0	; 224
   0092 F0                  200 	.db #0xf0	; 240
   0093 30                  201 	.db #0x30	; 48	'0'
   0094 C0                  202 	.db #0xc0	; 192
   0095 80                  203 	.db #0x80	; 128
   0096 40                  204 	.db #0x40	; 64
   0097 FC                  205 	.db #0xfc	; 252
   0098 3C                  206 	.db #0x3c	; 60
   0099 60                  207 	.db #0x60	; 96
   009A 00                  208 	.db #0x00	; 0
   009B D4                  209 	.db #0xd4	; 212
   009C B4                  210 	.db #0xb4	; 180
   009D C0                  211 	.db #0xc0	; 192
   009E C0                  212 	.db #0xc0	; 192
   009F 80                  213 	.db #0x80	; 128
   00A0 C0                  214 	.db #0xc0	; 192
   00A1 EA                  215 	.db #0xea	; 234
   00A2 85                  216 	.db #0x85	; 133
   00A3 FF                  217 	.db #0xff	; 255
   00A4 80                  218 	.db #0x80	; 128
   00A5 C5                  219 	.db #0xc5	; 197
   00A6 EE                  220 	.db #0xee	; 238
   00A7 CC                  221 	.db #0xcc	; 204
   00A8 0F                  222 	.db #0x0f	; 15
   00A9 80                  223 	.db #0x80	; 128
   00AA C0                  224 	.db #0xc0	; 192
   00AB EA                  225 	.db #0xea	; 234
   00AC 85                  226 	.db #0x85	; 133
   00AD 0F                  227 	.db #0x0f	; 15
   00AE 80                  228 	.db #0x80	; 128
   00AF 40                  229 	.db #0x40	; 64
   00B0 78                  230 	.db #0x78	; 120	'x'
   00B1 D4                  231 	.db #0xd4	; 212
   00B2 4A                  232 	.db #0x4a	; 74	'J'
   00B3 00                  233 	.db #0x00	; 0
   00B4                     234 _g_knight_3:
   00B4 00                  235 	.db #0x00	; 0
   00B5 C0                  236 	.db #0xc0	; 192
   00B6 42                  237 	.db #0x42	; 66	'B'
   00B7 80                  238 	.db #0x80	; 128
   00B8 00                  239 	.db #0x00	; 0
   00B9 40                  240 	.db #0x40	; 64
   00BA CC                  241 	.db #0xcc	; 204
   00BB 7C                  242 	.db #0x7c	; 124
   00BC 68                  243 	.db #0x68	; 104	'h'
   00BD 00                  244 	.db #0x00	; 0
   00BE C4                  245 	.db #0xc4	; 196
   00BF 74                  246 	.db #0x74	; 116	't'
   00C0 74                  247 	.db #0x74	; 116	't'
   00C1 74                  248 	.db #0x74	; 116	't'
   00C2 80                  249 	.db #0x80	; 128
   00C3 C4                  250 	.db #0xc4	; 196
   00C4 74                  251 	.db #0x74	; 116	't'
   00C5 74                  252 	.db #0x74	; 116	't'
   00C6 34                  253 	.db #0x34	; 52	'4'
   00C7 80                  254 	.db #0x80	; 128
   00C8 D4                  255 	.db #0xd4	; 212
   00C9 34                  256 	.db #0x34	; 52	'4'
   00CA 34                  257 	.db #0x34	; 52	'4'
   00CB 34                  258 	.db #0x34	; 52	'4'
   00CC 80                  259 	.db #0x80	; 128
   00CD E0                  260 	.db #0xe0	; 224
   00CE F0                  261 	.db #0xf0	; 240
   00CF 30                  262 	.db #0x30	; 48	'0'
   00D0 C0                  263 	.db #0xc0	; 192
   00D1 80                  264 	.db #0x80	; 128
   00D2 40                  265 	.db #0x40	; 64
   00D3 FC                  266 	.db #0xfc	; 252
   00D4 3C                  267 	.db #0x3c	; 60
   00D5 60                  268 	.db #0x60	; 96
   00D6 00                  269 	.db #0x00	; 0
   00D7 94                  270 	.db #0x94	; 148
   00D8 BC                  271 	.db #0xbc	; 188
   00D9 68                  272 	.db #0x68	; 104	'h'
   00DA C0                  273 	.db #0xc0	; 192
   00DB C0                  274 	.db #0xc0	; 192
   00DC D5                  275 	.db #0xd5	; 213
   00DD C0                  276 	.db #0xc0	; 192
   00DE C0                  277 	.db #0xc0	; 192
   00DF FF                  278 	.db #0xff	; 255
   00E0 EA                  279 	.db #0xea	; 234
   00E1 DF                  280 	.db #0xdf	; 223
   00E2 CC                  281 	.db #0xcc	; 204
   00E3 C8                  282 	.db #0xc8	; 200
   00E4 FF                  283 	.db #0xff	; 255
   00E5 4A                  284 	.db #0x4a	; 74	'J'
   00E6 D5                  285 	.db #0xd5	; 213
   00E7 C0                  286 	.db #0xc0	; 192
   00E8 C0                  287 	.db #0xc0	; 192
   00E9 0F                  288 	.db #0x0f	; 15
   00EA 4A                  289 	.db #0x4a	; 74	'J'
   00EB 40                  290 	.db #0x40	; 64
   00EC DC                  291 	.db #0xdc	; 220
   00ED 94                  292 	.db #0x94	; 148
   00EE 85                  293 	.db #0x85	; 133
   00EF 80                  294 	.db #0x80	; 128
   00F0                     295 _g_knight_4:
   00F0 00                  296 	.db #0x00	; 0
   00F1 C0                  297 	.db #0xc0	; 192
   00F2 C0                  298 	.db #0xc0	; 192
   00F3 C1                  299 	.db #0xc1	; 193
   00F4 82                  300 	.db #0x82	; 130
   00F5 40                  301 	.db #0x40	; 64
   00F6 CC                  302 	.db #0xcc	; 204
   00F7 B8                  303 	.db #0xb8	; 184
   00F8 E8                  304 	.db #0xe8	; 232
   00F9 43                  305 	.db #0x43	; 67	'C'
   00FA C4                  306 	.db #0xc4	; 196
   00FB 7C                  307 	.db #0x7c	; 124
   00FC F4                  308 	.db #0xf4	; 244
   00FD 74                  309 	.db #0x74	; 116	't'
   00FE 81                  310 	.db #0x81	; 129
   00FF D4                  311 	.db #0xd4	; 212
   0100 F4                  312 	.db #0xf4	; 244
   0101 F4                  313 	.db #0xf4	; 244
   0102 94                  314 	.db #0x94	; 148
   0103 81                  315 	.db #0x81	; 129
   0104 D4                  316 	.db #0xd4	; 212
   0105 34                  317 	.db #0x34	; 52	'4'
   0106 34                  318 	.db #0x34	; 52	'4'
   0107 D0                  319 	.db #0xd0	; 208
   0108 C1                  320 	.db #0xc1	; 193
   0109 70                  321 	.db #0x70	; 112	'p'
   010A 30                  322 	.db #0x30	; 48	'0'
   010B 60                  323 	.db #0x60	; 96
   010C 60                  324 	.db #0x60	; 96
   010D 80                  325 	.db #0x80	; 128
   010E 40                  326 	.db #0x40	; 64
   010F FC                  327 	.db #0xfc	; 252
   0110 3C                  328 	.db #0x3c	; 60
   0111 60                  329 	.db #0x60	; 96
   0112 00                  330 	.db #0x00	; 0
   0113 40                  331 	.db #0x40	; 64
   0114 60                  332 	.db #0x60	; 96
   0115 C0                  333 	.db #0xc0	; 192
   0116 94                  334 	.db #0x94	; 148
   0117 80                  335 	.db #0x80	; 128
   0118 D5                  336 	.db #0xd5	; 213
   0119 34                  337 	.db #0x34	; 52	'4'
   011A C4                  338 	.db #0xc4	; 196
   011B C0                  339 	.db #0xc0	; 192
   011C 68                  340 	.db #0x68	; 104	'h'
   011D C4                  341 	.db #0xc4	; 196
   011E 70                  342 	.db #0x70	; 112	'p'
   011F D5                  343 	.db #0xd5	; 213
   0120 C5                  344 	.db #0xc5	; 197
   0121 C0                  345 	.db #0xc0	; 192
   0122 D5                  346 	.db #0xd5	; 213
   0123 34                  347 	.db #0x34	; 52	'4'
   0124 85                  348 	.db #0x85	; 133
   0125 C0                  349 	.db #0xc0	; 192
   0126 80                  350 	.db #0x80	; 128
   0127 40                  351 	.db #0x40	; 64
   0128 BC                  352 	.db #0xbc	; 188
   0129 85                  353 	.db #0x85	; 133
   012A C0                  354 	.db #0xc0	; 192
   012B 00                  355 	.db #0x00	; 0
   012C                     356 _g_knight_5:
   012C 00                  357 	.db #0x00	; 0
   012D 00                  358 	.db #0x00	; 0
   012E 00                  359 	.db #0x00	; 0
   012F C3                  360 	.db #0xc3	; 195
   0130 00                  361 	.db #0x00	; 0
   0131 00                  362 	.db #0x00	; 0
   0132 C0                  363 	.db #0xc0	; 192
   0133 C0                  364 	.db #0xc0	; 192
   0134 C1                  365 	.db #0xc1	; 193
   0135 82                  366 	.db #0x82	; 130
   0136 40                  367 	.db #0x40	; 64
   0137 CC                  368 	.db #0xcc	; 204
   0138 B8                  369 	.db #0xb8	; 184
   0139 E8                  370 	.db #0xe8	; 232
   013A 43                  371 	.db #0x43	; 67	'C'
   013B C4                  372 	.db #0xc4	; 196
   013C 7C                  373 	.db #0x7c	; 124
   013D F4                  374 	.db #0xf4	; 244
   013E 74                  375 	.db #0x74	; 116	't'
   013F 81                  376 	.db #0x81	; 129
   0140 D4                  377 	.db #0xd4	; 212
   0141 F4                  378 	.db #0xf4	; 244
   0142 74                  379 	.db #0x74	; 116	't'
   0143 94                  380 	.db #0x94	; 148
   0144 80                  381 	.db #0x80	; 128
   0145 D4                  382 	.db #0xd4	; 212
   0146 34                  383 	.db #0x34	; 52	'4'
   0147 34                  384 	.db #0x34	; 52	'4'
   0148 D0                  385 	.db #0xd0	; 208
   0149 80                  386 	.db #0x80	; 128
   014A 30                  387 	.db #0x30	; 48	'0'
   014B B0                  388 	.db #0xb0	; 176
   014C 60                  389 	.db #0x60	; 96
   014D E0                  390 	.db #0xe0	; 224
   014E 00                  391 	.db #0x00	; 0
   014F 40                  392 	.db #0x40	; 64
   0150 BC                  393 	.db #0xbc	; 188
   0151 D0                  394 	.db #0xd0	; 208
   0152 94                  395 	.db #0x94	; 148
   0153 80                  396 	.db #0x80	; 128
   0154 D5                  397 	.db #0xd5	; 213
   0155 C0                  398 	.db #0xc0	; 192
   0156 C8                  399 	.db #0xc8	; 200
   0157 94                  400 	.db #0x94	; 148
   0158 80                  401 	.db #0x80	; 128
   0159 C4                  402 	.db #0xc4	; 196
   015A 68                  403 	.db #0x68	; 104	'h'
   015B EA                  404 	.db #0xea	; 234
   015C CA                  405 	.db #0xca	; 202
   015D 00                  406 	.db #0x00	; 0
   015E D5                  407 	.db #0xd5	; 213
   015F E0                  408 	.db #0xe0	; 224
   0160 4A                  409 	.db #0x4a	; 74	'J'
   0161 C0                  410 	.db #0xc0	; 192
   0162 80                  411 	.db #0x80	; 128
   0163 40                  412 	.db #0x40	; 64
   0164 60                  413 	.db #0x60	; 96
   0165 4A                  414 	.db #0x4a	; 74	'J'
   0166 78                  415 	.db #0x78	; 120	'x'
   0167 80                  416 	.db #0x80	; 128
   0168                     417 _g_knight_6:
   0168 41                  418 	.db #0x41	; 65	'A'
   0169 C2                  419 	.db #0xc2	; 194
   016A C0                  420 	.db #0xc0	; 192
   016B C0                  421 	.db #0xc0	; 192
   016C 00                  422 	.db #0x00	; 0
   016D 83                  423 	.db #0x83	; 131
   016E C4                  424 	.db #0xc4	; 196
   016F 74                  425 	.db #0x74	; 116	't'
   0170 9C                  426 	.db #0x9c	; 156
   0171 80                  427 	.db #0x80	; 128
   0172 42                  428 	.db #0x42	; 66	'B'
   0173 98                  429 	.db #0x98	; 152
   0174 F8                  430 	.db #0xf8	; 248
   0175 F8                  431 	.db #0xf8	; 248
   0176 68                  432 	.db #0x68	; 104	'h'
   0177 42                  433 	.db #0x42	; 66	'B'
   0178 C8                  434 	.db #0xc8	; 200
   0179 B8                  435 	.db #0xb8	; 184
   017A 38                  436 	.db #0x38	; 56	'8'
   017B 68                  437 	.db #0x68	; 104	'h'
   017C C2                  438 	.db #0xc2	; 194
   017D E8                  439 	.db #0xe8	; 232
   017E 38                  440 	.db #0x38	; 56	'8'
   017F 38                  441 	.db #0x38	; 56	'8'
   0180 68                  442 	.db #0x68	; 104	'h'
   0181 40                  443 	.db #0x40	; 64
   0182 D4                  444 	.db #0xd4	; 212
   0183 90                  445 	.db #0x90	; 144
   0184 30                  446 	.db #0x30	; 48	'0'
   0185 C0                  447 	.db #0xc0	; 192
   0186 00                  448 	.db #0x00	; 0
   0187 D4                  449 	.db #0xd4	; 212
   0188 3C                  450 	.db #0x3c	; 60
   0189 F0                  451 	.db #0xf0	; 240
   018A 80                  452 	.db #0x80	; 128
   018B 40                  453 	.db #0x40	; 64
   018C 68                  454 	.db #0x68	; 104	'h'
   018D C0                  455 	.db #0xc0	; 192
   018E C0                  456 	.db #0xc0	; 192
   018F 00                  457 	.db #0x00	; 0
   0190 D4                  458 	.db #0xd4	; 212
   0191 BA                  459 	.db #0xba	; 186
   0192 F4                  460 	.db #0xf4	; 244
   0193 D5                  461 	.db #0xd5	; 213
   0194 80                  462 	.db #0x80	; 128
   0195 94                  463 	.db #0x94	; 148
   0196 CE                  464 	.db #0xce	; 206
   0197 3C                  465 	.db #0x3c	; 60
   0198 85                  466 	.db #0x85	; 133
   0199 80                  467 	.db #0x80	; 128
   019A 40                  468 	.db #0x40	; 64
   019B BA                  469 	.db #0xba	; 186
   019C F0                  470 	.db #0xf0	; 240
   019D C0                  471 	.db #0xc0	; 192
   019E 80                  472 	.db #0x80	; 128
   019F 10                  473 	.db #0x10	; 16
   01A0 E0                  474 	.db #0xe0	; 224
   01A1 40                  475 	.db #0x40	; 64
   01A2 7C                  476 	.db #0x7c	; 124
   01A3 80                  477 	.db #0x80	; 128
   01A4                     478 _g_knight_7:
   01A4 00                  479 	.db #0x00	; 0
   01A5 C3                  480 	.db #0xc3	; 195
   01A6 00                  481 	.db #0x00	; 0
   01A7 00                  482 	.db #0x00	; 0
   01A8 00                  483 	.db #0x00	; 0
   01A9 41                  484 	.db #0x41	; 65	'A'
   01AA C2                  485 	.db #0xc2	; 194
   01AB C0                  486 	.db #0xc0	; 192
   01AC C0                  487 	.db #0xc0	; 192
   01AD 00                  488 	.db #0x00	; 0
   01AE 83                  489 	.db #0x83	; 131
   01AF C4                  490 	.db #0xc4	; 196
   01B0 74                  491 	.db #0x74	; 116	't'
   01B1 9C                  492 	.db #0x9c	; 156
   01B2 80                  493 	.db #0x80	; 128
   01B3 42                  494 	.db #0x42	; 66	'B'
   01B4 98                  495 	.db #0x98	; 152
   01B5 F8                  496 	.db #0xf8	; 248
   01B6 F8                  497 	.db #0xf8	; 248
   01B7 68                  498 	.db #0x68	; 104	'h'
   01B8 40                  499 	.db #0x40	; 64
   01B9 C8                  500 	.db #0xc8	; 200
   01BA B8                  501 	.db #0xb8	; 184
   01BB 38                  502 	.db #0x38	; 56	'8'
   01BC 68                  503 	.db #0x68	; 104	'h'
   01BD 40                  504 	.db #0x40	; 64
   01BE E8                  505 	.db #0xe8	; 232
   01BF 38                  506 	.db #0x38	; 56	'8'
   01C0 38                  507 	.db #0x38	; 56	'8'
   01C1 68                  508 	.db #0x68	; 104	'h'
   01C2 00                  509 	.db #0x00	; 0
   01C3 D4                  510 	.db #0xd4	; 212
   01C4 90                  511 	.db #0x90	; 144
   01C5 30                  512 	.db #0x30	; 48	'0'
   01C6 C0                  513 	.db #0xc0	; 192
   01C7 40                  514 	.db #0x40	; 64
   01C8 C8                  515 	.db #0xc8	; 200
   01C9 3C                  516 	.db #0x3c	; 60
   01CA F0                  517 	.db #0xf0	; 240
   01CB 80                  518 	.db #0x80	; 128
   01CC 40                  519 	.db #0x40	; 64
   01CD B8                  520 	.db #0xb8	; 184
   01CE EA                  521 	.db #0xea	; 234
   01CF C0                  522 	.db #0xc0	; 192
   01D0 00                  523 	.db #0x00	; 0
   01D1 00                  524 	.db #0x00	; 0
   01D2 94                  525 	.db #0x94	; 148
   01D3 CE                  526 	.db #0xce	; 206
   01D4 85                  527 	.db #0x85	; 133
   01D5 80                  528 	.db #0x80	; 128
   01D6 10                  529 	.db #0x10	; 16
   01D7 C0                  530 	.db #0xc0	; 192
   01D8 FA                  531 	.db #0xfa	; 250
   01D9 C0                  532 	.db #0xc0	; 192
   01DA 00                  533 	.db #0x00	; 0
   01DB 10                  534 	.db #0x10	; 16
   01DC BC                  535 	.db #0xbc	; 188
   01DD C0                  536 	.db #0xc0	; 192
   01DE F0                  537 	.db #0xf0	; 240
   01DF 80                  538 	.db #0x80	; 128
                            539 	.area _INITIALIZER
                            540 	.area _CABS (ABS)
