                              1 ;--------------------------------------------------------
                              2 ; File Created by SDCC : free open source ANSI-C Compiler
                              3 ; Version 3.6.8 #9946 (Linux)
                              4 ;--------------------------------------------------------
                              5 	.module sentinel
                              6 	.optsdcc -mz80
                              7 	
                              8 ;--------------------------------------------------------
                              9 ; Public variables in this module
                             10 ;--------------------------------------------------------
                             11 	.globl _g_sentinel_7
                             12 	.globl _g_sentinel_6
                             13 	.globl _g_sentinel_5
                             14 	.globl _g_sentinel_4
                             15 	.globl _g_sentinel_3
                             16 	.globl _g_sentinel_2
                             17 	.globl _g_sentinel_1
                             18 	.globl _g_sentinel_0
                             19 ;--------------------------------------------------------
                             20 ; special function registers
                             21 ;--------------------------------------------------------
                             22 ;--------------------------------------------------------
                             23 ; ram data
                             24 ;--------------------------------------------------------
                             25 	.area _DATA
                             26 ;--------------------------------------------------------
                             27 ; ram data
                             28 ;--------------------------------------------------------
                             29 	.area _INITIALIZED
                             30 ;--------------------------------------------------------
                             31 ; absolute external ram data
                             32 ;--------------------------------------------------------
                             33 	.area _DABS (ABS)
                             34 ;--------------------------------------------------------
                             35 ; global & static initialisations
                             36 ;--------------------------------------------------------
                             37 	.area _HOME
                             38 	.area _GSINIT
                             39 	.area _GSFINAL
                             40 	.area _GSINIT
                             41 ;--------------------------------------------------------
                             42 ; Home
                             43 ;--------------------------------------------------------
                             44 	.area _HOME
                             45 	.area _HOME
                             46 ;--------------------------------------------------------
                             47 ; code
                             48 ;--------------------------------------------------------
                             49 	.area _CODE
                             50 	.area _CODE
   0000                      51 _g_sentinel_0:
   0000 00                   52 	.db #0x00	; 0
   0001 C0                   53 	.db #0xc0	; 192
   0002 C0                   54 	.db #0xc0	; 192
   0003 C0                   55 	.db #0xc0	; 192
   0004 00                   56 	.db #0x00	; 0
   0005 40                   57 	.db #0x40	; 64
   0006 CC                   58 	.db #0xcc	; 204
   0007 6E                   59 	.db #0x6e	; 110	'n'
   0008 6A                   60 	.db #0x6a	; 106	'j'
   0009 80                   61 	.db #0x80	; 128
   000A C4                   62 	.db #0xc4	; 196
   000B 9D                   63 	.db #0x9d	; 157
   000C 0C                   64 	.db #0x0c	; 12
   000D 0C                   65 	.db #0x0c	; 12
   000E C0                   66 	.db #0xc0	; 192
   000F C4                   67 	.db #0xc4	; 196
   0010 2E                   68 	.db #0x2e	; 46
   0011 0C                   69 	.db #0x0c	; 12
   0012 0C                   70 	.db #0x0c	; 12
   0013 C0                   71 	.db #0xc0	; 192
   0014 95                   72 	.db #0x95	; 149
   0015 0C                   73 	.db #0x0c	; 12
   0016 0C                   74 	.db #0x0c	; 12
   0017 0C                   75 	.db #0x0c	; 12
   0018 C0                   76 	.db #0xc0	; 192
   0019 C0                   77 	.db #0xc0	; 192
   001A C0                   78 	.db #0xc0	; 192
   001B C0                   79 	.db #0xc0	; 192
   001C C0                   80 	.db #0xc0	; 192
   001D C0                   81 	.db #0xc0	; 192
   001E 40                   82 	.db #0x40	; 64
   001F 83                   83 	.db #0x83	; 131
   0020 03                   84 	.db #0x03	; 3
   0021 42                   85 	.db #0x42	; 66	'B'
   0022 80                   86 	.db #0x80	; 128
   0023 40                   87 	.db #0x40	; 64
   0024 C1                   88 	.db #0xc1	; 193
   0025 42                   89 	.db #0x42	; 66	'B'
   0026 C0                   90 	.db #0xc0	; 192
   0027 80                   91 	.db #0x80	; 128
   0028 C0                   92 	.db #0xc0	; 192
   0029 48                   93 	.db #0x48	; 72	'H'
   002A C0                   94 	.db #0xc0	; 192
   002B 84                   95 	.db #0x84	; 132
   002C 48                   96 	.db #0x48	; 72	'H'
   002D C0                   97 	.db #0xc0	; 192
   002E 0C                   98 	.db #0x0c	; 12
   002F C0                   99 	.db #0xc0	; 192
   0030 48                  100 	.db #0x48	; 72	'H'
   0031 48                  101 	.db #0x48	; 72	'H'
   0032 40                  102 	.db #0x40	; 64
   0033 84                  103 	.db #0x84	; 132
   0034 2E                  104 	.db #0x2e	; 46
   0035 0C                  105 	.db #0x0c	; 12
   0036 C0                  106 	.db #0xc0	; 192
   0037 00                  107 	.db #0x00	; 0
   0038 C0                  108 	.db #0xc0	; 192
   0039 C4                  109 	.db #0xc4	; 196
   003A 4A                  110 	.db #0x4a	; 74	'J'
   003B 00                  111 	.db #0x00	; 0
   003C                     112 _g_sentinel_1:
   003C 00                  113 	.db #0x00	; 0
   003D C0                  114 	.db #0xc0	; 192
   003E C0                  115 	.db #0xc0	; 192
   003F C0                  116 	.db #0xc0	; 192
   0040 00                  117 	.db #0x00	; 0
   0041 40                  118 	.db #0x40	; 64
   0042 CC                  119 	.db #0xcc	; 204
   0043 6E                  120 	.db #0x6e	; 110	'n'
   0044 6A                  121 	.db #0x6a	; 106	'j'
   0045 80                  122 	.db #0x80	; 128
   0046 C4                  123 	.db #0xc4	; 196
   0047 9D                  124 	.db #0x9d	; 157
   0048 0C                  125 	.db #0x0c	; 12
   0049 0C                  126 	.db #0x0c	; 12
   004A C0                  127 	.db #0xc0	; 192
   004B C4                  128 	.db #0xc4	; 196
   004C 2E                  129 	.db #0x2e	; 46
   004D 0C                  130 	.db #0x0c	; 12
   004E 0C                  131 	.db #0x0c	; 12
   004F C0                  132 	.db #0xc0	; 192
   0050 95                  133 	.db #0x95	; 149
   0051 0C                  134 	.db #0x0c	; 12
   0052 0C                  135 	.db #0x0c	; 12
   0053 0C                  136 	.db #0x0c	; 12
   0054 C0                  137 	.db #0xc0	; 192
   0055 C0                  138 	.db #0xc0	; 192
   0056 C0                  139 	.db #0xc0	; 192
   0057 C0                  140 	.db #0xc0	; 192
   0058 C0                  141 	.db #0xc0	; 192
   0059 C0                  142 	.db #0xc0	; 192
   005A 40                  143 	.db #0x40	; 64
   005B 83                  144 	.db #0x83	; 131
   005C 03                  145 	.db #0x03	; 3
   005D 42                  146 	.db #0x42	; 66	'B'
   005E 80                  147 	.db #0x80	; 128
   005F 40                  148 	.db #0x40	; 64
   0060 C0                  149 	.db #0xc0	; 192
   0061 42                  150 	.db #0x42	; 66	'B'
   0062 C0                  151 	.db #0xc0	; 192
   0063 80                  152 	.db #0x80	; 128
   0064 84                  153 	.db #0x84	; 132
   0065 48                  154 	.db #0x48	; 72	'H'
   0066 C0                  155 	.db #0xc0	; 192
   0067 84                  156 	.db #0x84	; 132
   0068 C0                  157 	.db #0xc0	; 192
   0069 84                  158 	.db #0x84	; 132
   006A 84                  159 	.db #0x84	; 132
   006B 0C                  160 	.db #0x0c	; 12
   006C 0C                  161 	.db #0x0c	; 12
   006D C0                  162 	.db #0xc0	; 192
   006E C0                  163 	.db #0xc0	; 192
   006F 0C                  164 	.db #0x0c	; 12
   0070 48                  165 	.db #0x48	; 72	'H'
   0071 48                  166 	.db #0x48	; 72	'H'
   0072 80                  167 	.db #0x80	; 128
   0073 00                  168 	.db #0x00	; 0
   0074 C4                  169 	.db #0xc4	; 196
   0075 4A                  170 	.db #0x4a	; 74	'J'
   0076 C0                  171 	.db #0xc0	; 192
   0077 00                  172 	.db #0x00	; 0
   0078                     173 _g_sentinel_2:
   0078 00                  174 	.db #0x00	; 0
   0079 C0                  175 	.db #0xc0	; 192
   007A C0                  176 	.db #0xc0	; 192
   007B C0                  177 	.db #0xc0	; 192
   007C 00                  178 	.db #0x00	; 0
   007D 40                  179 	.db #0x40	; 64
   007E CC                  180 	.db #0xcc	; 204
   007F 6E                  181 	.db #0x6e	; 110	'n'
   0080 6A                  182 	.db #0x6a	; 106	'j'
   0081 80                  183 	.db #0x80	; 128
   0082 C4                  184 	.db #0xc4	; 196
   0083 9D                  185 	.db #0x9d	; 157
   0084 0C                  186 	.db #0x0c	; 12
   0085 0C                  187 	.db #0x0c	; 12
   0086 C0                  188 	.db #0xc0	; 192
   0087 C4                  189 	.db #0xc4	; 196
   0088 2E                  190 	.db #0x2e	; 46
   0089 0C                  191 	.db #0x0c	; 12
   008A 0C                  192 	.db #0x0c	; 12
   008B C0                  193 	.db #0xc0	; 192
   008C C0                  194 	.db #0xc0	; 192
   008D C0                  195 	.db #0xc0	; 192
   008E C0                  196 	.db #0xc0	; 192
   008F C0                  197 	.db #0xc0	; 192
   0090 C0                  198 	.db #0xc0	; 192
   0091 C0                  199 	.db #0xc0	; 192
   0092 C8                  200 	.db #0xc8	; 200
   0093 CA                  201 	.db #0xca	; 202
   0094 C8                  202 	.db #0xc8	; 200
   0095 C0                  203 	.db #0xc0	; 192
   0096 40                  204 	.db #0x40	; 64
   0097 C7                  205 	.db #0xc7	; 199
   0098 C5                  206 	.db #0xc5	; 197
   0099 C2                  207 	.db #0xc2	; 194
   009A 80                  208 	.db #0x80	; 128
   009B C4                  209 	.db #0xc4	; 196
   009C C1                  210 	.db #0xc1	; 193
   009D C2                  211 	.db #0xc2	; 194
   009E C0                  212 	.db #0xc0	; 192
   009F C0                  213 	.db #0xc0	; 192
   00A0 95                  214 	.db #0x95	; 149
   00A1 C0                  215 	.db #0xc0	; 192
   00A2 C0                  216 	.db #0xc0	; 192
   00A3 DD                  217 	.db #0xdd	; 221
   00A4 EA                  218 	.db #0xea	; 234
   00A5 C5                  219 	.db #0xc5	; 197
   00A6 CA                  220 	.db #0xca	; 202
   00A7 48                  221 	.db #0x48	; 72	'H'
   00A8 FF                  222 	.db #0xff	; 255
   00A9 6A                  223 	.db #0x6a	; 106	'j'
   00AA 40                  224 	.db #0x40	; 64
   00AB C0                  225 	.db #0xc0	; 192
   00AC 48                  226 	.db #0x48	; 72	'H'
   00AD BF                  227 	.db #0xbf	; 191
   00AE 6A                  228 	.db #0x6a	; 106	'j'
   00AF 00                  229 	.db #0x00	; 0
   00B0 84                  230 	.db #0x84	; 132
   00B1 C4                  231 	.db #0xc4	; 196
   00B2 C0                  232 	.db #0xc0	; 192
   00B3 80                  233 	.db #0x80	; 128
   00B4                     234 _g_sentinel_3:
   00B4 00                  235 	.db #0x00	; 0
   00B5 C0                  236 	.db #0xc0	; 192
   00B6 C0                  237 	.db #0xc0	; 192
   00B7 C0                  238 	.db #0xc0	; 192
   00B8 00                  239 	.db #0x00	; 0
   00B9 40                  240 	.db #0x40	; 64
   00BA CC                  241 	.db #0xcc	; 204
   00BB 6E                  242 	.db #0x6e	; 110	'n'
   00BC 6A                  243 	.db #0x6a	; 106	'j'
   00BD 80                  244 	.db #0x80	; 128
   00BE C4                  245 	.db #0xc4	; 196
   00BF 9D                  246 	.db #0x9d	; 157
   00C0 0C                  247 	.db #0x0c	; 12
   00C1 0C                  248 	.db #0x0c	; 12
   00C2 C0                  249 	.db #0xc0	; 192
   00C3 C4                  250 	.db #0xc4	; 196
   00C4 2E                  251 	.db #0x2e	; 46
   00C5 0C                  252 	.db #0x0c	; 12
   00C6 0C                  253 	.db #0x0c	; 12
   00C7 C0                  254 	.db #0xc0	; 192
   00C8 C0                  255 	.db #0xc0	; 192
   00C9 C0                  256 	.db #0xc0	; 192
   00CA C0                  257 	.db #0xc0	; 192
   00CB C0                  258 	.db #0xc0	; 192
   00CC C0                  259 	.db #0xc0	; 192
   00CD C0                  260 	.db #0xc0	; 192
   00CE C8                  261 	.db #0xc8	; 200
   00CF CA                  262 	.db #0xca	; 202
   00D0 C8                  263 	.db #0xc8	; 200
   00D1 C0                  264 	.db #0xc0	; 192
   00D2 40                  265 	.db #0x40	; 64
   00D3 C7                  266 	.db #0xc7	; 199
   00D4 C5                  267 	.db #0xc5	; 197
   00D5 C2                  268 	.db #0xc2	; 194
   00D6 80                  269 	.db #0x80	; 128
   00D7 04                  270 	.db #0x04	; 4
   00D8 C1                  271 	.db #0xc1	; 193
   00D9 42                  272 	.db #0x42	; 66	'B'
   00DA C0                  273 	.db #0xc0	; 192
   00DB 80                  274 	.db #0x80	; 128
   00DC 84                  275 	.db #0x84	; 132
   00DD C0                  276 	.db #0xc0	; 192
   00DE C4                  277 	.db #0xc4	; 196
   00DF FF                  278 	.db #0xff	; 255
   00E0 80                  279 	.db #0x80	; 128
   00E1 C0                  280 	.db #0xc0	; 192
   00E2 84                  281 	.db #0x84	; 132
   00E3 D5                  282 	.db #0xd5	; 213
   00E4 BF                  283 	.db #0xbf	; 191
   00E5 80                  284 	.db #0x80	; 128
   00E6 00                  285 	.db #0x00	; 0
   00E7 84                  286 	.db #0x84	; 132
   00E8 D5                  287 	.db #0xd5	; 213
   00E9 3F                  288 	.db #0x3f	; 63
   00EA 80                  289 	.db #0x80	; 128
   00EB 40                  290 	.db #0x40	; 64
   00EC 9D                  291 	.db #0x9d	; 157
   00ED C0                  292 	.db #0xc0	; 192
   00EE C0                  293 	.db #0xc0	; 192
   00EF 00                  294 	.db #0x00	; 0
   00F0                     295 _g_sentinel_4:
   00F0 00                  296 	.db #0x00	; 0
   00F1 C0                  297 	.db #0xc0	; 192
   00F2 C0                  298 	.db #0xc0	; 192
   00F3 C0                  299 	.db #0xc0	; 192
   00F4 00                  300 	.db #0x00	; 0
   00F5 40                  301 	.db #0x40	; 64
   00F6 CC                  302 	.db #0xcc	; 204
   00F7 9D                  303 	.db #0x9d	; 157
   00F8 9D                  304 	.db #0x9d	; 157
   00F9 80                  305 	.db #0x80	; 128
   00FA C4                  306 	.db #0xc4	; 196
   00FB 9D                  307 	.db #0x9d	; 157
   00FC 0C                  308 	.db #0x0c	; 12
   00FD 0C                  309 	.db #0x0c	; 12
   00FE 48                  310 	.db #0x48	; 72	'H'
   00FF C4                  311 	.db #0xc4	; 196
   0100 2E                  312 	.db #0x2e	; 46
   0101 0C                  313 	.db #0x0c	; 12
   0102 0C                  314 	.db #0x0c	; 12
   0103 48                  315 	.db #0x48	; 72	'H'
   0104 C0                  316 	.db #0xc0	; 192
   0105 C0                  317 	.db #0xc0	; 192
   0106 C0                  318 	.db #0xc0	; 192
   0107 C0                  319 	.db #0xc0	; 192
   0108 C0                  320 	.db #0xc0	; 192
   0109 40                  321 	.db #0x40	; 64
   010A CD                  322 	.db #0xcd	; 205
   010B 83                  323 	.db #0x83	; 131
   010C 42                  324 	.db #0x42	; 66	'B'
   010D 80                  325 	.db #0x80	; 128
   010E C5                  326 	.db #0xc5	; 197
   010F CB                  327 	.db #0xcb	; 203
   0110 C0                  328 	.db #0xc0	; 192
   0111 48                  329 	.db #0x48	; 72	'H'
   0112 80                  330 	.db #0x80	; 128
   0113 40                  331 	.db #0x40	; 64
   0114 C2                  332 	.db #0xc2	; 194
   0115 48                  333 	.db #0x48	; 72	'H'
   0116 84                  334 	.db #0x84	; 132
   0117 C0                  335 	.db #0xc0	; 192
   0118 40                  336 	.db #0x40	; 64
   0119 84                  337 	.db #0x84	; 132
   011A C4                  338 	.db #0xc4	; 196
   011B C0                  339 	.db #0xc0	; 192
   011C 48                  340 	.db #0x48	; 72	'H'
   011D 40                  341 	.db #0x40	; 64
   011E CA                  342 	.db #0xca	; 202
   011F D5                  343 	.db #0xd5	; 213
   0120 C5                  344 	.db #0xc5	; 197
   0121 C0                  345 	.db #0xc0	; 192
   0122 40                  346 	.db #0x40	; 64
   0123 C0                  347 	.db #0xc0	; 192
   0124 D5                  348 	.db #0xd5	; 213
   0125 C0                  349 	.db #0xc0	; 192
   0126 80                  350 	.db #0x80	; 128
   0127 40                  351 	.db #0x40	; 64
   0128 8C                  352 	.db #0x8c	; 140
   0129 95                  353 	.db #0x95	; 149
   012A C0                  354 	.db #0xc0	; 192
   012B 00                  355 	.db #0x00	; 0
   012C                     356 _g_sentinel_5:
   012C 00                  357 	.db #0x00	; 0
   012D 00                  358 	.db #0x00	; 0
   012E 00                  359 	.db #0x00	; 0
   012F 00                  360 	.db #0x00	; 0
   0130 00                  361 	.db #0x00	; 0
   0131 00                  362 	.db #0x00	; 0
   0132 C0                  363 	.db #0xc0	; 192
   0133 C0                  364 	.db #0xc0	; 192
   0134 C0                  365 	.db #0xc0	; 192
   0135 00                  366 	.db #0x00	; 0
   0136 40                  367 	.db #0x40	; 64
   0137 CC                  368 	.db #0xcc	; 204
   0138 9D                  369 	.db #0x9d	; 157
   0139 9D                  370 	.db #0x9d	; 157
   013A 80                  371 	.db #0x80	; 128
   013B C4                  372 	.db #0xc4	; 196
   013C 9D                  373 	.db #0x9d	; 157
   013D 0C                  374 	.db #0x0c	; 12
   013E 0C                  375 	.db #0x0c	; 12
   013F 48                  376 	.db #0x48	; 72	'H'
   0140 C4                  377 	.db #0xc4	; 196
   0141 2E                  378 	.db #0x2e	; 46
   0142 0C                  379 	.db #0x0c	; 12
   0143 0C                  380 	.db #0x0c	; 12
   0144 48                  381 	.db #0x48	; 72	'H'
   0145 C0                  382 	.db #0xc0	; 192
   0146 C0                  383 	.db #0xc0	; 192
   0147 C0                  384 	.db #0xc0	; 192
   0148 C0                  385 	.db #0xc0	; 192
   0149 C0                  386 	.db #0xc0	; 192
   014A 40                  387 	.db #0x40	; 64
   014B CD                  388 	.db #0xcd	; 205
   014C 83                  389 	.db #0x83	; 131
   014D 42                  390 	.db #0x42	; 66	'B'
   014E 80                  391 	.db #0x80	; 128
   014F C5                  392 	.db #0xc5	; 197
   0150 CB                  393 	.db #0xcb	; 203
   0151 84                  394 	.db #0x84	; 132
   0152 84                  395 	.db #0x84	; 132
   0153 80                  396 	.db #0x80	; 128
   0154 40                  397 	.db #0x40	; 64
   0155 C2                  398 	.db #0xc2	; 194
   0156 C8                  399 	.db #0xc8	; 200
   0157 84                  400 	.db #0x84	; 132
   0158 C0                  401 	.db #0xc0	; 192
   0159 40                  402 	.db #0x40	; 64
   015A C0                  403 	.db #0xc0	; 192
   015B EA                  404 	.db #0xea	; 234
   015C CA                  405 	.db #0xca	; 202
   015D C0                  406 	.db #0xc0	; 192
   015E 00                  407 	.db #0x00	; 0
   015F C0                  408 	.db #0xc0	; 192
   0160 EA                  409 	.db #0xea	; 234
   0161 C0                  410 	.db #0xc0	; 192
   0162 80                  411 	.db #0x80	; 128
   0163 40                  412 	.db #0x40	; 64
   0164 48                  413 	.db #0x48	; 72	'H'
   0165 6A                  414 	.db #0x6a	; 106	'j'
   0166 4C                  415 	.db #0x4c	; 76	'L'
   0167 80                  416 	.db #0x80	; 128
   0168                     417 _g_sentinel_6:
   0168 00                  418 	.db #0x00	; 0
   0169 C0                  419 	.db #0xc0	; 192
   016A C0                  420 	.db #0xc0	; 192
   016B C0                  421 	.db #0xc0	; 192
   016C 00                  422 	.db #0x00	; 0
   016D 40                  423 	.db #0x40	; 64
   016E CC                  424 	.db #0xcc	; 204
   016F 9D                  425 	.db #0x9d	; 157
   0170 8C                  426 	.db #0x8c	; 140
   0171 80                  427 	.db #0x80	; 128
   0172 C4                  428 	.db #0xc4	; 196
   0173 9D                  429 	.db #0x9d	; 157
   0174 0C                  430 	.db #0x0c	; 12
   0175 0C                  431 	.db #0x0c	; 12
   0176 48                  432 	.db #0x48	; 72	'H'
   0177 C4                  433 	.db #0xc4	; 196
   0178 2E                  434 	.db #0x2e	; 46
   0179 0C                  435 	.db #0x0c	; 12
   017A 0C                  436 	.db #0x0c	; 12
   017B 48                  437 	.db #0x48	; 72	'H'
   017C C0                  438 	.db #0xc0	; 192
   017D C0                  439 	.db #0xc0	; 192
   017E C0                  440 	.db #0xc0	; 192
   017F C0                  441 	.db #0xc0	; 192
   0180 C0                  442 	.db #0xc0	; 192
   0181 40                  443 	.db #0x40	; 64
   0182 81                  444 	.db #0x81	; 129
   0183 43                  445 	.db #0x43	; 67	'C'
   0184 CE                  446 	.db #0xce	; 206
   0185 80                  447 	.db #0x80	; 128
   0186 00                  448 	.db #0x00	; 0
   0187 84                  449 	.db #0x84	; 132
   0188 C0                  450 	.db #0xc0	; 192
   0189 C7                  451 	.db #0xc7	; 199
   018A CA                  452 	.db #0xca	; 202
   018B 40                  453 	.db #0x40	; 64
   018C C8                  454 	.db #0xc8	; 200
   018D 0C                  455 	.db #0x0c	; 12
   018E C1                  456 	.db #0xc1	; 193
   018F 80                  457 	.db #0x80	; 128
   0190 84                  458 	.db #0x84	; 132
   0191 C0                  459 	.db #0xc0	; 192
   0192 0C                  460 	.db #0x0c	; 12
   0193 48                  461 	.db #0x48	; 72	'H'
   0194 80                  462 	.db #0x80	; 128
   0195 C0                  463 	.db #0xc0	; 192
   0196 CA                  464 	.db #0xca	; 202
   0197 C0                  465 	.db #0xc0	; 192
   0198 D5                  466 	.db #0xd5	; 213
   0199 80                  467 	.db #0x80	; 128
   019A 40                  468 	.db #0x40	; 64
   019B C0                  469 	.db #0xc0	; 192
   019C 0C                  470 	.db #0x0c	; 12
   019D C0                  471 	.db #0xc0	; 192
   019E 80                  472 	.db #0x80	; 128
   019F 00                  473 	.db #0x00	; 0
   01A0 84                  474 	.db #0x84	; 132
   01A1 C0                  475 	.db #0xc0	; 192
   01A2 4C                  476 	.db #0x4c	; 76	'L'
   01A3 80                  477 	.db #0x80	; 128
   01A4                     478 _g_sentinel_7:
   01A4 00                  479 	.db #0x00	; 0
   01A5 00                  480 	.db #0x00	; 0
   01A6 00                  481 	.db #0x00	; 0
   01A7 00                  482 	.db #0x00	; 0
   01A8 00                  483 	.db #0x00	; 0
   01A9 00                  484 	.db #0x00	; 0
   01AA C0                  485 	.db #0xc0	; 192
   01AB C0                  486 	.db #0xc0	; 192
   01AC C0                  487 	.db #0xc0	; 192
   01AD 00                  488 	.db #0x00	; 0
   01AE 40                  489 	.db #0x40	; 64
   01AF CC                  490 	.db #0xcc	; 204
   01B0 9D                  491 	.db #0x9d	; 157
   01B1 8C                  492 	.db #0x8c	; 140
   01B2 80                  493 	.db #0x80	; 128
   01B3 C4                  494 	.db #0xc4	; 196
   01B4 9D                  495 	.db #0x9d	; 157
   01B5 0C                  496 	.db #0x0c	; 12
   01B6 0C                  497 	.db #0x0c	; 12
   01B7 48                  498 	.db #0x48	; 72	'H'
   01B8 C4                  499 	.db #0xc4	; 196
   01B9 2E                  500 	.db #0x2e	; 46
   01BA 0C                  501 	.db #0x0c	; 12
   01BB 0C                  502 	.db #0x0c	; 12
   01BC 48                  503 	.db #0x48	; 72	'H'
   01BD C0                  504 	.db #0xc0	; 192
   01BE C0                  505 	.db #0xc0	; 192
   01BF C0                  506 	.db #0xc0	; 192
   01C0 C0                  507 	.db #0xc0	; 192
   01C1 C0                  508 	.db #0xc0	; 192
   01C2 40                  509 	.db #0x40	; 64
   01C3 81                  510 	.db #0x81	; 129
   01C4 43                  511 	.db #0x43	; 67	'C'
   01C5 CE                  512 	.db #0xce	; 206
   01C6 80                  513 	.db #0x80	; 128
   01C7 40                  514 	.db #0x40	; 64
   01C8 48                  515 	.db #0x48	; 72	'H'
   01C9 48                  516 	.db #0x48	; 72	'H'
   01CA C7                  517 	.db #0xc7	; 199
   01CB CA                  518 	.db #0xca	; 202
   01CC 40                  519 	.db #0x40	; 64
   01CD 48                  520 	.db #0x48	; 72	'H'
   01CE 84                  521 	.db #0x84	; 132
   01CF C1                  522 	.db #0xc1	; 193
   01D0 80                  523 	.db #0x80	; 128
   01D1 00                  524 	.db #0x00	; 0
   01D2 84                  525 	.db #0x84	; 132
   01D3 CA                  526 	.db #0xca	; 202
   01D4 48                  527 	.db #0x48	; 72	'H'
   01D5 80                  528 	.db #0x80	; 128
   01D6 40                  529 	.db #0x40	; 64
   01D7 C0                  530 	.db #0xc0	; 192
   01D8 C0                  531 	.db #0xc0	; 192
   01D9 C0                  532 	.db #0xc0	; 192
   01DA 00                  533 	.db #0x00	; 0
   01DB 40                  534 	.db #0x40	; 64
   01DC 8C                  535 	.db #0x8c	; 140
   01DD C0                  536 	.db #0xc0	; 192
   01DE 48                  537 	.db #0x48	; 72	'H'
   01DF 00                  538 	.db #0x00	; 0
                            539 	.area _INITIALIZER
                            540 	.area _CABS (ABS)
