                              1 ;--------------------------------------------------------
                              2 ; File Created by SDCC : free open source ANSI-C Compiler
                              3 ; Version 3.6.8 #9946 (Linux)
                              4 ;--------------------------------------------------------
                              5 	.module sorcerer1
                              6 	.optsdcc -mz80
                              7 	
                              8 ;--------------------------------------------------------
                              9 ; Public variables in this module
                             10 ;--------------------------------------------------------
                             11 	.globl _g_sorcerer1_09
                             12 	.globl _g_sorcerer1_08
                             13 	.globl _g_sorcerer1_07
                             14 	.globl _g_sorcerer1_06
                             15 	.globl _g_sorcerer1_05
                             16 	.globl _g_sorcerer1_04
                             17 	.globl _g_sorcerer1_03
                             18 	.globl _g_sorcerer1_02
                             19 	.globl _g_sorcerer1_01
                             20 	.globl _g_sorcerer1_00
                             21 ;--------------------------------------------------------
                             22 ; special function registers
                             23 ;--------------------------------------------------------
                             24 ;--------------------------------------------------------
                             25 ; ram data
                             26 ;--------------------------------------------------------
                             27 	.area _DATA
                             28 ;--------------------------------------------------------
                             29 ; ram data
                             30 ;--------------------------------------------------------
                             31 	.area _INITIALIZED
                             32 ;--------------------------------------------------------
                             33 ; absolute external ram data
                             34 ;--------------------------------------------------------
                             35 	.area _DABS (ABS)
                             36 ;--------------------------------------------------------
                             37 ; global & static initialisations
                             38 ;--------------------------------------------------------
                             39 	.area _HOME
                             40 	.area _GSINIT
                             41 	.area _GSFINAL
                             42 	.area _GSINIT
                             43 ;--------------------------------------------------------
                             44 ; Home
                             45 ;--------------------------------------------------------
                             46 	.area _HOME
                             47 	.area _HOME
                             48 ;--------------------------------------------------------
                             49 ; code
                             50 ;--------------------------------------------------------
                             51 	.area _CODE
                             52 	.area _CODE
   0000                      53 _g_sorcerer1_00:
   0000 00                   54 	.db #0x00	; 0
   0001 40                   55 	.db #0x40	; 64
   0002 C0                   56 	.db #0xc0	; 192
   0003 80                   57 	.db #0x80	; 128
   0004 00                   58 	.db #0x00	; 0
   0005 00                   59 	.db #0x00	; 0
   0006 C4                   60 	.db #0xc4	; 196
   0007 CF                   61 	.db #0xcf	; 207
   0008 CA                   62 	.db #0xca	; 202
   0009 00                   63 	.db #0x00	; 0
   000A 40                   64 	.db #0x40	; 64
   000B 4D                   65 	.db #0x4d	; 77	'M'
   000C CF                   66 	.db #0xcf	; 207
   000D 8E                   67 	.db #0x8e	; 142
   000E 80                   68 	.db #0x80	; 128
   000F 40                   69 	.db #0x40	; 64
   0010 8C                   70 	.db #0x8c	; 140
   0011 8C                   71 	.db #0x8c	; 140
   0012 8C                   72 	.db #0x8c	; 140
   0013 80                   73 	.db #0x80	; 128
   0014 00                   74 	.db #0x00	; 0
   0015 84                   75 	.db #0x84	; 132
   0016 4C                   76 	.db #0x4c	; 76	'L'
   0017 48                   77 	.db #0x48	; 72	'H'
   0018 80                   78 	.db #0x80	; 128
   0019 40                   79 	.db #0x40	; 64
   001A C4                   80 	.db #0xc4	; 196
   001B 4C                   81 	.db #0x4c	; 76	'L'
   001C 48                   82 	.db #0x48	; 72	'H'
   001D 00                   83 	.db #0x00	; 0
   001E C1                   84 	.db #0xc1	; 193
   001F C0                   85 	.db #0xc0	; 192
   0020 8C                   86 	.db #0x8c	; 140
   0021 81                   87 	.db #0x81	; 129
   0022 80                   88 	.db #0x80	; 128
   0023 C1                   89 	.db #0xc1	; 193
   0024 42                   90 	.db #0x42	; 66	'B'
   0025 0C                   91 	.db #0x0c	; 12
   0026 81                   92 	.db #0x81	; 129
   0027 80                   93 	.db #0x80	; 128
   0028 C1                   94 	.db #0xc1	; 193
   0029 03                   95 	.db #0x03	; 3
   002A 84                   96 	.db #0x84	; 132
   002B 81                   97 	.db #0x81	; 129
   002C 80                   98 	.db #0x80	; 128
   002D C5                   99 	.db #0xc5	; 197
   002E 8B                  100 	.db #0x8b	; 139
   002F C2                  101 	.db #0xc2	; 194
   0030 42                  102 	.db #0x42	; 66	'B'
   0031 00                  103 	.db #0x00	; 0
   0032 40                  104 	.db #0x40	; 64
   0033 03                  105 	.db #0x03	; 3
   0034 C3                  106 	.db #0xc3	; 195
   0035 42                  107 	.db #0x42	; 66	'B'
   0036 00                  108 	.db #0x00	; 0
   0037 40                  109 	.db #0x40	; 64
   0038 81                  110 	.db #0x81	; 129
   0039 CF                  111 	.db #0xcf	; 207
   003A 80                  112 	.db #0x80	; 128
   003B 00                  113 	.db #0x00	; 0
   003C                     114 _g_sorcerer1_01:
   003C 00                  115 	.db #0x00	; 0
   003D 00                  116 	.db #0x00	; 0
   003E 00                  117 	.db #0x00	; 0
   003F 00                  118 	.db #0x00	; 0
   0040 00                  119 	.db #0x00	; 0
   0041 00                  120 	.db #0x00	; 0
   0042 40                  121 	.db #0x40	; 64
   0043 C0                  122 	.db #0xc0	; 192
   0044 80                  123 	.db #0x80	; 128
   0045 00                  124 	.db #0x00	; 0
   0046 00                  125 	.db #0x00	; 0
   0047 C4                  126 	.db #0xc4	; 196
   0048 CF                  127 	.db #0xcf	; 207
   0049 CA                  128 	.db #0xca	; 202
   004A 00                  129 	.db #0x00	; 0
   004B 40                  130 	.db #0x40	; 64
   004C 4D                  131 	.db #0x4d	; 77	'M'
   004D CF                  132 	.db #0xcf	; 207
   004E 8E                  133 	.db #0x8e	; 142
   004F 80                  134 	.db #0x80	; 128
   0050 40                  135 	.db #0x40	; 64
   0051 8C                  136 	.db #0x8c	; 140
   0052 8C                  137 	.db #0x8c	; 140
   0053 8C                  138 	.db #0x8c	; 140
   0054 80                  139 	.db #0x80	; 128
   0055 00                  140 	.db #0x00	; 0
   0056 84                  141 	.db #0x84	; 132
   0057 4C                  142 	.db #0x4c	; 76	'L'
   0058 48                  143 	.db #0x48	; 72	'H'
   0059 80                  144 	.db #0x80	; 128
   005A 40                  145 	.db #0x40	; 64
   005B C4                  146 	.db #0xc4	; 196
   005C 0C                  147 	.db #0x0c	; 12
   005D 48                  148 	.db #0x48	; 72	'H'
   005E 00                  149 	.db #0x00	; 0
   005F C1                  150 	.db #0xc1	; 193
   0060 42                  151 	.db #0x42	; 66	'B'
   0061 8C                  152 	.db #0x8c	; 140
   0062 81                  153 	.db #0x81	; 129
   0063 80                  154 	.db #0x80	; 128
   0064 C1                  155 	.db #0xc1	; 193
   0065 42                  156 	.db #0x42	; 66	'B'
   0066 48                  157 	.db #0x48	; 72	'H'
   0067 03                  158 	.db #0x03	; 3
   0068 80                  159 	.db #0x80	; 128
   0069 40                  160 	.db #0x40	; 64
   006A 42                  161 	.db #0x42	; 66	'B'
   006B 48                  162 	.db #0x48	; 72	'H'
   006C CF                  163 	.db #0xcf	; 207
   006D 80                  164 	.db #0x80	; 128
   006E 40                  165 	.db #0x40	; 64
   006F C3                  166 	.db #0xc3	; 195
   0070 81                  167 	.db #0x81	; 129
   0071 42                  168 	.db #0x42	; 66	'B'
   0072 00                  169 	.db #0x00	; 0
   0073 00                  170 	.db #0x00	; 0
   0074 C5                  171 	.db #0xc5	; 197
   0075 8B                  172 	.db #0x8b	; 139
   0076 C0                  173 	.db #0xc0	; 192
   0077 00                  174 	.db #0x00	; 0
   0078                     175 _g_sorcerer1_02:
   0078 00                  176 	.db #0x00	; 0
   0079 C0                  177 	.db #0xc0	; 192
   007A C0                  178 	.db #0xc0	; 192
   007B 80                  179 	.db #0x80	; 128
   007C 00                  180 	.db #0x00	; 0
   007D 40                  181 	.db #0x40	; 64
   007E CD                  182 	.db #0xcd	; 205
   007F CF                  183 	.db #0xcf	; 207
   0080 CA                  184 	.db #0xca	; 202
   0081 00                  185 	.db #0x00	; 0
   0082 84                  186 	.db #0x84	; 132
   0083 CF                  187 	.db #0xcf	; 207
   0084 CF                  188 	.db #0xcf	; 207
   0085 8E                  189 	.db #0x8e	; 142
   0086 80                  190 	.db #0x80	; 128
   0087 C4                  191 	.db #0xc4	; 196
   0088 0C                  192 	.db #0x0c	; 12
   0089 8E                  193 	.db #0x8e	; 142
   008A 4C                  194 	.db #0x4c	; 76	'L'
   008B 80                  195 	.db #0x80	; 128
   008C C5                  196 	.db #0xc5	; 197
   008D C8                  197 	.db #0xc8	; 200
   008E CA                  198 	.db #0xca	; 202
   008F CD                  199 	.db #0xcd	; 205
   0090 80                  200 	.db #0x80	; 128
   0091 84                  201 	.db #0x84	; 132
   0092 C8                  202 	.db #0xc8	; 200
   0093 CA                  203 	.db #0xca	; 202
   0094 C8                  204 	.db #0xc8	; 200
   0095 80                  205 	.db #0x80	; 128
   0096 40                  206 	.db #0x40	; 64
   0097 4D                  207 	.db #0x4d	; 77	'M'
   0098 47                  208 	.db #0x47	; 71	'G'
   0099 48                  209 	.db #0x48	; 72	'H'
   009A 00                  210 	.db #0x00	; 0
   009B C1                  211 	.db #0xc1	; 193
   009C C4                  212 	.db #0xc4	; 196
   009D 4C                  213 	.db #0x4c	; 76	'L'
   009E C1                  214 	.db #0xc1	; 193
   009F 80                  215 	.db #0x80	; 128
   00A0 C1                  216 	.db #0xc1	; 193
   00A1 06                  217 	.db #0x06	; 6
   00A2 8C                  218 	.db #0x8c	; 140
   00A3 C1                  219 	.db #0xc1	; 193
   00A4 80                  220 	.db #0x80	; 128
   00A5 C5                  221 	.db #0xc5	; 197
   00A6 CA                  222 	.db #0xca	; 202
   00A7 48                  223 	.db #0x48	; 72	'H'
   00A8 03                  224 	.db #0x03	; 3
   00A9 80                  225 	.db #0x80	; 128
   00AA 40                  226 	.db #0x40	; 64
   00AB 83                  227 	.db #0x83	; 131
   00AC C1                  228 	.db #0xc1	; 193
   00AD 42                  229 	.db #0x42	; 66	'B'
   00AE 00                  230 	.db #0x00	; 0
   00AF 00                  231 	.db #0x00	; 0
   00B0 C0                  232 	.db #0xc0	; 192
   00B1 47                  233 	.db #0x47	; 71	'G'
   00B2 CA                  234 	.db #0xca	; 202
   00B3 00                  235 	.db #0x00	; 0
   00B4                     236 _g_sorcerer1_03:
   00B4 00                  237 	.db #0x00	; 0
   00B5 00                  238 	.db #0x00	; 0
   00B6 00                  239 	.db #0x00	; 0
   00B7 00                  240 	.db #0x00	; 0
   00B8 00                  241 	.db #0x00	; 0
   00B9 00                  242 	.db #0x00	; 0
   00BA C0                  243 	.db #0xc0	; 192
   00BB C0                  244 	.db #0xc0	; 192
   00BC 80                  245 	.db #0x80	; 128
   00BD 00                  246 	.db #0x00	; 0
   00BE 40                  247 	.db #0x40	; 64
   00BF CD                  248 	.db #0xcd	; 205
   00C0 CF                  249 	.db #0xcf	; 207
   00C1 CA                  250 	.db #0xca	; 202
   00C2 00                  251 	.db #0x00	; 0
   00C3 84                  252 	.db #0x84	; 132
   00C4 CF                  253 	.db #0xcf	; 207
   00C5 CF                  254 	.db #0xcf	; 207
   00C6 8E                  255 	.db #0x8e	; 142
   00C7 80                  256 	.db #0x80	; 128
   00C8 C4                  257 	.db #0xc4	; 196
   00C9 0C                  258 	.db #0x0c	; 12
   00CA 8E                  259 	.db #0x8e	; 142
   00CB 4C                  260 	.db #0x4c	; 76	'L'
   00CC 80                  261 	.db #0x80	; 128
   00CD C5                  262 	.db #0xc5	; 197
   00CE C8                  263 	.db #0xc8	; 200
   00CF CA                  264 	.db #0xca	; 202
   00D0 CD                  265 	.db #0xcd	; 205
   00D1 80                  266 	.db #0x80	; 128
   00D2 84                  267 	.db #0x84	; 132
   00D3 C8                  268 	.db #0xc8	; 200
   00D4 CA                  269 	.db #0xca	; 202
   00D5 C8                  270 	.db #0xc8	; 200
   00D6 80                  271 	.db #0x80	; 128
   00D7 40                  272 	.db #0x40	; 64
   00D8 4D                  273 	.db #0x4d	; 77	'M'
   00D9 47                  274 	.db #0x47	; 71	'G'
   00DA 48                  275 	.db #0x48	; 72	'H'
   00DB 00                  276 	.db #0x00	; 0
   00DC C1                  277 	.db #0xc1	; 193
   00DD C4                  278 	.db #0xc4	; 196
   00DE 4C                  279 	.db #0x4c	; 76	'L'
   00DF C1                  280 	.db #0xc1	; 193
   00E0 80                  281 	.db #0x80	; 128
   00E1 C1                  282 	.db #0xc1	; 193
   00E2 06                  283 	.db #0x06	; 6
   00E3 8C                  284 	.db #0x8c	; 140
   00E4 CF                  285 	.db #0xcf	; 207
   00E5 80                  286 	.db #0x80	; 128
   00E6 40                  287 	.db #0x40	; 64
   00E7 C2                  288 	.db #0xc2	; 194
   00E8 48                  289 	.db #0x48	; 72	'H'
   00E9 42                  290 	.db #0x42	; 66	'B'
   00EA 00                  291 	.db #0x00	; 0
   00EB 40                  292 	.db #0x40	; 64
   00EC CF                  293 	.db #0xcf	; 207
   00ED C0                  294 	.db #0xc0	; 192
   00EE 80                  295 	.db #0x80	; 128
   00EF 00                  296 	.db #0x00	; 0
   00F0                     297 _g_sorcerer1_04:
   00F0 00                  298 	.db #0x00	; 0
   00F1 40                  299 	.db #0x40	; 64
   00F2 C0                  300 	.db #0xc0	; 192
   00F3 80                  301 	.db #0x80	; 128
   00F4 00                  302 	.db #0x00	; 0
   00F5 00                  303 	.db #0x00	; 0
   00F6 C5                  304 	.db #0xc5	; 197
   00F7 CD                  305 	.db #0xcd	; 205
   00F8 48                  306 	.db #0x48	; 72	'H'
   00F9 00                  307 	.db #0x00	; 0
   00FA 04                  308 	.db #0x04	; 4
   00FB 48                  309 	.db #0x48	; 72	'H'
   00FC CF                  310 	.db #0xcf	; 207
   00FD C4                  311 	.db #0xc4	; 196
   00FE 80                  312 	.db #0x80	; 128
   00FF 40                  313 	.db #0x40	; 64
   0100 8C                  314 	.db #0x8c	; 140
   0101 CF                  315 	.db #0xcf	; 207
   0102 84                  316 	.db #0x84	; 132
   0103 80                  317 	.db #0x80	; 128
   0104 40                  318 	.db #0x40	; 64
   0105 CD                  319 	.db #0xcd	; 205
   0106 CA                  320 	.db #0xca	; 202
   0107 4C                  321 	.db #0x4c	; 76	'L'
   0108 80                  322 	.db #0x80	; 128
   0109 C5                  323 	.db #0xc5	; 197
   010A CF                  324 	.db #0xcf	; 207
   010B 8C                  325 	.db #0x8c	; 140
   010C C0                  326 	.db #0xc0	; 192
   010D C8                  327 	.db #0xc8	; 200
   010E 40                  328 	.db #0x40	; 64
   010F CC                  329 	.db #0xcc	; 204
   0110 48                  330 	.db #0x48	; 72	'H'
   0111 42                  331 	.db #0x42	; 66	'B'
   0112 4C                  332 	.db #0x4c	; 76	'L'
   0113 84                  333 	.db #0x84	; 132
   0114 8C                  334 	.db #0x8c	; 140
   0115 81                  335 	.db #0x81	; 129
   0116 43                  336 	.db #0x43	; 67	'C'
   0117 84                  337 	.db #0x84	; 132
   0118 C4                  338 	.db #0xc4	; 196
   0119 CC                  339 	.db #0xcc	; 204
   011A 81                  340 	.db #0x81	; 129
   011B C0                  341 	.db #0xc0	; 192
   011C C2                  342 	.db #0xc2	; 194
   011D 84                  343 	.db #0x84	; 132
   011E C8                  344 	.db #0xc8	; 200
   011F C1                  345 	.db #0xc1	; 193
   0120 C5                  346 	.db #0xc5	; 197
   0121 CA                  347 	.db #0xca	; 202
   0122 C4                  348 	.db #0xc4	; 196
   0123 48                  349 	.db #0x48	; 72	'H'
   0124 43                  350 	.db #0x43	; 67	'C'
   0125 42                  351 	.db #0x42	; 66	'B'
   0126 80                  352 	.db #0x80	; 128
   0127 40                  353 	.db #0x40	; 64
   0128 81                  354 	.db #0x81	; 129
   0129 83                  355 	.db #0x83	; 131
   012A 03                  356 	.db #0x03	; 3
   012B 42                  357 	.db #0x42	; 66	'B'
   012C                     358 _g_sorcerer1_05:
   012C 00                  359 	.db #0x00	; 0
   012D 00                  360 	.db #0x00	; 0
   012E 00                  361 	.db #0x00	; 0
   012F 00                  362 	.db #0x00	; 0
   0130 00                  363 	.db #0x00	; 0
   0131 00                  364 	.db #0x00	; 0
   0132 40                  365 	.db #0x40	; 64
   0133 C0                  366 	.db #0xc0	; 192
   0134 80                  367 	.db #0x80	; 128
   0135 00                  368 	.db #0x00	; 0
   0136 00                  369 	.db #0x00	; 0
   0137 C5                  370 	.db #0xc5	; 197
   0138 CD                  371 	.db #0xcd	; 205
   0139 48                  372 	.db #0x48	; 72	'H'
   013A 00                  373 	.db #0x00	; 0
   013B 04                  374 	.db #0x04	; 4
   013C 48                  375 	.db #0x48	; 72	'H'
   013D CF                  376 	.db #0xcf	; 207
   013E C4                  377 	.db #0xc4	; 196
   013F 80                  378 	.db #0x80	; 128
   0140 40                  379 	.db #0x40	; 64
   0141 8C                  380 	.db #0x8c	; 140
   0142 CF                  381 	.db #0xcf	; 207
   0143 84                  382 	.db #0x84	; 132
   0144 80                  383 	.db #0x80	; 128
   0145 40                  384 	.db #0x40	; 64
   0146 CD                  385 	.db #0xcd	; 205
   0147 CA                  386 	.db #0xca	; 202
   0148 4C                  387 	.db #0x4c	; 76	'L'
   0149 80                  388 	.db #0x80	; 128
   014A C5                  389 	.db #0xc5	; 197
   014B CF                  390 	.db #0xcf	; 207
   014C 8C                  391 	.db #0x8c	; 140
   014D C0                  392 	.db #0xc0	; 192
   014E C8                  393 	.db #0xc8	; 200
   014F 40                  394 	.db #0x40	; 64
   0150 CC                  395 	.db #0xcc	; 204
   0151 48                  396 	.db #0x48	; 72	'H'
   0152 42                  397 	.db #0x42	; 66	'B'
   0153 4C                  398 	.db #0x4c	; 76	'L'
   0154 84                  399 	.db #0x84	; 132
   0155 8C                  400 	.db #0x8c	; 140
   0156 81                  401 	.db #0x81	; 129
   0157 43                  402 	.db #0x43	; 67	'C'
   0158 84                  403 	.db #0x84	; 132
   0159 84                  404 	.db #0x84	; 132
   015A C8                  405 	.db #0xc8	; 200
   015B C5                  406 	.db #0xc5	; 197
   015C CA                  407 	.db #0xca	; 202
   015D C0                  408 	.db #0xc0	; 192
   015E C4                  409 	.db #0xc4	; 196
   015F 48                  410 	.db #0x48	; 72	'H'
   0160 C2                  411 	.db #0xc2	; 194
   0161 81                  412 	.db #0x81	; 129
   0162 42                  413 	.db #0x42	; 66	'B'
   0163 C4                  414 	.db #0xc4	; 196
   0164 81                  415 	.db #0x81	; 129
   0165 CB                  416 	.db #0xcb	; 203
   0166 03                  417 	.db #0x03	; 3
   0167 83                  418 	.db #0x83	; 131
   0168                     419 _g_sorcerer1_06:
   0168 00                  420 	.db #0x00	; 0
   0169 40                  421 	.db #0x40	; 64
   016A C0                  422 	.db #0xc0	; 192
   016B 80                  423 	.db #0x80	; 128
   016C 00                  424 	.db #0x00	; 0
   016D 00                  425 	.db #0x00	; 0
   016E 84                  426 	.db #0x84	; 132
   016F CD                  427 	.db #0xcd	; 205
   0170 CA                  428 	.db #0xca	; 202
   0171 00                  429 	.db #0x00	; 0
   0172 40                  430 	.db #0x40	; 64
   0173 C8                  431 	.db #0xc8	; 200
   0174 CF                  432 	.db #0xcf	; 207
   0175 84                  433 	.db #0x84	; 132
   0176 08                  434 	.db #0x08	; 8
   0177 40                  435 	.db #0x40	; 64
   0178 48                  436 	.db #0x48	; 72	'H'
   0179 CF                  437 	.db #0xcf	; 207
   017A 4C                  438 	.db #0x4c	; 76	'L'
   017B 80                  439 	.db #0x80	; 128
   017C 40                  440 	.db #0x40	; 64
   017D 8C                  441 	.db #0x8c	; 140
   017E C5                  442 	.db #0xc5	; 197
   017F CE                  443 	.db #0xce	; 206
   0180 80                  444 	.db #0x80	; 128
   0181 C4                  445 	.db #0xc4	; 196
   0182 C0                  446 	.db #0xc0	; 192
   0183 4C                  447 	.db #0x4c	; 76	'L'
   0184 CF                  448 	.db #0xcf	; 207
   0185 CA                  449 	.db #0xca	; 202
   0186 8C                  450 	.db #0x8c	; 140
   0187 C1                  451 	.db #0xc1	; 193
   0188 84                  452 	.db #0x84	; 132
   0189 CC                  453 	.db #0xcc	; 204
   018A 80                  454 	.db #0x80	; 128
   018B 48                  455 	.db #0x48	; 72	'H'
   018C 83                  456 	.db #0x83	; 131
   018D 42                  457 	.db #0x42	; 66	'B'
   018E 4C                  458 	.db #0x4c	; 76	'L'
   018F 48                  459 	.db #0x48	; 72	'H'
   0190 C1                  460 	.db #0xc1	; 193
   0191 C0                  461 	.db #0xc0	; 192
   0192 42                  462 	.db #0x42	; 66	'B'
   0193 CC                  463 	.db #0xcc	; 204
   0194 C8                  464 	.db #0xc8	; 200
   0195 C5                  465 	.db #0xc5	; 197
   0196 CA                  466 	.db #0xca	; 202
   0197 C2                  467 	.db #0xc2	; 194
   0198 C4                  468 	.db #0xc4	; 196
   0199 48                  469 	.db #0x48	; 72	'H'
   019A 40                  470 	.db #0x40	; 64
   019B 81                  471 	.db #0x81	; 129
   019C 83                  472 	.db #0x83	; 131
   019D 84                  473 	.db #0x84	; 132
   019E C8                  474 	.db #0xc8	; 200
   019F 81                  475 	.db #0x81	; 129
   01A0 43                  476 	.db #0x43	; 67	'C'
   01A1 03                  477 	.db #0x03	; 3
   01A2 42                  478 	.db #0x42	; 66	'B'
   01A3 80                  479 	.db #0x80	; 128
   01A4                     480 _g_sorcerer1_07:
   01A4 00                  481 	.db #0x00	; 0
   01A5 00                  482 	.db #0x00	; 0
   01A6 00                  483 	.db #0x00	; 0
   01A7 00                  484 	.db #0x00	; 0
   01A8 00                  485 	.db #0x00	; 0
   01A9 00                  486 	.db #0x00	; 0
   01AA 40                  487 	.db #0x40	; 64
   01AB C0                  488 	.db #0xc0	; 192
   01AC 80                  489 	.db #0x80	; 128
   01AD 00                  490 	.db #0x00	; 0
   01AE 00                  491 	.db #0x00	; 0
   01AF 84                  492 	.db #0x84	; 132
   01B0 CD                  493 	.db #0xcd	; 205
   01B1 CA                  494 	.db #0xca	; 202
   01B2 00                  495 	.db #0x00	; 0
   01B3 40                  496 	.db #0x40	; 64
   01B4 C8                  497 	.db #0xc8	; 200
   01B5 CF                  498 	.db #0xcf	; 207
   01B6 84                  499 	.db #0x84	; 132
   01B7 08                  500 	.db #0x08	; 8
   01B8 40                  501 	.db #0x40	; 64
   01B9 48                  502 	.db #0x48	; 72	'H'
   01BA CF                  503 	.db #0xcf	; 207
   01BB 4C                  504 	.db #0x4c	; 76	'L'
   01BC 80                  505 	.db #0x80	; 128
   01BD 40                  506 	.db #0x40	; 64
   01BE 8C                  507 	.db #0x8c	; 140
   01BF C5                  508 	.db #0xc5	; 197
   01C0 CE                  509 	.db #0xce	; 206
   01C1 80                  510 	.db #0x80	; 128
   01C2 C4                  511 	.db #0xc4	; 196
   01C3 C0                  512 	.db #0xc0	; 192
   01C4 4C                  513 	.db #0x4c	; 76	'L'
   01C5 CF                  514 	.db #0xcf	; 207
   01C6 CA                  515 	.db #0xca	; 202
   01C7 8C                  516 	.db #0x8c	; 140
   01C8 C1                  517 	.db #0xc1	; 193
   01C9 84                  518 	.db #0x84	; 132
   01CA CC                  519 	.db #0xcc	; 204
   01CB 80                  520 	.db #0x80	; 128
   01CC 48                  521 	.db #0x48	; 72	'H'
   01CD 83                  522 	.db #0x83	; 131
   01CE 42                  523 	.db #0x42	; 66	'B'
   01CF 4C                  524 	.db #0x4c	; 76	'L'
   01D0 48                  525 	.db #0x48	; 72	'H'
   01D1 C0                  526 	.db #0xc0	; 192
   01D2 C5                  527 	.db #0xc5	; 197
   01D3 CA                  528 	.db #0xca	; 202
   01D4 C4                  529 	.db #0xc4	; 196
   01D5 48                  530 	.db #0x48	; 72	'H'
   01D6 81                  531 	.db #0x81	; 129
   01D7 42                  532 	.db #0x42	; 66	'B'
   01D8 C1                  533 	.db #0xc1	; 193
   01D9 84                  534 	.db #0x84	; 132
   01DA C8                  535 	.db #0xc8	; 200
   01DB 83                  536 	.db #0x83	; 131
   01DC 83                  537 	.db #0x83	; 131
   01DD C7                  538 	.db #0xc7	; 199
   01DE 42                  539 	.db #0x42	; 66	'B'
   01DF C8                  540 	.db #0xc8	; 200
   01E0                     541 _g_sorcerer1_08:
   01E0 00                  542 	.db #0x00	; 0
   01E1 40                  543 	.db #0x40	; 64
   01E2 C0                  544 	.db #0xc0	; 192
   01E3 80                  545 	.db #0x80	; 128
   01E4 00                  546 	.db #0x00	; 0
   01E5 00                  547 	.db #0x00	; 0
   01E6 84                  548 	.db #0x84	; 132
   01E7 CD                  549 	.db #0xcd	; 205
   01E8 CA                  550 	.db #0xca	; 202
   01E9 00                  551 	.db #0x00	; 0
   01EA 40                  552 	.db #0x40	; 64
   01EB C8                  553 	.db #0xc8	; 200
   01EC CF                  554 	.db #0xcf	; 207
   01ED 84                  555 	.db #0x84	; 132
   01EE 08                  556 	.db #0x08	; 8
   01EF 40                  557 	.db #0x40	; 64
   01F0 48                  558 	.db #0x48	; 72	'H'
   01F1 CF                  559 	.db #0xcf	; 207
   01F2 4C                  560 	.db #0x4c	; 76	'L'
   01F3 80                  561 	.db #0x80	; 128
   01F4 40                  562 	.db #0x40	; 64
   01F5 8C                  563 	.db #0x8c	; 140
   01F6 C5                  564 	.db #0xc5	; 197
   01F7 CE                  565 	.db #0xce	; 206
   01F8 80                  566 	.db #0x80	; 128
   01F9 C4                  567 	.db #0xc4	; 196
   01FA 84                  568 	.db #0x84	; 132
   01FB 4C                  569 	.db #0x4c	; 76	'L'
   01FC CF                  570 	.db #0xcf	; 207
   01FD CA                  571 	.db #0xca	; 202
   01FE 8C                  572 	.db #0x8c	; 140
   01FF C0                  573 	.db #0xc0	; 192
   0200 C0                  574 	.db #0xc0	; 192
   0201 C0                  575 	.db #0xc0	; 192
   0202 C0                  576 	.db #0xc0	; 192
   0203 48                  577 	.db #0x48	; 72	'H'
   0204 C3                  578 	.db #0xc3	; 195
   0205 03                  579 	.db #0x03	; 3
   0206 C3                  580 	.db #0xc3	; 195
   0207 C5                  581 	.db #0xc5	; 197
   0208 C0                  582 	.db #0xc0	; 192
   0209 C2                  583 	.db #0xc2	; 194
   020A 81                  584 	.db #0x81	; 129
   020B 03                  585 	.db #0x03	; 3
   020C C5                  586 	.db #0xc5	; 197
   020D 40                  587 	.db #0x40	; 64
   020E 83                  588 	.db #0x83	; 131
   020F 42                  589 	.db #0x42	; 66	'B'
   0210 81                  590 	.db #0x81	; 129
   0211 C0                  591 	.db #0xc0	; 192
   0212 40                  592 	.db #0x40	; 64
   0213 C3                  593 	.db #0xc3	; 195
   0214 03                  594 	.db #0x03	; 3
   0215 C0                  595 	.db #0xc0	; 192
   0216 00                  596 	.db #0x00	; 0
   0217 C1                  597 	.db #0xc1	; 193
   0218 C3                  598 	.db #0xc3	; 195
   0219 83                  599 	.db #0x83	; 131
   021A 42                  600 	.db #0x42	; 66	'B'
   021B 00                  601 	.db #0x00	; 0
   021C                     602 _g_sorcerer1_09:
   021C 00                  603 	.db #0x00	; 0
   021D C0                  604 	.db #0xc0	; 192
   021E C0                  605 	.db #0xc0	; 192
   021F 80                  606 	.db #0x80	; 128
   0220 00                  607 	.db #0x00	; 0
   0221 40                  608 	.db #0x40	; 64
   0222 CC                  609 	.db #0xcc	; 204
   0223 CC                  610 	.db #0xcc	; 204
   0224 48                  611 	.db #0x48	; 72	'H'
   0225 00                  612 	.db #0x00	; 0
   0226 C4                  613 	.db #0xc4	; 196
   0227 CC                  614 	.db #0xcc	; 204
   0228 CC                  615 	.db #0xcc	; 204
   0229 8C                  616 	.db #0x8c	; 140
   022A 80                  617 	.db #0x80	; 128
   022B C4                  618 	.db #0xc4	; 196
   022C C0                  619 	.db #0xc0	; 192
   022D C8                  620 	.db #0xc8	; 200
   022E 84                  621 	.db #0x84	; 132
   022F 80                  622 	.db #0x80	; 128
   0230 C4                  623 	.db #0xc4	; 196
   0231 C0                  624 	.db #0xc0	; 192
   0232 C8                  625 	.db #0xc8	; 200
   0233 84                  626 	.db #0x84	; 132
   0234 80                  627 	.db #0x80	; 128
   0235 C4                  628 	.db #0xc4	; 196
   0236 CC                  629 	.db #0xcc	; 204
   0237 84                  630 	.db #0x84	; 132
   0238 0C                  631 	.db #0x0c	; 12
   0239 80                  632 	.db #0x80	; 128
   023A 40                  633 	.db #0x40	; 64
   023B CC                  634 	.db #0xcc	; 204
   023C CC                  635 	.db #0xcc	; 204
   023D 48                  636 	.db #0x48	; 72	'H'
   023E 00                  637 	.db #0x00	; 0
   023F C1                  638 	.db #0xc1	; 193
   0240 C4                  639 	.db #0xc4	; 196
   0241 C4                  640 	.db #0xc4	; 196
   0242 81                  641 	.db #0x81	; 129
   0243 80                  642 	.db #0x80	; 128
   0244 C1                  643 	.db #0xc1	; 193
   0245 C0                  644 	.db #0xc0	; 192
   0246 C0                  645 	.db #0xc0	; 192
   0247 81                  646 	.db #0x81	; 129
   0248 80                  647 	.db #0x80	; 128
   0249 C4                  648 	.db #0xc4	; 196
   024A 48                  649 	.db #0x48	; 72	'H'
   024B 83                  650 	.db #0x83	; 131
   024C 8C                  651 	.db #0x8c	; 140
   024D 80                  652 	.db #0x80	; 128
   024E 40                  653 	.db #0x40	; 64
   024F 83                  654 	.db #0x83	; 131
   0250 C3                  655 	.db #0xc3	; 195
   0251 42                  656 	.db #0x42	; 66	'B'
   0252 00                  657 	.db #0x00	; 0
   0253 40                  658 	.db #0x40	; 64
   0254 8C                  659 	.db #0x8c	; 140
   0255 C4                  660 	.db #0xc4	; 196
   0256 48                  661 	.db #0x48	; 72	'H'
   0257 00                  662 	.db #0x00	; 0
                            663 	.area _INITIALIZER
                            664 	.area _CABS (ABS)
