                              1 ;--------------------------------------------------------
                              2 ; File Created by SDCC : free open source ANSI-C Compiler
                              3 ; Version 3.6.8 #9946 (Linux)
                              4 ;--------------------------------------------------------
                              5 	.module sorcerer2
                              6 	.optsdcc -mz80
                              7 	
                              8 ;--------------------------------------------------------
                              9 ; Public variables in this module
                             10 ;--------------------------------------------------------
                             11 	.globl _g_sorcerer2_09
                             12 	.globl _g_sorcerer2_08
                             13 	.globl _g_sorcerer2_07
                             14 	.globl _g_sorcerer2_06
                             15 	.globl _g_sorcerer2_05
                             16 	.globl _g_sorcerer2_04
                             17 	.globl _g_sorcerer2_03
                             18 	.globl _g_sorcerer2_02
                             19 	.globl _g_sorcerer2_01
                             20 	.globl _g_sorcerer2_00
                             21 ;--------------------------------------------------------
                             22 ; special function registers
                             23 ;--------------------------------------------------------
                             24 ;--------------------------------------------------------
                             25 ; ram data
                             26 ;--------------------------------------------------------
                             27 	.area _DATA
                             28 ;--------------------------------------------------------
                             29 ; ram data
                             30 ;--------------------------------------------------------
                             31 	.area _INITIALIZED
                             32 ;--------------------------------------------------------
                             33 ; absolute external ram data
                             34 ;--------------------------------------------------------
                             35 	.area _DABS (ABS)
                             36 ;--------------------------------------------------------
                             37 ; global & static initialisations
                             38 ;--------------------------------------------------------
                             39 	.area _HOME
                             40 	.area _GSINIT
                             41 	.area _GSFINAL
                             42 	.area _GSINIT
                             43 ;--------------------------------------------------------
                             44 ; Home
                             45 ;--------------------------------------------------------
                             46 	.area _HOME
                             47 	.area _HOME
                             48 ;--------------------------------------------------------
                             49 ; code
                             50 ;--------------------------------------------------------
                             51 	.area _CODE
                             52 	.area _CODE
   0000                      53 _g_sorcerer2_00:
   0000 00                   54 	.db #0x00	; 0
   0001 40                   55 	.db #0x40	; 64
   0002 C0                   56 	.db #0xc0	; 192
   0003 80                   57 	.db #0x80	; 128
   0004 00                   58 	.db #0x00	; 0
   0005 00                   59 	.db #0x00	; 0
   0006 C4                   60 	.db #0xc4	; 196
   0007 CF                   61 	.db #0xcf	; 207
   0008 CA                   62 	.db #0xca	; 202
   0009 00                   63 	.db #0x00	; 0
   000A 40                   64 	.db #0x40	; 64
   000B C7                   65 	.db #0xc7	; 199
   000C CF                   66 	.db #0xcf	; 207
   000D CB                   67 	.db #0xcb	; 203
   000E 80                   68 	.db #0x80	; 128
   000F 40                   69 	.db #0x40	; 64
   0010 4B                   70 	.db #0x4b	; 75	'K'
   0011 4B                   71 	.db #0x4b	; 75	'K'
   0012 4B                   72 	.db #0x4b	; 75	'K'
   0013 80                   73 	.db #0x80	; 128
   0014 00                   74 	.db #0x00	; 0
   0015 C1                   75 	.db #0xc1	; 193
   0016 87                   76 	.db #0x87	; 135
   0017 C2                   77 	.db #0xc2	; 194
   0018 80                   78 	.db #0x80	; 128
   0019 40                   79 	.db #0x40	; 64
   001A 85                   80 	.db #0x85	; 133
   001B 87                   81 	.db #0x87	; 135
   001C C2                   82 	.db #0xc2	; 194
   001D 00                   83 	.db #0x00	; 0
   001E 94                   84 	.db #0x94	; 148
   001F 60                   85 	.db #0x60	; 96
   0020 4B                   86 	.db #0x4b	; 75	'K'
   0021 D0                   87 	.db #0xd0	; 208
   0022 80                   88 	.db #0x80	; 128
   0023 94                   89 	.db #0x94	; 148
   0024 60                   90 	.db #0x60	; 96
   0025 C3                   91 	.db #0xc3	; 195
   0026 D0                   92 	.db #0xd0	; 208
   0027 80                   93 	.db #0x80	; 128
   0028 94                   94 	.db #0x94	; 148
   0029 B0                   95 	.db #0xb0	; 176
   002A C1                   96 	.db #0xc1	; 193
   002B 90                   97 	.db #0x90	; 144
   002C 80                   98 	.db #0x80	; 128
   002D C5                   99 	.db #0xc5	; 197
   002E 9A                  100 	.db #0x9a	; 154
   002F E0                  101 	.db #0xe0	; 224
   0030 E0                  102 	.db #0xe0	; 224
   0031 00                  103 	.db #0x00	; 0
   0032 40                  104 	.db #0x40	; 64
   0033 70                  105 	.db #0x70	; 112	'p'
   0034 3C                  106 	.db #0x3c	; 60
   0035 E0                  107 	.db #0xe0	; 224
   0036 00                  108 	.db #0x00	; 0
   0037 40                  109 	.db #0x40	; 64
   0038 D0                  110 	.db #0xd0	; 208
   0039 CF                  111 	.db #0xcf	; 207
   003A 80                  112 	.db #0x80	; 128
   003B 00                  113 	.db #0x00	; 0
   003C                     114 _g_sorcerer2_01:
   003C 00                  115 	.db #0x00	; 0
   003D 00                  116 	.db #0x00	; 0
   003E 00                  117 	.db #0x00	; 0
   003F 00                  118 	.db #0x00	; 0
   0040 00                  119 	.db #0x00	; 0
   0041 00                  120 	.db #0x00	; 0
   0042 40                  121 	.db #0x40	; 64
   0043 C0                  122 	.db #0xc0	; 192
   0044 80                  123 	.db #0x80	; 128
   0045 00                  124 	.db #0x00	; 0
   0046 00                  125 	.db #0x00	; 0
   0047 C4                  126 	.db #0xc4	; 196
   0048 CF                  127 	.db #0xcf	; 207
   0049 CA                  128 	.db #0xca	; 202
   004A 00                  129 	.db #0x00	; 0
   004B 40                  130 	.db #0x40	; 64
   004C C7                  131 	.db #0xc7	; 199
   004D CF                  132 	.db #0xcf	; 207
   004E CB                  133 	.db #0xcb	; 203
   004F 80                  134 	.db #0x80	; 128
   0050 40                  135 	.db #0x40	; 64
   0051 4B                  136 	.db #0x4b	; 75	'K'
   0052 4B                  137 	.db #0x4b	; 75	'K'
   0053 4B                  138 	.db #0x4b	; 75	'K'
   0054 80                  139 	.db #0x80	; 128
   0055 00                  140 	.db #0x00	; 0
   0056 C1                  141 	.db #0xc1	; 193
   0057 87                  142 	.db #0x87	; 135
   0058 C2                  143 	.db #0xc2	; 194
   0059 80                  144 	.db #0x80	; 128
   005A 40                  145 	.db #0x40	; 64
   005B 85                  146 	.db #0x85	; 133
   005C C3                  147 	.db #0xc3	; 195
   005D C2                  148 	.db #0xc2	; 194
   005E 00                  149 	.db #0x00	; 0
   005F 94                  150 	.db #0x94	; 148
   0060 E0                  151 	.db #0xe0	; 224
   0061 4B                  152 	.db #0x4b	; 75	'K'
   0062 D0                  153 	.db #0xd0	; 208
   0063 80                  154 	.db #0x80	; 128
   0064 94                  155 	.db #0x94	; 148
   0065 E0                  156 	.db #0xe0	; 224
   0066 C2                  157 	.db #0xc2	; 194
   0067 F0                  158 	.db #0xf0	; 240
   0068 80                  159 	.db #0x80	; 128
   0069 40                  160 	.db #0x40	; 64
   006A E0                  161 	.db #0xe0	; 224
   006B C2                  162 	.db #0xc2	; 194
   006C CF                  163 	.db #0xcf	; 207
   006D 80                  164 	.db #0x80	; 128
   006E 40                  165 	.db #0x40	; 64
   006F 3C                  166 	.db #0x3c	; 60
   0070 D0                  167 	.db #0xd0	; 208
   0071 E0                  168 	.db #0xe0	; 224
   0072 00                  169 	.db #0x00	; 0
   0073 00                  170 	.db #0x00	; 0
   0074 C5                  171 	.db #0xc5	; 197
   0075 DA                  172 	.db #0xda	; 218
   0076 C0                  173 	.db #0xc0	; 192
   0077 00                  174 	.db #0x00	; 0
   0078                     175 _g_sorcerer2_02:
   0078 00                  176 	.db #0x00	; 0
   0079 C0                  177 	.db #0xc0	; 192
   007A C0                  178 	.db #0xc0	; 192
   007B 80                  179 	.db #0x80	; 128
   007C 00                  180 	.db #0x00	; 0
   007D 40                  181 	.db #0x40	; 64
   007E CD                  182 	.db #0xcd	; 205
   007F CF                  183 	.db #0xcf	; 207
   0080 CA                  184 	.db #0xca	; 202
   0081 00                  185 	.db #0x00	; 0
   0082 C1                  186 	.db #0xc1	; 193
   0083 CF                  187 	.db #0xcf	; 207
   0084 CF                  188 	.db #0xcf	; 207
   0085 CB                  189 	.db #0xcb	; 203
   0086 80                  190 	.db #0x80	; 128
   0087 C1                  191 	.db #0xc1	; 193
   0088 43                  192 	.db #0x43	; 67	'C'
   0089 CB                  193 	.db #0xcb	; 203
   008A 43                  194 	.db #0x43	; 67	'C'
   008B 80                  195 	.db #0x80	; 128
   008C 81                  196 	.db #0x81	; 129
   008D C8                  197 	.db #0xc8	; 200
   008E CA                  198 	.db #0xca	; 202
   008F 89                  199 	.db #0x89	; 137
   0090 80                  200 	.db #0x80	; 128
   0091 C5                  201 	.db #0xc5	; 197
   0092 C8                  202 	.db #0xc8	; 200
   0093 CA                  203 	.db #0xca	; 202
   0094 C8                  204 	.db #0xc8	; 200
   0095 80                  205 	.db #0x80	; 128
   0096 40                  206 	.db #0x40	; 64
   0097 C7                  207 	.db #0xc7	; 199
   0098 47                  208 	.db #0x47	; 71	'G'
   0099 C2                  209 	.db #0xc2	; 194
   009A 00                  210 	.db #0x00	; 0
   009B 94                  211 	.db #0x94	; 148
   009C 85                  212 	.db #0x85	; 133
   009D 87                  213 	.db #0x87	; 135
   009E 94                  214 	.db #0x94	; 148
   009F 80                  215 	.db #0x80	; 128
   00A0 94                  216 	.db #0x94	; 148
   00A1 E1                  217 	.db #0xe1	; 225
   00A2 4B                  218 	.db #0x4b	; 75	'K'
   00A3 94                  219 	.db #0x94	; 148
   00A4 80                  220 	.db #0x80	; 128
   00A5 C5                  221 	.db #0xc5	; 197
   00A6 CA                  222 	.db #0xca	; 202
   00A7 C2                  223 	.db #0xc2	; 194
   00A8 B0                  224 	.db #0xb0	; 176
   00A9 80                  225 	.db #0x80	; 128
   00AA 40                  226 	.db #0x40	; 64
   00AB 78                  227 	.db #0x78	; 120	'x'
   00AC 94                  228 	.db #0x94	; 148
   00AD E0                  229 	.db #0xe0	; 224
   00AE 00                  230 	.db #0x00	; 0
   00AF 00                  231 	.db #0x00	; 0
   00B0 C0                  232 	.db #0xc0	; 192
   00B1 E5                  233 	.db #0xe5	; 229
   00B2 CA                  234 	.db #0xca	; 202
   00B3 00                  235 	.db #0x00	; 0
   00B4                     236 _g_sorcerer2_03:
   00B4 00                  237 	.db #0x00	; 0
   00B5 00                  238 	.db #0x00	; 0
   00B6 00                  239 	.db #0x00	; 0
   00B7 00                  240 	.db #0x00	; 0
   00B8 00                  241 	.db #0x00	; 0
   00B9 00                  242 	.db #0x00	; 0
   00BA C0                  243 	.db #0xc0	; 192
   00BB C0                  244 	.db #0xc0	; 192
   00BC 80                  245 	.db #0x80	; 128
   00BD 00                  246 	.db #0x00	; 0
   00BE 40                  247 	.db #0x40	; 64
   00BF CD                  248 	.db #0xcd	; 205
   00C0 CF                  249 	.db #0xcf	; 207
   00C1 CA                  250 	.db #0xca	; 202
   00C2 00                  251 	.db #0x00	; 0
   00C3 C1                  252 	.db #0xc1	; 193
   00C4 CF                  253 	.db #0xcf	; 207
   00C5 CF                  254 	.db #0xcf	; 207
   00C6 CB                  255 	.db #0xcb	; 203
   00C7 80                  256 	.db #0x80	; 128
   00C8 C1                  257 	.db #0xc1	; 193
   00C9 43                  258 	.db #0x43	; 67	'C'
   00CA CB                  259 	.db #0xcb	; 203
   00CB 43                  260 	.db #0x43	; 67	'C'
   00CC 80                  261 	.db #0x80	; 128
   00CD 81                  262 	.db #0x81	; 129
   00CE C8                  263 	.db #0xc8	; 200
   00CF CA                  264 	.db #0xca	; 202
   00D0 89                  265 	.db #0x89	; 137
   00D1 80                  266 	.db #0x80	; 128
   00D2 C5                  267 	.db #0xc5	; 197
   00D3 C8                  268 	.db #0xc8	; 200
   00D4 CA                  269 	.db #0xca	; 202
   00D5 C8                  270 	.db #0xc8	; 200
   00D6 80                  271 	.db #0x80	; 128
   00D7 40                  272 	.db #0x40	; 64
   00D8 C7                  273 	.db #0xc7	; 199
   00D9 47                  274 	.db #0x47	; 71	'G'
   00DA C2                  275 	.db #0xc2	; 194
   00DB 00                  276 	.db #0x00	; 0
   00DC 94                  277 	.db #0x94	; 148
   00DD 85                  278 	.db #0x85	; 133
   00DE 87                  279 	.db #0x87	; 135
   00DF 94                  280 	.db #0x94	; 148
   00E0 80                  281 	.db #0x80	; 128
   00E1 94                  282 	.db #0x94	; 148
   00E2 E1                  283 	.db #0xe1	; 225
   00E3 4A                  284 	.db #0x4a	; 74	'J'
   00E4 CF                  285 	.db #0xcf	; 207
   00E5 80                  286 	.db #0x80	; 128
   00E6 40                  287 	.db #0x40	; 64
   00E7 68                  288 	.db #0x68	; 104	'h'
   00E8 C2                  289 	.db #0xc2	; 194
   00E9 E0                  290 	.db #0xe0	; 224
   00EA 00                  291 	.db #0x00	; 0
   00EB 40                  292 	.db #0x40	; 64
   00EC CF                  293 	.db #0xcf	; 207
   00ED B0                  294 	.db #0xb0	; 176
   00EE 80                  295 	.db #0x80	; 128
   00EF 00                  296 	.db #0x00	; 0
   00F0                     297 _g_sorcerer2_04:
   00F0 00                  298 	.db #0x00	; 0
   00F1 40                  299 	.db #0x40	; 64
   00F2 C0                  300 	.db #0xc0	; 192
   00F3 80                  301 	.db #0x80	; 128
   00F4 00                  302 	.db #0x00	; 0
   00F5 00                  303 	.db #0x00	; 0
   00F6 C5                  304 	.db #0xc5	; 197
   00F7 CD                  305 	.db #0xcd	; 205
   00F8 C2                  306 	.db #0xc2	; 194
   00F9 00                  307 	.db #0x00	; 0
   00FA 01                  308 	.db #0x01	; 1
   00FB 83                  309 	.db #0x83	; 131
   00FC CF                  310 	.db #0xcf	; 207
   00FD 4B                  311 	.db #0x4b	; 75	'K'
   00FE 80                  312 	.db #0x80	; 128
   00FF 40                  313 	.db #0x40	; 64
   0100 C9                  314 	.db #0xc9	; 201
   0101 CF                  315 	.db #0xcf	; 207
   0102 C1                  316 	.db #0xc1	; 193
   0103 80                  317 	.db #0x80	; 128
   0104 40                  318 	.db #0x40	; 64
   0105 CD                  319 	.db #0xcd	; 205
   0106 8B                  320 	.db #0x8b	; 139
   0107 87                  321 	.db #0x87	; 135
   0108 80                  322 	.db #0x80	; 128
   0109 C5                  323 	.db #0xc5	; 197
   010A CF                  324 	.db #0xcf	; 207
   010B 4B                  325 	.db #0x4b	; 75	'K'
   010C C0                  326 	.db #0xc0	; 192
   010D 4A                  327 	.db #0x4a	; 74	'J'
   010E 40                  328 	.db #0x40	; 64
   010F 0F                  329 	.db #0x0f	; 15
   0110 C2                  330 	.db #0xc2	; 194
   0111 E0                  331 	.db #0xe0	; 224
   0112 87                  332 	.db #0x87	; 135
   0113 C1                  333 	.db #0xc1	; 193
   0114 4B                  334 	.db #0x4b	; 75	'K'
   0115 D0                  335 	.db #0xd0	; 208
   0116 B4                  336 	.db #0xb4	; 180
   0117 C1                  337 	.db #0xc1	; 193
   0118 85                  338 	.db #0x85	; 133
   0119 0F                  339 	.db #0x0f	; 15
   011A D0                  340 	.db #0xd0	; 208
   011B C0                  341 	.db #0xc0	; 192
   011C 68                  342 	.db #0x68	; 104	'h'
   011D C1                  343 	.db #0xc1	; 193
   011E 4A                  344 	.db #0x4a	; 74	'J'
   011F 94                  345 	.db #0x94	; 148
   0120 C5                  346 	.db #0xc5	; 197
   0121 CA                  347 	.db #0xca	; 202
   0122 40                  348 	.db #0x40	; 64
   0123 C2                  349 	.db #0xc2	; 194
   0124 B4                  350 	.db #0xb4	; 180
   0125 60                  351 	.db #0x60	; 96
   0126 80                  352 	.db #0x80	; 128
   0127 00                  353 	.db #0x00	; 0
   0128 D0                  354 	.db #0xd0	; 208
   0129 78                  355 	.db #0x78	; 120	'x'
   012A B4                  356 	.db #0xb4	; 180
   012B E0                  357 	.db #0xe0	; 224
   012C                     358 _g_sorcerer2_05:
   012C 00                  359 	.db #0x00	; 0
   012D 00                  360 	.db #0x00	; 0
   012E 00                  361 	.db #0x00	; 0
   012F 00                  362 	.db #0x00	; 0
   0130 00                  363 	.db #0x00	; 0
   0131 00                  364 	.db #0x00	; 0
   0132 40                  365 	.db #0x40	; 64
   0133 C0                  366 	.db #0xc0	; 192
   0134 80                  367 	.db #0x80	; 128
   0135 00                  368 	.db #0x00	; 0
   0136 00                  369 	.db #0x00	; 0
   0137 C5                  370 	.db #0xc5	; 197
   0138 CD                  371 	.db #0xcd	; 205
   0139 C2                  372 	.db #0xc2	; 194
   013A 00                  373 	.db #0x00	; 0
   013B 01                  374 	.db #0x01	; 1
   013C 83                  375 	.db #0x83	; 131
   013D CF                  376 	.db #0xcf	; 207
   013E 4B                  377 	.db #0x4b	; 75	'K'
   013F 80                  378 	.db #0x80	; 128
   0140 40                  379 	.db #0x40	; 64
   0141 C9                  380 	.db #0xc9	; 201
   0142 CF                  381 	.db #0xcf	; 207
   0143 C1                  382 	.db #0xc1	; 193
   0144 80                  383 	.db #0x80	; 128
   0145 40                  384 	.db #0x40	; 64
   0146 CD                  385 	.db #0xcd	; 205
   0147 8B                  386 	.db #0x8b	; 139
   0148 87                  387 	.db #0x87	; 135
   0149 80                  388 	.db #0x80	; 128
   014A C5                  389 	.db #0xc5	; 197
   014B CF                  390 	.db #0xcf	; 207
   014C 4B                  391 	.db #0x4b	; 75	'K'
   014D C0                  392 	.db #0xc0	; 192
   014E 4A                  393 	.db #0x4a	; 74	'J'
   014F 40                  394 	.db #0x40	; 64
   0150 87                  395 	.db #0x87	; 135
   0151 C2                  396 	.db #0xc2	; 194
   0152 E0                  397 	.db #0xe0	; 224
   0153 C2                  398 	.db #0xc2	; 194
   0154 C1                  399 	.db #0xc1	; 193
   0155 4B                  400 	.db #0x4b	; 75	'K'
   0156 D0                  401 	.db #0xd0	; 208
   0157 B4                  402 	.db #0xb4	; 180
   0158 85                  403 	.db #0x85	; 133
   0159 C1                  404 	.db #0xc1	; 193
   015A 4A                  405 	.db #0x4a	; 74	'J'
   015B C5                  406 	.db #0xc5	; 197
   015C CA                  407 	.db #0xca	; 202
   015D C0                  408 	.db #0xc0	; 192
   015E 85                  409 	.db #0x85	; 133
   015F C2                  410 	.db #0xc2	; 194
   0160 68                  411 	.db #0x68	; 104	'h'
   0161 D0                  412 	.db #0xd0	; 208
   0162 E0                  413 	.db #0xe0	; 224
   0163 40                  414 	.db #0x40	; 64
   0164 94                  415 	.db #0x94	; 148
   0165 9E                  416 	.db #0x9e	; 158
   0166 70                  417 	.db #0x70	; 112	'p'
   0167 B4                  418 	.db #0xb4	; 180
   0168                     419 _g_sorcerer2_06:
   0168 00                  420 	.db #0x00	; 0
   0169 40                  421 	.db #0x40	; 64
   016A C0                  422 	.db #0xc0	; 192
   016B 80                  423 	.db #0x80	; 128
   016C 00                  424 	.db #0x00	; 0
   016D 00                  425 	.db #0x00	; 0
   016E C1                  426 	.db #0xc1	; 193
   016F CD                  427 	.db #0xcd	; 205
   0170 CA                  428 	.db #0xca	; 202
   0171 00                  429 	.db #0x00	; 0
   0172 40                  430 	.db #0x40	; 64
   0173 87                  431 	.db #0x87	; 135
   0174 CF                  432 	.db #0xcf	; 207
   0175 43                  433 	.db #0x43	; 67	'C'
   0176 02                  434 	.db #0x02	; 2
   0177 40                  435 	.db #0x40	; 64
   0178 C2                  436 	.db #0xc2	; 194
   0179 CF                  437 	.db #0xcf	; 207
   017A C6                  438 	.db #0xc6	; 198
   017B 80                  439 	.db #0x80	; 128
   017C 40                  440 	.db #0x40	; 64
   017D 4B                  441 	.db #0x4b	; 75	'K'
   017E 47                  442 	.db #0x47	; 71	'G'
   017F CE                  443 	.db #0xce	; 206
   0180 80                  444 	.db #0x80	; 128
   0181 85                  445 	.db #0x85	; 133
   0182 C0                  446 	.db #0xc0	; 192
   0183 87                  447 	.db #0x87	; 135
   0184 CF                  448 	.db #0xcf	; 207
   0185 CA                  449 	.db #0xca	; 202
   0186 4B                  450 	.db #0x4b	; 75	'K'
   0187 94                  451 	.db #0x94	; 148
   0188 C1                  452 	.db #0xc1	; 193
   0189 0F                  453 	.db #0x0f	; 15
   018A 80                  454 	.db #0x80	; 128
   018B C2                  455 	.db #0xc2	; 194
   018C 78                  456 	.db #0x78	; 120	'x'
   018D E0                  457 	.db #0xe0	; 224
   018E 87                  458 	.db #0x87	; 135
   018F C2                  459 	.db #0xc2	; 194
   0190 94                  460 	.db #0x94	; 148
   0191 C0                  461 	.db #0xc0	; 192
   0192 E0                  462 	.db #0xe0	; 224
   0193 0F                  463 	.db #0x0f	; 15
   0194 4A                  464 	.db #0x4a	; 74	'J'
   0195 C5                  465 	.db #0xc5	; 197
   0196 CA                  466 	.db #0xca	; 202
   0197 68                  467 	.db #0x68	; 104	'h'
   0198 85                  468 	.db #0x85	; 133
   0199 C2                  469 	.db #0xc2	; 194
   019A 40                  470 	.db #0x40	; 64
   019B 90                  471 	.db #0x90	; 144
   019C 78                  472 	.db #0x78	; 120	'x'
   019D C1                  473 	.db #0xc1	; 193
   019E 80                  474 	.db #0x80	; 128
   019F D0                  475 	.db #0xd0	; 208
   01A0 F0                  476 	.db #0xf0	; 240
   01A1 F0                  477 	.db #0xf0	; 240
   01A2 E0                  478 	.db #0xe0	; 224
   01A3 00                  479 	.db #0x00	; 0
   01A4                     480 _g_sorcerer2_07:
   01A4 00                  481 	.db #0x00	; 0
   01A5 00                  482 	.db #0x00	; 0
   01A6 00                  483 	.db #0x00	; 0
   01A7 00                  484 	.db #0x00	; 0
   01A8 00                  485 	.db #0x00	; 0
   01A9 00                  486 	.db #0x00	; 0
   01AA 40                  487 	.db #0x40	; 64
   01AB C0                  488 	.db #0xc0	; 192
   01AC 80                  489 	.db #0x80	; 128
   01AD 00                  490 	.db #0x00	; 0
   01AE 00                  491 	.db #0x00	; 0
   01AF C1                  492 	.db #0xc1	; 193
   01B0 CD                  493 	.db #0xcd	; 205
   01B1 CA                  494 	.db #0xca	; 202
   01B2 00                  495 	.db #0x00	; 0
   01B3 40                  496 	.db #0x40	; 64
   01B4 87                  497 	.db #0x87	; 135
   01B5 CF                  498 	.db #0xcf	; 207
   01B6 43                  499 	.db #0x43	; 67	'C'
   01B7 02                  500 	.db #0x02	; 2
   01B8 40                  501 	.db #0x40	; 64
   01B9 C2                  502 	.db #0xc2	; 194
   01BA CF                  503 	.db #0xcf	; 207
   01BB C6                  504 	.db #0xc6	; 198
   01BC 80                  505 	.db #0x80	; 128
   01BD 40                  506 	.db #0x40	; 64
   01BE 4B                  507 	.db #0x4b	; 75	'K'
   01BF 47                  508 	.db #0x47	; 71	'G'
   01C0 CE                  509 	.db #0xce	; 206
   01C1 80                  510 	.db #0x80	; 128
   01C2 85                  511 	.db #0x85	; 133
   01C3 C0                  512 	.db #0xc0	; 192
   01C4 87                  513 	.db #0x87	; 135
   01C5 CF                  514 	.db #0xcf	; 207
   01C6 CA                  515 	.db #0xca	; 202
   01C7 C1                  516 	.db #0xc1	; 193
   01C8 94                  517 	.db #0x94	; 148
   01C9 C1                  518 	.db #0xc1	; 193
   01CA 4B                  519 	.db #0x4b	; 75	'K'
   01CB 80                  520 	.db #0x80	; 128
   01CC 4A                  521 	.db #0x4a	; 74	'J'
   01CD 78                  522 	.db #0x78	; 120	'x'
   01CE E0                  523 	.db #0xe0	; 224
   01CF 87                  524 	.db #0x87	; 135
   01D0 C2                  525 	.db #0xc2	; 194
   01D1 C0                  526 	.db #0xc0	; 192
   01D2 C5                  527 	.db #0xc5	; 197
   01D3 CA                  528 	.db #0xca	; 202
   01D4 85                  529 	.db #0x85	; 133
   01D5 C2                  530 	.db #0xc2	; 194
   01D6 D0                  531 	.db #0xd0	; 208
   01D7 E0                  532 	.db #0xe0	; 224
   01D8 94                  533 	.db #0x94	; 148
   01D9 C1                  534 	.db #0xc1	; 193
   01DA 4A                  535 	.db #0x4a	; 74	'J'
   01DB 78                  536 	.db #0x78	; 120	'x'
   01DC B0                  537 	.db #0xb0	; 176
   01DD 6D                  538 	.db #0x6d	; 109	'm'
   01DE E0                  539 	.db #0xe0	; 224
   01DF 80                  540 	.db #0x80	; 128
   01E0                     541 _g_sorcerer2_08:
   01E0 00                  542 	.db #0x00	; 0
   01E1 40                  543 	.db #0x40	; 64
   01E2 C0                  544 	.db #0xc0	; 192
   01E3 80                  545 	.db #0x80	; 128
   01E4 00                  546 	.db #0x00	; 0
   01E5 00                  547 	.db #0x00	; 0
   01E6 C5                  548 	.db #0xc5	; 197
   01E7 CD                  549 	.db #0xcd	; 205
   01E8 C2                  550 	.db #0xc2	; 194
   01E9 00                  551 	.db #0x00	; 0
   01EA 01                  552 	.db #0x01	; 1
   01EB 83                  553 	.db #0x83	; 131
   01EC CF                  554 	.db #0xcf	; 207
   01ED 4B                  555 	.db #0x4b	; 75	'K'
   01EE 80                  556 	.db #0x80	; 128
   01EF 40                  557 	.db #0x40	; 64
   01F0 C9                  558 	.db #0xc9	; 201
   01F1 CF                  559 	.db #0xcf	; 207
   01F2 C1                  560 	.db #0xc1	; 193
   01F3 80                  561 	.db #0x80	; 128
   01F4 40                  562 	.db #0x40	; 64
   01F5 CD                  563 	.db #0xcd	; 205
   01F6 8B                  564 	.db #0x8b	; 139
   01F7 87                  565 	.db #0x87	; 135
   01F8 80                  566 	.db #0x80	; 128
   01F9 C5                  567 	.db #0xc5	; 197
   01FA CF                  568 	.db #0xcf	; 207
   01FB 4B                  569 	.db #0x4b	; 75	'K'
   01FC 42                  570 	.db #0x42	; 66	'B'
   01FD 4A                  571 	.db #0x4a	; 74	'J'
   01FE C0                  572 	.db #0xc0	; 192
   01FF C0                  573 	.db #0xc0	; 192
   0200 C0                  574 	.db #0xc0	; 192
   0201 C0                  575 	.db #0xc0	; 192
   0202 C2                  576 	.db #0xc2	; 194
   0203 CA                  577 	.db #0xca	; 202
   0204 3C                  578 	.db #0x3c	; 60
   0205 78                  579 	.db #0x78	; 120	'x'
   0206 F0                  580 	.db #0xf0	; 240
   0207 85                  581 	.db #0x85	; 133
   0208 CA                  582 	.db #0xca	; 202
   0209 78                  583 	.db #0x78	; 120	'x'
   020A E0                  584 	.db #0xe0	; 224
   020B D0                  585 	.db #0xd0	; 208
   020C C0                  586 	.db #0xc0	; 192
   020D C0                  587 	.db #0xc0	; 192
   020E E0                  588 	.db #0xe0	; 224
   020F D0                  589 	.db #0xd0	; 208
   0210 B4                  590 	.db #0xb4	; 180
   0211 80                  591 	.db #0x80	; 128
   0212 00                  592 	.db #0x00	; 0
   0213 C0                  593 	.db #0xc0	; 192
   0214 F0                  594 	.db #0xf0	; 240
   0215 3C                  595 	.db #0x3c	; 60
   0216 80                  596 	.db #0x80	; 128
   0217 00                  597 	.db #0x00	; 0
   0218 D0                  598 	.db #0xd0	; 208
   0219 B4                  599 	.db #0xb4	; 180
   021A 78                  600 	.db #0x78	; 120	'x'
   021B E0                  601 	.db #0xe0	; 224
   021C                     602 _g_sorcerer2_09:
   021C 00                  603 	.db #0x00	; 0
   021D C0                  604 	.db #0xc0	; 192
   021E C0                  605 	.db #0xc0	; 192
   021F 80                  606 	.db #0x80	; 128
   0220 00                  607 	.db #0x00	; 0
   0221 40                  608 	.db #0x40	; 64
   0222 CC                  609 	.db #0xcc	; 204
   0223 CC                  610 	.db #0xcc	; 204
   0224 48                  611 	.db #0x48	; 72	'H'
   0225 00                  612 	.db #0x00	; 0
   0226 C4                  613 	.db #0xc4	; 196
   0227 CC                  614 	.db #0xcc	; 204
   0228 CC                  615 	.db #0xcc	; 204
   0229 8C                  616 	.db #0x8c	; 140
   022A 80                  617 	.db #0x80	; 128
   022B C4                  618 	.db #0xc4	; 196
   022C C0                  619 	.db #0xc0	; 192
   022D C8                  620 	.db #0xc8	; 200
   022E 84                  621 	.db #0x84	; 132
   022F 80                  622 	.db #0x80	; 128
   0230 C4                  623 	.db #0xc4	; 196
   0231 C0                  624 	.db #0xc0	; 192
   0232 C8                  625 	.db #0xc8	; 200
   0233 84                  626 	.db #0x84	; 132
   0234 80                  627 	.db #0x80	; 128
   0235 C4                  628 	.db #0xc4	; 196
   0236 CC                  629 	.db #0xcc	; 204
   0237 84                  630 	.db #0x84	; 132
   0238 0C                  631 	.db #0x0c	; 12
   0239 80                  632 	.db #0x80	; 128
   023A 40                  633 	.db #0x40	; 64
   023B CC                  634 	.db #0xcc	; 204
   023C CC                  635 	.db #0xcc	; 204
   023D 48                  636 	.db #0x48	; 72	'H'
   023E 00                  637 	.db #0x00	; 0
   023F 94                  638 	.db #0x94	; 148
   0240 C4                  639 	.db #0xc4	; 196
   0241 C4                  640 	.db #0xc4	; 196
   0242 90                  641 	.db #0x90	; 144
   0243 80                  642 	.db #0x80	; 128
   0244 94                  643 	.db #0x94	; 148
   0245 C0                  644 	.db #0xc0	; 192
   0246 C0                  645 	.db #0xc0	; 192
   0247 D0                  646 	.db #0xd0	; 208
   0248 80                  647 	.db #0x80	; 128
   0249 C4                  648 	.db #0xc4	; 196
   024A 48                  649 	.db #0x48	; 72	'H'
   024B 78                  650 	.db #0x78	; 120	'x'
   024C 8C                  651 	.db #0x8c	; 140
   024D 80                  652 	.db #0x80	; 128
   024E 40                  653 	.db #0x40	; 64
   024F 78                  654 	.db #0x78	; 120	'x'
   0250 3C                  655 	.db #0x3c	; 60
   0251 E0                  656 	.db #0xe0	; 224
   0252 00                  657 	.db #0x00	; 0
   0253 40                  658 	.db #0x40	; 64
   0254 8C                  659 	.db #0x8c	; 140
   0255 C4                  660 	.db #0xc4	; 196
   0256 48                  661 	.db #0x48	; 72	'H'
   0257 00                  662 	.db #0x00	; 0
                            663 	.area _INITIALIZER
                            664 	.area _CABS (ABS)
