                              1 ;--------------------------------------------------------
                              2 ; File Created by SDCC : free open source ANSI-C Compiler
                              3 ; Version 3.6.8 #9946 (Linux)
                              4 ;--------------------------------------------------------
                              5 	.module witch
                              6 	.optsdcc -mz80
                              7 	
                              8 ;--------------------------------------------------------
                              9 ; Public variables in this module
                             10 ;--------------------------------------------------------
                             11 	.globl _g_witch_3
                             12 	.globl _g_witch_2
                             13 	.globl _g_witch_1
                             14 	.globl _g_witch_0
                             15 ;--------------------------------------------------------
                             16 ; special function registers
                             17 ;--------------------------------------------------------
                             18 ;--------------------------------------------------------
                             19 ; ram data
                             20 ;--------------------------------------------------------
                             21 	.area _DATA
                             22 ;--------------------------------------------------------
                             23 ; ram data
                             24 ;--------------------------------------------------------
                             25 	.area _INITIALIZED
                             26 ;--------------------------------------------------------
                             27 ; absolute external ram data
                             28 ;--------------------------------------------------------
                             29 	.area _DABS (ABS)
                             30 ;--------------------------------------------------------
                             31 ; global & static initialisations
                             32 ;--------------------------------------------------------
                             33 	.area _HOME
                             34 	.area _GSINIT
                             35 	.area _GSFINAL
                             36 	.area _GSINIT
                             37 ;--------------------------------------------------------
                             38 ; Home
                             39 ;--------------------------------------------------------
                             40 	.area _HOME
                             41 	.area _HOME
                             42 ;--------------------------------------------------------
                             43 ; code
                             44 ;--------------------------------------------------------
                             45 	.area _CODE
                             46 	.area _CODE
   0000                      47 _g_witch_0:
   0000 00                   48 	.db #0x00	; 0
   0001 C0                   49 	.db #0xc0	; 192
   0002 C0                   50 	.db #0xc0	; 192
   0003 80                   51 	.db #0x80	; 128
   0004 00                   52 	.db #0x00	; 0
   0005 C0                   53 	.db #0xc0	; 192
   0006 D9                   54 	.db #0xd9	; 217
   0007 B3                   55 	.db #0xb3	; 179
   0008 E2                   56 	.db #0xe2	; 226
   0009 80                   57 	.db #0x80	; 128
   000A 40                   58 	.db #0x40	; 64
   000B 91                   59 	.db #0x91	; 145
   000C 33                   60 	.db #0x33	; 51	'3'
   000D 33                   61 	.db #0x33	; 51	'3'
   000E E2                   62 	.db #0xe2	; 226
   000F 40                   63 	.db #0x40	; 64
   0010 C8                   64 	.db #0xc8	; 200
   0011 91                   65 	.db #0x91	; 145
   0012 C0                   66 	.db #0xc0	; 192
   0013 62                   67 	.db #0x62	; 98	'b'
   0014 40                   68 	.db #0x40	; 64
   0015 CD                   69 	.db #0xcd	; 205
   0016 48                   70 	.db #0x48	; 72	'H'
   0017 80                   71 	.db #0x80	; 128
   0018 C0                   72 	.db #0xc0	; 192
   0019 C5                   73 	.db #0xc5	; 197
   001A CF                   74 	.db #0xcf	; 207
   001B CA                   75 	.db #0xca	; 202
   001C C0                   76 	.db #0xc0	; 192
   001D 40                   77 	.db #0x40	; 64
   001E 40                   78 	.db #0x40	; 64
   001F CF                   79 	.db #0xcf	; 207
   0020 91                   80 	.db #0x91	; 145
   0021 C0                   81 	.db #0xc0	; 192
   0022 80                   82 	.db #0x80	; 128
   0023 C5                   83 	.db #0xc5	; 197
   0024 C0                   84 	.db #0xc0	; 192
   0025 33                   85 	.db #0x33	; 51	'3'
   0026 E2                   86 	.db #0xe2	; 226
   0027 C0                   87 	.db #0xc0	; 192
   0028 40                   88 	.db #0x40	; 64
   0029 91                   89 	.db #0x91	; 145
   002A 62                   90 	.db #0x62	; 98	'b'
   002B D1                   91 	.db #0xd1	; 209
   002C 80                   92 	.db #0x80	; 128
   002D 00                   93 	.db #0x00	; 0
   002E 81                   94 	.db #0x81	; 129
   002F 03                   95 	.db #0x03	; 3
   0030 CF                   96 	.db #0xcf	; 207
   0031 80                   97 	.db #0x80	; 128
   0032 40                   98 	.db #0x40	; 64
   0033 B3                   99 	.db #0xb3	; 179
   0034 62                  100 	.db #0x62	; 98	'b'
   0035 C0                  101 	.db #0xc0	; 192
   0036 C0                  102 	.db #0xc0	; 192
   0037 40                  103 	.db #0x40	; 64
   0038 B3                  104 	.db #0xb3	; 179
   0039 73                  105 	.db #0x73	; 115	's'
   003A B3                  106 	.db #0xb3	; 179
   003B 62                  107 	.db #0x62	; 98	'b'
   003C                     108 _g_witch_1:
   003C 00                  109 	.db #0x00	; 0
   003D 00                  110 	.db #0x00	; 0
   003E 00                  111 	.db #0x00	; 0
   003F 00                  112 	.db #0x00	; 0
   0040 00                  113 	.db #0x00	; 0
   0041 00                  114 	.db #0x00	; 0
   0042 C0                  115 	.db #0xc0	; 192
   0043 C0                  116 	.db #0xc0	; 192
   0044 80                  117 	.db #0x80	; 128
   0045 00                  118 	.db #0x00	; 0
   0046 C0                  119 	.db #0xc0	; 192
   0047 D9                  120 	.db #0xd9	; 217
   0048 B3                  121 	.db #0xb3	; 179
   0049 E2                  122 	.db #0xe2	; 226
   004A 80                  123 	.db #0x80	; 128
   004B 40                  124 	.db #0x40	; 64
   004C 91                  125 	.db #0x91	; 145
   004D 33                  126 	.db #0x33	; 51	'3'
   004E 33                  127 	.db #0x33	; 51	'3'
   004F E2                  128 	.db #0xe2	; 226
   0050 40                  129 	.db #0x40	; 64
   0051 C8                  130 	.db #0xc8	; 200
   0052 91                  131 	.db #0x91	; 145
   0053 C0                  132 	.db #0xc0	; 192
   0054 62                  133 	.db #0x62	; 98	'b'
   0055 40                  134 	.db #0x40	; 64
   0056 CD                  135 	.db #0xcd	; 205
   0057 48                  136 	.db #0x48	; 72	'H'
   0058 80                  137 	.db #0x80	; 128
   0059 C0                  138 	.db #0xc0	; 192
   005A C5                  139 	.db #0xc5	; 197
   005B CF                  140 	.db #0xcf	; 207
   005C CA                  141 	.db #0xca	; 202
   005D C0                  142 	.db #0xc0	; 192
   005E 00                  143 	.db #0x00	; 0
   005F 40                  144 	.db #0x40	; 64
   0060 CF                  145 	.db #0xcf	; 207
   0061 91                  146 	.db #0x91	; 145
   0062 C0                  147 	.db #0xc0	; 192
   0063 80                  148 	.db #0x80	; 128
   0064 C5                  149 	.db #0xc5	; 197
   0065 C0                  150 	.db #0xc0	; 192
   0066 33                  151 	.db #0x33	; 51	'3'
   0067 E2                  152 	.db #0xe2	; 226
   0068 C0                  153 	.db #0xc0	; 192
   0069 40                  154 	.db #0x40	; 64
   006A 03                  155 	.db #0x03	; 3
   006B 47                  156 	.db #0x47	; 71	'G'
   006C DB                  157 	.db #0xdb	; 219
   006D 80                  158 	.db #0x80	; 128
   006E 40                  159 	.db #0x40	; 64
   006F 73                  160 	.db #0x73	; 115	's'
   0070 62                  161 	.db #0x62	; 98	'b'
   0071 91                  162 	.db #0x91	; 145
   0072 C0                  163 	.db #0xc0	; 192
   0073 40                  164 	.db #0x40	; 64
   0074 E7                  165 	.db #0xe7	; 231
   0075 B3                  166 	.db #0xb3	; 179
   0076 33                  167 	.db #0x33	; 51	'3'
   0077 62                  168 	.db #0x62	; 98	'b'
   0078                     169 _g_witch_2:
   0078 00                  170 	.db #0x00	; 0
   0079 40                  171 	.db #0x40	; 64
   007A C0                  172 	.db #0xc0	; 192
   007B C0                  173 	.db #0xc0	; 192
   007C 00                  174 	.db #0x00	; 0
   007D 40                  175 	.db #0x40	; 64
   007E C4                  176 	.db #0xc4	; 196
   007F B3                  177 	.db #0xb3	; 179
   0080 33                  178 	.db #0x33	; 51	'3'
   0081 C0                  179 	.db #0xc0	; 192
   0082 C4                  180 	.db #0xc4	; 196
   0083 33                  181 	.db #0x33	; 51	'3'
   0084 73                  182 	.db #0x73	; 115	's'
   0085 E2                  183 	.db #0xe2	; 226
   0086 80                  184 	.db #0x80	; 128
   0087 91                  185 	.db #0x91	; 145
   0088 C0                  186 	.db #0xc0	; 192
   0089 62                  187 	.db #0x62	; 98	'b'
   008A C4                  188 	.db #0xc4	; 196
   008B 80                  189 	.db #0x80	; 128
   008C C0                  190 	.db #0xc0	; 192
   008D 40                  191 	.db #0x40	; 64
   008E 84                  192 	.db #0x84	; 132
   008F CE                  193 	.db #0xce	; 206
   0090 80                  194 	.db #0x80	; 128
   0091 80                  195 	.db #0x80	; 128
   0092 C0                  196 	.db #0xc0	; 192
   0093 C5                  197 	.db #0xc5	; 197
   0094 CF                  198 	.db #0xcf	; 207
   0095 CA                  199 	.db #0xca	; 202
   0096 40                  200 	.db #0x40	; 64
   0097 C0                  201 	.db #0xc0	; 192
   0098 E2                  202 	.db #0xe2	; 226
   0099 CF                  203 	.db #0xcf	; 207
   009A 80                  204 	.db #0x80	; 128
   009B C0                  205 	.db #0xc0	; 192
   009C D1                  206 	.db #0xd1	; 209
   009D 33                  207 	.db #0x33	; 51	'3'
   009E C0                  208 	.db #0xc0	; 192
   009F CA                  209 	.db #0xca	; 202
   00A0 40                  210 	.db #0x40	; 64
   00A1 C8                  211 	.db #0xc8	; 200
   00A2 91                  212 	.db #0x91	; 145
   00A3 62                  213 	.db #0x62	; 98	'b'
   00A4 80                  214 	.db #0x80	; 128
   00A5 40                  215 	.db #0x40	; 64
   00A6 CF                  216 	.db #0xcf	; 207
   00A7 03                  217 	.db #0x03	; 3
   00A8 42                  218 	.db #0x42	; 66	'B'
   00A9 00                  219 	.db #0x00	; 0
   00AA D1                  220 	.db #0xd1	; 209
   00AB C0                  221 	.db #0xc0	; 192
   00AC 91                  222 	.db #0x91	; 145
   00AD 33                  223 	.db #0x33	; 51	'3'
   00AE 80                  224 	.db #0x80	; 128
   00AF 91                  225 	.db #0x91	; 145
   00B0 73                  226 	.db #0x73	; 115	's'
   00B1 B3                  227 	.db #0xb3	; 179
   00B2 33                  228 	.db #0x33	; 51	'3'
   00B3 80                  229 	.db #0x80	; 128
   00B4                     230 _g_witch_3:
   00B4 00                  231 	.db #0x00	; 0
   00B5 00                  232 	.db #0x00	; 0
   00B6 00                  233 	.db #0x00	; 0
   00B7 00                  234 	.db #0x00	; 0
   00B8 00                  235 	.db #0x00	; 0
   00B9 00                  236 	.db #0x00	; 0
   00BA 40                  237 	.db #0x40	; 64
   00BB C0                  238 	.db #0xc0	; 192
   00BC C0                  239 	.db #0xc0	; 192
   00BD 00                  240 	.db #0x00	; 0
   00BE 40                  241 	.db #0x40	; 64
   00BF C4                  242 	.db #0xc4	; 196
   00C0 B3                  243 	.db #0xb3	; 179
   00C1 33                  244 	.db #0x33	; 51	'3'
   00C2 C0                  245 	.db #0xc0	; 192
   00C3 C4                  246 	.db #0xc4	; 196
   00C4 33                  247 	.db #0x33	; 51	'3'
   00C5 73                  248 	.db #0x73	; 115	's'
   00C6 E2                  249 	.db #0xe2	; 226
   00C7 80                  250 	.db #0x80	; 128
   00C8 91                  251 	.db #0x91	; 145
   00C9 C0                  252 	.db #0xc0	; 192
   00CA 62                  253 	.db #0x62	; 98	'b'
   00CB C4                  254 	.db #0xc4	; 196
   00CC 80                  255 	.db #0x80	; 128
   00CD C0                  256 	.db #0xc0	; 192
   00CE 40                  257 	.db #0x40	; 64
   00CF 84                  258 	.db #0x84	; 132
   00D0 CE                  259 	.db #0xce	; 206
   00D1 80                  260 	.db #0x80	; 128
   00D2 00                  261 	.db #0x00	; 0
   00D3 C0                  262 	.db #0xc0	; 192
   00D4 C5                  263 	.db #0xc5	; 197
   00D5 CF                  264 	.db #0xcf	; 207
   00D6 CA                  265 	.db #0xca	; 202
   00D7 40                  266 	.db #0x40	; 64
   00D8 C0                  267 	.db #0xc0	; 192
   00D9 E2                  268 	.db #0xe2	; 226
   00DA CF                  269 	.db #0xcf	; 207
   00DB 80                  270 	.db #0x80	; 128
   00DC C0                  271 	.db #0xc0	; 192
   00DD D1                  272 	.db #0xd1	; 209
   00DE 33                  273 	.db #0x33	; 51	'3'
   00DF C0                  274 	.db #0xc0	; 192
   00E0 CA                  275 	.db #0xca	; 202
   00E1 40                  276 	.db #0x40	; 64
   00E2 E7                  277 	.db #0xe7	; 231
   00E3 8B                  278 	.db #0x8b	; 139
   00E4 03                  279 	.db #0x03	; 3
   00E5 80                  280 	.db #0x80	; 128
   00E6 D1                  281 	.db #0xd1	; 209
   00E7 62                  282 	.db #0x62	; 98	'b'
   00E8 91                  283 	.db #0x91	; 145
   00E9 B3                  284 	.db #0xb3	; 179
   00EA 80                  285 	.db #0x80	; 128
   00EB D1                  286 	.db #0xd1	; 209
   00EC 33                  287 	.db #0x33	; 51	'3'
   00ED 73                  288 	.db #0x73	; 115	's'
   00EE DB                  289 	.db #0xdb	; 219
   00EF 80                  290 	.db #0x80	; 128
                            291 	.area _INITIALIZER
                            292 	.area _CABS (ABS)
