                              1 ;--------------------------------------------------------
                              2 ; File Created by SDCC : free open source ANSI-C Compiler
                              3 ; Version 3.6.8 #9946 (Linux)
                              4 ;--------------------------------------------------------
                              5 	.module wizard
                              6 	.optsdcc -mz80
                              7 	
                              8 ;--------------------------------------------------------
                              9 ; Public variables in this module
                             10 ;--------------------------------------------------------
                             11 	.globl _g_wizard_3
                             12 	.globl _g_wizard_2
                             13 	.globl _g_wizard_1
                             14 	.globl _g_wizard_0
                             15 ;--------------------------------------------------------
                             16 ; special function registers
                             17 ;--------------------------------------------------------
                             18 ;--------------------------------------------------------
                             19 ; ram data
                             20 ;--------------------------------------------------------
                             21 	.area _DATA
                             22 ;--------------------------------------------------------
                             23 ; ram data
                             24 ;--------------------------------------------------------
                             25 	.area _INITIALIZED
                             26 ;--------------------------------------------------------
                             27 ; absolute external ram data
                             28 ;--------------------------------------------------------
                             29 	.area _DABS (ABS)
                             30 ;--------------------------------------------------------
                             31 ; global & static initialisations
                             32 ;--------------------------------------------------------
                             33 	.area _HOME
                             34 	.area _GSINIT
                             35 	.area _GSFINAL
                             36 	.area _GSINIT
                             37 ;--------------------------------------------------------
                             38 ; Home
                             39 ;--------------------------------------------------------
                             40 	.area _HOME
                             41 	.area _HOME
                             42 ;--------------------------------------------------------
                             43 ; code
                             44 ;--------------------------------------------------------
                             45 	.area _CODE
                             46 	.area _CODE
   0000                      47 _g_wizard_0:
   0000 00                   48 	.db #0x00	; 0
   0001 C0                   49 	.db #0xc0	; 192
   0002 C0                   50 	.db #0xc0	; 192
   0003 C0                   51 	.db #0xc0	; 192
   0004 00                   52 	.db #0x00	; 0
   0005 C0                   53 	.db #0xc0	; 192
   0006 DD                   54 	.db #0xdd	; 221
   0007 BF                   55 	.db #0xbf	; 191
   0008 EA                   56 	.db #0xea	; 234
   0009 80                   57 	.db #0x80	; 128
   000A 40                   58 	.db #0x40	; 64
   000B 95                   59 	.db #0x95	; 149
   000C 3F                   60 	.db #0x3f	; 63
   000D 3F                   61 	.db #0x3f	; 63
   000E 80                   62 	.db #0x80	; 128
   000F 40                   63 	.db #0x40	; 64
   0010 C8                   64 	.db #0xc8	; 200
   0011 95                   65 	.db #0x95	; 149
   0012 95                   66 	.db #0x95	; 149
   0013 80                   67 	.db #0x80	; 128
   0014 40                   68 	.db #0x40	; 64
   0015 CD                   69 	.db #0xcd	; 205
   0016 C0                   70 	.db #0xc0	; 192
   0017 C0                   71 	.db #0xc0	; 192
   0018 80                   72 	.db #0x80	; 128
   0019 C5                   73 	.db #0xc5	; 197
   001A CF                   74 	.db #0xcf	; 207
   001B C0                   75 	.db #0xc0	; 192
   001C C0                   76 	.db #0xc0	; 192
   001D 00                   77 	.db #0x00	; 0
   001E 40                   78 	.db #0x40	; 64
   001F CA                   79 	.db #0xca	; 202
   0020 95                   80 	.db #0x95	; 149
   0021 C0                   81 	.db #0xc0	; 192
   0022 80                   82 	.db #0x80	; 128
   0023 40                   83 	.db #0x40	; 64
   0024 C0                   84 	.db #0xc0	; 192
   0025 3F                   85 	.db #0x3f	; 63
   0026 EA                   86 	.db #0xea	; 234
   0027 C0                   87 	.db #0xc0	; 192
   0028 C0                   88 	.db #0xc0	; 192
   0029 95                   89 	.db #0x95	; 149
   002A 6A                   90 	.db #0x6a	; 106	'j'
   002B D5                   91 	.db #0xd5	; 213
   002C 80                   92 	.db #0x80	; 128
   002D 00                   93 	.db #0x00	; 0
   002E C0                   94 	.db #0xc0	; 192
   002F 6A                   95 	.db #0x6a	; 106	'j'
   0030 CF                   96 	.db #0xcf	; 207
   0031 80                   97 	.db #0x80	; 128
   0032 00                   98 	.db #0x00	; 0
   0033 D5                   99 	.db #0xd5	; 213
   0034 3F                  100 	.db #0x3f	; 63
   0035 C0                  101 	.db #0xc0	; 192
   0036 80                  102 	.db #0x80	; 128
   0037 40                  103 	.db #0x40	; 64
   0038 D5                  104 	.db #0xd5	; 213
   0039 BF                  105 	.db #0xbf	; 191
   003A 3F                  106 	.db #0x3f	; 63
   003B 6A                  107 	.db #0x6a	; 106	'j'
   003C                     108 _g_wizard_1:
   003C 00                  109 	.db #0x00	; 0
   003D C0                  110 	.db #0xc0	; 192
   003E C0                  111 	.db #0xc0	; 192
   003F C0                  112 	.db #0xc0	; 192
   0040 00                  113 	.db #0x00	; 0
   0041 C0                  114 	.db #0xc0	; 192
   0042 DD                  115 	.db #0xdd	; 221
   0043 BF                  116 	.db #0xbf	; 191
   0044 EA                  117 	.db #0xea	; 234
   0045 80                  118 	.db #0x80	; 128
   0046 40                  119 	.db #0x40	; 64
   0047 95                  120 	.db #0x95	; 149
   0048 3F                  121 	.db #0x3f	; 63
   0049 3F                  122 	.db #0x3f	; 63
   004A 80                  123 	.db #0x80	; 128
   004B 40                  124 	.db #0x40	; 64
   004C C8                  125 	.db #0xc8	; 200
   004D 95                  126 	.db #0x95	; 149
   004E 95                  127 	.db #0x95	; 149
   004F 80                  128 	.db #0x80	; 128
   0050 40                  129 	.db #0x40	; 64
   0051 CD                  130 	.db #0xcd	; 205
   0052 C0                  131 	.db #0xc0	; 192
   0053 C0                  132 	.db #0xc0	; 192
   0054 80                  133 	.db #0x80	; 128
   0055 C5                  134 	.db #0xc5	; 197
   0056 CF                  135 	.db #0xcf	; 207
   0057 C0                  136 	.db #0xc0	; 192
   0058 C0                  137 	.db #0xc0	; 192
   0059 00                  138 	.db #0x00	; 0
   005A C0                  139 	.db #0xc0	; 192
   005B C0                  140 	.db #0xc0	; 192
   005C C0                  141 	.db #0xc0	; 192
   005D C0                  142 	.db #0xc0	; 192
   005E 80                  143 	.db #0x80	; 128
   005F CA                  144 	.db #0xca	; 202
   0060 FF                  145 	.db #0xff	; 255
   0061 BF                  146 	.db #0xbf	; 191
   0062 6A                  147 	.db #0x6a	; 106	'j'
   0063 C0                  148 	.db #0xc0	; 192
   0064 CA                  149 	.db #0xca	; 202
   0065 BF                  150 	.db #0xbf	; 191
   0066 6A                  151 	.db #0x6a	; 106	'j'
   0067 C0                  152 	.db #0xc0	; 192
   0068 00                  153 	.db #0x00	; 0
   0069 C0                  154 	.db #0xc0	; 192
   006A 6A                  155 	.db #0x6a	; 106	'j'
   006B 95                  156 	.db #0x95	; 149
   006C 3F                  157 	.db #0x3f	; 63
   006D 80                  158 	.db #0x80	; 128
   006E 00                  159 	.db #0x00	; 0
   006F D5                  160 	.db #0xd5	; 213
   0070 3F                  161 	.db #0x3f	; 63
   0071 3F                  162 	.db #0x3f	; 63
   0072 80                  163 	.db #0x80	; 128
   0073 40                  164 	.db #0x40	; 64
   0074 D5                  165 	.db #0xd5	; 213
   0075 BF                  166 	.db #0xbf	; 191
   0076 3F                  167 	.db #0x3f	; 63
   0077 EA                  168 	.db #0xea	; 234
   0078                     169 _g_wizard_2:
   0078 00                  170 	.db #0x00	; 0
   0079 C0                  171 	.db #0xc0	; 192
   007A C0                  172 	.db #0xc0	; 192
   007B C0                  173 	.db #0xc0	; 192
   007C 00                  174 	.db #0x00	; 0
   007D 40                  175 	.db #0x40	; 64
   007E 6E                  176 	.db #0x6e	; 110	'n'
   007F BF                  177 	.db #0xbf	; 191
   0080 3F                  178 	.db #0x3f	; 63
   0081 C0                  179 	.db #0xc0	; 192
   0082 40                  180 	.db #0x40	; 64
   0083 3F                  181 	.db #0x3f	; 63
   0084 7F                  182 	.db #0x7f	; 127
   0085 EA                  183 	.db #0xea	; 234
   0086 80                  184 	.db #0x80	; 128
   0087 40                  185 	.db #0x40	; 64
   0088 6A                  186 	.db #0x6a	; 106	'j'
   0089 6A                  187 	.db #0x6a	; 106	'j'
   008A C4                  188 	.db #0xc4	; 196
   008B 80                  189 	.db #0x80	; 128
   008C 40                  190 	.db #0x40	; 64
   008D C0                  191 	.db #0xc0	; 192
   008E C0                  192 	.db #0xc0	; 192
   008F CE                  193 	.db #0xce	; 206
   0090 80                  194 	.db #0x80	; 128
   0091 00                  195 	.db #0x00	; 0
   0092 C0                  196 	.db #0xc0	; 192
   0093 C0                  197 	.db #0xc0	; 192
   0094 CF                  198 	.db #0xcf	; 207
   0095 CA                  199 	.db #0xca	; 202
   0096 40                  200 	.db #0x40	; 64
   0097 C0                  201 	.db #0xc0	; 192
   0098 EA                  202 	.db #0xea	; 234
   0099 C5                  203 	.db #0xc5	; 197
   009A 80                  204 	.db #0x80	; 128
   009B C0                  205 	.db #0xc0	; 192
   009C D5                  206 	.db #0xd5	; 213
   009D 3F                  207 	.db #0x3f	; 63
   009E C0                  208 	.db #0xc0	; 192
   009F 80                  209 	.db #0x80	; 128
   00A0 40                  210 	.db #0x40	; 64
   00A1 C8                  211 	.db #0xc8	; 200
   00A2 95                  212 	.db #0x95	; 149
   00A3 6A                  213 	.db #0x6a	; 106	'j'
   00A4 C0                  214 	.db #0xc0	; 192
   00A5 40                  215 	.db #0x40	; 64
   00A6 CF                  216 	.db #0xcf	; 207
   00A7 95                  217 	.db #0x95	; 149
   00A8 C0                  218 	.db #0xc0	; 192
   00A9 00                  219 	.db #0x00	; 0
   00AA 40                  220 	.db #0x40	; 64
   00AB C0                  221 	.db #0xc0	; 192
   00AC 3F                  222 	.db #0x3f	; 63
   00AD 6A                  223 	.db #0x6a	; 106	'j'
   00AE 00                  224 	.db #0x00	; 0
   00AF D5                  225 	.db #0xd5	; 213
   00B0 BF                  226 	.db #0xbf	; 191
   00B1 3F                  227 	.db #0x3f	; 63
   00B2 6A                  228 	.db #0x6a	; 106	'j'
   00B3 80                  229 	.db #0x80	; 128
   00B4                     230 _g_wizard_3:
   00B4 00                  231 	.db #0x00	; 0
   00B5 C0                  232 	.db #0xc0	; 192
   00B6 C0                  233 	.db #0xc0	; 192
   00B7 C0                  234 	.db #0xc0	; 192
   00B8 00                  235 	.db #0x00	; 0
   00B9 40                  236 	.db #0x40	; 64
   00BA 6E                  237 	.db #0x6e	; 110	'n'
   00BB BF                  238 	.db #0xbf	; 191
   00BC 3F                  239 	.db #0x3f	; 63
   00BD C0                  240 	.db #0xc0	; 192
   00BE 40                  241 	.db #0x40	; 64
   00BF 3F                  242 	.db #0x3f	; 63
   00C0 7F                  243 	.db #0x7f	; 127
   00C1 EA                  244 	.db #0xea	; 234
   00C2 80                  245 	.db #0x80	; 128
   00C3 40                  246 	.db #0x40	; 64
   00C4 6A                  247 	.db #0x6a	; 106	'j'
   00C5 6A                  248 	.db #0x6a	; 106	'j'
   00C6 C4                  249 	.db #0xc4	; 196
   00C7 80                  250 	.db #0x80	; 128
   00C8 40                  251 	.db #0x40	; 64
   00C9 C0                  252 	.db #0xc0	; 192
   00CA C0                  253 	.db #0xc0	; 192
   00CB CE                  254 	.db #0xce	; 206
   00CC 80                  255 	.db #0x80	; 128
   00CD 00                  256 	.db #0x00	; 0
   00CE C0                  257 	.db #0xc0	; 192
   00CF C0                  258 	.db #0xc0	; 192
   00D0 CF                  259 	.db #0xcf	; 207
   00D1 CA                  260 	.db #0xca	; 202
   00D2 40                  261 	.db #0x40	; 64
   00D3 C0                  262 	.db #0xc0	; 192
   00D4 C0                  263 	.db #0xc0	; 192
   00D5 C0                  264 	.db #0xc0	; 192
   00D6 C0                  265 	.db #0xc0	; 192
   00D7 C0                  266 	.db #0xc0	; 192
   00D8 D5                  267 	.db #0xd5	; 213
   00D9 3F                  268 	.db #0x3f	; 63
   00DA FF                  269 	.db #0xff	; 255
   00DB C5                  270 	.db #0xc5	; 197
   00DC 00                  271 	.db #0x00	; 0
   00DD C0                  272 	.db #0xc0	; 192
   00DE 95                  273 	.db #0x95	; 149
   00DF 3F                  274 	.db #0x3f	; 63
   00E0 C5                  275 	.db #0xc5	; 197
   00E1 40                  276 	.db #0x40	; 64
   00E2 BF                  277 	.db #0xbf	; 191
   00E3 6A                  278 	.db #0x6a	; 106	'j'
   00E4 95                  279 	.db #0x95	; 149
   00E5 C0                  280 	.db #0xc0	; 192
   00E6 40                  281 	.db #0x40	; 64
   00E7 3F                  282 	.db #0x3f	; 63
   00E8 3F                  283 	.db #0x3f	; 63
   00E9 6A                  284 	.db #0x6a	; 106	'j'
   00EA 00                  285 	.db #0x00	; 0
   00EB D5                  286 	.db #0xd5	; 213
   00EC BF                  287 	.db #0xbf	; 191
   00ED 3F                  288 	.db #0x3f	; 63
   00EE 6A                  289 	.db #0x6a	; 106	'j'
   00EF 80                  290 	.db #0x80	; 128
                            291 	.area _INITIALIZER
                            292 	.area _CABS (ABS)
