ASxxxx Assembler V02.00 + NoICE + SDCC mods  (Zilog Z80 / Hitachi HD64180), page 1.
Hexadecimal [16-Bits]



                              1 ;;;
                              2 ;;; File generated by cpct_aks2c CPCtelera script
                              3 ;;; Souce file of this conversion: sound/end.aks
                              4 ;;; Generation time: Fri 20 Nov 2020 05:00:12 PM CET
                              5 ;;;
                              6 
                              7 ;;; Set absolute memory addressing
                              8 .area __g_end (ABS)
   032C                       9 .org 0x032C
                             10 
                             11 ;;; Music data start (370 bytes)
                             12 ;;;
   032C                      13 _g_end::
   032C 41 54 31 30 01 40    14 .db 0x41, 0x54, 0x31, 0x30, 0x01, 0x40, 0x42, 0x0f, 0x02, 0x05, 0x4e, 0x00, 0x40, 0x03, 0x49, 0x03
        42 0F 02 05 4E 00
        40 03 49 03
   033C 58 03 67 03 00 00    15 .db 0x58, 0x03, 0x67, 0x03, 0x00, 0x00, 0x00, 0x00, 0x00, 0x00, 0x0d, 0x42, 0x03, 0x01, 0x00, 0x70
        00 00 00 00 0D 42
        03 01 00 70
   034C FE AC FF FF 2C AC    16 .db 0xfe, 0xac, 0xff, 0xff, 0x2c, 0xac, 0x01, 0x00, 0x2c, 0x0d, 0x4d, 0x03, 0x01, 0x00, 0x72, 0x38
        01 00 2C 0D 4D 03
        01 00 72 38
   035C 24 70 18 6C 0C 28    17 .db 0x24, 0x70, 0x18, 0x6c, 0x0c, 0x28, 0x24, 0x20, 0x0d, 0x63, 0x03, 0x01, 0x00, 0x6c, 0x0c, 0x6c
        24 20 0D 63 03 01
        00 6C 0C 6C
   036C 18 AC FF FF 2C A8    18 .db 0x18, 0xac, 0xff, 0xff, 0x2c, 0xa8, 0x01, 0x00, 0x28, 0xe4, 0xff, 0xff, 0x0c, 0x60, 0x18, 0xa0
        01 00 28 E4 FF FF
        0C 60 18 A0
   037C 01 00 20 9C FF FF    19 .db 0x01, 0x00, 0x20, 0x9c, 0xff, 0xff, 0x1c, 0x0d, 0x75, 0x03, 0x34, 0x00, 0x00, 0x00, 0x9e, 0x03
        1C 0D 75 03 34 00
        00 00 9E 03
   038C 00 9F 03 05 04 4A    20 .db 0x00, 0x9f, 0x03, 0x05, 0x04, 0x4a, 0x04, 0x10, 0x97, 0x04, 0x97, 0x04, 0x97, 0x04, 0x02, 0x01
        04 10 97 04 97 04
        97 04 02 01
   039C 93 03 00 98 EB 00    21 .db 0x93, 0x03, 0x00, 0x98, 0xeb, 0x00, 0x00, 0x01, 0x42, 0x00, 0x42, 0x00, 0x42, 0x00, 0x42, 0x00
        00 01 42 00 42 00
        42 00 42 00
   03AC 42 00 42 00 42 00    22 .db 0x42, 0x00, 0x42, 0x00, 0x42, 0x00, 0x42, 0x00, 0x42, 0x00, 0x42, 0x00, 0x42, 0x00, 0x4b, 0x42
        42 00 42 00 42 00
        42 00 4B 42
   03BC 00 42 00 42 00 42    23 .db 0x00, 0x42, 0x00, 0x42, 0x00, 0x42, 0x00, 0x42, 0x00, 0x42, 0x00, 0x42, 0x00, 0x42, 0x00, 0x42
        00 42 00 42 00 42
        00 42 00 42
   03CC 00 42 00 42 00 4F    24 .db 0x00, 0x42, 0x00, 0x42, 0x00, 0x4f, 0x42, 0x00, 0x42, 0x00, 0x42, 0x00, 0x42, 0x00, 0x42, 0x00
        42 00 42 00 42 00
        42 00 42 00
   03DC 4B 42 00 47 42 00    25 .db 0x4b, 0x42, 0x00, 0x47, 0x42, 0x00, 0x42, 0x00, 0x42, 0x00, 0x41, 0x42, 0x00, 0x42, 0x00, 0x42
        42 00 42 00 41 42
        00 42 00 42
   03EC 00 42 00 42 00 42    26 .db 0x00, 0x42, 0x00, 0x42, 0x00, 0x42, 0x00, 0x42, 0x00, 0x42, 0x00, 0x42, 0x0d, 0x42, 0x0f, 0x42
        00 42 00 42 00 42
        0D 42 0F 42
   03FC 11 42 13 42 15 42    27 .db 0x11, 0x42, 0x13, 0x42, 0x15, 0x42, 0x17, 0x42, 0x19, 0x68, 0xe5, 0x00, 0x00, 0x02, 0x08, 0x42
        17 42 19 68 E5 00
        00 02 08 42
ASxxxx Assembler V02.00 + NoICE + SDCC mods  (Zilog Z80 / Hitachi HD64180), page 2.
Hexadecimal [16-Bits]



   040C 07 42 09 42 0B 68    28 .db 0x07, 0x42, 0x09, 0x42, 0x0b, 0x68, 0x45, 0x06, 0x68, 0x40, 0x08, 0x42, 0x07, 0x42, 0x09, 0x42
        45 06 68 40 08 42
        07 42 09 42
   041C 0B 42 0D 42 0F 42    29 .db 0x0b, 0x42, 0x0d, 0x42, 0x0f, 0x42, 0x11, 0x42, 0x13, 0x68, 0x45, 0x08, 0x42, 0x07, 0x42, 0x09
        11 42 13 68 45 08
        42 07 42 09
   042C 42 0B 68 45 06 68    30 .db 0x42, 0x0b, 0x68, 0x45, 0x06, 0x68, 0x40, 0x08, 0x42, 0x07, 0x42, 0x09, 0x42, 0x0b, 0x42, 0x0d
        40 08 42 07 42 09
        42 0B 42 0D
   043C 42 0F 42 11 42 13    31 .db 0x42, 0x0f, 0x42, 0x11, 0x42, 0x13, 0x42, 0x15, 0x42, 0x17, 0x42, 0x19, 0x42, 0x1b, 0xc8, 0xe3
        42 15 42 17 42 19
        42 1B C8 E3
   044C 00 00 03 02 42 0B    32 .db 0x00, 0x00, 0x03, 0x02, 0x42, 0x0b, 0x02, 0xcc, 0x43, 0x02, 0x8f, 0x02, 0x93, 0x02, 0x97, 0x02
        02 CC 43 02 8F 02
        93 02 97 02
   045C 93 02 42 0B 02 CE    33 .db 0x93, 0x02, 0x42, 0x0b, 0x02, 0xce, 0x43, 0x02, 0x42, 0x0b, 0x02, 0xcc, 0x43, 0x02, 0x42, 0x0b
        43 02 42 0B 02 CC
        43 02 42 0B
   046C 02 CC 43 02 42 0B    34 .db 0x02, 0xcc, 0x43, 0x02, 0x42, 0x0b, 0x02, 0xc8, 0x43, 0x02, 0x42, 0x0b, 0x02, 0xc4, 0x43, 0x02
        02 C8 43 02 42 0B
        02 C4 43 02
   047C 42 0B 02 C8 43 02    35 .db 0x42, 0x0b, 0x02, 0xc8, 0x43, 0x02, 0x42, 0x0b, 0x02, 0x42, 0x0d, 0x02, 0x42, 0x0f, 0x02, 0x42
        42 0B 02 42 0D 02
        42 0F 02 42
   048C 11 02 42 13 02 42    36 .db 0x11, 0x02, 0x42, 0x13, 0x02, 0x42, 0x15, 0x02, 0x42, 0x17, 0x00, 0x42, 0x60, 0x00, 0x42, 0x80
        15 02 42 17 00 42
        60 00 42 80
   049C 00 00                37 .db 0x00, 0x00
