ASxxxx Assembler V02.00 + NoICE + SDCC mods  (Zilog Z80 / Hitachi HD64180), page 1.
Hexadecimal [16-Bits]



                              1 ;;;
                              2 ;;; File generated by cpct_aks2c CPCtelera script
                              3 ;;; Souce file of this conversion: sound/ingame.aks
                              4 ;;; Generation time: Fri 20 Nov 2020 05:00:11 PM CET
                              5 ;;;
                              6 
                              7 ;;; Set absolute memory addressing
                              8 .area __g_ingame (ABS)
   0791                       9 .org 0x0791
                             10 
                             11 ;;; Music data start (1654 bytes)
                             12 ;;;
   0791                      13 _g_ingame::
   0791 41 54 31 30 01 40    14 .db 0x41, 0x54, 0x31, 0x30, 0x01, 0x40, 0x42, 0x0f, 0x02, 0x05, 0x92, 0x01, 0xb3, 0x07, 0xbc, 0x07
        42 0F 02 05 92 01
        B3 07 BC 07
   07A1 E7 07 12 08 25 08    15 .db 0xe7, 0x07, 0x12, 0x08, 0x25, 0x08, 0x4f, 0x08, 0x6b, 0x08, 0x95, 0x08, 0xbe, 0x08, 0xe1, 0x08
        4F 08 6B 08 95 08
        BE 08 E1 08
   07B1 10 09 00 00 00 00    16 .db 0x10, 0x09, 0x00, 0x00, 0x00, 0x00, 0x00, 0x00, 0x0d, 0xb5, 0x07, 0x01, 0x00, 0xf0, 0xff, 0xff
        00 00 0D B5 07 01
        00 F0 FF FF
   07C1 0C B4 01 00 B0 FF    17 .db 0x0c, 0xb4, 0x01, 0x00, 0xb0, 0xff, 0xff, 0xf0, 0x01, 0x00, 0x0c, 0xac, 0xff, 0xff, 0xa8, 0x01
        FF F0 01 00 0C AC
        FF FF A8 01
   07D1 00 D8 FF FF 0C DC    18 .db 0x00, 0xd8, 0xff, 0xff, 0x0c, 0xdc, 0x01, 0x00, 0x0c, 0xa0, 0xff, 0xff, 0x9c, 0x01, 0x00, 0xdc
        01 00 0C A0 FF FF
        9C 01 00 DC
   07E1 FF FF 0C 0D B5 07    19 .db 0xff, 0xff, 0x0c, 0x0d, 0xb5, 0x07, 0x01, 0x00, 0xe8, 0x01, 0x00, 0x18, 0xec, 0xff, 0xff, 0x0c
        01 00 E8 01 00 18
        EC FF FF 0C
   07F1 2C 60 24 E4 01 00    20 .db 0x2c, 0x60, 0x24, 0xe4, 0x01, 0x00, 0x18, 0xe4, 0xff, 0xff, 0x0c, 0xdc, 0x01, 0x00, 0x18, 0xdc
        18 E4 FF FF 0C DC
        01 00 18 DC
   0801 FF FF 0C 1C 58 24    21 .db 0xff, 0xff, 0x0c, 0x1c, 0x58, 0x24, 0xd8, 0x01, 0x00, 0x18, 0xd8, 0xff, 0xff, 0x0c, 0x0d, 0xb5
        D8 01 00 18 D8 FF
        FF 0C 0D B5
   0811 07 01 00 B4 01 00    22 .db 0x07, 0x01, 0x00, 0xb4, 0x01, 0x00, 0xec, 0xff, 0xff, 0x13, 0xb0, 0x01, 0x00, 0xec, 0xff, 0xff
        EC FF FF 13 B0 01
        00 EC FF FF
   0821 13 0D B5 07 01 00    23 .db 0x13, 0x0d, 0xb5, 0x07, 0x01, 0x00, 0x6e, 0x36, 0x22, 0x70, 0x16, 0xec, 0x01, 0x00, 0x0c, 0xe8
        6E 36 22 70 16 EC
        01 00 0C E8
   0831 FF FF 0C E4 01 00    24 .db 0xff, 0xff, 0x0c, 0xe4, 0x01, 0x00, 0x0c, 0xe0, 0xff, 0xff, 0x0c, 0xdc, 0x01, 0x00, 0x0c, 0xdc
        0C E0 FF FF 0C DC
        01 00 0C DC
   0841 03 00 0C DC FF FF    25 .db 0x03, 0x00, 0x0c, 0xdc, 0xff, 0xff, 0x0c, 0xdc, 0xfd, 0xff, 0x0c, 0x0d, 0x3c, 0x08, 0x02, 0x00
        0C DC FD FF 0C 0D
        3C 08 02 00
   0851 EA 21 FF FF 0C E4    26 .db 0xea, 0x21, 0xff, 0xff, 0x0c, 0xe4, 0x01, 0x00, 0x18, 0xa8, 0xff, 0xff, 0xdc, 0x01, 0x00, 0x0c
        01 00 18 A8 FF FF
        DC 01 00 0C
   0861 D8 FF FF 18 9C 01    27 .db 0xd8, 0xff, 0xff, 0x18, 0x9c, 0x01, 0x00, 0x0d, 0xb5, 0x07, 0x01, 0x00, 0x6e, 0x35, 0x0c, 0x2a
        00 0D B5 07 01 00
        6E 35 0C 2A
ASxxxx Assembler V02.00 + NoICE + SDCC mods  (Zilog Z80 / Hitachi HD64180), page 2.
Hexadecimal [16-Bits]



   0871 25 66 25 0C 22 25    28 .db 0x25, 0x66, 0x25, 0x0c, 0x22, 0x25, 0x62, 0x25, 0x0c, 0x62, 0x25, 0xfe, 0x5e, 0x25, 0xfd, 0x5e
        62 25 0C 62 25 FE
        5E 25 FD 5E
   0881 25 FC 5E 25 FB 5A    29 .db 0x25, 0xfc, 0x5e, 0x25, 0xfb, 0x5a, 0x25, 0xfa, 0x5a, 0x25, 0xf9, 0x5a, 0x25, 0xf8, 0x56, 0x25
        25 FA 5A 25 F9 5A
        25 F8 56 25
   0891 F7 0D B5 07 01 00    30 .db 0xf7, 0x0d, 0xb5, 0x07, 0x01, 0x00, 0x68, 0x13, 0xe8, 0xff, 0xff, 0x0c, 0x2c, 0xac, 0x01, 0x00
        68 13 E8 FF FF 0C
        2C AC 01 00
   08A1 68 0C E4 FF FF 0C    31 .db 0x68, 0x0c, 0xe4, 0xff, 0xff, 0x0c, 0x1c, 0x18, 0xdc, 0xff, 0xff, 0x13, 0x60, 0x0c, 0xa0, 0x01
        1C 18 DC FF FF 13
        60 0C A0 01
   08B1 00 1C D8 FF FF 0C    32 .db 0x00, 0x1c, 0xd8, 0xff, 0xff, 0x0c, 0x58, 0x0c, 0x54, 0x13, 0x0d, 0x97, 0x08, 0x01, 0x00, 0xec
        58 0C 54 13 0D 97
        08 01 00 EC
   08C1 01 00 F9 F0 FC FF    33 .db 0x01, 0x00, 0xf9, 0xf0, 0xfc, 0xff, 0xfc, 0x70, 0xfe, 0x2c, 0xac, 0xff, 0xff, 0xac, 0xfe, 0xff
        FC 70 FE 2C AC FF
        FF AC FE FF
   08D1 AC FF FF 2C AC 01    34 .db 0xac, 0xff, 0xff, 0x2c, 0xac, 0x01, 0x00, 0xac, 0x02, 0x00, 0xac, 0x01, 0x00, 0x0d, 0xca, 0x08
        00 AC 02 00 AC 01
        00 0D CA 08
   08E1 01 00 E8 01 00 FE    35 .db 0x01, 0x00, 0xe8, 0x01, 0x00, 0xfe, 0xec, 0xff, 0xff, 0x0c, 0xac, 0x01, 0x00, 0xa8, 0xff, 0xff
        EC FF FF 0C AC 01
        00 A8 FF FF
   08F1 E0 01 00 0C E4 FF    36 .db 0xe0, 0x01, 0x00, 0x0c, 0xe4, 0xff, 0xff, 0x0c, 0xa4, 0x01, 0x00, 0xa0, 0xff, 0xff, 0xd8, 0x01
        FF 0C A4 01 00 A0
        FF FF D8 01
   0901 00 0C DC FF FF 0C    37 .db 0x00, 0x0c, 0xdc, 0xff, 0xff, 0x0c, 0x9c, 0x01, 0x00, 0x98, 0xff, 0xff, 0x0d, 0xff, 0x08, 0x01
        9C 01 00 98 FF FF
        0D FF 08 01
   0911 00 1C 54 13 5C 0C    38 .db 0x00, 0x1c, 0x54, 0x13, 0x5c, 0x0c, 0x20, 0x20, 0x64, 0x13, 0xe8, 0xff, 0xff, 0x0c, 0x2c, 0xac
        20 20 64 13 E8 FF
        FF 0C 2C AC
   0921 01 00 68 0C E4 FF    39 .db 0x01, 0x00, 0x68, 0x0c, 0xe4, 0xff, 0xff, 0x0c, 0x1c, 0x54, 0x13, 0x0d, 0xb5, 0x07, 0x30, 0x00
        FF 0C 1C 54 13 0D
        B5 07 30 00
   0931 00 00 D8 09 00 D9    40 .db 0x00, 0x00, 0xd8, 0x09, 0x00, 0xd9, 0x09, 0x3d, 0x0a, 0xa4, 0x0b, 0x00, 0xd2, 0x0b, 0x36, 0x0c
        09 3D 0A A4 0B 00
        D2 0B 36 0C
   0941 AC 0B 0E 00 00 00    41 .db 0xac, 0x0b, 0x0e, 0x00, 0x00, 0x00, 0xd9, 0x09, 0x3d, 0x0a, 0x8f, 0x0a, 0x00, 0xd2, 0x0b, 0x36
        D9 09 3D 0A 8F 0A
        00 D2 0B 36
   0951 0C C6 0A 00 D9 09    42 .db 0x0c, 0xc6, 0x0a, 0x00, 0xd9, 0x09, 0x3d, 0x0a, 0x8f, 0x0a, 0x00, 0xd2, 0x0b, 0x36, 0x0c, 0xc6
        3D 0A 8F 0A 00 D2
        0B 36 0C C6
   0961 0A 00 D9 09 3D 0A    43 .db 0x0a, 0x00, 0xd9, 0x09, 0x3d, 0x0a, 0x89, 0x0c, 0x00, 0xd2, 0x0b, 0x36, 0x0c, 0xd5, 0x0c, 0x00
        89 0C 00 D2 0B 36
        0C D5 0C 00
   0971 D9 09 3D 0A 89 0C    44 .db 0xd9, 0x09, 0x3d, 0x0a, 0x89, 0x0c, 0x00, 0xd2, 0x0b, 0x36, 0x0c, 0xd5, 0x0c, 0x00, 0xd9, 0x09
        00 D2 0B 36 0C D5
        0C 00 D9 09
   0981 3D 0A FB 0A 00 D2    45 .db 0x3d, 0x0a, 0xfb, 0x0a, 0x00, 0xd2, 0x0b, 0x36, 0x0c, 0x54, 0x0b, 0x00, 0xd9, 0x09, 0x3d, 0x0a
        0B 36 0C 54 0B 00
        D9 09 3D 0A
   0991 FB 0A 00 D2 0B 36    46 .db 0xfb, 0x0a, 0x00, 0xd2, 0x0b, 0x36, 0x0c, 0x54, 0x0b, 0x0e, 0x02, 0x02, 0x02, 0xd9, 0x09, 0x3d
ASxxxx Assembler V02.00 + NoICE + SDCC mods  (Zilog Z80 / Hitachi HD64180), page 3.
Hexadecimal [16-Bits]



        0C 54 0B 0E 02 02
        02 D9 09 3D
   09A1 0A 89 0C 00 D2 0B    47 .db 0x0a, 0x89, 0x0c, 0x00, 0xd2, 0x0b, 0x36, 0x0c, 0xd5, 0x0c, 0x00, 0xd9, 0x09, 0x1b, 0x0d, 0x89
        36 0C D5 0C 00 D9
        09 1B 0D 89
   09B1 0C 00 D2 0B 91 0D    48 .db 0x0c, 0x00, 0xd2, 0x0b, 0x91, 0x0d, 0xd5, 0x0c, 0x00, 0xd9, 0x09, 0x3d, 0x0a, 0x8f, 0x0a, 0x00
        D5 0C 00 D9 09 3D
        0A 8F 0A 00
   09C1 D2 0B 36 0C C6 0A    49 .db 0xd2, 0x0b, 0x36, 0x0c, 0xc6, 0x0a, 0x00, 0xd9, 0x09, 0x3d, 0x0a, 0x8f, 0x0a, 0x00, 0xd2, 0x0b
        00 D9 09 3D 0A 8F
        0A 00 D2 0B
   09D1 36 0C C6 0A 01 43    50 .db 0x36, 0x0c, 0xc6, 0x0a, 0x01, 0x43, 0x09, 0x00, 0x98, 0xe9, 0x00, 0x00, 0x01, 0x42, 0x00, 0x42
        09 00 98 E9 00 00
        01 42 00 42
   09E1 00 67 42 00 42 00    51 .db 0x00, 0x67, 0x42, 0x00, 0x42, 0x00, 0xa6, 0x60, 0x02, 0x42, 0x00, 0x42, 0x00, 0x8a, 0x60, 0x01
        A6 60 02 42 00 42
        00 8A 60 01
   09F1 42 00 4F 59 42 00    52 .db 0x42, 0x00, 0x4f, 0x59, 0x42, 0x00, 0x42, 0x00, 0x67, 0x42, 0x00, 0x42, 0x00, 0xa6, 0x60, 0x02
        42 00 67 42 00 42
        00 A6 60 02
   0A01 42 00 42 00 9E 60    53 .db 0x42, 0x00, 0x42, 0x00, 0x9e, 0x60, 0x01, 0xb6, 0x6b, 0x03, 0x7f, 0x94, 0x69, 0x01, 0x42, 0x00
        01 B6 6B 03 7F 94
        69 01 42 00
   0A11 42 00 63 42 00 42    54 .db 0x42, 0x00, 0x63, 0x42, 0x00, 0x42, 0x00, 0xa2, 0x60, 0x02, 0x42, 0x00, 0x42, 0x00, 0xa6, 0x60
        00 A2 60 02 42 00
        42 00 A6 60
   0A21 01 42 00 4B 55 42    55 .db 0x01, 0x42, 0x00, 0x4b, 0x55, 0x42, 0x00, 0x42, 0x00, 0x63, 0x42, 0x00, 0x42, 0x00, 0xa2, 0x60
        00 42 00 63 42 00
        42 00 A2 60
   0A31 02 42 00 42 00 9E    56 .db 0x02, 0x42, 0x00, 0x42, 0x00, 0x9e, 0x60, 0x01, 0xbe, 0x6b, 0x03, 0x77, 0x68, 0xe1, 0x00, 0x00
        60 01 BE 6B 03 77
        68 E1 00 00
   0A41 04 04 80 60 05 02    57 .db 0x04, 0x04, 0x80, 0x60, 0x05, 0x02, 0x42, 0x00, 0x98, 0x60, 0x06, 0x04, 0x72, 0x60, 0x05, 0x02
        42 00 98 60 06 04
        72 60 05 02
   0A51 37 68 60 04 02 42    58 .db 0x37, 0x68, 0x60, 0x04, 0x02, 0x42, 0x00, 0x80, 0x60, 0x05, 0x02, 0x42, 0x00, 0x98, 0x60, 0x06
        00 80 60 05 02 42
        00 98 60 06
   0A61 04 72 60 05 02 37    59 .db 0x04, 0x72, 0x60, 0x05, 0x02, 0x37, 0x64, 0x60, 0x04, 0x04, 0x7c, 0x60, 0x05, 0x02, 0x42, 0x00
        64 60 04 04 7C 60
        05 02 42 00
   0A71 94 60 06 04 72 60    60 .db 0x94, 0x60, 0x06, 0x04, 0x72, 0x60, 0x05, 0x02, 0x37, 0x64, 0x60, 0x04, 0x02, 0x42, 0x00, 0x7c
        05 02 37 64 60 04
        02 42 00 7C
   0A81 60 05 02 42 00 94    61 .db 0x60, 0x05, 0x02, 0x42, 0x00, 0x94, 0x60, 0x06, 0x04, 0x72, 0x60, 0x05, 0x02, 0x37, 0x42, 0x60
        60 06 04 72 60 05
        02 37 42 60
   0A91 00 42 80 00 00 02    62 .db 0x00, 0x42, 0x80, 0x00, 0x00, 0x02, 0xbe, 0x63, 0x07, 0x04, 0x7f, 0x04, 0x42, 0x0b, 0x42, 0x00
        BE 63 07 04 7F 04
        42 0B 42 00
   0AA1 BE 43 7B 04 77 04    63 .db 0xbe, 0x43, 0x7b, 0x04, 0x77, 0x04, 0xcc, 0x67, 0x08, 0x04, 0x89, 0x04, 0x42, 0x0d, 0x04, 0xbe
        CC 67 08 04 89 04
        42 0D 04 BE
   0AB1 63 07 04 7F 04 42    64 .db 0x63, 0x07, 0x04, 0x7f, 0x04, 0x42, 0x0b, 0x02, 0xbe, 0x43, 0x7b, 0x04, 0xdc, 0x67, 0x08, 0x04
        0B 02 BE 43 7B 04
ASxxxx Assembler V02.00 + NoICE + SDCC mods  (Zilog Z80 / Hitachi HD64180), page 4.
Hexadecimal [16-Bits]



        DC 67 08 04
   0AC1 97 04 42 0D 00 42    65 .db 0x97, 0x04, 0x42, 0x0d, 0x00, 0x42, 0x60, 0x00, 0x42, 0x80, 0x00, 0x00, 0x02, 0xbe, 0x63, 0x07
        60 00 42 80 00 00
        02 BE 63 07
   0AD1 04 7F 04 42 0B 42    66 .db 0x04, 0x7f, 0x04, 0x42, 0x0b, 0x42, 0x00, 0xbe, 0x43, 0x7b, 0x04, 0x77, 0x04, 0xcc, 0x67, 0x08
        00 BE 43 7B 04 77
        04 CC 67 08
   0AE1 04 89 02 B0 63 07    67 .db 0x04, 0x89, 0x02, 0xb0, 0x63, 0x07, 0x77, 0x04, 0x75, 0x04, 0x71, 0x04, 0x6d, 0x02, 0x6d, 0x77
        77 04 75 04 71 04
        6D 02 6D 77
   0AF1 04 CC 67 08 04 89    68 .db 0x04, 0xcc, 0x67, 0x08, 0x04, 0x89, 0x04, 0x42, 0x0d, 0x00, 0x42, 0x60, 0x00, 0x42, 0x80, 0x00
        04 42 0D 00 42 60
        00 42 80 00
   0B01 00 02 BE 63 09 42    69 .db 0x00, 0x02, 0xbe, 0x63, 0x09, 0x42, 0x00, 0x7b, 0x77, 0x42, 0x00, 0x42, 0x00, 0xe0, 0x67, 0x08
        00 7B 77 42 00 42
        00 E0 67 08
   0B11 42 00 42 00 97 42    70 .db 0x42, 0x00, 0x42, 0x00, 0x97, 0x42, 0x00, 0x42, 0x00, 0xb6, 0x63, 0x09, 0x42, 0x00, 0x7b, 0x7f
        00 42 00 B6 63 09
        42 00 7B 7F
   0B21 42 00 42 00 DC 67    71 .db 0x42, 0x00, 0x42, 0x00, 0xdc, 0x67, 0x08, 0x42, 0x00, 0x42, 0x00, 0x93, 0x42, 0x00, 0x42, 0x00
        08 42 00 42 00 93
        42 00 42 00
   0B31 BE 63 09 42 00 7B    72 .db 0xbe, 0x63, 0x09, 0x42, 0x00, 0x7b, 0x77, 0x42, 0x00, 0x42, 0x00, 0x75, 0x42, 0x00, 0x77, 0x7b
        77 42 00 42 00 75
        42 00 77 7B
   0B41 42 00 42 00 75 42    73 .db 0x42, 0x00, 0x42, 0x00, 0x75, 0x42, 0x00, 0x6d, 0x71, 0x42, 0x00, 0x42, 0x00, 0x42, 0x07, 0x42
        00 6D 71 42 00 42
        00 42 07 42
   0B51 00 42 00 42 80 00    74 .db 0x00, 0x42, 0x00, 0x42, 0x80, 0x00, 0x00, 0x04, 0xbe, 0x63, 0x09, 0x42, 0x00, 0x7b, 0x77, 0x42
        00 04 BE 63 09 42
        00 7B 77 42
   0B61 00 42 00 E0 67 08    75 .db 0x00, 0x42, 0x00, 0xe0, 0x67, 0x08, 0x42, 0x00, 0x42, 0x00, 0x97, 0x42, 0x00, 0x42, 0x00, 0xb6
        42 00 42 00 97 42
        00 42 00 B6
   0B71 63 09 42 00 7F 7B    76 .db 0x63, 0x09, 0x42, 0x00, 0x7f, 0x7b, 0x42, 0x00, 0x42, 0x00, 0x71, 0x42, 0x00, 0x75, 0x77, 0x42
        42 00 42 00 71 42
        00 75 77 42
   0B81 00 42 00 7B 42 00    77 .db 0x00, 0x42, 0x00, 0x7b, 0x42, 0x00, 0x77, 0x75, 0x42, 0x00, 0x42, 0x00, 0x6d, 0x42, 0x00, 0x71
        77 75 42 00 42 00
        6D 42 00 71
   0B91 75 42 00 77 75 42    78 .db 0x75, 0x42, 0x00, 0x77, 0x75, 0x42, 0x00, 0x6d, 0x71, 0x42, 0x00, 0x42, 0x00, 0x42, 0x07, 0x42
        00 6D 71 42 00 42
        00 42 07 42
   0BA1 00 42 00 42 60 00    79 .db 0x00, 0x42, 0x00, 0x42, 0x60, 0x00, 0x42, 0x80, 0x00, 0x00, 0x00, 0x42, 0x80, 0x00, 0x00, 0x3e
        42 80 00 00 00 42
        80 00 00 3E
   0BB1 08 BA 71 07 BC 6F    80 .db 0x08, 0xba, 0x71, 0x07, 0xbc, 0x6f, 0x03, 0xbe, 0x6d, 0x07, 0xc0, 0x6b, 0x03, 0xc2, 0x60, 0x07
        03 BE 6D 07 C0 6B
        03 C2 60 07
   0BC1 C4 69 03 C6 60 07    81 .db 0xc4, 0x69, 0x03, 0xc6, 0x60, 0x07, 0xc8, 0x60, 0x03, 0xca, 0x60, 0x07, 0x8d, 0x8f, 0xd0, 0x60
        C8 60 03 CA 60 07
        8D 8F D0 60
   0BD1 03 90 E9 00 00 01    82 .db 0x03, 0x90, 0xe9, 0x00, 0x00, 0x01, 0x42, 0x00, 0x42, 0x00, 0x5f, 0x42, 0x00, 0x42, 0x00, 0x9e
        42 00 42 00 5F 42
        00 42 00 9E
ASxxxx Assembler V02.00 + NoICE + SDCC mods  (Zilog Z80 / Hitachi HD64180), page 5.
Hexadecimal [16-Bits]



   0BE1 60 02 42 00 42 00    83 .db 0x60, 0x02, 0x42, 0x00, 0x42, 0x00, 0xa2, 0x60, 0x01, 0x42, 0x00, 0x47, 0x51, 0x42, 0x00, 0x42
        A2 60 01 42 00 47
        51 42 00 42
   0BF1 00 5F 42 00 42 00    84 .db 0x00, 0x5f, 0x42, 0x00, 0x42, 0x00, 0x9e, 0x60, 0x02, 0x42, 0x00, 0x42, 0x00, 0x9e, 0x60, 0x01
        9E 60 02 42 00 42
        00 9E 60 01
   0C01 B6 6B 03 7F 94 69    85 .db 0xb6, 0x6b, 0x03, 0x7f, 0x94, 0x69, 0x01, 0x42, 0x00, 0x42, 0x00, 0x63, 0x42, 0x00, 0x42, 0x00
        01 42 00 42 00 63
        42 00 42 00
   0C11 A2 60 02 42 00 42    86 .db 0xa2, 0x60, 0x02, 0x42, 0x00, 0x42, 0x00, 0xa6, 0x60, 0x01, 0x42, 0x00, 0x4b, 0x55, 0x42, 0x00
        00 A6 60 01 42 00
        4B 55 42 00
   0C21 42 00 63 42 00 42    87 .db 0x42, 0x00, 0x63, 0x42, 0x00, 0x42, 0x00, 0xa2, 0x60, 0x02, 0x42, 0x00, 0x42, 0x00, 0x9e, 0x60
        00 A2 60 02 42 00
        42 00 9E 60
   0C31 01 BE 6B 03 77 60    88 .db 0x01, 0xbe, 0x6b, 0x03, 0x77, 0x60, 0xe1, 0x00, 0x00, 0x04, 0x04, 0x78, 0x60, 0x05, 0x02, 0x42
        E1 00 00 04 04 78
        60 05 02 42
   0C41 00 90 60 06 04 6E    89 .db 0x00, 0x90, 0x60, 0x06, 0x04, 0x6e, 0x60, 0x05, 0x02, 0x33, 0x60, 0x60, 0x04, 0x02, 0x42, 0x00
        60 05 02 33 60 60
        04 02 42 00
   0C51 78 60 05 02 42 00    90 .db 0x78, 0x60, 0x05, 0x02, 0x42, 0x00, 0x90, 0x60, 0x06, 0x04, 0x72, 0x60, 0x05, 0x02, 0x37, 0x64
        90 60 06 04 72 60
        05 02 37 64
   0C61 60 04 04 7C 60 05    91 .db 0x60, 0x04, 0x04, 0x7c, 0x60, 0x05, 0x02, 0x42, 0x00, 0x94, 0x60, 0x06, 0x04, 0x72, 0x60, 0x05
        02 42 00 94 60 06
        04 72 60 05
   0C71 02 37 64 60 04 02    92 .db 0x02, 0x37, 0x64, 0x60, 0x04, 0x02, 0x42, 0x00, 0x7c, 0x60, 0x05, 0x02, 0x42, 0x00, 0x94, 0x60
        42 00 7C 60 05 02
        42 00 94 60
   0C81 06 04 94 47 98 45    93 .db 0x06, 0x04, 0x94, 0x47, 0x98, 0x45, 0x9c, 0x43, 0xb0, 0xe3, 0x00, 0x00, 0x07, 0x42, 0x00, 0x67
        9C 43 B0 E3 00 00
        07 42 00 67
   0C91 67 42 00 6D 71 42    94 .db 0x67, 0x42, 0x00, 0x6d, 0x71, 0x42, 0x00, 0x67, 0x67, 0x42, 0x00, 0x71, 0x75, 0x42, 0x00, 0x77
        00 67 67 42 00 71
        75 42 00 77
   0CA1 75 42 00 6D 71 42    95 .db 0x75, 0x42, 0x00, 0x6d, 0x71, 0x42, 0x00, 0x42, 0x00, 0x67, 0x42, 0x00, 0x42, 0x00, 0x71, 0x42
        00 42 00 67 42 00
        42 00 71 42
   0CB1 00 67 67 42 00 6D    96 .db 0x00, 0x67, 0x67, 0x42, 0x00, 0x6d, 0x71, 0x42, 0x00, 0x67, 0x67, 0x42, 0x00, 0x71, 0x75, 0x42
        71 42 00 67 67 42
        00 71 75 42
   0CC1 00 77 75 42 00 6D    97 .db 0x00, 0x77, 0x75, 0x42, 0x00, 0x6d, 0x71, 0x42, 0x00, 0x42, 0x00, 0xba, 0xe5, 0xf0, 0xff, 0x08
        71 42 00 42 00 BA
        E5 F0 FF 08
   0CD1 42 07 BA 49 B0 E3    98 .db 0x42, 0x07, 0xba, 0x49, 0xb0, 0xe3, 0x00, 0x00, 0x07, 0x42, 0x00, 0x67, 0x67, 0x42, 0x00, 0x6d
        00 00 07 42 00 67
        67 42 00 6D
   0CE1 71 42 00 67 67 42    99 .db 0x71, 0x42, 0x00, 0x67, 0x67, 0x42, 0x00, 0x71, 0x75, 0x42, 0x00, 0x77, 0x75, 0x42, 0x00, 0x6d
        00 71 75 42 00 77
        75 42 00 6D
   0CF1 71 42 00 42 00 6D   100 .db 0x71, 0x42, 0x00, 0x42, 0x00, 0x6d, 0x71, 0x75, 0x77, 0x02, 0x7b, 0x77, 0x02, 0x71, 0x75, 0xb0
        71 75 77 02 7B 77
        02 71 75 B0
   0D01 60 0A 42 00 AC 60   101 .db 0x60, 0x0a, 0x42, 0x00, 0xac, 0x60, 0x07, 0x71, 0x75, 0x77, 0x02, 0x7b, 0x75, 0x02, 0x6d, 0x71
ASxxxx Assembler V02.00 + NoICE + SDCC mods  (Zilog Z80 / Hitachi HD64180), page 6.
Hexadecimal [16-Bits]



        07 71 75 77 02 7B
        75 02 6D 71
   0D11 04 CE E7 30 00 08   102 .db 0x04, 0xce, 0xe7, 0x30, 0x00, 0x08, 0x42, 0x09, 0xce, 0x4b, 0x68, 0xe1, 0x00, 0x00, 0x04, 0x42
        42 09 CE 4B 68 E1
        00 00 04 42
   0D21 80 50 00 42 00 42   103 .db 0x80, 0x50, 0x00, 0x42, 0x00, 0x42, 0x00, 0x42, 0x00, 0x42, 0x00, 0x42, 0x00, 0x42, 0x00, 0x42
        00 42 00 42 00 42
        00 42 00 42
   0D31 00 68 C0 00 00 42   104 .db 0x00, 0x68, 0xc0, 0x00, 0x00, 0x42, 0x80, 0x50, 0x00, 0x42, 0x00, 0x68, 0xc0, 0x00, 0x00, 0x42
        80 50 00 42 00 68
        C0 00 00 42
   0D41 80 50 00 42 00 42   105 .db 0x80, 0x50, 0x00, 0x42, 0x00, 0x42, 0x00, 0x42, 0x00, 0x42, 0x00, 0x8e, 0xe3, 0x00, 0x00, 0x06
        00 42 00 42 00 8E
        E3 00 00 06
   0D51 04 8E 47 02 42 00   106 .db 0x04, 0x8e, 0x47, 0x02, 0x42, 0x00, 0x64, 0x61, 0x04, 0x42, 0x80, 0x50, 0x00, 0x42, 0x00, 0x42
        64 61 04 42 80 50
        00 42 00 42
   0D61 00 42 00 42 00 42   107 .db 0x00, 0x42, 0x00, 0x42, 0x00, 0x42, 0x00, 0x42, 0x00, 0x42, 0x00, 0x64, 0xc0, 0x00, 0x00, 0x42
        00 42 00 42 00 64
        C0 00 00 42
   0D71 80 50 00 42 00 64   108 .db 0x80, 0x50, 0x00, 0x42, 0x00, 0x64, 0xc0, 0x00, 0x00, 0x42, 0x80, 0x50, 0x00, 0x42, 0x00, 0x42
        C0 00 00 42 80 50
        00 42 00 42
   0D81 00 42 00 42 00 8E   109 .db 0x00, 0x42, 0x00, 0x42, 0x00, 0x8e, 0xe3, 0x00, 0x00, 0x06, 0x04, 0x8e, 0x47, 0x02, 0x42, 0x00
        E3 00 00 06 04 8E
        47 02 42 00
   0D91 60 E1 00 00 04 42   110 .db 0x60, 0xe1, 0x00, 0x00, 0x04, 0x42, 0x80, 0x50, 0x00, 0x42, 0x00, 0x42, 0x00, 0x42, 0x00, 0x42
        80 50 00 42 00 42
        00 42 00 42
   0DA1 00 42 00 42 00 42   111 .db 0x00, 0x42, 0x00, 0x42, 0x00, 0x42, 0x00, 0x60, 0xc0, 0x00, 0x00, 0x42, 0x80, 0x50, 0x00, 0x42
        00 60 C0 00 00 42
        80 50 00 42
   0DB1 00 60 C0 00 00 42   112 .db 0x00, 0x60, 0xc0, 0x00, 0x00, 0x42, 0x80, 0x50, 0x00, 0x42, 0x00, 0x42, 0x00, 0x42, 0x00, 0x42
        80 50 00 42 00 42
        00 42 00 42
   0DC1 00 8E E3 00 00 06   113 .db 0x00, 0x8e, 0xe3, 0x00, 0x00, 0x06, 0x04, 0x8e, 0x47, 0x02, 0x42, 0x00, 0x64, 0x61, 0x04, 0x42
        04 8E 47 02 42 00
        64 61 04 42
   0DD1 80 50 00 42 00 42   114 .db 0x80, 0x50, 0x00, 0x42, 0x00, 0x42, 0x00, 0x42, 0x00, 0x42, 0x00, 0x42, 0x00, 0x42, 0x00, 0x42
        00 42 00 42 00 42
        00 42 00 42
   0DE1 00 64 C0 00 00 42   115 .db 0x00, 0x64, 0xc0, 0x00, 0x00, 0x42, 0x80, 0x50, 0x00, 0x42, 0x00, 0x64, 0xc0, 0x00, 0x00, 0x42
        80 50 00 42 00 64
        C0 00 00 42
   0DF1 80 50 00 42 00 42   116 .db 0x80, 0x50, 0x00, 0x42, 0x00, 0x42, 0x00, 0x42, 0x00, 0x42, 0x00, 0x8e, 0xe3, 0x00, 0x00, 0x06
        00 42 00 42 00 8E
        E3 00 00 06
   0E01 04 8E 47 02 42 00   117 .db 0x04, 0x8e, 0x47, 0x02, 0x42, 0x00
