ASxxxx Assembler V02.00 + NoICE + SDCC mods  (Zilog Z80 / Hitachi HD64180), page 1.
Hexadecimal [16-Bits]



                              1 ;;;
                              2 ;;; File generated by cpct_aks2c CPCtelera script
                              3 ;;; Souce file of this conversion: sound/start.aks
                              4 ;;; Generation time: Fri 20 Nov 2020 05:00:13 PM CET
                              5 ;;;
                              6 
                              7 ;;; Set absolute memory addressing
                              8 .area __g_start (ABS)
   0200                       9 .org 0x0200
                             10 
                             11 ;;; Music data start (300 bytes)
                             12 ;;;
   0200                      13 _g_start::
   0200 41 54 31 30 01 40    14 .db 0x41, 0x54, 0x31, 0x30, 0x01, 0x40, 0x42, 0x0f, 0x02, 0x04, 0x50, 0x00, 0x14, 0x02, 0x1d, 0x02
        42 0F 02 04 50 00
        14 02 1D 02
   0210 2C 02 3D 02 00 00    15 .db 0x2c, 0x02, 0x3d, 0x02, 0x00, 0x00, 0x00, 0x00, 0x00, 0x00, 0x0d, 0x16, 0x02, 0x01, 0x00, 0xf0
        00 00 00 00 0D 16
        02 01 00 F0
   0220 01 00 FE AC FF FF    16 .db 0x01, 0x00, 0xfe, 0xac, 0xff, 0xff, 0xac, 0x01, 0x00, 0x0d, 0x23, 0x02, 0x01, 0x00, 0x72, 0x38
        AC 01 00 0D 23 02
        01 00 72 38
   0230 24 74 18 70 0C 2C    17 .db 0x24, 0x74, 0x18, 0x70, 0x0c, 0x2c, 0x28, 0x24, 0x24, 0x20, 0x0d, 0x39, 0x02, 0x01, 0x00, 0x64
        28 24 24 20 0D 39
        02 01 00 64
   0240 0C 28 E8 FF FF 0C    18 .db 0x0c, 0x28, 0xe8, 0xff, 0xff, 0x0c, 0x28, 0xa8, 0x01, 0x00, 0x24, 0xe0, 0xff, 0xff, 0x0c, 0x20
        28 A8 01 00 24 E0
        FF FF 0C 20
   0250 DC 01 00 0C 1C 98    19 .db 0xdc, 0x01, 0x00, 0x0c, 0x1c, 0x98, 0xff, 0xff, 0x18, 0x0d, 0x3f, 0x02, 0x34, 0x00, 0x00, 0x00
        FF FF 18 0D 3F 02
        34 00 00 00
   0260 74 02 00 75 02 A4    20 .db 0x74, 0x02, 0x00, 0x75, 0x02, 0xa4, 0x02, 0xd4, 0x02, 0x10, 0x24, 0x03, 0x24, 0x03, 0x24, 0x03
        02 D4 02 10 24 03
        24 03 24 03
   0270 04 01 69 02 00 8E    21 .db 0x04, 0x01, 0x69, 0x02, 0x00, 0x8e, 0xeb, 0x00, 0x00, 0x01, 0x0a, 0x53, 0x02, 0x55, 0x06, 0x59
        EB 00 00 01 0A 53
        02 55 06 59
   0280 06 53 06 4B 06 4F    22 .db 0x06, 0x53, 0x06, 0x4b, 0x06, 0x4f, 0x42, 0x00, 0x02, 0x42, 0x00, 0x55, 0x06, 0x53, 0x06, 0x8e
        42 00 02 42 00 55
        06 53 06 8E
   0290 40 06 42 0D 02 42    23 .db 0x40, 0x06, 0x42, 0x0d, 0x02, 0x42, 0x0f, 0x02, 0x42, 0x11, 0x02, 0x42, 0x13, 0x02, 0x42, 0x15
        0F 02 42 11 02 42
        13 02 42 15
   02A0 02 42 17 00 68 E5    24 .db 0x02, 0x42, 0x17, 0x00, 0x68, 0xe5, 0x00, 0x00, 0x02, 0x06, 0x42, 0x09, 0x06, 0x68, 0x45, 0x06
        00 00 02 06 42 09
        06 68 45 06
   02B0 68 40 06 42 09 06    25 .db 0x68, 0x40, 0x06, 0x42, 0x09, 0x06, 0x42, 0x0d, 0x06, 0x68, 0x45, 0x06, 0x42, 0x09, 0x06, 0x68
        42 0D 06 68 45 06
        42 09 06 68
   02C0 45 06 68 40 06 42    26 .db 0x45, 0x06, 0x68, 0x40, 0x06, 0x42, 0x09, 0x06, 0x42, 0x0d, 0x02, 0x42, 0x0f, 0x02, 0x42, 0x11
        09 06 42 0D 02 42
        0F 02 42 11
   02D0 02 42 13 00 C8 E3    27 .db 0x02, 0x42, 0x13, 0x00, 0xc8, 0xe3, 0x00, 0x00, 0x03, 0x02, 0x42, 0x07, 0x02, 0x42, 0x09, 0x02
        00 00 03 02 42 07
        02 42 09 02
ASxxxx Assembler V02.00 + NoICE + SDCC mods  (Zilog Z80 / Hitachi HD64180), page 2.
Hexadecimal [16-Bits]



   02E0 42 0B 02 C8 43 02    28 .db 0x42, 0x0b, 0x02, 0xc8, 0x43, 0x02, 0x42, 0x07, 0x02, 0xd6, 0x43, 0x02, 0x42, 0x07, 0x02, 0x42
        42 07 02 D6 43 02
        42 07 02 42
   02F0 09 02 42 0B 02 D6    29 .db 0x09, 0x02, 0x42, 0x0b, 0x02, 0xd6, 0x43, 0x02, 0x42, 0x07, 0x02, 0xd2, 0x43, 0x02, 0x42, 0x07
        43 02 42 07 02 D2
        43 02 42 07
   0300 02 42 09 02 DC 43    30 .db 0x02, 0x42, 0x09, 0x02, 0xdc, 0x43, 0x02, 0x9b, 0x02, 0x42, 0x07, 0x02, 0xd6, 0x43, 0x02, 0x42
        02 9B 02 42 07 02
        D6 43 02 42
   0310 07 02 42 09 02 42    31 .db 0x07, 0x02, 0x42, 0x09, 0x02, 0x42, 0x0b, 0x02, 0x42, 0x0d, 0x02, 0x42, 0x0f, 0x02, 0x42, 0x11
        0B 02 42 0D 02 42
        0F 02 42 11
   0320 02 42 13 00 42 60    32 .db 0x02, 0x42, 0x13, 0x00, 0x42, 0x60, 0x00, 0x42, 0x80, 0x00, 0x00, 0x00
        00 42 80 00 00 00
