                              1 ;--------------------------------------------------------
                              2 ; File Created by SDCC : free open source ANSI-C Compiler
                              3 ; Version 3.6.8 #9946 (Linux)
                              4 ;--------------------------------------------------------
                              5 	.module font
                              6 	.optsdcc -mz80
                              7 	
                              8 ;--------------------------------------------------------
                              9 ; Public variables in this module
                             10 ;--------------------------------------------------------
                             11 	.globl _g_font
                             12 ;--------------------------------------------------------
                             13 ; special function registers
                             14 ;--------------------------------------------------------
                             15 ;--------------------------------------------------------
                             16 ; ram data
                             17 ;--------------------------------------------------------
                             18 	.area _DATA
                             19 ;--------------------------------------------------------
                             20 ; ram data
                             21 ;--------------------------------------------------------
                             22 	.area _INITIALIZED
                             23 ;--------------------------------------------------------
                             24 ; absolute external ram data
                             25 ;--------------------------------------------------------
                             26 	.area _DABS (ABS)
                             27 ;--------------------------------------------------------
                             28 ; global & static initialisations
                             29 ;--------------------------------------------------------
                             30 	.area _HOME
                             31 	.area _GSINIT
                             32 	.area _GSFINAL
                             33 	.area _GSINIT
                             34 ;--------------------------------------------------------
                             35 ; Home
                             36 ;--------------------------------------------------------
                             37 	.area _HOME
                             38 	.area _HOME
                             39 ;--------------------------------------------------------
                             40 ; code
                             41 ;--------------------------------------------------------
                             42 	.area _CODE
                             43 	.area _CODE
   0000                      44 _g_font:
   0000 44                   45 	.db #0x44	; 68	'D'
   0001 CC                   46 	.db #0xcc	; 204
   0002 02                   47 	.db #0x02	; 2
   0003 FF                   48 	.db #0xff	; 255
   0004 FF                   49 	.db #0xff	; 255
   0005 AB                   50 	.db #0xab	; 171
   0006 FF                   51 	.db #0xff	; 255
   0007 57                   52 	.db #0x57	; 87	'W'
   0008 AB                   53 	.db #0xab	; 171
   0009 FF                   54 	.db #0xff	; 255
   000A 57                   55 	.db #0x57	; 87	'W'
   000B AB                   56 	.db #0xab	; 171
   000C 0F                   57 	.db #0x0f	; 15
   000D 07                   58 	.db #0x07	; 7
   000E 0B                   59 	.db #0x0b	; 11
   000F 0F                   60 	.db #0x0f	; 15
   0010 07                   61 	.db #0x07	; 7
   0011 0B                   62 	.db #0x0b	; 11
   0012 C3                   63 	.db #0xc3	; 195
   0013 C3                   64 	.db #0xc3	; 195
   0014 83                   65 	.db #0x83	; 131
   0015 41                   66 	.db #0x41	; 65	'A'
   0016 C3                   67 	.db #0xc3	; 195
   0017 02                   68 	.db #0x02	; 2
   0018 00                   69 	.db #0x00	; 0
   0019 CC                   70 	.db #0xcc	; 204
   001A 02                   71 	.db #0x02	; 2
   001B 55                   72 	.db #0x55	; 85	'U'
   001C FF                   73 	.db #0xff	; 255
   001D 02                   74 	.db #0x02	; 2
   001E 00                   75 	.db #0x00	; 0
   001F FF                   76 	.db #0xff	; 255
   0020 02                   77 	.db #0x02	; 2
   0021 00                   78 	.db #0x00	; 0
   0022 FF                   79 	.db #0xff	; 255
   0023 02                   80 	.db #0x02	; 2
   0024 00                   81 	.db #0x00	; 0
   0025 0F                   82 	.db #0x0f	; 15
   0026 02                   83 	.db #0x02	; 2
   0027 00                   84 	.db #0x00	; 0
   0028 0F                   85 	.db #0x0f	; 15
   0029 02                   86 	.db #0x02	; 2
   002A 41                   87 	.db #0x41	; 65	'A'
   002B C3                   88 	.db #0xc3	; 195
   002C 83                   89 	.db #0x83	; 131
   002D 41                   90 	.db #0x41	; 65	'A'
   002E C3                   91 	.db #0xc3	; 195
   002F 83                   92 	.db #0x83	; 131
   0030 44                   93 	.db #0x44	; 68	'D'
   0031 CC                   94 	.db #0xcc	; 204
   0032 02                   95 	.db #0x02	; 2
   0033 FF                   96 	.db #0xff	; 255
   0034 FF                   97 	.db #0xff	; 255
   0035 AB                   98 	.db #0xab	; 171
   0036 FF                   99 	.db #0xff	; 255
   0037 57                  100 	.db #0x57	; 87	'W'
   0038 AB                  101 	.db #0xab	; 171
   0039 00                  102 	.db #0x00	; 0
   003A 55                  103 	.db #0x55	; 85	'U'
   003B AB                  104 	.db #0xab	; 171
   003C 05                  105 	.db #0x05	; 5
   003D 0F                  106 	.db #0x0f	; 15
   003E 02                  107 	.db #0x02	; 2
   003F 0F                  108 	.db #0x0f	; 15
   0040 02                  109 	.db #0x02	; 2
   0041 00                  110 	.db #0x00	; 0
   0042 C3                  111 	.db #0xc3	; 195
   0043 C3                  112 	.db #0xc3	; 195
   0044 83                  113 	.db #0x83	; 131
   0045 C3                  114 	.db #0xc3	; 195
   0046 C3                  115 	.db #0xc3	; 195
   0047 83                  116 	.db #0x83	; 131
   0048 44                  117 	.db #0x44	; 68	'D'
   0049 CC                  118 	.db #0xcc	; 204
   004A 02                  119 	.db #0x02	; 2
   004B FF                  120 	.db #0xff	; 255
   004C FF                  121 	.db #0xff	; 255
   004D AB                  122 	.db #0xab	; 171
   004E FF                  123 	.db #0xff	; 255
   004F 57                  124 	.db #0x57	; 87	'W'
   0050 AB                  125 	.db #0xab	; 171
   0051 00                  126 	.db #0x00	; 0
   0052 FF                  127 	.db #0xff	; 255
   0053 02                  128 	.db #0x02	; 2
   0054 00                  129 	.db #0x00	; 0
   0055 05                  130 	.db #0x05	; 5
   0056 0B                  131 	.db #0x0b	; 11
   0057 0F                  132 	.db #0x0f	; 15
   0058 07                  133 	.db #0x07	; 7
   0059 0B                  134 	.db #0x0b	; 11
   005A C3                  135 	.db #0xc3	; 195
   005B C3                  136 	.db #0xc3	; 195
   005C 83                  137 	.db #0x83	; 131
   005D 41                  138 	.db #0x41	; 65	'A'
   005E C3                  139 	.db #0xc3	; 195
   005F 02                  140 	.db #0x02	; 2
   0060 00                  141 	.db #0x00	; 0
   0061 CC                  142 	.db #0xcc	; 204
   0062 02                  143 	.db #0x02	; 2
   0063 AB                  144 	.db #0xab	; 171
   0064 FF                  145 	.db #0xff	; 255
   0065 02                  146 	.db #0x02	; 2
   0066 AB                  147 	.db #0xab	; 171
   0067 FF                  148 	.db #0xff	; 255
   0068 02                  149 	.db #0x02	; 2
   0069 AB                  150 	.db #0xab	; 171
   006A FF                  151 	.db #0xff	; 255
   006B 02                  152 	.db #0x02	; 2
   006C 0F                  153 	.db #0x0f	; 15
   006D 0F                  154 	.db #0x0f	; 15
   006E 0B                  155 	.db #0x0b	; 11
   006F 0F                  156 	.db #0x0f	; 15
   0070 0F                  157 	.db #0x0f	; 15
   0071 0B                  158 	.db #0x0b	; 11
   0072 00                  159 	.db #0x00	; 0
   0073 C3                  160 	.db #0xc3	; 195
   0074 02                  161 	.db #0x02	; 2
   0075 00                  162 	.db #0x00	; 0
   0076 C3                  163 	.db #0xc3	; 195
   0077 02                  164 	.db #0x02	; 2
   0078 CC                  165 	.db #0xcc	; 204
   0079 CC                  166 	.db #0xcc	; 204
   007A 89                  167 	.db #0x89	; 137
   007B FF                  168 	.db #0xff	; 255
   007C FF                  169 	.db #0xff	; 255
   007D AB                  170 	.db #0xab	; 171
   007E FF                  171 	.db #0xff	; 255
   007F 02                  172 	.db #0x02	; 2
   0080 00                  173 	.db #0x00	; 0
   0081 FF                  174 	.db #0xff	; 255
   0082 FF                  175 	.db #0xff	; 255
   0083 02                  176 	.db #0x02	; 2
   0084 00                  177 	.db #0x00	; 0
   0085 05                  178 	.db #0x05	; 5
   0086 0B                  179 	.db #0x0b	; 11
   0087 0F                  180 	.db #0x0f	; 15
   0088 07                  181 	.db #0x07	; 7
   0089 0B                  182 	.db #0x0b	; 11
   008A C3                  183 	.db #0xc3	; 195
   008B C3                  184 	.db #0xc3	; 195
   008C 83                  185 	.db #0x83	; 131
   008D 41                  186 	.db #0x41	; 65	'A'
   008E C3                  187 	.db #0xc3	; 195
   008F 02                  188 	.db #0x02	; 2
   0090 44                  189 	.db #0x44	; 68	'D'
   0091 CC                  190 	.db #0xcc	; 204
   0092 02                  191 	.db #0x02	; 2
   0093 FF                  192 	.db #0xff	; 255
   0094 FF                  193 	.db #0xff	; 255
   0095 02                  194 	.db #0x02	; 2
   0096 FF                  195 	.db #0xff	; 255
   0097 02                  196 	.db #0x02	; 2
   0098 00                  197 	.db #0x00	; 0
   0099 FF                  198 	.db #0xff	; 255
   009A FF                  199 	.db #0xff	; 255
   009B 02                  200 	.db #0x02	; 2
   009C 0F                  201 	.db #0x0f	; 15
   009D 0F                  202 	.db #0x0f	; 15
   009E 0B                  203 	.db #0x0b	; 11
   009F 0F                  204 	.db #0x0f	; 15
   00A0 07                  205 	.db #0x07	; 7
   00A1 0B                  206 	.db #0x0b	; 11
   00A2 C3                  207 	.db #0xc3	; 195
   00A3 C3                  208 	.db #0xc3	; 195
   00A4 83                  209 	.db #0x83	; 131
   00A5 41                  210 	.db #0x41	; 65	'A'
   00A6 C3                  211 	.db #0xc3	; 195
   00A7 02                  212 	.db #0x02	; 2
   00A8 CC                  213 	.db #0xcc	; 204
   00A9 CC                  214 	.db #0xcc	; 204
   00AA 89                  215 	.db #0x89	; 137
   00AB FF                  216 	.db #0xff	; 255
   00AC FF                  217 	.db #0xff	; 255
   00AD AB                  218 	.db #0xab	; 171
   00AE 00                  219 	.db #0x00	; 0
   00AF 55                  220 	.db #0x55	; 85	'U'
   00B0 AB                  221 	.db #0xab	; 171
   00B1 00                  222 	.db #0x00	; 0
   00B2 FF                  223 	.db #0xff	; 255
   00B3 02                  224 	.db #0x02	; 2
   00B4 05                  225 	.db #0x05	; 5
   00B5 0B                  226 	.db #0x0b	; 11
   00B6 00                  227 	.db #0x00	; 0
   00B7 05                  228 	.db #0x05	; 5
   00B8 0B                  229 	.db #0x0b	; 11
   00B9 00                  230 	.db #0x00	; 0
   00BA 41                  231 	.db #0x41	; 65	'A'
   00BB 83                  232 	.db #0x83	; 131
   00BC 00                  233 	.db #0x00	; 0
   00BD 41                  234 	.db #0x41	; 65	'A'
   00BE 83                  235 	.db #0x83	; 131
   00BF 00                  236 	.db #0x00	; 0
   00C0 44                  237 	.db #0x44	; 68	'D'
   00C1 CC                  238 	.db #0xcc	; 204
   00C2 02                  239 	.db #0x02	; 2
   00C3 FF                  240 	.db #0xff	; 255
   00C4 FF                  241 	.db #0xff	; 255
   00C5 AB                  242 	.db #0xab	; 171
   00C6 FF                  243 	.db #0xff	; 255
   00C7 57                  244 	.db #0x57	; 87	'W'
   00C8 AB                  245 	.db #0xab	; 171
   00C9 55                  246 	.db #0x55	; 85	'U'
   00CA FF                  247 	.db #0xff	; 255
   00CB 02                  248 	.db #0x02	; 2
   00CC 0F                  249 	.db #0x0f	; 15
   00CD 0F                  250 	.db #0x0f	; 15
   00CE 0B                  251 	.db #0x0b	; 11
   00CF 0F                  252 	.db #0x0f	; 15
   00D0 07                  253 	.db #0x07	; 7
   00D1 0B                  254 	.db #0x0b	; 11
   00D2 C3                  255 	.db #0xc3	; 195
   00D3 C3                  256 	.db #0xc3	; 195
   00D4 83                  257 	.db #0x83	; 131
   00D5 41                  258 	.db #0x41	; 65	'A'
   00D6 C3                  259 	.db #0xc3	; 195
   00D7 02                  260 	.db #0x02	; 2
   00D8 44                  261 	.db #0x44	; 68	'D'
   00D9 CC                  262 	.db #0xcc	; 204
   00DA 02                  263 	.db #0x02	; 2
   00DB FF                  264 	.db #0xff	; 255
   00DC FF                  265 	.db #0xff	; 255
   00DD AB                  266 	.db #0xab	; 171
   00DE FF                  267 	.db #0xff	; 255
   00DF 57                  268 	.db #0x57	; 87	'W'
   00E0 AB                  269 	.db #0xab	; 171
   00E1 FF                  270 	.db #0xff	; 255
   00E2 FF                  271 	.db #0xff	; 255
   00E3 AB                  272 	.db #0xab	; 171
   00E4 05                  273 	.db #0x05	; 5
   00E5 0F                  274 	.db #0x0f	; 15
   00E6 0B                  275 	.db #0x0b	; 11
   00E7 00                  276 	.db #0x00	; 0
   00E8 05                  277 	.db #0x05	; 5
   00E9 0B                  278 	.db #0x0b	; 11
   00EA 41                  279 	.db #0x41	; 65	'A'
   00EB C3                  280 	.db #0xc3	; 195
   00EC 83                  281 	.db #0x83	; 131
   00ED 41                  282 	.db #0x41	; 65	'A'
   00EE C3                  283 	.db #0xc3	; 195
   00EF 02                  284 	.db #0x02	; 2
   00F0 00                  285 	.db #0x00	; 0
   00F1 00                  286 	.db #0x00	; 0
   00F2 00                  287 	.db #0x00	; 0
   00F3 55                  288 	.db #0x55	; 85	'U'
   00F4 AB                  289 	.db #0xab	; 171
   00F5 00                  290 	.db #0x00	; 0
   00F6 55                  291 	.db #0x55	; 85	'U'
   00F7 AB                  292 	.db #0xab	; 171
   00F8 00                  293 	.db #0x00	; 0
   00F9 01                  294 	.db #0x01	; 1
   00FA 03                  295 	.db #0x03	; 3
   00FB 00                  296 	.db #0x00	; 0
   00FC 00                  297 	.db #0x00	; 0
   00FD 00                  298 	.db #0x00	; 0
   00FE 00                  299 	.db #0x00	; 0
   00FF 05                  300 	.db #0x05	; 5
   0100 0B                  301 	.db #0x0b	; 11
   0101 00                  302 	.db #0x00	; 0
   0102 41                  303 	.db #0x41	; 65	'A'
   0103 83                  304 	.db #0x83	; 131
   0104 00                  305 	.db #0x00	; 0
   0105 01                  306 	.db #0x01	; 1
   0106 03                  307 	.db #0x03	; 3
   0107 00                  308 	.db #0x00	; 0
   0108 00                  309 	.db #0x00	; 0
   0109 00                  310 	.db #0x00	; 0
   010A 00                  311 	.db #0x00	; 0
   010B 00                  312 	.db #0x00	; 0
   010C 00                  313 	.db #0x00	; 0
   010D 00                  314 	.db #0x00	; 0
   010E 00                  315 	.db #0x00	; 0
   010F 00                  316 	.db #0x00	; 0
   0110 00                  317 	.db #0x00	; 0
   0111 FF                  318 	.db #0xff	; 255
   0112 FF                  319 	.db #0xff	; 255
   0113 AB                  320 	.db #0xab	; 171
   0114 0F                  321 	.db #0x0f	; 15
   0115 0F                  322 	.db #0x0f	; 15
   0116 0B                  323 	.db #0x0b	; 11
   0117 03                  324 	.db #0x03	; 3
   0118 03                  325 	.db #0x03	; 3
   0119 03                  326 	.db #0x03	; 3
   011A 00                  327 	.db #0x00	; 0
   011B 00                  328 	.db #0x00	; 0
   011C 00                  329 	.db #0x00	; 0
   011D 00                  330 	.db #0x00	; 0
   011E 00                  331 	.db #0x00	; 0
   011F 00                  332 	.db #0x00	; 0
   0120 07                  333 	.db #0x07	; 7
   0121 DD                  334 	.db #0xdd	; 221
   0122 EB                  335 	.db #0xeb	; 235
   0123 57                  336 	.db #0x57	; 87	'W'
   0124 AF                  337 	.db #0xaf	; 175
   0125 83                  338 	.db #0x83	; 131
   0126 5F                  339 	.db #0x5f	; 95
   0127 4B                  340 	.db #0x4b	; 75	'K'
   0128 02                  341 	.db #0x02	; 2
   0129 FF                  342 	.db #0xff	; 255
   012A FF                  343 	.db #0xff	; 255
   012B AF                  344 	.db #0xaf	; 175
   012C 5F                  345 	.db #0x5f	; 95
   012D FF                  346 	.db #0xff	; 255
   012E 4B                  347 	.db #0x4b	; 75	'K'
   012F 01                  348 	.db #0x01	; 1
   0130 AF                  349 	.db #0xaf	; 175
   0131 83                  350 	.db #0x83	; 131
   0132 57                  351 	.db #0x57	; 87	'W'
   0133 4B                  352 	.db #0x4b	; 75	'K'
   0134 02                  353 	.db #0x02	; 2
   0135 AF                  354 	.db #0xaf	; 175
   0136 83                  355 	.db #0x83	; 131
   0137 00                  356 	.db #0x00	; 0
   0138 44                  357 	.db #0x44	; 68	'D'
   0139 89                  358 	.db #0x89	; 137
   013A 00                  359 	.db #0x00	; 0
   013B AB                  360 	.db #0xab	; 171
   013C FF                  361 	.db #0xff	; 255
   013D 02                  362 	.db #0x02	; 2
   013E AB                  363 	.db #0xab	; 171
   013F FF                  364 	.db #0xff	; 255
   0140 02                  365 	.db #0x02	; 2
   0141 55                  366 	.db #0x55	; 85	'U'
   0142 AB                  367 	.db #0xab	; 171
   0143 05                  368 	.db #0x05	; 5
   0144 0B                  369 	.db #0x0b	; 11
   0145 0F                  370 	.db #0x0f	; 15
   0146 0B                  371 	.db #0x0b	; 11
   0147 0B                  372 	.db #0x0b	; 11
   0148 07                  373 	.db #0x07	; 7
   0149 02                  374 	.db #0x02	; 2
   014A C3                  375 	.db #0xc3	; 195
   014B C3                  376 	.db #0xc3	; 195
   014C 83                  377 	.db #0x83	; 131
   014D 41                  378 	.db #0x41	; 65	'A'
   014E 83                  379 	.db #0x83	; 131
   014F 41                  380 	.db #0x41	; 65	'A'
   0150 CC                  381 	.db #0xcc	; 204
   0151 46                  382 	.db #0x46	; 70	'F'
   0152 89                  383 	.db #0x89	; 137
   0153 FF                  384 	.db #0xff	; 255
   0154 57                  385 	.db #0x57	; 87	'W'
   0155 AB                  386 	.db #0xab	; 171
   0156 FF                  387 	.db #0xff	; 255
   0157 57                  388 	.db #0x57	; 87	'W'
   0158 AB                  389 	.db #0xab	; 171
   0159 FF                  390 	.db #0xff	; 255
   015A 57                  391 	.db #0x57	; 87	'W'
   015B AB                  392 	.db #0xab	; 171
   015C 0F                  393 	.db #0x0f	; 15
   015D 07                  394 	.db #0x07	; 7
   015E 0B                  395 	.db #0x0b	; 11
   015F 00                  396 	.db #0x00	; 0
   0160 00                  397 	.db #0x00	; 0
   0161 00                  398 	.db #0x00	; 0
   0162 C3                  399 	.db #0xc3	; 195
   0163 43                  400 	.db #0x43	; 67	'C'
   0164 83                  401 	.db #0x83	; 131
   0165 C3                  402 	.db #0xc3	; 195
   0166 43                  403 	.db #0x43	; 67	'C'
   0167 83                  404 	.db #0x83	; 131
   0168 44                  405 	.db #0x44	; 68	'D'
   0169 CC                  406 	.db #0xcc	; 204
   016A 02                  407 	.db #0x02	; 2
   016B FF                  408 	.db #0xff	; 255
   016C FF                  409 	.db #0xff	; 255
   016D AB                  410 	.db #0xab	; 171
   016E AB                  411 	.db #0xab	; 171
   016F 55                  412 	.db #0x55	; 85	'U'
   0170 AB                  413 	.db #0xab	; 171
   0171 00                  414 	.db #0x00	; 0
   0172 55                  415 	.db #0x55	; 85	'U'
   0173 AB                  416 	.db #0xab	; 171
   0174 00                  417 	.db #0x00	; 0
   0175 0F                  418 	.db #0x0f	; 15
   0176 02                  419 	.db #0x02	; 2
   0177 05                  420 	.db #0x05	; 5
   0178 0B                  421 	.db #0x0b	; 11
   0179 00                  422 	.db #0x00	; 0
   017A 00                  423 	.db #0x00	; 0
   017B 00                  424 	.db #0x00	; 0
   017C 00                  425 	.db #0x00	; 0
   017D 41                  426 	.db #0x41	; 65	'A'
   017E 83                  427 	.db #0x83	; 131
   017F 00                  428 	.db #0x00	; 0
   0180 00                  429 	.db #0x00	; 0
   0181 00                  430 	.db #0x00	; 0
   0182 00                  431 	.db #0x00	; 0
   0183 00                  432 	.db #0x00	; 0
   0184 00                  433 	.db #0x00	; 0
   0185 00                  434 	.db #0x00	; 0
   0186 00                  435 	.db #0x00	; 0
   0187 00                  436 	.db #0x00	; 0
   0188 00                  437 	.db #0x00	; 0
   0189 00                  438 	.db #0x00	; 0
   018A 00                  439 	.db #0x00	; 0
   018B 00                  440 	.db #0x00	; 0
   018C 00                  441 	.db #0x00	; 0
   018D 00                  442 	.db #0x00	; 0
   018E 00                  443 	.db #0x00	; 0
   018F 00                  444 	.db #0x00	; 0
   0190 00                  445 	.db #0x00	; 0
   0191 00                  446 	.db #0x00	; 0
   0192 00                  447 	.db #0x00	; 0
   0193 00                  448 	.db #0x00	; 0
   0194 00                  449 	.db #0x00	; 0
   0195 00                  450 	.db #0x00	; 0
   0196 00                  451 	.db #0x00	; 0
   0197 00                  452 	.db #0x00	; 0
   0198 44                  453 	.db #0x44	; 68	'D'
   0199 CC                  454 	.db #0xcc	; 204
   019A 02                  455 	.db #0x02	; 2
   019B FF                  456 	.db #0xff	; 255
   019C FF                  457 	.db #0xff	; 255
   019D AB                  458 	.db #0xab	; 171
   019E FF                  459 	.db #0xff	; 255
   019F 57                  460 	.db #0x57	; 87	'W'
   01A0 AB                  461 	.db #0xab	; 171
   01A1 FF                  462 	.db #0xff	; 255
   01A2 57                  463 	.db #0x57	; 87	'W'
   01A3 AB                  464 	.db #0xab	; 171
   01A4 0F                  465 	.db #0x0f	; 15
   01A5 0F                  466 	.db #0x0f	; 15
   01A6 0B                  467 	.db #0x0b	; 11
   01A7 0F                  468 	.db #0x0f	; 15
   01A8 0F                  469 	.db #0x0f	; 15
   01A9 0B                  470 	.db #0x0b	; 11
   01AA C3                  471 	.db #0xc3	; 195
   01AB 43                  472 	.db #0x43	; 67	'C'
   01AC 83                  473 	.db #0x83	; 131
   01AD C3                  474 	.db #0xc3	; 195
   01AE 43                  475 	.db #0x43	; 67	'C'
   01AF 83                  476 	.db #0x83	; 131
   01B0 CC                  477 	.db #0xcc	; 204
   01B1 CC                  478 	.db #0xcc	; 204
   01B2 02                  479 	.db #0x02	; 2
   01B3 FF                  480 	.db #0xff	; 255
   01B4 FF                  481 	.db #0xff	; 255
   01B5 AB                  482 	.db #0xab	; 171
   01B6 FF                  483 	.db #0xff	; 255
   01B7 57                  484 	.db #0x57	; 87	'W'
   01B8 AB                  485 	.db #0xab	; 171
   01B9 FF                  486 	.db #0xff	; 255
   01BA FF                  487 	.db #0xff	; 255
   01BB 02                  488 	.db #0x02	; 2
   01BC 0F                  489 	.db #0x0f	; 15
   01BD 0F                  490 	.db #0x0f	; 15
   01BE 0B                  491 	.db #0x0b	; 11
   01BF 0F                  492 	.db #0x0f	; 15
   01C0 07                  493 	.db #0x07	; 7
   01C1 0B                  494 	.db #0x0b	; 11
   01C2 C3                  495 	.db #0xc3	; 195
   01C3 C3                  496 	.db #0xc3	; 195
   01C4 83                  497 	.db #0x83	; 131
   01C5 C3                  498 	.db #0xc3	; 195
   01C6 C3                  499 	.db #0xc3	; 195
   01C7 02                  500 	.db #0x02	; 2
   01C8 44                  501 	.db #0x44	; 68	'D'
   01C9 CC                  502 	.db #0xcc	; 204
   01CA 02                  503 	.db #0x02	; 2
   01CB FF                  504 	.db #0xff	; 255
   01CC FF                  505 	.db #0xff	; 255
   01CD AB                  506 	.db #0xab	; 171
   01CE FF                  507 	.db #0xff	; 255
   01CF 57                  508 	.db #0x57	; 87	'W'
   01D0 AB                  509 	.db #0xab	; 171
   01D1 FF                  510 	.db #0xff	; 255
   01D2 02                  511 	.db #0x02	; 2
   01D3 00                  512 	.db #0x00	; 0
   01D4 0F                  513 	.db #0x0f	; 15
   01D5 02                  514 	.db #0x02	; 2
   01D6 00                  515 	.db #0x00	; 0
   01D7 0F                  516 	.db #0x0f	; 15
   01D8 07                  517 	.db #0x07	; 7
   01D9 0B                  518 	.db #0x0b	; 11
   01DA C3                  519 	.db #0xc3	; 195
   01DB C3                  520 	.db #0xc3	; 195
   01DC 83                  521 	.db #0x83	; 131
   01DD 41                  522 	.db #0x41	; 65	'A'
   01DE C3                  523 	.db #0xc3	; 195
   01DF 02                  524 	.db #0x02	; 2
   01E0 CC                  525 	.db #0xcc	; 204
   01E1 89                  526 	.db #0x89	; 137
   01E2 00                  527 	.db #0x00	; 0
   01E3 FF                  528 	.db #0xff	; 255
   01E4 FF                  529 	.db #0xff	; 255
   01E5 02                  530 	.db #0x02	; 2
   01E6 FF                  531 	.db #0xff	; 255
   01E7 57                  532 	.db #0x57	; 87	'W'
   01E8 AB                  533 	.db #0xab	; 171
   01E9 FF                  534 	.db #0xff	; 255
   01EA 57                  535 	.db #0x57	; 87	'W'
   01EB AB                  536 	.db #0xab	; 171
   01EC 0F                  537 	.db #0x0f	; 15
   01ED 07                  538 	.db #0x07	; 7
   01EE 0B                  539 	.db #0x0b	; 11
   01EF 0F                  540 	.db #0x0f	; 15
   01F0 07                  541 	.db #0x07	; 7
   01F1 0B                  542 	.db #0x0b	; 11
   01F2 C3                  543 	.db #0xc3	; 195
   01F3 C3                  544 	.db #0xc3	; 195
   01F4 02                  545 	.db #0x02	; 2
   01F5 C3                  546 	.db #0xc3	; 195
   01F6 83                  547 	.db #0x83	; 131
   01F7 00                  548 	.db #0x00	; 0
   01F8 CC                  549 	.db #0xcc	; 204
   01F9 CC                  550 	.db #0xcc	; 204
   01FA 89                  551 	.db #0x89	; 137
   01FB FF                  552 	.db #0xff	; 255
   01FC FF                  553 	.db #0xff	; 255
   01FD AB                  554 	.db #0xab	; 171
   01FE FF                  555 	.db #0xff	; 255
   01FF 02                  556 	.db #0x02	; 2
   0200 00                  557 	.db #0x00	; 0
   0201 FF                  558 	.db #0xff	; 255
   0202 FF                  559 	.db #0xff	; 255
   0203 02                  560 	.db #0x02	; 2
   0204 0F                  561 	.db #0x0f	; 15
   0205 0F                  562 	.db #0x0f	; 15
   0206 02                  563 	.db #0x02	; 2
   0207 0F                  564 	.db #0x0f	; 15
   0208 02                  565 	.db #0x02	; 2
   0209 00                  566 	.db #0x00	; 0
   020A C3                  567 	.db #0xc3	; 195
   020B C3                  568 	.db #0xc3	; 195
   020C 83                  569 	.db #0x83	; 131
   020D C3                  570 	.db #0xc3	; 195
   020E C3                  571 	.db #0xc3	; 195
   020F 83                  572 	.db #0x83	; 131
   0210 CC                  573 	.db #0xcc	; 204
   0211 CC                  574 	.db #0xcc	; 204
   0212 89                  575 	.db #0x89	; 137
   0213 FF                  576 	.db #0xff	; 255
   0214 FF                  577 	.db #0xff	; 255
   0215 AB                  578 	.db #0xab	; 171
   0216 FF                  579 	.db #0xff	; 255
   0217 02                  580 	.db #0x02	; 2
   0218 00                  581 	.db #0x00	; 0
   0219 FF                  582 	.db #0xff	; 255
   021A FF                  583 	.db #0xff	; 255
   021B 02                  584 	.db #0x02	; 2
   021C 0F                  585 	.db #0x0f	; 15
   021D 0F                  586 	.db #0x0f	; 15
   021E 02                  587 	.db #0x02	; 2
   021F 0F                  588 	.db #0x0f	; 15
   0220 02                  589 	.db #0x02	; 2
   0221 00                  590 	.db #0x00	; 0
   0222 C3                  591 	.db #0xc3	; 195
   0223 02                  592 	.db #0x02	; 2
   0224 00                  593 	.db #0x00	; 0
   0225 C3                  594 	.db #0xc3	; 195
   0226 02                  595 	.db #0x02	; 2
   0227 00                  596 	.db #0x00	; 0
   0228 44                  597 	.db #0x44	; 68	'D'
   0229 CC                  598 	.db #0xcc	; 204
   022A 02                  599 	.db #0x02	; 2
   022B FF                  600 	.db #0xff	; 255
   022C FF                  601 	.db #0xff	; 255
   022D AB                  602 	.db #0xab	; 171
   022E FF                  603 	.db #0xff	; 255
   022F 57                  604 	.db #0x57	; 87	'W'
   0230 AB                  605 	.db #0xab	; 171
   0231 FF                  606 	.db #0xff	; 255
   0232 02                  607 	.db #0x02	; 2
   0233 00                  608 	.db #0x00	; 0
   0234 0F                  609 	.db #0x0f	; 15
   0235 07                  610 	.db #0x07	; 7
   0236 0B                  611 	.db #0x0b	; 11
   0237 0F                  612 	.db #0x0f	; 15
   0238 02                  613 	.db #0x02	; 2
   0239 0B                  614 	.db #0x0b	; 11
   023A C3                  615 	.db #0xc3	; 195
   023B C3                  616 	.db #0xc3	; 195
   023C 83                  617 	.db #0x83	; 131
   023D 41                  618 	.db #0x41	; 65	'A'
   023E C3                  619 	.db #0xc3	; 195
   023F 02                  620 	.db #0x02	; 2
   0240 CC                  621 	.db #0xcc	; 204
   0241 46                  622 	.db #0x46	; 70	'F'
   0242 89                  623 	.db #0x89	; 137
   0243 FF                  624 	.db #0xff	; 255
   0244 57                  625 	.db #0x57	; 87	'W'
   0245 AB                  626 	.db #0xab	; 171
   0246 FF                  627 	.db #0xff	; 255
   0247 57                  628 	.db #0x57	; 87	'W'
   0248 AB                  629 	.db #0xab	; 171
   0249 FF                  630 	.db #0xff	; 255
   024A FF                  631 	.db #0xff	; 255
   024B AB                  632 	.db #0xab	; 171
   024C 0F                  633 	.db #0x0f	; 15
   024D 0F                  634 	.db #0x0f	; 15
   024E 0B                  635 	.db #0x0b	; 11
   024F 0F                  636 	.db #0x0f	; 15
   0250 03                  637 	.db #0x03	; 3
   0251 0B                  638 	.db #0x0b	; 11
   0252 C3                  639 	.db #0xc3	; 195
   0253 43                  640 	.db #0x43	; 67	'C'
   0254 83                  641 	.db #0x83	; 131
   0255 C3                  642 	.db #0xc3	; 195
   0256 43                  643 	.db #0x43	; 67	'C'
   0257 83                  644 	.db #0x83	; 131
   0258 44                  645 	.db #0x44	; 68	'D'
   0259 CC                  646 	.db #0xcc	; 204
   025A 89                  647 	.db #0x89	; 137
   025B 55                  648 	.db #0x55	; 85	'U'
   025C FF                  649 	.db #0xff	; 255
   025D AB                  650 	.db #0xab	; 171
   025E 00                  651 	.db #0x00	; 0
   025F AB                  652 	.db #0xab	; 171
   0260 02                  653 	.db #0x02	; 2
   0261 00                  654 	.db #0x00	; 0
   0262 FF                  655 	.db #0xff	; 255
   0263 02                  656 	.db #0x02	; 2
   0264 00                  657 	.db #0x00	; 0
   0265 0F                  658 	.db #0x0f	; 15
   0266 02                  659 	.db #0x02	; 2
   0267 00                  660 	.db #0x00	; 0
   0268 0F                  661 	.db #0x0f	; 15
   0269 02                  662 	.db #0x02	; 2
   026A 41                  663 	.db #0x41	; 65	'A'
   026B C3                  664 	.db #0xc3	; 195
   026C 83                  665 	.db #0x83	; 131
   026D 41                  666 	.db #0x41	; 65	'A'
   026E C3                  667 	.db #0xc3	; 195
   026F 83                  668 	.db #0x83	; 131
   0270 00                  669 	.db #0x00	; 0
   0271 44                  670 	.db #0x44	; 68	'D'
   0272 89                  671 	.db #0x89	; 137
   0273 00                  672 	.db #0x00	; 0
   0274 55                  673 	.db #0x55	; 85	'U'
   0275 AB                  674 	.db #0xab	; 171
   0276 00                  675 	.db #0x00	; 0
   0277 55                  676 	.db #0x55	; 85	'U'
   0278 AB                  677 	.db #0xab	; 171
   0279 00                  678 	.db #0x00	; 0
   027A 55                  679 	.db #0x55	; 85	'U'
   027B AB                  680 	.db #0xab	; 171
   027C 0F                  681 	.db #0x0f	; 15
   027D 07                  682 	.db #0x07	; 7
   027E 0B                  683 	.db #0x0b	; 11
   027F 0F                  684 	.db #0x0f	; 15
   0280 07                  685 	.db #0x07	; 7
   0281 0B                  686 	.db #0x0b	; 11
   0282 C3                  687 	.db #0xc3	; 195
   0283 C3                  688 	.db #0xc3	; 195
   0284 83                  689 	.db #0x83	; 131
   0285 41                  690 	.db #0x41	; 65	'A'
   0286 C3                  691 	.db #0xc3	; 195
   0287 02                  692 	.db #0x02	; 2
   0288 CC                  693 	.db #0xcc	; 204
   0289 46                  694 	.db #0x46	; 70	'F'
   028A 89                  695 	.db #0x89	; 137
   028B FF                  696 	.db #0xff	; 255
   028C 57                  697 	.db #0x57	; 87	'W'
   028D AB                  698 	.db #0xab	; 171
   028E FF                  699 	.db #0xff	; 255
   028F 57                  700 	.db #0x57	; 87	'W'
   0290 02                  701 	.db #0x02	; 2
   0291 FF                  702 	.db #0xff	; 255
   0292 AB                  703 	.db #0xab	; 171
   0293 00                  704 	.db #0x00	; 0
   0294 0F                  705 	.db #0x0f	; 15
   0295 0B                  706 	.db #0x0b	; 11
   0296 00                  707 	.db #0x00	; 0
   0297 0F                  708 	.db #0x0f	; 15
   0298 07                  709 	.db #0x07	; 7
   0299 02                  710 	.db #0x02	; 2
   029A C3                  711 	.db #0xc3	; 195
   029B 43                  712 	.db #0x43	; 67	'C'
   029C 83                  713 	.db #0x83	; 131
   029D C3                  714 	.db #0xc3	; 195
   029E 43                  715 	.db #0x43	; 67	'C'
   029F 83                  716 	.db #0x83	; 131
   02A0 CC                  717 	.db #0xcc	; 204
   02A1 02                  718 	.db #0x02	; 2
   02A2 00                  719 	.db #0x00	; 0
   02A3 FF                  720 	.db #0xff	; 255
   02A4 02                  721 	.db #0x02	; 2
   02A5 00                  722 	.db #0x00	; 0
   02A6 FF                  723 	.db #0xff	; 255
   02A7 02                  724 	.db #0x02	; 2
   02A8 00                  725 	.db #0x00	; 0
   02A9 FF                  726 	.db #0xff	; 255
   02AA 02                  727 	.db #0x02	; 2
   02AB 00                  728 	.db #0x00	; 0
   02AC 0F                  729 	.db #0x0f	; 15
   02AD 02                  730 	.db #0x02	; 2
   02AE 00                  731 	.db #0x00	; 0
   02AF 0F                  732 	.db #0x0f	; 15
   02B0 02                  733 	.db #0x02	; 2
   02B1 00                  734 	.db #0x00	; 0
   02B2 C3                  735 	.db #0xc3	; 195
   02B3 C3                  736 	.db #0xc3	; 195
   02B4 83                  737 	.db #0x83	; 131
   02B5 C3                  738 	.db #0xc3	; 195
   02B6 C3                  739 	.db #0xc3	; 195
   02B7 83                  740 	.db #0x83	; 131
   02B8 89                  741 	.db #0x89	; 137
   02B9 00                  742 	.db #0x00	; 0
   02BA 89                  743 	.db #0x89	; 137
   02BB FF                  744 	.db #0xff	; 255
   02BC 57                  745 	.db #0x57	; 87	'W'
   02BD AB                  746 	.db #0xab	; 171
   02BE FF                  747 	.db #0xff	; 255
   02BF FF                  748 	.db #0xff	; 255
   02C0 AB                  749 	.db #0xab	; 171
   02C1 AB                  750 	.db #0xab	; 171
   02C2 AB                  751 	.db #0xab	; 171
   02C3 AB                  752 	.db #0xab	; 171
   02C4 0B                  753 	.db #0x0b	; 11
   02C5 0B                  754 	.db #0x0b	; 11
   02C6 0B                  755 	.db #0x0b	; 11
   02C7 0B                  756 	.db #0x0b	; 11
   02C8 00                  757 	.db #0x00	; 0
   02C9 0B                  758 	.db #0x0b	; 11
   02CA 83                  759 	.db #0x83	; 131
   02CB 00                  760 	.db #0x00	; 0
   02CC 83                  761 	.db #0x83	; 131
   02CD 83                  762 	.db #0x83	; 131
   02CE 00                  763 	.db #0x00	; 0
   02CF 83                  764 	.db #0x83	; 131
   02D0 89                  765 	.db #0x89	; 137
   02D1 44                  766 	.db #0x44	; 68	'D'
   02D2 89                  767 	.db #0x89	; 137
   02D3 AB                  768 	.db #0xab	; 171
   02D4 55                  769 	.db #0x55	; 85	'U'
   02D5 AB                  770 	.db #0xab	; 171
   02D6 FF                  771 	.db #0xff	; 255
   02D7 57                  772 	.db #0x57	; 87	'W'
   02D8 AB                  773 	.db #0xab	; 171
   02D9 FF                  774 	.db #0xff	; 255
   02DA FF                  775 	.db #0xff	; 255
   02DB AB                  776 	.db #0xab	; 171
   02DC 0B                  777 	.db #0x0b	; 11
   02DD 0F                  778 	.db #0x0f	; 15
   02DE 0B                  779 	.db #0x0b	; 11
   02DF 0B                  780 	.db #0x0b	; 11
   02E0 05                  781 	.db #0x05	; 5
   02E1 0B                  782 	.db #0x0b	; 11
   02E2 83                  783 	.db #0x83	; 131
   02E3 41                  784 	.db #0x41	; 65	'A'
   02E4 83                  785 	.db #0x83	; 131
   02E5 83                  786 	.db #0x83	; 131
   02E6 41                  787 	.db #0x41	; 65	'A'
   02E7 83                  788 	.db #0x83	; 131
   02E8 44                  789 	.db #0x44	; 68	'D'
   02E9 CC                  790 	.db #0xcc	; 204
   02EA 02                  791 	.db #0x02	; 2
   02EB FF                  792 	.db #0xff	; 255
   02EC FF                  793 	.db #0xff	; 255
   02ED AB                  794 	.db #0xab	; 171
   02EE FF                  795 	.db #0xff	; 255
   02EF 57                  796 	.db #0x57	; 87	'W'
   02F0 AB                  797 	.db #0xab	; 171
   02F1 FF                  798 	.db #0xff	; 255
   02F2 57                  799 	.db #0x57	; 87	'W'
   02F3 AB                  800 	.db #0xab	; 171
   02F4 0F                  801 	.db #0x0f	; 15
   02F5 07                  802 	.db #0x07	; 7
   02F6 0B                  803 	.db #0x0b	; 11
   02F7 0F                  804 	.db #0x0f	; 15
   02F8 07                  805 	.db #0x07	; 7
   02F9 0B                  806 	.db #0x0b	; 11
   02FA C3                  807 	.db #0xc3	; 195
   02FB C3                  808 	.db #0xc3	; 195
   02FC 83                  809 	.db #0x83	; 131
   02FD 41                  810 	.db #0x41	; 65	'A'
   02FE C3                  811 	.db #0xc3	; 195
   02FF 02                  812 	.db #0x02	; 2
   0300 CC                  813 	.db #0xcc	; 204
   0301 CC                  814 	.db #0xcc	; 204
   0302 02                  815 	.db #0x02	; 2
   0303 FF                  816 	.db #0xff	; 255
   0304 FF                  817 	.db #0xff	; 255
   0305 AB                  818 	.db #0xab	; 171
   0306 FF                  819 	.db #0xff	; 255
   0307 57                  820 	.db #0x57	; 87	'W'
   0308 AB                  821 	.db #0xab	; 171
   0309 FF                  822 	.db #0xff	; 255
   030A FF                  823 	.db #0xff	; 255
   030B AB                  824 	.db #0xab	; 171
   030C 0F                  825 	.db #0x0f	; 15
   030D 0F                  826 	.db #0x0f	; 15
   030E 02                  827 	.db #0x02	; 2
   030F 0B                  828 	.db #0x0b	; 11
   0310 02                  829 	.db #0x02	; 2
   0311 00                  830 	.db #0x00	; 0
   0312 C3                  831 	.db #0xc3	; 195
   0313 02                  832 	.db #0x02	; 2
   0314 00                  833 	.db #0x00	; 0
   0315 C3                  834 	.db #0xc3	; 195
   0316 02                  835 	.db #0x02	; 2
   0317 00                  836 	.db #0x00	; 0
   0318 44                  837 	.db #0x44	; 68	'D'
   0319 CC                  838 	.db #0xcc	; 204
   031A 02                  839 	.db #0x02	; 2
   031B FF                  840 	.db #0xff	; 255
   031C FF                  841 	.db #0xff	; 255
   031D AB                  842 	.db #0xab	; 171
   031E FF                  843 	.db #0xff	; 255
   031F 02                  844 	.db #0x02	; 2
   0320 AB                  845 	.db #0xab	; 171
   0321 FF                  846 	.db #0xff	; 255
   0322 02                  847 	.db #0x02	; 2
   0323 AB                  848 	.db #0xab	; 171
   0324 0F                  849 	.db #0x0f	; 15
   0325 02                  850 	.db #0x02	; 2
   0326 0B                  851 	.db #0x0b	; 11
   0327 0F                  852 	.db #0x0f	; 15
   0328 07                  853 	.db #0x07	; 7
   0329 0B                  854 	.db #0x0b	; 11
   032A C3                  855 	.db #0xc3	; 195
   032B C3                  856 	.db #0xc3	; 195
   032C 83                  857 	.db #0x83	; 131
   032D 41                  858 	.db #0x41	; 65	'A'
   032E C3                  859 	.db #0xc3	; 195
   032F C3                  860 	.db #0xc3	; 195
   0330 CC                  861 	.db #0xcc	; 204
   0331 CC                  862 	.db #0xcc	; 204
   0332 02                  863 	.db #0x02	; 2
   0333 FF                  864 	.db #0xff	; 255
   0334 FF                  865 	.db #0xff	; 255
   0335 AB                  866 	.db #0xab	; 171
   0336 FF                  867 	.db #0xff	; 255
   0337 57                  868 	.db #0x57	; 87	'W'
   0338 AB                  869 	.db #0xab	; 171
   0339 FF                  870 	.db #0xff	; 255
   033A FF                  871 	.db #0xff	; 255
   033B AB                  872 	.db #0xab	; 171
   033C 0F                  873 	.db #0x0f	; 15
   033D 0F                  874 	.db #0x0f	; 15
   033E 02                  875 	.db #0x02	; 2
   033F 0B                  876 	.db #0x0b	; 11
   0340 0B                  877 	.db #0x0b	; 11
   0341 00                  878 	.db #0x00	; 0
   0342 C3                  879 	.db #0xc3	; 195
   0343 43                  880 	.db #0x43	; 67	'C'
   0344 02                  881 	.db #0x02	; 2
   0345 C3                  882 	.db #0xc3	; 195
   0346 43                  883 	.db #0x43	; 67	'C'
   0347 83                  884 	.db #0x83	; 131
   0348 44                  885 	.db #0x44	; 68	'D'
   0349 CC                  886 	.db #0xcc	; 204
   034A 89                  887 	.db #0x89	; 137
   034B FF                  888 	.db #0xff	; 255
   034C FF                  889 	.db #0xff	; 255
   034D AB                  890 	.db #0xab	; 171
   034E FF                  891 	.db #0xff	; 255
   034F 02                  892 	.db #0x02	; 2
   0350 00                  893 	.db #0x00	; 0
   0351 FF                  894 	.db #0xff	; 255
   0352 FF                  895 	.db #0xff	; 255
   0353 02                  896 	.db #0x02	; 2
   0354 05                  897 	.db #0x05	; 5
   0355 0F                  898 	.db #0x0f	; 15
   0356 0B                  899 	.db #0x0b	; 11
   0357 00                  900 	.db #0x00	; 0
   0358 05                  901 	.db #0x05	; 5
   0359 0B                  902 	.db #0x0b	; 11
   035A C3                  903 	.db #0xc3	; 195
   035B C3                  904 	.db #0xc3	; 195
   035C 83                  905 	.db #0x83	; 131
   035D C3                  906 	.db #0xc3	; 195
   035E C3                  907 	.db #0xc3	; 195
   035F 02                  908 	.db #0x02	; 2
   0360 CC                  909 	.db #0xcc	; 204
   0361 CC                  910 	.db #0xcc	; 204
   0362 89                  911 	.db #0x89	; 137
   0363 FF                  912 	.db #0xff	; 255
   0364 FF                  913 	.db #0xff	; 255
   0365 AB                  914 	.db #0xab	; 171
   0366 00                  915 	.db #0x00	; 0
   0367 AB                  916 	.db #0xab	; 171
   0368 02                  917 	.db #0x02	; 2
   0369 00                  918 	.db #0x00	; 0
   036A FF                  919 	.db #0xff	; 255
   036B 02                  920 	.db #0x02	; 2
   036C 00                  921 	.db #0x00	; 0
   036D 0F                  922 	.db #0x0f	; 15
   036E 02                  923 	.db #0x02	; 2
   036F 00                  924 	.db #0x00	; 0
   0370 0F                  925 	.db #0x0f	; 15
   0371 02                  926 	.db #0x02	; 2
   0372 00                  927 	.db #0x00	; 0
   0373 C3                  928 	.db #0xc3	; 195
   0374 02                  929 	.db #0x02	; 2
   0375 00                  930 	.db #0x00	; 0
   0376 C3                  931 	.db #0xc3	; 195
   0377 02                  932 	.db #0x02	; 2
   0378 CC                  933 	.db #0xcc	; 204
   0379 46                  934 	.db #0x46	; 70	'F'
   037A 89                  935 	.db #0x89	; 137
   037B FF                  936 	.db #0xff	; 255
   037C 57                  937 	.db #0x57	; 87	'W'
   037D AB                  938 	.db #0xab	; 171
   037E FF                  939 	.db #0xff	; 255
   037F 57                  940 	.db #0x57	; 87	'W'
   0380 AB                  941 	.db #0xab	; 171
   0381 FF                  942 	.db #0xff	; 255
   0382 57                  943 	.db #0x57	; 87	'W'
   0383 AB                  944 	.db #0xab	; 171
   0384 0F                  945 	.db #0x0f	; 15
   0385 07                  946 	.db #0x07	; 7
   0386 0B                  947 	.db #0x0b	; 11
   0387 0F                  948 	.db #0x0f	; 15
   0388 07                  949 	.db #0x07	; 7
   0389 0B                  950 	.db #0x0b	; 11
   038A C3                  951 	.db #0xc3	; 195
   038B C3                  952 	.db #0xc3	; 195
   038C 83                  953 	.db #0x83	; 131
   038D 41                  954 	.db #0x41	; 65	'A'
   038E C3                  955 	.db #0xc3	; 195
   038F 02                  956 	.db #0x02	; 2
   0390 CC                  957 	.db #0xcc	; 204
   0391 46                  958 	.db #0x46	; 70	'F'
   0392 89                  959 	.db #0x89	; 137
   0393 FF                  960 	.db #0xff	; 255
   0394 57                  961 	.db #0x57	; 87	'W'
   0395 AB                  962 	.db #0xab	; 171
   0396 FF                  963 	.db #0xff	; 255
   0397 57                  964 	.db #0x57	; 87	'W'
   0398 AB                  965 	.db #0xab	; 171
   0399 FF                  966 	.db #0xff	; 255
   039A 57                  967 	.db #0x57	; 87	'W'
   039B AB                  968 	.db #0xab	; 171
   039C 0F                  969 	.db #0x0f	; 15
   039D 07                  970 	.db #0x07	; 7
   039E 0B                  971 	.db #0x0b	; 11
   039F 05                  972 	.db #0x05	; 5
   03A0 07                  973 	.db #0x07	; 7
   03A1 02                  974 	.db #0x02	; 2
   03A2 41                  975 	.db #0x41	; 65	'A'
   03A3 C3                  976 	.db #0xc3	; 195
   03A4 02                  977 	.db #0x02	; 2
   03A5 00                  978 	.db #0x00	; 0
   03A6 83                  979 	.db #0x83	; 131
   03A7 00                  980 	.db #0x00	; 0
   03A8 89                  981 	.db #0x89	; 137
   03A9 00                  982 	.db #0x00	; 0
   03AA 89                  983 	.db #0x89	; 137
   03AB AB                  984 	.db #0xab	; 171
   03AC 00                  985 	.db #0x00	; 0
   03AD AB                  986 	.db #0xab	; 171
   03AE AB                  987 	.db #0xab	; 171
   03AF 00                  988 	.db #0x00	; 0
   03B0 AB                  989 	.db #0xab	; 171
   03B1 AB                  990 	.db #0xab	; 171
   03B2 AB                  991 	.db #0xab	; 171
   03B3 AB                  992 	.db #0xab	; 171
   03B4 0B                  993 	.db #0x0b	; 11
   03B5 0B                  994 	.db #0x0b	; 11
   03B6 0B                  995 	.db #0x0b	; 11
   03B7 0F                  996 	.db #0x0f	; 15
   03B8 0F                  997 	.db #0x0f	; 15
   03B9 0B                  998 	.db #0x0b	; 11
   03BA C3                  999 	.db #0xc3	; 195
   03BB C3                 1000 	.db #0xc3	; 195
   03BC 83                 1001 	.db #0x83	; 131
   03BD 41                 1002 	.db #0x41	; 65	'A'
   03BE 43                 1003 	.db #0x43	; 67	'C'
   03BF 02                 1004 	.db #0x02	; 2
   03C0 CC                 1005 	.db #0xcc	; 204
   03C1 46                 1006 	.db #0x46	; 70	'F'
   03C2 89                 1007 	.db #0x89	; 137
   03C3 FF                 1008 	.db #0xff	; 255
   03C4 57                 1009 	.db #0x57	; 87	'W'
   03C5 AB                 1010 	.db #0xab	; 171
   03C6 55                 1011 	.db #0x55	; 85	'U'
   03C7 FF                 1012 	.db #0xff	; 255
   03C8 02                 1013 	.db #0x02	; 2
   03C9 00                 1014 	.db #0x00	; 0
   03CA AB                 1015 	.db #0xab	; 171
   03CB 00                 1016 	.db #0x00	; 0
   03CC 05                 1017 	.db #0x05	; 5
   03CD 0F                 1018 	.db #0x0f	; 15
   03CE 02                 1019 	.db #0x02	; 2
   03CF 0F                 1020 	.db #0x0f	; 15
   03D0 07                 1021 	.db #0x07	; 7
   03D1 0B                 1022 	.db #0x0b	; 11
   03D2 C3                 1023 	.db #0xc3	; 195
   03D3 43                 1024 	.db #0x43	; 67	'C'
   03D4 83                 1025 	.db #0x83	; 131
   03D5 C3                 1026 	.db #0xc3	; 195
   03D6 43                 1027 	.db #0x43	; 67	'C'
   03D7 83                 1028 	.db #0x83	; 131
   03D8 CC                 1029 	.db #0xcc	; 204
   03D9 46                 1030 	.db #0x46	; 70	'F'
   03DA 89                 1031 	.db #0x89	; 137
   03DB FF                 1032 	.db #0xff	; 255
   03DC 57                 1033 	.db #0x57	; 87	'W'
   03DD AB                 1034 	.db #0xab	; 171
   03DE FF                 1035 	.db #0xff	; 255
   03DF 57                 1036 	.db #0x57	; 87	'W'
   03E0 AB                 1037 	.db #0xab	; 171
   03E1 55                 1038 	.db #0x55	; 85	'U'
   03E2 FF                 1039 	.db #0xff	; 255
   03E3 02                 1040 	.db #0x02	; 2
   03E4 05                 1041 	.db #0x05	; 5
   03E5 0F                 1042 	.db #0x0f	; 15
   03E6 02                 1043 	.db #0x02	; 2
   03E7 00                 1044 	.db #0x00	; 0
   03E8 0B                 1045 	.db #0x0b	; 11
   03E9 00                 1046 	.db #0x00	; 0
   03EA 00                 1047 	.db #0x00	; 0
   03EB 83                 1048 	.db #0x83	; 131
   03EC 00                 1049 	.db #0x00	; 0
   03ED 00                 1050 	.db #0x00	; 0
   03EE 83                 1051 	.db #0x83	; 131
   03EF 00                 1052 	.db #0x00	; 0
   03F0 CC                 1053 	.db #0xcc	; 204
   03F1 CC                 1054 	.db #0xcc	; 204
   03F2 89                 1055 	.db #0x89	; 137
   03F3 FF                 1056 	.db #0xff	; 255
   03F4 FF                 1057 	.db #0xff	; 255
   03F5 AB                 1058 	.db #0xab	; 171
   03F6 00                 1059 	.db #0x00	; 0
   03F7 55                 1060 	.db #0x55	; 85	'U'
   03F8 AB                 1061 	.db #0xab	; 171
   03F9 00                 1062 	.db #0x00	; 0
   03FA FF                 1063 	.db #0xff	; 255
   03FB 02                 1064 	.db #0x02	; 2
   03FC 05                 1065 	.db #0x05	; 5
   03FD 0B                 1066 	.db #0x0b	; 11
   03FE 00                 1067 	.db #0x00	; 0
   03FF 0F                 1068 	.db #0x0f	; 15
   0400 02                 1069 	.db #0x02	; 2
   0401 00                 1070 	.db #0x00	; 0
   0402 C3                 1071 	.db #0xc3	; 195
   0403 C3                 1072 	.db #0xc3	; 195
   0404 83                 1073 	.db #0x83	; 131
   0405 C3                 1074 	.db #0xc3	; 195
   0406 C3                 1075 	.db #0xc3	; 195
   0407 83                 1076 	.db #0x83	; 131
   0408 00                 1077 	.db #0x00	; 0
   0409 00                 1078 	.db #0x00	; 0
   040A 00                 1079 	.db #0x00	; 0
   040B 00                 1080 	.db #0x00	; 0
   040C 00                 1081 	.db #0x00	; 0
   040D 00                 1082 	.db #0x00	; 0
   040E 00                 1083 	.db #0x00	; 0
   040F 00                 1084 	.db #0x00	; 0
   0410 00                 1085 	.db #0x00	; 0
   0411 00                 1086 	.db #0x00	; 0
   0412 00                 1087 	.db #0x00	; 0
   0413 00                 1088 	.db #0x00	; 0
   0414 05                 1089 	.db #0x05	; 5
   0415 0B                 1090 	.db #0x0b	; 11
   0416 00                 1091 	.db #0x00	; 0
   0417 05                 1092 	.db #0x05	; 5
   0418 0B                 1093 	.db #0x0b	; 11
   0419 00                 1094 	.db #0x00	; 0
   041A 41                 1095 	.db #0x41	; 65	'A'
   041B 02                 1096 	.db #0x02	; 2
   041C 00                 1097 	.db #0x00	; 0
   041D 41                 1098 	.db #0x41	; 65	'A'
   041E 02                 1099 	.db #0x02	; 2
   041F 00                 1100 	.db #0x00	; 0
                           1101 	.area _INITIALIZER
                           1102 	.area _CABS (ABS)
