                              1 ;--------------------------------------------------------
                              2 ; File Created by SDCC : free open source ANSI-C Compiler
                              3 ; Version 3.6.8 #9946 (Linux)
                              4 ;--------------------------------------------------------
                              5 	.module goldframe
                              6 	.optsdcc -mz80
                              7 	
                              8 ;--------------------------------------------------------
                              9 ; Public variables in this module
                             10 ;--------------------------------------------------------
                             11 	.globl _g_goldframe_2
                             12 	.globl _g_goldframe_1
                             13 	.globl _g_goldframe_0
                             14 ;--------------------------------------------------------
                             15 ; special function registers
                             16 ;--------------------------------------------------------
                             17 ;--------------------------------------------------------
                             18 ; ram data
                             19 ;--------------------------------------------------------
                             20 	.area _DATA
                             21 ;--------------------------------------------------------
                             22 ; ram data
                             23 ;--------------------------------------------------------
                             24 	.area _INITIALIZED
                             25 ;--------------------------------------------------------
                             26 ; absolute external ram data
                             27 ;--------------------------------------------------------
                             28 	.area _DABS (ABS)
                             29 ;--------------------------------------------------------
                             30 ; global & static initialisations
                             31 ;--------------------------------------------------------
                             32 	.area _HOME
                             33 	.area _GSINIT
                             34 	.area _GSFINAL
                             35 	.area _GSINIT
                             36 ;--------------------------------------------------------
                             37 ; Home
                             38 ;--------------------------------------------------------
                             39 	.area _HOME
                             40 	.area _HOME
                             41 ;--------------------------------------------------------
                             42 ; code
                             43 ;--------------------------------------------------------
                             44 	.area _CODE
                             45 	.area _CODE
   0000                      46 _g_goldframe_0:
   0000 40                   47 	.db #0x40	; 64
   0001 C0                   48 	.db #0xc0	; 192
   0002 80                   49 	.db #0x80	; 128
   0003 C4                   50 	.db #0xc4	; 196
   0004 CC                   51 	.db #0xcc	; 204
   0005 E2                   52 	.db #0xe2	; 226
   0006 C4                   53 	.db #0xc4	; 196
   0007 F3                   54 	.db #0xf3	; 243
   0008 62                   55 	.db #0x62	; 98	'b'
   0009 C4                   56 	.db #0xc4	; 196
   000A F3                   57 	.db #0xf3	; 243
   000B 62                   58 	.db #0x62	; 98	'b'
   000C D1                   59 	.db #0xd1	; 209
   000D 33                   60 	.db #0x33	; 51	'3'
   000E 62                   61 	.db #0x62	; 98	'b'
   000F 40                   62 	.db #0x40	; 64
   0010 C0                   63 	.db #0xc0	; 192
   0011 80                   64 	.db #0x80	; 128
   0012                      65 _g_goldframe_1:
   0012 40                   66 	.db #0x40	; 64
   0013 BF                   67 	.db #0xbf	; 191
   0014 80                   68 	.db #0x80	; 128
   0015 C4                   69 	.db #0xc4	; 196
   0016 95                   70 	.db #0x95	; 149
   0017 6A                   71 	.db #0x6a	; 106	'j'
   0018 C4                   72 	.db #0xc4	; 196
   0019 EA                   73 	.db #0xea	; 234
   001A 6A                   74 	.db #0x6a	; 106	'j'
   001B 40                   75 	.db #0x40	; 64
   001C BF                   76 	.db #0xbf	; 191
   001D 80                   77 	.db #0x80	; 128
   001E C4                   78 	.db #0xc4	; 196
   001F 95                   79 	.db #0x95	; 149
   0020 6A                   80 	.db #0x6a	; 106	'j'
   0021 C4                   81 	.db #0xc4	; 196
   0022 EA                   82 	.db #0xea	; 234
   0023 6A                   83 	.db #0x6a	; 106	'j'
   0024                      84 _g_goldframe_2:
   0024 C0                   85 	.db #0xc0	; 192
   0025 40                   86 	.db #0x40	; 64
   0026 80                   87 	.db #0x80	; 128
   0027 CC                   88 	.db #0xcc	; 204
   0028 C4                   89 	.db #0xc4	; 196
   0029 C8                   90 	.db #0xc8	; 200
   002A EA                   91 	.db #0xea	; 234
   002B FF                   92 	.db #0xff	; 255
   002C D5                   93 	.db #0xd5	; 213
   002D 95                   94 	.db #0x95	; 149
   002E 6A                   95 	.db #0x6a	; 106	'j'
   002F 3F                   96 	.db #0x3f	; 63
   0030 3F                   97 	.db #0x3f	; 63
   0031 95                   98 	.db #0x95	; 149
   0032 6A                   99 	.db #0x6a	; 106	'j'
   0033 C0                  100 	.db #0xc0	; 192
   0034 40                  101 	.db #0x40	; 64
   0035 80                  102 	.db #0x80	; 128
                            103 	.area _INITIALIZER
                            104 	.area _CABS (ABS)
