                              1 ;--------------------------------------------------------
                              2 ; File Created by SDCC : free open source ANSI-C Compiler
                              3 ; Version 3.6.8 #9946 (Linux)
                              4 ;--------------------------------------------------------
                              5 	.module magic
                              6 	.optsdcc -mz80
                              7 	
                              8 ;--------------------------------------------------------
                              9 ; Public variables in this module
                             10 ;--------------------------------------------------------
                             11 	.globl _g_magic_3
                             12 	.globl _g_magic_2
                             13 	.globl _g_magic_1
                             14 	.globl _g_magic_0
                             15 ;--------------------------------------------------------
                             16 ; special function registers
                             17 ;--------------------------------------------------------
                             18 ;--------------------------------------------------------
                             19 ; ram data
                             20 ;--------------------------------------------------------
                             21 	.area _DATA
                             22 ;--------------------------------------------------------
                             23 ; ram data
                             24 ;--------------------------------------------------------
                             25 	.area _INITIALIZED
                             26 ;--------------------------------------------------------
                             27 ; absolute external ram data
                             28 ;--------------------------------------------------------
                             29 	.area _DABS (ABS)
                             30 ;--------------------------------------------------------
                             31 ; global & static initialisations
                             32 ;--------------------------------------------------------
                             33 	.area _HOME
                             34 	.area _GSINIT
                             35 	.area _GSFINAL
                             36 	.area _GSINIT
                             37 ;--------------------------------------------------------
                             38 ; Home
                             39 ;--------------------------------------------------------
                             40 	.area _HOME
                             41 	.area _HOME
                             42 ;--------------------------------------------------------
                             43 ; code
                             44 ;--------------------------------------------------------
                             45 	.area _CODE
                             46 	.area _CODE
   0000                      47 _g_magic_0:
   0000 00                   48 	.db #0x00	; 0
   0001 C0                   49 	.db #0xc0	; 192
   0002 C0                   50 	.db #0xc0	; 192
   0003 00                   51 	.db #0x00	; 0
   0004 40                   52 	.db #0x40	; 64
   0005 CC                   53 	.db #0xcc	; 204
   0006 CC                   54 	.db #0xcc	; 204
   0007 80                   55 	.db #0x80	; 128
   0008 C4                   56 	.db #0xc4	; 196
   0009 8D                   57 	.db #0x8d	; 141
   000A 0F                   58 	.db #0x0f	; 15
   000B 4A                   59 	.db #0x4a	; 74	'J'
   000C C4                   60 	.db #0xc4	; 196
   000D 4B                   61 	.db #0x4b	; 75	'K'
   000E C3                   62 	.db #0xc3	; 195
   000F 4A                   63 	.db #0x4a	; 74	'J'
   0010 C4                   64 	.db #0xc4	; 196
   0011 4B                   65 	.db #0x4b	; 75	'K'
   0012 83                   66 	.db #0x83	; 131
   0013 4A                   67 	.db #0x4a	; 74	'J'
   0014 C4                   68 	.db #0xc4	; 196
   0015 0B                   69 	.db #0x0b	; 11
   0016 03                   70 	.db #0x03	; 3
   0017 4A                   71 	.db #0x4a	; 74	'J'
   0018 40                   72 	.db #0x40	; 64
   0019 0F                   73 	.db #0x0f	; 15
   001A 0F                   74 	.db #0x0f	; 15
   001B 80                   75 	.db #0x80	; 128
   001C 00                   76 	.db #0x00	; 0
   001D C0                   77 	.db #0xc0	; 192
   001E C0                   78 	.db #0xc0	; 192
   001F 00                   79 	.db #0x00	; 0
   0020                      80 _g_magic_1:
   0020 00                   81 	.db #0x00	; 0
   0021 C0                   82 	.db #0xc0	; 192
   0022 C0                   83 	.db #0xc0	; 192
   0023 00                   84 	.db #0x00	; 0
   0024 40                   85 	.db #0x40	; 64
   0025 CC                   86 	.db #0xcc	; 204
   0026 CC                   87 	.db #0xcc	; 204
   0027 80                   88 	.db #0x80	; 128
   0028 C4                   89 	.db #0xc4	; 196
   0029 DC                   90 	.db #0xdc	; 220
   002A FC                   91 	.db #0xfc	; 252
   002B E8                   92 	.db #0xe8	; 232
   002C C4                   93 	.db #0xc4	; 196
   002D BC                   94 	.db #0xbc	; 188
   002E 3C                   95 	.db #0x3c	; 60
   002F E8                   96 	.db #0xe8	; 232
   0030 C4                   97 	.db #0xc4	; 196
   0031 BC                   98 	.db #0xbc	; 188
   0032 78                   99 	.db #0x78	; 120	'x'
   0033 E8                  100 	.db #0xe8	; 232
   0034 C4                  101 	.db #0xc4	; 196
   0035 F8                  102 	.db #0xf8	; 248
   0036 F0                  103 	.db #0xf0	; 240
   0037 E8                  104 	.db #0xe8	; 232
   0038 40                  105 	.db #0x40	; 64
   0039 FC                  106 	.db #0xfc	; 252
   003A FC                  107 	.db #0xfc	; 252
   003B 80                  108 	.db #0x80	; 128
   003C 00                  109 	.db #0x00	; 0
   003D C0                  110 	.db #0xc0	; 192
   003E C0                  111 	.db #0xc0	; 192
   003F 00                  112 	.db #0x00	; 0
   0040                     113 _g_magic_2:
   0040 00                  114 	.db #0x00	; 0
   0041 C0                  115 	.db #0xc0	; 192
   0042 C0                  116 	.db #0xc0	; 192
   0043 00                  117 	.db #0x00	; 0
   0044 40                  118 	.db #0x40	; 64
   0045 CC                  119 	.db #0xcc	; 204
   0046 CC                  120 	.db #0xcc	; 204
   0047 80                  121 	.db #0x80	; 128
   0048 C4                  122 	.db #0xc4	; 196
   0049 D9                  123 	.db #0xd9	; 217
   004A F3                  124 	.db #0xf3	; 243
   004B E2                  125 	.db #0xe2	; 226
   004C C4                  126 	.db #0xc4	; 196
   004D F3                  127 	.db #0xf3	; 243
   004E B3                  128 	.db #0xb3	; 179
   004F E2                  129 	.db #0xe2	; 226
   0050 C4                  130 	.db #0xc4	; 196
   0051 73                  131 	.db #0x73	; 115	's'
   0052 33                  132 	.db #0x33	; 51	'3'
   0053 E2                  133 	.db #0xe2	; 226
   0054 C4                  134 	.db #0xc4	; 196
   0055 33                  135 	.db #0x33	; 51	'3'
   0056 33                  136 	.db #0x33	; 51	'3'
   0057 E2                  137 	.db #0xe2	; 226
   0058 40                  138 	.db #0x40	; 64
   0059 F3                  139 	.db #0xf3	; 243
   005A F3                  140 	.db #0xf3	; 243
   005B 80                  141 	.db #0x80	; 128
   005C 00                  142 	.db #0x00	; 0
   005D C0                  143 	.db #0xc0	; 192
   005E C0                  144 	.db #0xc0	; 192
   005F 00                  145 	.db #0x00	; 0
   0060                     146 _g_magic_3:
   0060 00                  147 	.db #0x00	; 0
   0061 C0                  148 	.db #0xc0	; 192
   0062 C0                  149 	.db #0xc0	; 192
   0063 00                  150 	.db #0x00	; 0
   0064 40                  151 	.db #0x40	; 64
   0065 CC                  152 	.db #0xcc	; 204
   0066 CC                  153 	.db #0xcc	; 204
   0067 80                  154 	.db #0x80	; 128
   0068 C4                  155 	.db #0xc4	; 196
   0069 DD                  156 	.db #0xdd	; 221
   006A FF                  157 	.db #0xff	; 255
   006B EA                  158 	.db #0xea	; 234
   006C C4                  159 	.db #0xc4	; 196
   006D FF                  160 	.db #0xff	; 255
   006E BF                  161 	.db #0xbf	; 191
   006F EA                  162 	.db #0xea	; 234
   0070 C4                  163 	.db #0xc4	; 196
   0071 7F                  164 	.db #0x7f	; 127
   0072 3F                  165 	.db #0x3f	; 63
   0073 EA                  166 	.db #0xea	; 234
   0074 C4                  167 	.db #0xc4	; 196
   0075 3F                  168 	.db #0x3f	; 63
   0076 3F                  169 	.db #0x3f	; 63
   0077 EA                  170 	.db #0xea	; 234
   0078 40                  171 	.db #0x40	; 64
   0079 FF                  172 	.db #0xff	; 255
   007A FF                  173 	.db #0xff	; 255
   007B 80                  174 	.db #0x80	; 128
   007C 00                  175 	.db #0x00	; 0
   007D C0                  176 	.db #0xc0	; 192
   007E C0                  177 	.db #0xc0	; 192
   007F 00                  178 	.db #0x00	; 0
                            179 	.area _INITIALIZER
                            180 	.area _CABS (ABS)
