                              1 ;--------------------------------------------------------
                              2 ; File Created by SDCC : free open source ANSI-C Compiler
                              3 ; Version 3.6.8 #9946 (Linux)
                              4 ;--------------------------------------------------------
                              5 	.module objects
                              6 	.optsdcc -mz80
                              7 	
                              8 ;--------------------------------------------------------
                              9 ; Public variables in this module
                             10 ;--------------------------------------------------------
                             11 	.globl _g_objects
                             12 ;--------------------------------------------------------
                             13 ; special function registers
                             14 ;--------------------------------------------------------
                             15 ;--------------------------------------------------------
                             16 ; ram data
                             17 ;--------------------------------------------------------
                             18 	.area _DATA
                             19 ;--------------------------------------------------------
                             20 ; ram data
                             21 ;--------------------------------------------------------
                             22 	.area _INITIALIZED
                             23 ;--------------------------------------------------------
                             24 ; absolute external ram data
                             25 ;--------------------------------------------------------
                             26 	.area _DABS (ABS)
                             27 ;--------------------------------------------------------
                             28 ; global & static initialisations
                             29 ;--------------------------------------------------------
                             30 	.area _HOME
                             31 	.area _GSINIT
                             32 	.area _GSFINAL
                             33 	.area _GSINIT
                             34 ;--------------------------------------------------------
                             35 ; Home
                             36 ;--------------------------------------------------------
                             37 	.area _HOME
                             38 	.area _HOME
                             39 ;--------------------------------------------------------
                             40 ; code
                             41 ;--------------------------------------------------------
                             42 	.area _CODE
                             43 	.area _CODE
   0000                      44 _g_objects:
   0000 00                   45 	.db #0x00	; 0
   0001 C3                   46 	.db #0xc3	; 195
   0002 82                   47 	.db #0x82	; 130
   0003 00                   48 	.db #0x00	; 0
   0004 41                   49 	.db #0x41	; 65	'A'
   0005 CC                   50 	.db #0xcc	; 204
   0006 AB                   51 	.db #0xab	; 171
   0007 80                   52 	.db #0x80	; 128
   0008 C6                   53 	.db #0xc6	; 198
   0009 C9                   54 	.db #0xc9	; 201
   000A AF                   55 	.db #0xaf	; 175
   000B 42                   56 	.db #0x42	; 66	'B'
   000C C6                   57 	.db #0xc6	; 198
   000D 83                   58 	.db #0x83	; 131
   000E AF                   59 	.db #0xaf	; 175
   000F 42                   60 	.db #0x42	; 66	'B'
   0010 57                   61 	.db #0x57	; 87	'W'
   0011 AB                   62 	.db #0xab	; 171
   0012 0F                   63 	.db #0x0f	; 15
   0013 42                   64 	.db #0x42	; 66	'B'
   0014 57                   65 	.db #0x57	; 87	'W'
   0015 83                   66 	.db #0x83	; 131
   0016 07                   67 	.db #0x07	; 7
   0017 42                   68 	.db #0x42	; 66	'B'
   0018 01                   69 	.db #0x01	; 1
   0019 0F                   70 	.db #0x0f	; 15
   001A 0B                   71 	.db #0x0b	; 11
   001B C0                   72 	.db #0xc0	; 192
   001C 00                   73 	.db #0x00	; 0
   001D 03                   74 	.db #0x03	; 3
   001E 42                   75 	.db #0x42	; 66	'B'
   001F 80                   76 	.db #0x80	; 128
   0020 00                   77 	.db #0x00	; 0
   0021 03                   78 	.db #0x03	; 3
   0022 C0                   79 	.db #0xc0	; 192
   0023 00                   80 	.db #0x00	; 0
   0024 41                   81 	.db #0x41	; 65	'A'
   0025 CC                   82 	.db #0xcc	; 204
   0026 FF                   83 	.db #0xff	; 255
   0027 80                   84 	.db #0x80	; 128
   0028 46                   85 	.db #0x46	; 70	'F'
   0029 C9                   86 	.db #0xc9	; 201
   002A 57                   87 	.db #0x57	; 87	'W'
   002B 4A                   88 	.db #0x4a	; 74	'J'
   002C 46                   89 	.db #0x46	; 70	'F'
   002D EB                   90 	.db #0xeb	; 235
   002E AF                   91 	.db #0xaf	; 175
   002F 4A                   92 	.db #0x4a	; 74	'J'
   0030 D5                   93 	.db #0xd5	; 213
   0031 FF                   94 	.db #0xff	; 255
   0032 07                   95 	.db #0x07	; 7
   0033 4A                   96 	.db #0x4a	; 74	'J'
   0034 D5                   97 	.db #0xd5	; 213
   0035 0B                   98 	.db #0x0b	; 11
   0036 07                   99 	.db #0x07	; 7
   0037 4A                  100 	.db #0x4a	; 74	'J'
   0038 40                  101 	.db #0x40	; 64
   0039 0F                  102 	.db #0x0f	; 15
   003A 0F                  103 	.db #0x0f	; 15
   003B 80                  104 	.db #0x80	; 128
   003C 00                  105 	.db #0x00	; 0
   003D C0                  106 	.db #0xc0	; 192
   003E C0                  107 	.db #0xc0	; 192
   003F 00                  108 	.db #0x00	; 0
   0040 00                  109 	.db #0x00	; 0
   0041 30                  110 	.db #0x30	; 48	'0'
   0042 30                  111 	.db #0x30	; 48	'0'
   0043 00                  112 	.db #0x00	; 0
   0044 00                  113 	.db #0x00	; 0
   0045 64                  114 	.db #0x64	; 100	'd'
   0046 B8                  115 	.db #0xb8	; 184
   0047 20                  116 	.db #0x20	; 32
   0048 00                  117 	.db #0x00	; 0
   0049 30                  118 	.db #0x30	; 48	'0'
   004A 30                  119 	.db #0x30	; 48	'0'
   004B 20                  120 	.db #0x20	; 32
   004C 10                  121 	.db #0x10	; 16
   004D 21                  122 	.db #0x21	; 33
   004E 12                  123 	.db #0x12	; 18
   004F 20                  124 	.db #0x20	; 32
   0050 10                  125 	.db #0x10	; 16
   0051 C9                  126 	.db #0xc9	; 201
   0052 FC                  127 	.db #0xfc	; 252
   0053 30                  128 	.db #0x30	; 48	'0'
   0054 10                  129 	.db #0x10	; 16
   0055 EC                  130 	.db #0xec	; 236
   0056 BC                  131 	.db #0xbc	; 188
   0057 30                  132 	.db #0x30	; 48	'0'
   0058 10                  133 	.db #0x10	; 16
   0059 7C                  134 	.db #0x7c	; 124
   005A 3C                  135 	.db #0x3c	; 60
   005B 30                  136 	.db #0x30	; 48	'0'
   005C 00                  137 	.db #0x00	; 0
   005D 30                  138 	.db #0x30	; 48	'0'
   005E 30                  139 	.db #0x30	; 48	'0'
   005F 20                  140 	.db #0x20	; 32
   0060 00                  141 	.db #0x00	; 0
   0061 03                  142 	.db #0x03	; 3
   0062 03                  143 	.db #0x03	; 3
   0063 02                  144 	.db #0x02	; 2
   0064 01                  145 	.db #0x01	; 1
   0065 8D                  146 	.db #0x8d	; 141
   0066 4B                  147 	.db #0x4b	; 75	'K'
   0067 42                  148 	.db #0x42	; 66	'B'
   0068 01                  149 	.db #0x01	; 1
   0069 03                  150 	.db #0x03	; 3
   006A 42                  151 	.db #0x42	; 66	'B'
   006B C0                  152 	.db #0xc0	; 192
   006C 00                  153 	.db #0x00	; 0
   006D 13                  154 	.db #0x13	; 19
   006E 23                  155 	.db #0x23	; 35
   006F 80                  156 	.db #0x80	; 128
   0070 01                  157 	.db #0x01	; 1
   0071 D9                  158 	.db #0xd9	; 217
   0072 4B                  159 	.db #0x4b	; 75	'K'
   0073 42                  160 	.db #0x42	; 66	'B'
   0074 01                  161 	.db #0x01	; 1
   0075 8D                  162 	.db #0x8d	; 141
   0076 C3                  163 	.db #0xc3	; 195
   0077 42                  164 	.db #0x42	; 66	'B'
   0078 01                  165 	.db #0x01	; 1
   0079 4B                  166 	.db #0x4b	; 75	'K'
   007A 83                  167 	.db #0x83	; 131
   007B 42                  168 	.db #0x42	; 66	'B'
   007C 00                  169 	.db #0x00	; 0
   007D 42                  170 	.db #0x42	; 66	'B'
   007E C0                  171 	.db #0xc0	; 192
   007F 80                  172 	.db #0x80	; 128
   0080 00                  173 	.db #0x00	; 0
   0081 03                  174 	.db #0x03	; 3
   0082 03                  175 	.db #0x03	; 3
   0083 00                  176 	.db #0x00	; 0
   0084 01                  177 	.db #0x01	; 1
   0085 C6                  178 	.db #0xc6	; 198
   0086 4B                  179 	.db #0x4b	; 75	'K'
   0087 02                  180 	.db #0x02	; 2
   0088 01                  181 	.db #0x01	; 1
   0089 87                  182 	.db #0x87	; 135
   008A 4B                  183 	.db #0x4b	; 75	'K'
   008B 02                  184 	.db #0x02	; 2
   008C 33                  185 	.db #0x33	; 51	'3'
   008D F3                  186 	.db #0xf3	; 243
   008E B3                  187 	.db #0xb3	; 179
   008F 33                  188 	.db #0x33	; 51	'3'
   0090 73                  189 	.db #0x73	; 115	's'
   0091 CC                  190 	.db #0xcc	; 204
   0092 F3                  191 	.db #0xf3	; 243
   0093 33                  192 	.db #0x33	; 51	'3'
   0094 73                  193 	.db #0x73	; 115	's'
   0095 CC                  194 	.db #0xcc	; 204
   0096 F3                  195 	.db #0xf3	; 243
   0097 33                  196 	.db #0x33	; 51	'3'
   0098 33                  197 	.db #0x33	; 51	'3'
   0099 F3                  198 	.db #0xf3	; 243
   009A B3                  199 	.db #0xb3	; 179
   009B 33                  200 	.db #0x33	; 51	'3'
   009C 11                  201 	.db #0x11	; 17
   009D 33                  202 	.db #0x33	; 51	'3'
   009E 33                  203 	.db #0x33	; 51	'3'
   009F 22                  204 	.db #0x22	; 34
   00A0 50                  205 	.db #0x50	; 80	'P'
   00A1 F0                  206 	.db #0xf0	; 240
   00A2 F0                  207 	.db #0xf0	; 240
   00A3 A0                  208 	.db #0xa0	; 160
   00A4 F0                  209 	.db #0xf0	; 240
   00A5 DC                  210 	.db #0xdc	; 220
   00A6 BC                  211 	.db #0xbc	; 188
   00A7 F0                  212 	.db #0xf0	; 240
   00A8 E4                  213 	.db #0xe4	; 228
   00A9 DC                  214 	.db #0xdc	; 220
   00AA BC                  215 	.db #0xbc	; 188
   00AB 78                  216 	.db #0x78	; 120	'x'
   00AC F4                  217 	.db #0xf4	; 244
   00AD BC                  218 	.db #0xbc	; 188
   00AE 38                  219 	.db #0x38	; 56	'8'
   00AF 70                  220 	.db #0x70	; 112	'p'
   00B0 F0                  221 	.db #0xf0	; 240
   00B1 BC                  222 	.db #0xbc	; 188
   00B2 38                  223 	.db #0x38	; 56	'8'
   00B3 F0                  224 	.db #0xf0	; 240
   00B4 50                  225 	.db #0x50	; 80	'P'
   00B5 FC                  226 	.db #0xfc	; 252
   00B6 30                  227 	.db #0x30	; 48	'0'
   00B7 A0                  228 	.db #0xa0	; 160
   00B8 00                  229 	.db #0x00	; 0
   00B9 F4                  230 	.db #0xf4	; 244
   00BA 70                  231 	.db #0x70	; 112	'p'
   00BB 00                  232 	.db #0x00	; 0
   00BC 00                  233 	.db #0x00	; 0
   00BD 50                  234 	.db #0x50	; 80	'P'
   00BE A0                  235 	.db #0xa0	; 160
   00BF 00                  236 	.db #0x00	; 0
   00C0 00                  237 	.db #0x00	; 0
   00C1 03                  238 	.db #0x03	; 3
   00C2 03                  239 	.db #0x03	; 3
   00C3 00                  240 	.db #0x00	; 0
   00C4 01                  241 	.db #0x01	; 1
   00C5 AF                  242 	.db #0xaf	; 175
   00C6 85                  243 	.db #0x85	; 133
   00C7 02                  244 	.db #0x02	; 2
   00C8 57                  245 	.db #0x57	; 87	'W'
   00C9 0E                  246 	.db #0x0e	; 14
   00CA 85                  247 	.db #0x85	; 133
   00CB 0B                  248 	.db #0x0b	; 11
   00CC 57                  249 	.db #0x57	; 87	'W'
   00CD 4E                  250 	.db #0x4e	; 78	'N'
   00CE 85                  251 	.db #0x85	; 133
   00CF 0B                  252 	.db #0x0b	; 11
   00D0 43                  253 	.db #0x43	; 67	'C'
   00D1 4A                  254 	.db #0x4a	; 74	'J'
   00D2 85                  255 	.db #0x85	; 133
   00D3 83                  256 	.db #0x83	; 131
   00D4 07                  257 	.db #0x07	; 7
   00D5 4A                  258 	.db #0x4a	; 74	'J'
   00D6 85                  259 	.db #0x85	; 133
   00D7 AB                  260 	.db #0xab	; 171
   00D8 01                  261 	.db #0x01	; 1
   00D9 4A                  262 	.db #0x4a	; 74	'J'
   00DA 5F                  263 	.db #0x5f	; 95
   00DB 02                  264 	.db #0x02	; 2
   00DC 00                  265 	.db #0x00	; 0
   00DD 03                  266 	.db #0x03	; 3
   00DE 03                  267 	.db #0x03	; 3
   00DF 00                  268 	.db #0x00	; 0
   00E0 00                  269 	.db #0x00	; 0
   00E1 00                  270 	.db #0x00	; 0
   00E2 03                  271 	.db #0x03	; 3
   00E3 02                  272 	.db #0x02	; 2
   00E4 00                  273 	.db #0x00	; 0
   00E5 01                  274 	.db #0x01	; 1
   00E6 03                  275 	.db #0x03	; 3
   00E7 00                  276 	.db #0x00	; 0
   00E8 00                  277 	.db #0x00	; 0
   00E9 46                  278 	.db #0x46	; 70	'F'
   00EA 83                  279 	.db #0x83	; 131
   00EB 00                  280 	.db #0x00	; 0
   00EC 00                  281 	.db #0x00	; 0
   00ED 07                  282 	.db #0x07	; 7
   00EE 03                  283 	.db #0x03	; 3
   00EF 02                  284 	.db #0x02	; 2
   00F0 01                  285 	.db #0x01	; 1
   00F1 8D                  286 	.db #0x8d	; 141
   00F2 C3                  287 	.db #0xc3	; 195
   00F3 02                  288 	.db #0x02	; 2
   00F4 07                  289 	.db #0x07	; 7
   00F5 4B                  290 	.db #0x4b	; 75	'K'
   00F6 03                  291 	.db #0x03	; 3
   00F7 03                  292 	.db #0x03	; 3
   00F8 07                  293 	.db #0x07	; 7
   00F9 C3                  294 	.db #0xc3	; 195
   00FA C3                  295 	.db #0xc3	; 195
   00FB 83                  296 	.db #0x83	; 131
   00FC 01                  297 	.db #0x01	; 1
   00FD 03                  298 	.db #0x03	; 3
   00FE 03                  299 	.db #0x03	; 3
   00FF 02                  300 	.db #0x02	; 2
   0100 00                  301 	.db #0x00	; 0
   0101 05                  302 	.db #0x05	; 5
   0102 82                  303 	.db #0x82	; 130
   0103 00                  304 	.db #0x00	; 0
   0104 00                  305 	.db #0x00	; 0
   0105 F3                  306 	.db #0xf3	; 243
   0106 33                  307 	.db #0x33	; 51	'3'
   0107 00                  308 	.db #0x00	; 0
   0108 00                  309 	.db #0x00	; 0
   0109 51                  310 	.db #0x51	; 81	'Q'
   010A 22                  311 	.db #0x22	; 34
   010B 00                  312 	.db #0x00	; 0
   010C 00                  313 	.db #0x00	; 0
   010D 51                  314 	.db #0x51	; 81	'Q'
   010E 22                  315 	.db #0x22	; 34
   010F 00                  316 	.db #0x00	; 0
   0110 00                  317 	.db #0x00	; 0
   0111 A6                  318 	.db #0xa6	; 166
   0112 91                  319 	.db #0x91	; 145
   0113 00                  320 	.db #0x00	; 0
   0114 51                  321 	.db #0x51	; 81	'Q'
   0115 8C                  322 	.db #0x8c	; 140
   0116 48                  323 	.db #0x48	; 72	'H'
   0117 22                  324 	.db #0x22	; 34
   0118 11                  325 	.db #0x11	; 17
   0119 0C                  326 	.db #0x0c	; 12
   011A C0                  327 	.db #0xc0	; 192
   011B 22                  328 	.db #0x22	; 34
   011C 11                  329 	.db #0x11	; 17
   011D 33                  330 	.db #0x33	; 51	'3'
   011E 33                  331 	.db #0x33	; 51	'3'
   011F 22                  332 	.db #0x22	; 34
   0120 00                  333 	.db #0x00	; 0
   0121 B0                  334 	.db #0xb0	; 176
   0122 00                  335 	.db #0x00	; 0
   0123 00                  336 	.db #0x00	; 0
   0124 00                  337 	.db #0x00	; 0
   0125 70                  338 	.db #0x70	; 112	'p'
   0126 20                  339 	.db #0x20	; 32
   0127 00                  340 	.db #0x00	; 0
   0128 00                  341 	.db #0x00	; 0
   0129 B4                  342 	.db #0xb4	; 180
   012A 38                  343 	.db #0x38	; 56	'8'
   012B 00                  344 	.db #0x00	; 0
   012C 50                  345 	.db #0x50	; 80	'P'
   012D 7C                  346 	.db #0x7c	; 124
   012E BC                  347 	.db #0xbc	; 188
   012F 20                  348 	.db #0x20	; 32
   0130 34                  349 	.db #0x34	; 52	'4'
   0131 EC                  350 	.db #0xec	; 236
   0132 FC                  351 	.db #0xfc	; 252
   0133 38                  352 	.db #0x38	; 56	'8'
   0134 34                  353 	.db #0x34	; 52	'4'
   0135 EC                  354 	.db #0xec	; 236
   0136 DC                  355 	.db #0xdc	; 220
   0137 B0                  356 	.db #0xb0	; 176
   0138 10                  357 	.db #0x10	; 16
   0139 7C                  358 	.db #0x7c	; 124
   013A 78                  359 	.db #0x78	; 120	'x'
   013B 20                  360 	.db #0x20	; 32
   013C 00                  361 	.db #0x00	; 0
   013D 30                  362 	.db #0x30	; 48	'0'
   013E 30                  363 	.db #0x30	; 48	'0'
   013F 00                  364 	.db #0x00	; 0
   0140 00                  365 	.db #0x00	; 0
   0141 C3                  366 	.db #0xc3	; 195
   0142 C3                  367 	.db #0xc3	; 195
   0143 00                  368 	.db #0x00	; 0
   0144 41                  369 	.db #0x41	; 65	'A'
   0145 C9                  370 	.db #0xc9	; 201
   0146 EB                  371 	.db #0xeb	; 235
   0147 02                  372 	.db #0x02	; 2
   0148 C6                  373 	.db #0xc6	; 198
   0149 C3                  374 	.db #0xc3	; 195
   014A 83                  375 	.db #0x83	; 131
   014B 03                  376 	.db #0x03	; 3
   014C C6                  377 	.db #0xc6	; 198
   014D EB                  378 	.db #0xeb	; 235
   014E 43                  379 	.db #0x43	; 67	'C'
   014F 03                  380 	.db #0x03	; 3
   0150 C3                  381 	.db #0xc3	; 195
   0151 83                  382 	.db #0x83	; 131
   0152 03                  383 	.db #0x03	; 3
   0153 03                  384 	.db #0x03	; 3
   0154 00                  385 	.db #0x00	; 0
   0155 6E                  386 	.db #0x6e	; 110	'n'
   0156 8C                  387 	.db #0x8c	; 140
   0157 00                  388 	.db #0x00	; 0
   0158 15                  389 	.db #0x15	; 21
   0159 CC                  390 	.db #0xcc	; 204
   015A 9D                  391 	.db #0x9d	; 157
   015B 2A                  392 	.db #0x2a	; 42
   015C 15                  393 	.db #0x15	; 21
   015D CC                  394 	.db #0xcc	; 204
   015E 0C                  395 	.db #0x0c	; 12
   015F 2A                  396 	.db #0x2a	; 42
   0160 50                  397 	.db #0x50	; 80	'P'
   0161 F0                  398 	.db #0xf0	; 240
   0162 F0                  399 	.db #0xf0	; 240
   0163 A0                  400 	.db #0xa0	; 160
   0164 50                  401 	.db #0x50	; 80	'P'
   0165 EC                  402 	.db #0xec	; 236
   0166 BC                  403 	.db #0xbc	; 188
   0167 20                  404 	.db #0x20	; 32
   0168 50                  405 	.db #0x50	; 80	'P'
   0169 EC                  406 	.db #0xec	; 236
   016A 3C                  407 	.db #0x3c	; 60
   016B 20                  408 	.db #0x20	; 32
   016C 21                  409 	.db #0x21	; 33
   016D 30                  410 	.db #0x30	; 48	'0'
   016E 30                  411 	.db #0x30	; 48	'0'
   016F 30                  412 	.db #0x30	; 48	'0'
   0170 21                  413 	.db #0x21	; 33
   0171 CC                  414 	.db #0xcc	; 204
   0172 C3                  415 	.db #0xc3	; 195
   0173 12                  416 	.db #0x12	; 18
   0174 21                  417 	.db #0x21	; 33
   0175 C6                  418 	.db #0xc6	; 198
   0176 C3                  419 	.db #0xc3	; 195
   0177 12                  420 	.db #0x12	; 18
   0178 21                  421 	.db #0x21	; 33
   0179 C3                  422 	.db #0xc3	; 195
   017A 83                  423 	.db #0x83	; 131
   017B 12                  424 	.db #0x12	; 18
   017C 30                  425 	.db #0x30	; 48	'0'
   017D 30                  426 	.db #0x30	; 48	'0'
   017E 30                  427 	.db #0x30	; 48	'0'
   017F 30                  428 	.db #0x30	; 48	'0'
   0180 00                  429 	.db #0x00	; 0
   0181 FF                  430 	.db #0xff	; 255
   0182 BF                  431 	.db #0xbf	; 191
   0183 00                  432 	.db #0x00	; 0
   0184 55                  433 	.db #0x55	; 85	'U'
   0185 CC                  434 	.db #0xcc	; 204
   0186 FF                  435 	.db #0xff	; 255
   0187 2A                  436 	.db #0x2a	; 42
   0188 55                  437 	.db #0x55	; 85	'U'
   0189 CC                  438 	.db #0xcc	; 204
   018A FF                  439 	.db #0xff	; 255
   018B 2A                  440 	.db #0x2a	; 42
   018C FF                  441 	.db #0xff	; 255
   018D DD                  442 	.db #0xdd	; 221
   018E BF                  443 	.db #0xbf	; 191
   018F 3F                  444 	.db #0x3f	; 63
   0190 FF                  445 	.db #0xff	; 255
   0191 FF                  446 	.db #0xff	; 255
   0192 AF                  447 	.db #0xaf	; 175
   0193 3F                  448 	.db #0x3f	; 63
   0194 FF                  449 	.db #0xff	; 255
   0195 5F                  450 	.db #0x5f	; 95
   0196 3F                  451 	.db #0x3f	; 63
   0197 3F                  452 	.db #0x3f	; 63
   0198 FF                  453 	.db #0xff	; 255
   0199 BF                  454 	.db #0xbf	; 191
   019A 1F                  455 	.db #0x1f	; 31
   019B 3F                  456 	.db #0x3f	; 63
   019C 15                  457 	.db #0x15	; 21
   019D 3F                  458 	.db #0x3f	; 63
   019E 3F                  459 	.db #0x3f	; 63
   019F 2A                  460 	.db #0x2a	; 42
   01A0 00                  461 	.db #0x00	; 0
   01A1 03                  462 	.db #0x03	; 3
   01A2 03                  463 	.db #0x03	; 3
   01A3 00                  464 	.db #0x00	; 0
   01A4 01                  465 	.db #0x01	; 1
   01A5 C6                  466 	.db #0xc6	; 198
   01A6 4B                  467 	.db #0x4b	; 75	'K'
   01A7 02                  468 	.db #0x02	; 2
   01A8 01                  469 	.db #0x01	; 1
   01A9 C6                  470 	.db #0xc6	; 198
   01AA 4B                  471 	.db #0x4b	; 75	'K'
   01AB 02                  472 	.db #0x02	; 2
   01AC 00                  473 	.db #0x00	; 0
   01AD F0                  474 	.db #0xf0	; 240
   01AE F0                  475 	.db #0xf0	; 240
   01AF 00                  476 	.db #0x00	; 0
   01B0 50                  477 	.db #0x50	; 80	'P'
   01B1 EC                  478 	.db #0xec	; 236
   01B2 BC                  479 	.db #0xbc	; 188
   01B3 A0                  480 	.db #0xa0	; 160
   01B4 B4                  481 	.db #0xb4	; 180
   01B5 DC                  482 	.db #0xdc	; 220
   01B6 FC                  483 	.db #0xfc	; 252
   01B7 78                  484 	.db #0x78	; 120	'x'
   01B8 B4                  485 	.db #0xb4	; 180
   01B9 FC                  486 	.db #0xfc	; 252
   01BA 3C                  487 	.db #0x3c	; 60
   01BB 78                  488 	.db #0x78	; 120	'x'
   01BC 50                  489 	.db #0x50	; 80	'P'
   01BD F0                  490 	.db #0xf0	; 240
   01BE F0                  491 	.db #0xf0	; 240
   01BF A0                  492 	.db #0xa0	; 160
   01C0 10                  493 	.db #0x10	; 16
   01C1 30                  494 	.db #0x30	; 48	'0'
   01C2 30                  495 	.db #0x30	; 48	'0'
   01C3 20                  496 	.db #0x20	; 32
   01C4 10                  497 	.db #0x10	; 16
   01C5 E4                  498 	.db #0xe4	; 228
   01C6 78                  499 	.db #0x78	; 120	'x'
   01C7 20                  500 	.db #0x20	; 32
   01C8 10                  501 	.db #0x10	; 16
   01C9 F4                  502 	.db #0xf4	; 244
   01CA 78                  503 	.db #0x78	; 120	'x'
   01CB 20                  504 	.db #0x20	; 32
   01CC 01                  505 	.db #0x01	; 1
   01CD 4E                  506 	.db #0x4e	; 78	'N'
   01CE AF                  507 	.db #0xaf	; 175
   01CF 02                  508 	.db #0x02	; 2
   01D0 07                  509 	.db #0x07	; 7
   01D1 CC                  510 	.db #0xcc	; 204
   01D2 FF                  511 	.db #0xff	; 255
   01D3 0B                  512 	.db #0x0b	; 11
   01D4 07                  513 	.db #0x07	; 7
   01D5 CC                  514 	.db #0xcc	; 204
   01D6 FF                  515 	.db #0xff	; 255
   01D7 0B                  516 	.db #0x0b	; 11
   01D8 07                  517 	.db #0x07	; 7
   01D9 FF                  518 	.db #0xff	; 255
   01DA 0F                  519 	.db #0x0f	; 15
   01DB 0B                  520 	.db #0x0b	; 11
   01DC 01                  521 	.db #0x01	; 1
   01DD 03                  522 	.db #0x03	; 3
   01DE 03                  523 	.db #0x03	; 3
   01DF 02                  524 	.db #0x02	; 2
   01E0 14                  525 	.db #0x14	; 20
   01E1 EC                  526 	.db #0xec	; 236
   01E2 DC                  527 	.db #0xdc	; 220
   01E3 28                  528 	.db #0x28	; 40
   01E4 00                  529 	.db #0x00	; 0
   01E5 6C                  530 	.db #0x6c	; 108	'l'
   01E6 F8                  531 	.db #0xf8	; 248
   01E7 00                  532 	.db #0x00	; 0
   01E8 00                  533 	.db #0x00	; 0
   01E9 6C                  534 	.db #0x6c	; 108	'l'
   01EA F8                  535 	.db #0xf8	; 248
   01EB 00                  536 	.db #0x00	; 0
   01EC 00                  537 	.db #0x00	; 0
   01ED 7D                  538 	.db #0x7d	; 125
   01EE FA                  539 	.db #0xfa	; 250
   01EF 00                  540 	.db #0x00	; 0
   01F0 14                  541 	.db #0x14	; 20
   01F1 AF                  542 	.db #0xaf	; 175
   01F2 AF                  543 	.db #0xaf	; 175
   01F3 A0                  544 	.db #0xa0	; 160
   01F4 2D                  545 	.db #0x2d	; 45
   01F5 87                  546 	.db #0x87	; 135
   01F6 87                  547 	.db #0x87	; 135
   01F7 D2                  548 	.db #0xd2	; 210
   01F8 29                  549 	.db #0x29	; 41
   01F9 C3                  550 	.db #0xc3	; 195
   01FA 43                  551 	.db #0x43	; 67	'C'
   01FB 52                  552 	.db #0x52	; 82	'R'
   01FC 50                  553 	.db #0x50	; 80	'P'
   01FD F0                  554 	.db #0xf0	; 240
   01FE F0                  555 	.db #0xf0	; 240
   01FF A0                  556 	.db #0xa0	; 160
                            557 	.area _INITIALIZER
                            558 	.area _CABS (ABS)
