                              1 ;--------------------------------------------------------
                              2 ; File Created by SDCC : free open source ANSI-C Compiler
                              3 ; Version 3.6.8 #9946 (Linux)
                              4 ;--------------------------------------------------------
                              5 	.module tiles
                              6 	.optsdcc -mz80
                              7 	
                              8 ;--------------------------------------------------------
                              9 ; Public variables in this module
                             10 ;--------------------------------------------------------
                             11 	.globl _g_tiles_119
                             12 	.globl _g_tiles_118
                             13 	.globl _g_tiles_117
                             14 	.globl _g_tiles_116
                             15 	.globl _g_tiles_115
                             16 	.globl _g_tiles_114
                             17 	.globl _g_tiles_113
                             18 	.globl _g_tiles_112
                             19 	.globl _g_tiles_111
                             20 	.globl _g_tiles_110
                             21 	.globl _g_tiles_109
                             22 	.globl _g_tiles_108
                             23 	.globl _g_tiles_107
                             24 	.globl _g_tiles_106
                             25 	.globl _g_tiles_105
                             26 	.globl _g_tiles_104
                             27 	.globl _g_tiles_103
                             28 	.globl _g_tiles_102
                             29 	.globl _g_tiles_101
                             30 	.globl _g_tiles_100
                             31 	.globl _g_tiles_099
                             32 	.globl _g_tiles_098
                             33 	.globl _g_tiles_097
                             34 	.globl _g_tiles_096
                             35 	.globl _g_tiles_095
                             36 	.globl _g_tiles_094
                             37 	.globl _g_tiles_093
                             38 	.globl _g_tiles_092
                             39 	.globl _g_tiles_091
                             40 	.globl _g_tiles_090
                             41 	.globl _g_tiles_089
                             42 	.globl _g_tiles_088
                             43 	.globl _g_tiles_087
                             44 	.globl _g_tiles_086
                             45 	.globl _g_tiles_085
                             46 	.globl _g_tiles_084
                             47 	.globl _g_tiles_083
                             48 	.globl _g_tiles_082
                             49 	.globl _g_tiles_081
                             50 	.globl _g_tiles_080
                             51 	.globl _g_tiles_079
                             52 	.globl _g_tiles_078
                             53 	.globl _g_tiles_077
                             54 	.globl _g_tiles_076
                             55 	.globl _g_tiles_075
                             56 	.globl _g_tiles_074
                             57 	.globl _g_tiles_073
                             58 	.globl _g_tiles_072
                             59 	.globl _g_tiles_071
                             60 	.globl _g_tiles_070
                             61 	.globl _g_tiles_069
                             62 	.globl _g_tiles_068
                             63 	.globl _g_tiles_067
                             64 	.globl _g_tiles_066
                             65 	.globl _g_tiles_065
                             66 	.globl _g_tiles_064
                             67 	.globl _g_tiles_063
                             68 	.globl _g_tiles_062
                             69 	.globl _g_tiles_061
                             70 	.globl _g_tiles_060
                             71 	.globl _g_tiles_059
                             72 	.globl _g_tiles_058
                             73 	.globl _g_tiles_057
                             74 	.globl _g_tiles_056
                             75 	.globl _g_tiles_055
                             76 	.globl _g_tiles_054
                             77 	.globl _g_tiles_053
                             78 	.globl _g_tiles_052
                             79 	.globl _g_tiles_051
                             80 	.globl _g_tiles_050
                             81 	.globl _g_tiles_049
                             82 	.globl _g_tiles_048
                             83 	.globl _g_tiles_047
                             84 	.globl _g_tiles_046
                             85 	.globl _g_tiles_045
                             86 	.globl _g_tiles_044
                             87 	.globl _g_tiles_043
                             88 	.globl _g_tiles_042
                             89 	.globl _g_tiles_041
                             90 	.globl _g_tiles_040
                             91 	.globl _g_tiles_039
                             92 	.globl _g_tiles_038
                             93 	.globl _g_tiles_037
                             94 	.globl _g_tiles_036
                             95 	.globl _g_tiles_035
                             96 	.globl _g_tiles_034
                             97 	.globl _g_tiles_033
                             98 	.globl _g_tiles_032
                             99 	.globl _g_tiles_031
                            100 	.globl _g_tiles_030
                            101 	.globl _g_tiles_029
                            102 	.globl _g_tiles_028
                            103 	.globl _g_tiles_027
                            104 	.globl _g_tiles_026
                            105 	.globl _g_tiles_025
                            106 	.globl _g_tiles_024
                            107 	.globl _g_tiles_023
                            108 	.globl _g_tiles_022
                            109 	.globl _g_tiles_021
                            110 	.globl _g_tiles_020
                            111 	.globl _g_tiles_019
                            112 	.globl _g_tiles_018
                            113 	.globl _g_tiles_017
                            114 	.globl _g_tiles_016
                            115 	.globl _g_tiles_015
                            116 	.globl _g_tiles_014
                            117 	.globl _g_tiles_013
                            118 	.globl _g_tiles_012
                            119 	.globl _g_tiles_011
                            120 	.globl _g_tiles_010
                            121 	.globl _g_tiles_009
                            122 	.globl _g_tiles_008
                            123 	.globl _g_tiles_007
                            124 	.globl _g_tiles_006
                            125 	.globl _g_tiles_005
                            126 	.globl _g_tiles_004
                            127 	.globl _g_tiles_003
                            128 	.globl _g_tiles_002
                            129 	.globl _g_tiles_001
                            130 	.globl _g_tiles_000
                            131 	.globl _g_tileset
                            132 	.globl _g_palette
                            133 ;--------------------------------------------------------
                            134 ; special function registers
                            135 ;--------------------------------------------------------
                            136 ;--------------------------------------------------------
                            137 ; ram data
                            138 ;--------------------------------------------------------
                            139 	.area _DATA
                            140 ;--------------------------------------------------------
                            141 ; ram data
                            142 ;--------------------------------------------------------
                            143 	.area _INITIALIZED
                            144 ;--------------------------------------------------------
                            145 ; absolute external ram data
                            146 ;--------------------------------------------------------
                            147 	.area _DABS (ABS)
                            148 ;--------------------------------------------------------
                            149 ; global & static initialisations
                            150 ;--------------------------------------------------------
                            151 	.area _HOME
                            152 	.area _GSINIT
                            153 	.area _GSFINAL
                            154 	.area _GSINIT
                            155 ;--------------------------------------------------------
                            156 ; Home
                            157 ;--------------------------------------------------------
                            158 	.area _HOME
                            159 	.area _HOME
                            160 ;--------------------------------------------------------
                            161 ; code
                            162 ;--------------------------------------------------------
                            163 	.area _CODE
                            164 	.area _CODE
   0000                     165 _g_palette:
   0000 4D                  166 	.db #0x4d	; 77	'M'
   0001 54                  167 	.db #0x54	; 84	'T'
   0002 40                  168 	.db #0x40	; 64
   0003 4B                  169 	.db #0x4b	; 75	'K'
   0004 44                  170 	.db #0x44	; 68	'D'
   0005 55                  171 	.db #0x55	; 85	'U'
   0006 57                  172 	.db #0x57	; 87	'W'
   0007 53                  173 	.db #0x53	; 83	'S'
   0008 5C                  174 	.db #0x5c	; 92
   0009 4C                  175 	.db #0x4c	; 76	'L'
   000A 4E                  176 	.db #0x4e	; 78	'N'
   000B 47                  177 	.db #0x47	; 71	'G'
   000C 56                  178 	.db #0x56	; 86	'V'
   000D 52                  179 	.db #0x52	; 82	'R'
   000E 5E                  180 	.db #0x5e	; 94
   000F 4A                  181 	.db #0x4a	; 74	'J'
   0010                     182 _g_tileset:
   0010r00r01               183 	.dw _g_tiles_000
   0012r08r01               184 	.dw _g_tiles_001
   0014r10r01               185 	.dw _g_tiles_002
   0016r18r01               186 	.dw _g_tiles_003
   0018r20r01               187 	.dw _g_tiles_004
   001Ar28r01               188 	.dw _g_tiles_005
   001Cr30r01               189 	.dw _g_tiles_006
   001Er38r01               190 	.dw _g_tiles_007
   0020r40r01               191 	.dw _g_tiles_008
   0022r48r01               192 	.dw _g_tiles_009
   0024r50r01               193 	.dw _g_tiles_010
   0026r58r01               194 	.dw _g_tiles_011
   0028r60r01               195 	.dw _g_tiles_012
   002Ar68r01               196 	.dw _g_tiles_013
   002Cr70r01               197 	.dw _g_tiles_014
   002Er78r01               198 	.dw _g_tiles_015
   0030r80r01               199 	.dw _g_tiles_016
   0032r88r01               200 	.dw _g_tiles_017
   0034r90r01               201 	.dw _g_tiles_018
   0036r98r01               202 	.dw _g_tiles_019
   0038rA0r01               203 	.dw _g_tiles_020
   003ArA8r01               204 	.dw _g_tiles_021
   003CrB0r01               205 	.dw _g_tiles_022
   003ErB8r01               206 	.dw _g_tiles_023
   0040rC0r01               207 	.dw _g_tiles_024
   0042rC8r01               208 	.dw _g_tiles_025
   0044rD0r01               209 	.dw _g_tiles_026
   0046rD8r01               210 	.dw _g_tiles_027
   0048rE0r01               211 	.dw _g_tiles_028
   004ArE8r01               212 	.dw _g_tiles_029
   004CrF0r01               213 	.dw _g_tiles_030
   004ErF8r01               214 	.dw _g_tiles_031
   0050r00r02               215 	.dw _g_tiles_032
   0052r08r02               216 	.dw _g_tiles_033
   0054r10r02               217 	.dw _g_tiles_034
   0056r18r02               218 	.dw _g_tiles_035
   0058r20r02               219 	.dw _g_tiles_036
   005Ar28r02               220 	.dw _g_tiles_037
   005Cr30r02               221 	.dw _g_tiles_038
   005Er38r02               222 	.dw _g_tiles_039
   0060r40r02               223 	.dw _g_tiles_040
   0062r48r02               224 	.dw _g_tiles_041
   0064r50r02               225 	.dw _g_tiles_042
   0066r58r02               226 	.dw _g_tiles_043
   0068r60r02               227 	.dw _g_tiles_044
   006Ar68r02               228 	.dw _g_tiles_045
   006Cr70r02               229 	.dw _g_tiles_046
   006Er78r02               230 	.dw _g_tiles_047
   0070r80r02               231 	.dw _g_tiles_048
   0072r88r02               232 	.dw _g_tiles_049
   0074r90r02               233 	.dw _g_tiles_050
   0076r98r02               234 	.dw _g_tiles_051
   0078rA0r02               235 	.dw _g_tiles_052
   007ArA8r02               236 	.dw _g_tiles_053
   007CrB0r02               237 	.dw _g_tiles_054
   007ErB8r02               238 	.dw _g_tiles_055
   0080rC0r02               239 	.dw _g_tiles_056
   0082rC8r02               240 	.dw _g_tiles_057
   0084rD0r02               241 	.dw _g_tiles_058
   0086rD8r02               242 	.dw _g_tiles_059
   0088rE0r02               243 	.dw _g_tiles_060
   008ArE8r02               244 	.dw _g_tiles_061
   008CrF0r02               245 	.dw _g_tiles_062
   008ErF8r02               246 	.dw _g_tiles_063
   0090r00r03               247 	.dw _g_tiles_064
   0092r08r03               248 	.dw _g_tiles_065
   0094r10r03               249 	.dw _g_tiles_066
   0096r18r03               250 	.dw _g_tiles_067
   0098r20r03               251 	.dw _g_tiles_068
   009Ar28r03               252 	.dw _g_tiles_069
   009Cr30r03               253 	.dw _g_tiles_070
   009Er38r03               254 	.dw _g_tiles_071
   00A0r40r03               255 	.dw _g_tiles_072
   00A2r48r03               256 	.dw _g_tiles_073
   00A4r50r03               257 	.dw _g_tiles_074
   00A6r58r03               258 	.dw _g_tiles_075
   00A8r60r03               259 	.dw _g_tiles_076
   00AAr68r03               260 	.dw _g_tiles_077
   00ACr70r03               261 	.dw _g_tiles_078
   00AEr78r03               262 	.dw _g_tiles_079
   00B0r80r03               263 	.dw _g_tiles_080
   00B2r88r03               264 	.dw _g_tiles_081
   00B4r90r03               265 	.dw _g_tiles_082
   00B6r98r03               266 	.dw _g_tiles_083
   00B8rA0r03               267 	.dw _g_tiles_084
   00BArA8r03               268 	.dw _g_tiles_085
   00BCrB0r03               269 	.dw _g_tiles_086
   00BErB8r03               270 	.dw _g_tiles_087
   00C0rC0r03               271 	.dw _g_tiles_088
   00C2rC8r03               272 	.dw _g_tiles_089
   00C4rD0r03               273 	.dw _g_tiles_090
   00C6rD8r03               274 	.dw _g_tiles_091
   00C8rE0r03               275 	.dw _g_tiles_092
   00CArE8r03               276 	.dw _g_tiles_093
   00CCrF0r03               277 	.dw _g_tiles_094
   00CErF8r03               278 	.dw _g_tiles_095
   00D0r00r04               279 	.dw _g_tiles_096
   00D2r08r04               280 	.dw _g_tiles_097
   00D4r10r04               281 	.dw _g_tiles_098
   00D6r18r04               282 	.dw _g_tiles_099
   00D8r20r04               283 	.dw _g_tiles_100
   00DAr28r04               284 	.dw _g_tiles_101
   00DCr30r04               285 	.dw _g_tiles_102
   00DEr38r04               286 	.dw _g_tiles_103
   00E0r40r04               287 	.dw _g_tiles_104
   00E2r48r04               288 	.dw _g_tiles_105
   00E4r50r04               289 	.dw _g_tiles_106
   00E6r58r04               290 	.dw _g_tiles_107
   00E8r60r04               291 	.dw _g_tiles_108
   00EAr68r04               292 	.dw _g_tiles_109
   00ECr70r04               293 	.dw _g_tiles_110
   00EEr78r04               294 	.dw _g_tiles_111
   00F0r80r04               295 	.dw _g_tiles_112
   00F2r88r04               296 	.dw _g_tiles_113
   00F4r90r04               297 	.dw _g_tiles_114
   00F6r98r04               298 	.dw _g_tiles_115
   00F8rA0r04               299 	.dw _g_tiles_116
   00FArA8r04               300 	.dw _g_tiles_117
   00FCrB0r04               301 	.dw _g_tiles_118
   00FErB8r04               302 	.dw _g_tiles_119
   0100                     303 _g_tiles_000:
   0100 33                  304 	.db #0x33	; 51	'3'
   0101 33                  305 	.db #0x33	; 51	'3'
   0102 33                  306 	.db #0x33	; 51	'3'
   0103 62                  307 	.db #0x62	; 98	'b'
   0104 33                  308 	.db #0x33	; 51	'3'
   0105 33                  309 	.db #0x33	; 51	'3'
   0106 62                  310 	.db #0x62	; 98	'b'
   0107 33                  311 	.db #0x33	; 51	'3'
   0108                     312 _g_tiles_001:
   0108 33                  313 	.db #0x33	; 51	'3'
   0109 33                  314 	.db #0x33	; 51	'3'
   010A 33                  315 	.db #0x33	; 51	'3'
   010B 73                  316 	.db #0x73	; 115	's'
   010C 33                  317 	.db #0x33	; 51	'3'
   010D 33                  318 	.db #0x33	; 51	'3'
   010E 73                  319 	.db #0x73	; 115	's'
   010F 33                  320 	.db #0x33	; 51	'3'
   0110                     321 _g_tiles_002:
   0110 33                  322 	.db #0x33	; 51	'3'
   0111 33                  323 	.db #0x33	; 51	'3'
   0112 33                  324 	.db #0x33	; 51	'3'
   0113 73                  325 	.db #0x73	; 115	's'
   0114 66                  326 	.db #0x66	; 102	'f'
   0115 99                  327 	.db #0x99	; 153
   0116 26                  328 	.db #0x26	; 38
   0117 91                  329 	.db #0x91	; 145
   0118                     330 _g_tiles_003:
   0118 33                  331 	.db #0x33	; 51	'3'
   0119 C1                  332 	.db #0xc1	; 193
   011A 33                  333 	.db #0x33	; 51	'3'
   011B C1                  334 	.db #0xc1	; 193
   011C 33                  335 	.db #0x33	; 51	'3'
   011D 81                  336 	.db #0x81	; 129
   011E 62                  337 	.db #0x62	; 98	'b'
   011F 83                  338 	.db #0x83	; 131
   0120                     339 _g_tiles_004:
   0120 42                  340 	.db #0x42	; 66	'B'
   0121 33                  341 	.db #0x33	; 51	'3'
   0122 42                  342 	.db #0x42	; 66	'B'
   0123 33                  343 	.db #0x33	; 51	'3'
   0124 42                  344 	.db #0x42	; 66	'B'
   0125 33                  345 	.db #0x33	; 51	'3'
   0126 83                  346 	.db #0x83	; 131
   0127 91                  347 	.db #0x91	; 145
   0128                     348 _g_tiles_005:
   0128 33                  349 	.db #0x33	; 51	'3'
   0129 33                  350 	.db #0x33	; 51	'3'
   012A 33                  351 	.db #0x33	; 51	'3'
   012B 77                  352 	.db #0x77	; 119	'w'
   012C 33                  353 	.db #0x33	; 51	'3'
   012D 33                  354 	.db #0x33	; 51	'3'
   012E 77                  355 	.db #0x77	; 119	'w'
   012F 33                  356 	.db #0x33	; 51	'3'
   0130                     357 _g_tiles_006:
   0130 33                  358 	.db #0x33	; 51	'3'
   0131 33                  359 	.db #0x33	; 51	'3'
   0132 33                  360 	.db #0x33	; 51	'3'
   0133 66                  361 	.db #0x66	; 102	'f'
   0134 C4                  362 	.db #0xc4	; 196
   0135 66                  363 	.db #0x66	; 102	'f'
   0136 DD                  364 	.db #0xdd	; 221
   0137 DD                  365 	.db #0xdd	; 221
   0138                     366 _g_tiles_007:
   0138 3C                  367 	.db #0x3c	; 60
   0139 3C                  368 	.db #0x3c	; 60
   013A 3C                  369 	.db #0x3c	; 60
   013B 38                  370 	.db #0x38	; 56	'8'
   013C 3C                  371 	.db #0x3c	; 60
   013D 3C                  372 	.db #0x3c	; 60
   013E 38                  373 	.db #0x38	; 56	'8'
   013F 3C                  374 	.db #0x3c	; 60
   0140                     375 _g_tiles_008:
   0140 3C                  376 	.db #0x3c	; 60
   0141 3C                  377 	.db #0x3c	; 60
   0142 3C                  378 	.db #0x3c	; 60
   0143 79                  379 	.db #0x79	; 121	'y'
   0144 3C                  380 	.db #0x3c	; 60
   0145 3C                  381 	.db #0x3c	; 60
   0146 79                  382 	.db #0x79	; 121	'y'
   0147 3C                  383 	.db #0x3c	; 60
   0148                     384 _g_tiles_009:
   0148 3C                  385 	.db #0x3c	; 60
   0149 3C                  386 	.db #0x3c	; 60
   014A 3C                  387 	.db #0x3c	; 60
   014B 6C                  388 	.db #0x6c	; 108	'l'
   014C 3C                  389 	.db #0x3c	; 60
   014D 3C                  390 	.db #0x3c	; 60
   014E 6C                  391 	.db #0x6c	; 108	'l'
   014F 3C                  392 	.db #0x3c	; 60
   0150                     393 _g_tiles_010:
   0150 38                  394 	.db #0x38	; 56	'8'
   0151 3C                  395 	.db #0x3c	; 60
   0152 60                  396 	.db #0x60	; 96
   0153 94                  397 	.db #0x94	; 148
   0154 38                  398 	.db #0x38	; 56	'8'
   0155 3C                  399 	.db #0x3c	; 60
   0156 60                  400 	.db #0x60	; 96
   0157 C0                  401 	.db #0xc0	; 192
   0158                     402 _g_tiles_011:
   0158 3C                  403 	.db #0x3c	; 60
   0159 90                  404 	.db #0x90	; 144
   015A 3C                  405 	.db #0x3c	; 60
   015B D0                  406 	.db #0xd0	; 208
   015C 3C                  407 	.db #0x3c	; 60
   015D D0                  408 	.db #0xd0	; 208
   015E 68                  409 	.db #0x68	; 104	'h'
   015F B4                  410 	.db #0xb4	; 180
   0160                     411 _g_tiles_012:
   0160 94                  412 	.db #0x94	; 148
   0161 3C                  413 	.db #0x3c	; 60
   0162 94                  414 	.db #0x94	; 148
   0163 3C                  415 	.db #0x3c	; 60
   0164 94                  416 	.db #0x94	; 148
   0165 3C                  417 	.db #0x3c	; 60
   0166 60                  418 	.db #0x60	; 96
   0167 3C                  419 	.db #0x3c	; 60
   0168                     420 _g_tiles_013:
   0168 3C                  421 	.db #0x3c	; 60
   0169 3C                  422 	.db #0x3c	; 60
   016A 3C                  423 	.db #0x3c	; 60
   016B 79                  424 	.db #0x79	; 121	'y'
   016C 6C                  425 	.db #0x6c	; 108	'l'
   016D 9C                  426 	.db #0x9c	; 156
   016E 2C                  427 	.db #0x2c	; 44
   016F 94                  428 	.db #0x94	; 148
   0170                     429 _g_tiles_014:
   0170 03                  430 	.db #0x03	; 3
   0171 03                  431 	.db #0x03	; 3
   0172 81                  432 	.db #0x81	; 129
   0173 81                  433 	.db #0x81	; 129
   0174 43                  434 	.db #0x43	; 67	'C'
   0175 43                  435 	.db #0x43	; 67	'C'
   0176 43                  436 	.db #0x43	; 67	'C'
   0177 43                  437 	.db #0x43	; 67	'C'
   0178                     438 _g_tiles_015:
   0178 3C                  439 	.db #0x3c	; 60
   0179 38                  440 	.db #0x38	; 56	'8'
   017A 3C                  441 	.db #0x3c	; 60
   017B 64                  442 	.db #0x64	; 100	'd'
   017C 38                  443 	.db #0x38	; 56	'8'
   017D C8                  444 	.db #0xc8	; 200
   017E 38                  445 	.db #0x38	; 56	'8'
   017F CC                  446 	.db #0xcc	; 204
   0180                     447 _g_tiles_016:
   0180 30                  448 	.db #0x30	; 48	'0'
   0181 3C                  449 	.db #0x3c	; 60
   0182 CC                  450 	.db #0xcc	; 204
   0183 94                  451 	.db #0x94	; 148
   0184 C4                  452 	.db #0xc4	; 196
   0185 EA                  453 	.db #0xea	; 234
   0186 C8                  454 	.db #0xc8	; 200
   0187 EA                  455 	.db #0xea	; 234
   0188                     456 _g_tiles_017:
   0188 07                  457 	.db #0x07	; 7
   0189 C3                  458 	.db #0xc3	; 195
   018A 85                  459 	.db #0x85	; 133
   018B 03                  460 	.db #0x03	; 3
   018C 48                  461 	.db #0x48	; 72	'H'
   018D C3                  462 	.db #0xc3	; 195
   018E 81                  463 	.db #0x81	; 129
   018F C0                  464 	.db #0xc0	; 192
   0190                     465 _g_tiles_018:
   0190 03                  466 	.db #0x03	; 3
   0191 C2                  467 	.db #0xc2	; 194
   0192 03                  468 	.db #0x03	; 3
   0193 C2                  469 	.db #0xc2	; 194
   0194 C3                  470 	.db #0xc3	; 195
   0195 C0                  471 	.db #0xc0	; 192
   0196 C0                  472 	.db #0xc0	; 192
   0197 42                  473 	.db #0x42	; 66	'B'
   0198                     474 _g_tiles_019:
   0198 0F                  475 	.db #0x0f	; 15
   0199 0F                  476 	.db #0x0f	; 15
   019A 0F                  477 	.db #0x0f	; 15
   019B 5F                  478 	.db #0x5f	; 95
   019C 0F                  479 	.db #0x0f	; 15
   019D 0F                  480 	.db #0x0f	; 15
   019E 5F                  481 	.db #0x5f	; 95
   019F 0F                  482 	.db #0x0f	; 15
   01A0                     483 _g_tiles_020:
   01A0 0F                  484 	.db #0x0f	; 15
   01A1 0F                  485 	.db #0x0f	; 15
   01A2 FF                  486 	.db #0xff	; 255
   01A3 AF                  487 	.db #0xaf	; 175
   01A4 C0                  488 	.db #0xc0	; 192
   01A5 C0                  489 	.db #0xc0	; 192
   01A6 03                  490 	.db #0x03	; 3
   01A7 03                  491 	.db #0x03	; 3
   01A8                     492 _g_tiles_021:
   01A8 CC                  493 	.db #0xcc	; 204
   01A9 FF                  494 	.db #0xff	; 255
   01AA DD                  495 	.db #0xdd	; 221
   01AB 7F                  496 	.db #0x7f	; 127
   01AC BF                  497 	.db #0xbf	; 191
   01AD 7F                  498 	.db #0x7f	; 127
   01AE 5F                  499 	.db #0x5f	; 95
   01AF EA                  500 	.db #0xea	; 234
   01B0                     501 _g_tiles_022:
   01B0 CC                  502 	.db #0xcc	; 204
   01B1 F3                  503 	.db #0xf3	; 243
   01B2 D9                  504 	.db #0xd9	; 217
   01B3 73                  505 	.db #0x73	; 115	's'
   01B4 B3                  506 	.db #0xb3	; 179
   01B5 73                  507 	.db #0x73	; 115	's'
   01B6 5B                  508 	.db #0x5b	; 91
   01B7 E2                  509 	.db #0xe2	; 226
   01B8                     510 _g_tiles_023:
   01B8 CC                  511 	.db #0xcc	; 204
   01B9 FC                  512 	.db #0xfc	; 252
   01BA DC                  513 	.db #0xdc	; 220
   01BB 7C                  514 	.db #0x7c	; 124
   01BC BC                  515 	.db #0xbc	; 188
   01BD F4                  516 	.db #0xf4	; 244
   01BE 5E                  517 	.db #0x5e	; 94
   01BF E8                  518 	.db #0xe8	; 232
   01C0                     519 _g_tiles_024:
   01C0 0F                  520 	.db #0x0f	; 15
   01C1 0F                  521 	.db #0x0f	; 15
   01C2 0F                  522 	.db #0x0f	; 15
   01C3 0B                  523 	.db #0x0b	; 11
   01C4 0F                  524 	.db #0x0f	; 15
   01C5 0F                  525 	.db #0x0f	; 15
   01C6 0B                  526 	.db #0x0b	; 11
   01C7 0F                  527 	.db #0x0f	; 15
   01C8                     528 _g_tiles_025:
   01C8 0F                  529 	.db #0x0f	; 15
   01C9 0F                  530 	.db #0x0f	; 15
   01CA 0F                  531 	.db #0x0f	; 15
   01CB 4E                  532 	.db #0x4e	; 78	'N'
   01CC 0F                  533 	.db #0x0f	; 15
   01CD 0F                  534 	.db #0x0f	; 15
   01CE 4E                  535 	.db #0x4e	; 78	'N'
   01CF 0F                  536 	.db #0x0f	; 15
   01D0                     537 _g_tiles_026:
   01D0 4C                  538 	.db #0x4c	; 76	'L'
   01D1 DD                  539 	.db #0xdd	; 221
   01D2 4C                  540 	.db #0x4c	; 76	'L'
   01D3 DD                  541 	.db #0xdd	; 221
   01D4 4C                  542 	.db #0x4c	; 76	'L'
   01D5 DD                  543 	.db #0xdd	; 221
   01D6 4C                  544 	.db #0x4c	; 76	'L'
   01D7 DD                  545 	.db #0xdd	; 221
   01D8                     546 _g_tiles_027:
   01D8 CC                  547 	.db #0xcc	; 204
   01D9 8C                  548 	.db #0x8c	; 140
   01DA EE                  549 	.db #0xee	; 238
   01DB 8C                  550 	.db #0x8c	; 140
   01DC CC                  551 	.db #0xcc	; 204
   01DD 8C                  552 	.db #0x8c	; 140
   01DE EE                  553 	.db #0xee	; 238
   01DF 8C                  554 	.db #0x8c	; 140
   01E0                     555 _g_tiles_028:
   01E0 3C                  556 	.db #0x3c	; 60
   01E1 3C                  557 	.db #0x3c	; 60
   01E2 60                  558 	.db #0x60	; 96
   01E3 90                  559 	.db #0x90	; 144
   01E4 68                  560 	.db #0x68	; 104	'h'
   01E5 3C                  561 	.db #0x3c	; 60
   01E6 60                  562 	.db #0x60	; 96
   01E7 C0                  563 	.db #0xc0	; 192
   01E8                     564 _g_tiles_029:
   01E8 3C                  565 	.db #0x3c	; 60
   01E9 3C                  566 	.db #0x3c	; 60
   01EA 6C                  567 	.db #0x6c	; 108	'l'
   01EB 94                  568 	.db #0x94	; 148
   01EC C8                  569 	.db #0xc8	; 200
   01ED C8                  570 	.db #0xc8	; 200
   01EE D5                  571 	.db #0xd5	; 213
   01EF D5                  572 	.db #0xd5	; 213
   01F0                     573 _g_tiles_030:
   01F0 03                  574 	.db #0x03	; 3
   01F1 03                  575 	.db #0x03	; 3
   01F2 81                  576 	.db #0x81	; 129
   01F3 81                  577 	.db #0x81	; 129
   01F4 57                  578 	.db #0x57	; 87	'W'
   01F5 4B                  579 	.db #0x4b	; 75	'K'
   01F6 43                  580 	.db #0x43	; 67	'C'
   01F7 43                  581 	.db #0x43	; 67	'C'
   01F8                     582 _g_tiles_031:
   01F8 03                  583 	.db #0x03	; 3
   01F9 03                  584 	.db #0x03	; 3
   01FA C0                  585 	.db #0xc0	; 192
   01FB C1                  586 	.db #0xc1	; 193
   01FC 0F                  587 	.db #0x0f	; 15
   01FD C1                  588 	.db #0xc1	; 193
   01FE 4A                  589 	.db #0x4a	; 74	'J'
   01FF 83                  590 	.db #0x83	; 131
   0200                     591 _g_tiles_032:
   0200 0F                  592 	.db #0x0f	; 15
   0201 1A                  593 	.db #0x1a	; 26
   0202 0F                  594 	.db #0x0f	; 15
   0203 64                  595 	.db #0x64	; 100	'd'
   0204 1A                  596 	.db #0x1a	; 26
   0205 C8                  597 	.db #0xc8	; 200
   0206 1A                  598 	.db #0x1a	; 26
   0207 CC                  599 	.db #0xcc	; 204
   0208                     600 _g_tiles_033:
   0208 30                  601 	.db #0x30	; 48	'0'
   0209 0F                  602 	.db #0x0f	; 15
   020A CC                  603 	.db #0xcc	; 204
   020B 85                  604 	.db #0x85	; 133
   020C C4                  605 	.db #0xc4	; 196
   020D EA                  606 	.db #0xea	; 234
   020E C8                  607 	.db #0xc8	; 200
   020F EA                  608 	.db #0xea	; 234
   0210                     609 _g_tiles_034:
   0210 0F                  610 	.db #0x0f	; 15
   0211 0F                  611 	.db #0x0f	; 15
   0212 0F                  612 	.db #0x0f	; 15
   0213 60                  613 	.db #0x60	; 96
   0214 1A                  614 	.db #0x1a	; 26
   0215 C8                  615 	.db #0xc8	; 200
   0216 D5                  616 	.db #0xd5	; 213
   0217 D5                  617 	.db #0xd5	; 213
   0218                     618 _g_tiles_035:
   0218 48                  619 	.db #0x48	; 72	'H'
   0219 C0                  620 	.db #0xc0	; 192
   021A C0                  621 	.db #0xc0	; 192
   021B 81                  622 	.db #0x81	; 129
   021C C0                  623 	.db #0xc0	; 192
   021D C0                  624 	.db #0xc0	; 192
   021E 85                  625 	.db #0x85	; 133
   021F EE                  626 	.db #0xee	; 238
   0220                     627 _g_tiles_036:
   0220 C0                  628 	.db #0xc0	; 192
   0221 84                  629 	.db #0x84	; 132
   0222 03                  630 	.db #0x03	; 3
   0223 C0                  631 	.db #0xc0	; 192
   0224 C0                  632 	.db #0xc0	; 192
   0225 C0                  633 	.db #0xc0	; 192
   0226 07                  634 	.db #0x07	; 7
   0227 C2                  635 	.db #0xc2	; 194
   0228                     636 _g_tiles_037:
   0228 81                  637 	.db #0x81	; 129
   0229 03                  638 	.db #0x03	; 3
   022A 85                  639 	.db #0x85	; 133
   022B 46                  640 	.db #0x46	; 70	'F'
   022C 81                  641 	.db #0x81	; 129
   022D 03                  642 	.db #0x03	; 3
   022E C0                  643 	.db #0xc0	; 192
   022F C0                  644 	.db #0xc0	; 192
   0230                     645 _g_tiles_038:
   0230 03                  646 	.db #0x03	; 3
   0231 42                  647 	.db #0x42	; 66	'B'
   0232 AF                  648 	.db #0xaf	; 175
   0233 C2                  649 	.db #0xc2	; 194
   0234 03                  650 	.db #0x03	; 3
   0235 42                  651 	.db #0x42	; 66	'B'
   0236 C0                  652 	.db #0xc0	; 192
   0237 C0                  653 	.db #0xc0	; 192
   0238                     654 _g_tiles_039:
   0238 81                  655 	.db #0x81	; 129
   0239 C0                  656 	.db #0xc0	; 192
   023A 81                  657 	.db #0x81	; 129
   023B 42                  658 	.db #0x42	; 66	'B'
   023C 81                  659 	.db #0x81	; 129
   023D 03                  660 	.db #0x03	; 3
   023E C0                  661 	.db #0xc0	; 192
   023F C0                  662 	.db #0xc0	; 192
   0240                     663 _g_tiles_040:
   0240 C8                  664 	.db #0xc8	; 200
   0241 CA                  665 	.db #0xca	; 202
   0242 CF                  666 	.db #0xcf	; 207
   0243 CF                  667 	.db #0xcf	; 207
   0244 C5                  668 	.db #0xc5	; 197
   0245 C7                  669 	.db #0xc7	; 199
   0246 C0                  670 	.db #0xc0	; 192
   0247 C0                  671 	.db #0xc0	; 192
   0248                     672 _g_tiles_041:
   0248 C8                  673 	.db #0xc8	; 200
   0249 4A                  674 	.db #0x4a	; 74	'J'
   024A CA                  675 	.db #0xca	; 202
   024B 4A                  676 	.db #0x4a	; 74	'J'
   024C C0                  677 	.db #0xc0	; 192
   024D 4A                  678 	.db #0x4a	; 74	'J'
   024E C0                  679 	.db #0xc0	; 192
   024F C0                  680 	.db #0xc0	; 192
   0250                     681 _g_tiles_042:
   0250 C5                  682 	.db #0xc5	; 197
   0251 CF                  683 	.db #0xcf	; 207
   0252 C0                  684 	.db #0xc0	; 192
   0253 C0                  685 	.db #0xc0	; 192
   0254 C5                  686 	.db #0xc5	; 197
   0255 CB                  687 	.db #0xcb	; 203
   0256 C0                  688 	.db #0xc0	; 192
   0257 C0                  689 	.db #0xc0	; 192
   0258                     690 _g_tiles_043:
   0258 C3                  691 	.db #0xc3	; 195
   0259 C3                  692 	.db #0xc3	; 195
   025A C0                  693 	.db #0xc0	; 192
   025B C0                  694 	.db #0xc0	; 192
   025C C3                  695 	.db #0xc3	; 195
   025D 83                  696 	.db #0x83	; 131
   025E C0                  697 	.db #0xc0	; 192
   025F C0                  698 	.db #0xc0	; 192
   0260                     699 _g_tiles_044:
   0260 03                  700 	.db #0x03	; 3
   0261 42                  701 	.db #0x42	; 66	'B'
   0262 C0                  702 	.db #0xc0	; 192
   0263 C0                  703 	.db #0xc0	; 192
   0264 03                  704 	.db #0x03	; 3
   0265 42                  705 	.db #0x42	; 66	'B'
   0266 C0                  706 	.db #0xc0	; 192
   0267 C0                  707 	.db #0xc0	; 192
   0268                     708 _g_tiles_045:
   0268 33                  709 	.db #0x33	; 51	'3'
   0269 C0                  710 	.db #0xc0	; 192
   026A 62                  711 	.db #0x62	; 98	'b'
   026B D9                  712 	.db #0xd9	; 217
   026C C4                  713 	.db #0xc4	; 196
   026D F3                  714 	.db #0xf3	; 243
   026E D1                  715 	.db #0xd1	; 209
   026F F3                  716 	.db #0xf3	; 243
   0270                     717 _g_tiles_046:
   0270 91                  718 	.db #0x91	; 145
   0271 C0                  719 	.db #0xc0	; 192
   0272 E2                  720 	.db #0xe2	; 226
   0273 F3                  721 	.db #0xf3	; 243
   0274 B3                  722 	.db #0xb3	; 179
   0275 B3                  723 	.db #0xb3	; 179
   0276 F3                  724 	.db #0xf3	; 243
   0277 F3                  725 	.db #0xf3	; 243
   0278                     726 _g_tiles_047:
   0278 C0                  727 	.db #0xc0	; 192
   0279 33                  728 	.db #0x33	; 51	'3'
   027A 33                  729 	.db #0x33	; 51	'3'
   027B 91                  730 	.db #0x91	; 145
   027C B3                  731 	.db #0xb3	; 179
   027D 62                  732 	.db #0x62	; 98	'b'
   027E 73                  733 	.db #0x73	; 115	's'
   027F 62                  734 	.db #0x62	; 98	'b'
   0280                     735 _g_tiles_048:
   0280 C4                  736 	.db #0xc4	; 196
   0281 B3                  737 	.db #0xb3	; 179
   0282 D1                  738 	.db #0xd1	; 209
   0283 F3                  739 	.db #0xf3	; 243
   0284 62                  740 	.db #0x62	; 98	'b'
   0285 B3                  741 	.db #0xb3	; 179
   0286 33                  742 	.db #0x33	; 51	'3'
   0287 C0                  743 	.db #0xc0	; 192
   0288                     744 _g_tiles_049:
   0288 F3                  745 	.db #0xf3	; 243
   0289 F3                  746 	.db #0xf3	; 243
   028A F3                  747 	.db #0xf3	; 243
   028B 73                  748 	.db #0x73	; 115	's'
   028C F3                  749 	.db #0xf3	; 243
   028D 91                  750 	.db #0x91	; 145
   028E C0                  751 	.db #0xc0	; 192
   028F 62                  752 	.db #0x62	; 98	'b'
   0290                     753 _g_tiles_050:
   0290 B3                  754 	.db #0xb3	; 179
   0291 62                  755 	.db #0x62	; 98	'b'
   0292 73                  756 	.db #0x73	; 115	's'
   0293 62                  757 	.db #0x62	; 98	'b'
   0294 B3                  758 	.db #0xb3	; 179
   0295 91                  759 	.db #0x91	; 145
   0296 C0                  760 	.db #0xc0	; 192
   0297 33                  761 	.db #0x33	; 51	'3'
   0298                     762 _g_tiles_051:
   0298 C4                  763 	.db #0xc4	; 196
   0299 F3                  764 	.db #0xf3	; 243
   029A 62                  765 	.db #0x62	; 98	'b'
   029B B3                  766 	.db #0xb3	; 179
   029C C4                  767 	.db #0xc4	; 196
   029D F3                  768 	.db #0xf3	; 243
   029E C4                  769 	.db #0xc4	; 196
   029F F3                  770 	.db #0xf3	; 243
   02A0                     771 _g_tiles_052:
   02A0 F3                  772 	.db #0xf3	; 243
   02A1 F3                  773 	.db #0xf3	; 243
   02A2 F3                  774 	.db #0xf3	; 243
   02A3 73                  775 	.db #0x73	; 115	's'
   02A4 F3                  776 	.db #0xf3	; 243
   02A5 F3                  777 	.db #0xf3	; 243
   02A6 B3                  778 	.db #0xb3	; 179
   02A7 F3                  779 	.db #0xf3	; 243
   02A8                     780 _g_tiles_053:
   02A8 73                  781 	.db #0x73	; 115	's'
   02A9 62                  782 	.db #0x62	; 98	'b'
   02AA B3                  783 	.db #0xb3	; 179
   02AB 91                  784 	.db #0x91	; 145
   02AC 73                  785 	.db #0x73	; 115	's'
   02AD 62                  786 	.db #0x62	; 98	'b'
   02AE B3                  787 	.db #0xb3	; 179
   02AF 62                  788 	.db #0x62	; 98	'b'
   02B0                     789 _g_tiles_054:
   02B0 F3                  790 	.db #0xf3	; 243
   02B1 B3                  791 	.db #0xb3	; 179
   02B2 E3                  792 	.db #0xe3	; 227
   02B3 F3                  793 	.db #0xf3	; 243
   02B4 D7                  794 	.db #0xd7	; 215
   02B5 D3                  795 	.db #0xd3	; 211
   02B6 E3                  796 	.db #0xe3	; 227
   02B7 73                  797 	.db #0x73	; 115	's'
   02B8                     798 _g_tiles_055:
   02B8 D5                  799 	.db #0xd5	; 213
   02B9 D5                  800 	.db #0xd5	; 213
   02BA D5                  801 	.db #0xd5	; 213
   02BB 95                  802 	.db #0x95	; 149
   02BC 95                  803 	.db #0x95	; 149
   02BD 95                  804 	.db #0x95	; 149
   02BE EA                  805 	.db #0xea	; 234
   02BF EA                  806 	.db #0xea	; 234
   02C0                     807 _g_tiles_056:
   02C0 30                  808 	.db #0x30	; 48	'0'
   02C1 30                  809 	.db #0x30	; 48	'0'
   02C2 B0                  810 	.db #0xb0	; 176
   02C3 78                  811 	.db #0x78	; 120	'x'
   02C4 30                  812 	.db #0x30	; 48	'0'
   02C5 30                  813 	.db #0x30	; 48	'0'
   02C6 78                  814 	.db #0x78	; 120	'x'
   02C7 B0                  815 	.db #0xb0	; 176
   02C8                     816 _g_tiles_057:
   02C8 30                  817 	.db #0x30	; 48	'0'
   02C9 30                  818 	.db #0x30	; 48	'0'
   02CA 34                  819 	.db #0x34	; 52	'4'
   02CB B0                  820 	.db #0xb0	; 176
   02CC 70                  821 	.db #0x70	; 112	'p'
   02CD 30                  822 	.db #0x30	; 48	'0'
   02CE 30                  823 	.db #0x30	; 48	'0'
   02CF 30                  824 	.db #0x30	; 48	'0'
   02D0                     825 _g_tiles_058:
   02D0 94                  826 	.db #0x94	; 148
   02D1 78                  827 	.db #0x78	; 120	'x'
   02D2 94                  828 	.db #0x94	; 148
   02D3 F0                  829 	.db #0xf0	; 240
   02D4 68                  830 	.db #0x68	; 104	'h'
   02D5 B0                  831 	.db #0xb0	; 176
   02D6 3C                  832 	.db #0x3c	; 60
   02D7 C0                  833 	.db #0xc0	; 192
   02D8                     834 _g_tiles_059:
   02D8 F0                  835 	.db #0xf0	; 240
   02D9 60                  836 	.db #0x60	; 96
   02DA B0                  837 	.db #0xb0	; 176
   02DB 60                  838 	.db #0x60	; 96
   02DC B0                  839 	.db #0xb0	; 176
   02DD 94                  840 	.db #0x94	; 148
   02DE C0                  841 	.db #0xc0	; 192
   02DF 3C                  842 	.db #0x3c	; 60
   02E0                     843 _g_tiles_060:
   02E0 68                  844 	.db #0x68	; 104	'h'
   02E1 78                  845 	.db #0x78	; 120	'x'
   02E2 94                  846 	.db #0x94	; 148
   02E3 F0                  847 	.db #0xf0	; 240
   02E4 94                  848 	.db #0x94	; 148
   02E5 78                  849 	.db #0x78	; 120	'x'
   02E6 94                  850 	.db #0x94	; 148
   02E7 F0                  851 	.db #0xf0	; 240
   02E8                     852 _g_tiles_061:
   02E8 B0                  853 	.db #0xb0	; 176
   02E9 94                  854 	.db #0x94	; 148
   02EA F0                  855 	.db #0xf0	; 240
   02EB 60                  856 	.db #0x60	; 96
   02EC B0                  857 	.db #0xb0	; 176
   02ED 60                  858 	.db #0x60	; 96
   02EE F0                  859 	.db #0xf0	; 240
   02EF 60                  860 	.db #0x60	; 96
   02F0                     861 _g_tiles_062:
   02F0 3C                  862 	.db #0x3c	; 60
   02F1 68                  863 	.db #0x68	; 104	'h'
   02F2 3C                  864 	.db #0x3c	; 60
   02F3 94                  865 	.db #0x94	; 148
   02F4 3C                  866 	.db #0x3c	; 60
   02F5 D0                  867 	.db #0xd0	; 208
   02F6 68                  868 	.db #0x68	; 104	'h'
   02F7 78                  869 	.db #0x78	; 120	'x'
   02F8                     870 _g_tiles_063:
   02F8 94                  871 	.db #0x94	; 148
   02F9 3C                  872 	.db #0x3c	; 60
   02FA E0                  873 	.db #0xe0	; 224
   02FB 3C                  874 	.db #0x3c	; 60
   02FC E0                  875 	.db #0xe0	; 224
   02FD 3C                  876 	.db #0x3c	; 60
   02FE B0                  877 	.db #0xb0	; 176
   02FF 94                  878 	.db #0x94	; 148
   0300                     879 _g_tiles_064:
   0300 68                  880 	.db #0x68	; 104	'h'
   0301 68                  881 	.db #0x68	; 104	'h'
   0302 60                  882 	.db #0x60	; 96
   0303 60                  883 	.db #0x60	; 96
   0304 68                  884 	.db #0x68	; 104	'h'
   0305 68                  885 	.db #0x68	; 104	'h'
   0306 60                  886 	.db #0x60	; 96
   0307 60                  887 	.db #0x60	; 96
   0308                     888 _g_tiles_065:
   0308 3C                  889 	.db #0x3c	; 60
   0309 C0                  890 	.db #0xc0	; 192
   030A 68                  891 	.db #0x68	; 104	'h'
   030B CC                  892 	.db #0xcc	; 204
   030C 68                  893 	.db #0x68	; 104	'h'
   030D 8C                  894 	.db #0x8c	; 140
   030E 68                  895 	.db #0x68	; 104	'h'
   030F CC                  896 	.db #0xcc	; 204
   0310                     897 _g_tiles_066:
   0310 C0                  898 	.db #0xc0	; 192
   0311 94                  899 	.db #0x94	; 148
   0312 CC                  900 	.db #0xcc	; 204
   0313 48                  901 	.db #0x48	; 72	'H'
   0314 84                  902 	.db #0x84	; 132
   0315 48                  903 	.db #0x48	; 72	'H'
   0316 8C                  904 	.db #0x8c	; 140
   0317 C0                  905 	.db #0xc0	; 192
   0318                     906 _g_tiles_067:
   0318 3C                  907 	.db #0x3c	; 60
   0319 68                  908 	.db #0x68	; 104	'h'
   031A 3C                  909 	.db #0x3c	; 60
   031B C4                  910 	.db #0xc4	; 196
   031C 68                  911 	.db #0x68	; 104	'h'
   031D CC                  912 	.db #0xcc	; 204
   031E 68                  913 	.db #0x68	; 104	'h'
   031F C8                  914 	.db #0xc8	; 200
   0320                     915 _g_tiles_068:
   0320 C0                  916 	.db #0xc0	; 192
   0321 3C                  917 	.db #0x3c	; 60
   0322 8C                  918 	.db #0x8c	; 140
   0323 94                  919 	.db #0x94	; 148
   0324 84                  920 	.db #0x84	; 132
   0325 48                  921 	.db #0x48	; 72	'H'
   0326 C0                  922 	.db #0xc0	; 192
   0327 48                  923 	.db #0x48	; 72	'H'
   0328                     924 _g_tiles_069:
   0328 68                  925 	.db #0x68	; 104	'h'
   0329 8C                  926 	.db #0x8c	; 140
   032A 68                  927 	.db #0x68	; 104	'h'
   032B CC                  928 	.db #0xcc	; 204
   032C 68                  929 	.db #0x68	; 104	'h'
   032D 8C                  930 	.db #0x8c	; 140
   032E 68                  931 	.db #0x68	; 104	'h'
   032F 84                  932 	.db #0x84	; 132
   0330                     933 _g_tiles_070:
   0330 84                  934 	.db #0x84	; 132
   0331 48                  935 	.db #0x48	; 72	'H'
   0332 0C                  936 	.db #0x0c	; 12
   0333 C0                  937 	.db #0xc0	; 192
   0334 48                  938 	.db #0x48	; 72	'H'
   0335 48                  939 	.db #0x48	; 72	'H'
   0336 84                  940 	.db #0x84	; 132
   0337 C0                  941 	.db #0xc0	; 192
   0338                     942 _g_tiles_071:
   0338 68                  943 	.db #0x68	; 104	'h'
   0339 CC                  944 	.db #0xcc	; 204
   033A 68                  945 	.db #0x68	; 104	'h'
   033B CC                  946 	.db #0xcc	; 204
   033C 68                  947 	.db #0x68	; 104	'h'
   033D 8C                  948 	.db #0x8c	; 140
   033E 68                  949 	.db #0x68	; 104	'h'
   033F 84                  950 	.db #0x84	; 132
   0340                     951 _g_tiles_072:
   0340 84                  952 	.db #0x84	; 132
   0341 48                  953 	.db #0x48	; 72	'H'
   0342 84                  954 	.db #0x84	; 132
   0343 C0                  955 	.db #0xc0	; 192
   0344 48                  956 	.db #0x48	; 72	'H'
   0345 48                  957 	.db #0x48	; 72	'H'
   0346 84                  958 	.db #0x84	; 132
   0347 C0                  959 	.db #0xc0	; 192
   0348                     960 _g_tiles_073:
   0348 3C                  961 	.db #0x3c	; 60
   0349 3C                  962 	.db #0x3c	; 60
   034A 3C                  963 	.db #0x3c	; 60
   034B 60                  964 	.db #0x60	; 96
   034C 38                  965 	.db #0x38	; 56	'8'
   034D C8                  966 	.db #0xc8	; 200
   034E D5                  967 	.db #0xd5	; 213
   034F D5                  968 	.db #0xd5	; 213
   0350                     969 _g_tiles_074:
   0350 64                  970 	.db #0x64	; 100	'd'
   0351 C8                  971 	.db #0xc8	; 200
   0352 C0                  972 	.db #0xc0	; 192
   0353 CC                  973 	.db #0xcc	; 204
   0354 C8                  974 	.db #0xc8	; 200
   0355 D5                  975 	.db #0xd5	; 213
   0356 D5                  976 	.db #0xd5	; 213
   0357 C0                  977 	.db #0xc0	; 192
   0358                     978 _g_tiles_075:
   0358 C8                  979 	.db #0xc8	; 200
   0359 EA                  980 	.db #0xea	; 234
   035A FF                  981 	.db #0xff	; 255
   035B C0                  982 	.db #0xc0	; 192
   035C C0                  983 	.db #0xc0	; 192
   035D C0                  984 	.db #0xc0	; 192
   035E D5                  985 	.db #0xd5	; 213
   035F D5                  986 	.db #0xd5	; 213
   0360                     987 _g_tiles_076:
   0360 DC                  988 	.db #0xdc	; 220
   0361 FC                  989 	.db #0xfc	; 252
   0362 9C                  990 	.db #0x9c	; 156
   0363 3C                  991 	.db #0x3c	; 60
   0364 BC                  992 	.db #0xbc	; 188
   0365 78                  993 	.db #0x78	; 120	'x'
   0366 38                  994 	.db #0x38	; 56	'8'
   0367 30                  995 	.db #0x30	; 48	'0'
   0368                     996 _g_tiles_077:
   0368 FC                  997 	.db #0xfc	; 252
   0369 3C                  998 	.db #0x3c	; 60
   036A 3C                  999 	.db #0x3c	; 60
   036B B0                 1000 	.db #0xb0	; 176
   036C F0                 1001 	.db #0xf0	; 240
   036D 30                 1002 	.db #0x30	; 48	'0'
   036E 30                 1003 	.db #0x30	; 48	'0'
   036F 60                 1004 	.db #0x60	; 96
   0370                    1005 _g_tiles_078:
   0370 DC                 1006 	.db #0xdc	; 220
   0371 BC                 1007 	.db #0xbc	; 188
   0372 BC                 1008 	.db #0xbc	; 188
   0373 78                 1009 	.db #0x78	; 120	'x'
   0374 BC                 1010 	.db #0xbc	; 188
   0375 38                 1011 	.db #0x38	; 56	'8'
   0376 BC                 1012 	.db #0xbc	; 188
   0377 B0                 1013 	.db #0xb0	; 176
   0378                    1014 _g_tiles_079:
   0378 BC                 1015 	.db #0xbc	; 188
   0379 B0                 1016 	.db #0xb0	; 176
   037A BC                 1017 	.db #0xbc	; 188
   037B B0                 1018 	.db #0xb0	; 176
   037C F8                 1019 	.db #0xf8	; 248
   037D B0                 1020 	.db #0xb0	; 176
   037E 78                 1021 	.db #0x78	; 120	'x'
   037F 60                 1022 	.db #0x60	; 96
   0380                    1023 _g_tiles_080:
   0380 09                 1024 	.db #0x09	; 9
   0381 03                 1025 	.db #0x03	; 3
   0382 03                 1026 	.db #0x03	; 3
   0383 0F                 1027 	.db #0x0f	; 15
   0384 07                 1028 	.db #0x07	; 7
   0385 4B                 1029 	.db #0x4b	; 75	'K'
   0386 07                 1030 	.db #0x07	; 7
   0387 C3                 1031 	.db #0xc3	; 195
   0388                    1032 _g_tiles_081:
   0388 03                 1033 	.db #0x03	; 3
   0389 84                 1034 	.db #0x84	; 132
   038A 0F                 1035 	.db #0x0f	; 15
   038B C0                 1036 	.db #0xc0	; 192
   038C C3                 1037 	.db #0xc3	; 195
   038D 4A                 1038 	.db #0x4a	; 74	'J'
   038E 83                 1039 	.db #0x83	; 131
   038F C2                 1040 	.db #0xc2	; 194
   0390                    1041 _g_tiles_082:
   0390 C0                 1042 	.db #0xc0	; 192
   0391 C0                 1043 	.db #0xc0	; 192
   0392 42                 1044 	.db #0x42	; 66	'B'
   0393 83                 1045 	.db #0x83	; 131
   0394 C0                 1046 	.db #0xc0	; 192
   0395 C0                 1047 	.db #0xc0	; 192
   0396 4B                 1048 	.db #0x4b	; 75	'K'
   0397 42                 1049 	.db #0x42	; 66	'B'
   0398                    1050 _g_tiles_083:
   0398 C0                 1051 	.db #0xc0	; 192
   0399 C0                 1052 	.db #0xc0	; 192
   039A 85                 1053 	.db #0x85	; 133
   039B C2                 1054 	.db #0xc2	; 194
   039C C1                 1055 	.db #0xc1	; 193
   039D 42                 1056 	.db #0x42	; 66	'B'
   039E C0                 1057 	.db #0xc0	; 192
   039F C0                 1058 	.db #0xc0	; 192
   03A0                    1059 _g_tiles_084:
   03A0 42                 1060 	.db #0x42	; 66	'B'
   03A1 C0                 1061 	.db #0xc0	; 192
   03A2 D5                 1062 	.db #0xd5	; 213
   03A3 0F                 1063 	.db #0x0f	; 15
   03A4 85                 1064 	.db #0x85	; 133
   03A5 C3                 1065 	.db #0xc3	; 195
   03A6 C0                 1066 	.db #0xc0	; 192
   03A7 C0                 1067 	.db #0xc0	; 192
   03A8                    1068 _g_tiles_085:
   03A8 C0                 1069 	.db #0xc0	; 192
   03A9 C0                 1070 	.db #0xc0	; 192
   03AA C3                 1071 	.db #0xc3	; 195
   03AB C2                 1072 	.db #0xc2	; 194
   03AC 83                 1073 	.db #0x83	; 131
   03AD 42                 1074 	.db #0x42	; 66	'B'
   03AE C0                 1075 	.db #0xc0	; 192
   03AF C0                 1076 	.db #0xc0	; 192
   03B0                    1077 _g_tiles_086:
   03B0 42                 1078 	.db #0x42	; 66	'B'
   03B1 C0                 1079 	.db #0xc0	; 192
   03B2 D5                 1080 	.db #0xd5	; 213
   03B3 4A                 1081 	.db #0x4a	; 74	'J'
   03B4 85                 1082 	.db #0x85	; 133
   03B5 C2                 1083 	.db #0xc2	; 194
   03B6 85                 1084 	.db #0x85	; 133
   03B7 C2                 1085 	.db #0xc2	; 194
   03B8                    1086 _g_tiles_087:
   03B8 C1                 1087 	.db #0xc1	; 193
   03B9 C2                 1088 	.db #0xc2	; 194
   03BA C1                 1089 	.db #0xc1	; 193
   03BB 42                 1090 	.db #0x42	; 66	'B'
   03BC C1                 1091 	.db #0xc1	; 193
   03BD 42                 1092 	.db #0x42	; 66	'B'
   03BE C0                 1093 	.db #0xc0	; 192
   03BF C0                 1094 	.db #0xc0	; 192
   03C0                    1095 _g_tiles_088:
   03C0 03                 1096 	.db #0x03	; 3
   03C1 03                 1097 	.db #0x03	; 3
   03C2 42                 1098 	.db #0x42	; 66	'B'
   03C3 C3                 1099 	.db #0xc3	; 195
   03C4 56                 1100 	.db #0x56	; 86	'V'
   03C5 0F                 1101 	.db #0x0f	; 15
   03C6 56                 1102 	.db #0x56	; 86	'V'
   03C7 C3                 1103 	.db #0xc3	; 195
   03C8                    1104 _g_tiles_089:
   03C8 03                 1105 	.db #0x03	; 3
   03C9 03                 1106 	.db #0x03	; 3
   03CA C5                 1107 	.db #0xc5	; 197
   03CB 81                 1108 	.db #0x81	; 129
   03CC C4                 1109 	.db #0xc4	; 196
   03CD 81                 1110 	.db #0x81	; 129
   03CE C5                 1111 	.db #0xc5	; 197
   03CF 29                 1112 	.db #0x29	; 41
   03D0                    1113 _g_tiles_090:
   03D0 56                 1114 	.db #0x56	; 86	'V'
   03D1 C3                 1115 	.db #0xc3	; 195
   03D2 56                 1116 	.db #0x56	; 86	'V'
   03D3 C3                 1117 	.db #0xc3	; 195
   03D4 03                 1118 	.db #0x03	; 3
   03D5 03                 1119 	.db #0x03	; 3
   03D6 C0                 1120 	.db #0xc0	; 192
   03D7 C0                 1121 	.db #0xc0	; 192
   03D8                    1122 _g_tiles_091:
   03D8 C5                 1123 	.db #0xc5	; 197
   03D9 29                 1124 	.db #0x29	; 41
   03DA C5                 1125 	.db #0xc5	; 197
   03DB 29                 1126 	.db #0x29	; 41
   03DC 03                 1127 	.db #0x03	; 3
   03DD 03                 1128 	.db #0x03	; 3
   03DE C0                 1129 	.db #0xc0	; 192
   03DF C0                 1130 	.db #0xc0	; 192
   03E0                    1131 _g_tiles_092:
   03E0 03                 1132 	.db #0x03	; 3
   03E1 03                 1133 	.db #0x03	; 3
   03E2 42                 1134 	.db #0x42	; 66	'B'
   03E3 C0                 1135 	.db #0xc0	; 192
   03E4 07                 1136 	.db #0x07	; 7
   03E5 4A                 1137 	.db #0x4a	; 74	'J'
   03E6 43                 1138 	.db #0x43	; 67	'C'
   03E7 C6                 1139 	.db #0xc6	; 198
   03E8                    1140 _g_tiles_093:
   03E8 03                 1141 	.db #0x03	; 3
   03E9 03                 1142 	.db #0x03	; 3
   03EA C0                 1143 	.db #0xc0	; 192
   03EB 81                 1144 	.db #0x81	; 129
   03EC 94                 1145 	.db #0x94	; 148
   03ED 29                 1146 	.db #0x29	; 41
   03EE DA                 1147 	.db #0xda	; 218
   03EF A1                 1148 	.db #0xa1	; 161
   03F0                    1149 _g_tiles_094:
   03F0 07                 1150 	.db #0x07	; 7
   03F1 4E                 1151 	.db #0x4e	; 78	'N'
   03F2 07                 1152 	.db #0x07	; 7
   03F3 4E                 1153 	.db #0x4e	; 78	'N'
   03F4 03                 1154 	.db #0x03	; 3
   03F5 03                 1155 	.db #0x03	; 3
   03F6 C0                 1156 	.db #0xc0	; 192
   03F7 C0                 1157 	.db #0xc0	; 192
   03F8                    1158 _g_tiles_095:
   03F8 9E                 1159 	.db #0x9e	; 158
   03F9 29                 1160 	.db #0x29	; 41
   03FA 9E                 1161 	.db #0x9e	; 158
   03FB 29                 1162 	.db #0x29	; 41
   03FC 03                 1163 	.db #0x03	; 3
   03FD 03                 1164 	.db #0x03	; 3
   03FE C0                 1165 	.db #0xc0	; 192
   03FF C0                 1166 	.db #0xc0	; 192
   0400                    1167 _g_tiles_096:
   0400 03                 1168 	.db #0x03	; 3
   0401 03                 1169 	.db #0x03	; 3
   0402 53                 1170 	.db #0x53	; 83	'S'
   0403 C0                 1171 	.db #0xc0	; 192
   0404 46                 1172 	.db #0x46	; 70	'F'
   0405 3C                 1173 	.db #0x3c	; 60
   0406 53                 1174 	.db #0x53	; 83	'S'
   0407 CC                 1175 	.db #0xcc	; 204
   0408                    1176 _g_tiles_097:
   0408 03                 1177 	.db #0x03	; 3
   0409 03                 1178 	.db #0x03	; 3
   040A C0                 1179 	.db #0xc0	; 192
   040B 81                 1180 	.db #0x81	; 129
   040C 85                 1181 	.db #0x85	; 133
   040D 0B                 1182 	.db #0x0b	; 11
   040E D7                 1183 	.db #0xd7	; 215
   040F AB                 1184 	.db #0xab	; 171
   0410                    1185 _g_tiles_098:
   0410 53                 1186 	.db #0x53	; 83	'S'
   0411 3C                 1187 	.db #0x3c	; 60
   0412 53                 1188 	.db #0x53	; 83	'S'
   0413 3C                 1189 	.db #0x3c	; 60
   0414 03                 1190 	.db #0x03	; 3
   0415 03                 1191 	.db #0x03	; 3
   0416 C0                 1192 	.db #0xc0	; 192
   0417 C0                 1193 	.db #0xc0	; 192
   0418                    1194 _g_tiles_099:
   0418 87                 1195 	.db #0x87	; 135
   0419 0B                 1196 	.db #0x0b	; 11
   041A 87                 1197 	.db #0x87	; 135
   041B 0B                 1198 	.db #0x0b	; 11
   041C 03                 1199 	.db #0x03	; 3
   041D 03                 1200 	.db #0x03	; 3
   041E C0                 1201 	.db #0xc0	; 192
   041F C0                 1202 	.db #0xc0	; 192
   0420                    1203 _g_tiles_100:
   0420 03                 1204 	.db #0x03	; 3
   0421 03                 1205 	.db #0x03	; 3
   0422 46                 1206 	.db #0x46	; 70	'F'
   0423 63                 1207 	.db #0x63	; 99	'c'
   0424 46                 1208 	.db #0x46	; 70	'F'
   0425 63                 1209 	.db #0x63	; 99	'c'
   0426 C0                 1210 	.db #0xc0	; 192
   0427 C0                 1211 	.db #0xc0	; 192
   0428                    1212 _g_tiles_101:
   0428 03                 1213 	.db #0x03	; 3
   0429 03                 1214 	.db #0x03	; 3
   042A 7D                 1215 	.db #0x7d	; 125
   042B 0B                 1216 	.db #0x0b	; 11
   042C 7D                 1217 	.db #0x7d	; 125
   042D 0B                 1218 	.db #0x0b	; 11
   042E C0                 1219 	.db #0xc0	; 192
   042F C0                 1220 	.db #0xc0	; 192
   0430                    1221 _g_tiles_102:
   0430 03                 1222 	.db #0x03	; 3
   0431 03                 1223 	.db #0x03	; 3
   0432 47                 1224 	.db #0x47	; 71	'G'
   0433 2D                 1225 	.db #0x2d	; 45
   0434 47                 1226 	.db #0x47	; 71	'G'
   0435 2D                 1227 	.db #0x2d	; 45
   0436 C0                 1228 	.db #0xc0	; 192
   0437 C0                 1229 	.db #0xc0	; 192
   0438                    1230 _g_tiles_103:
   0438 03                 1231 	.db #0x03	; 3
   0439 03                 1232 	.db #0x03	; 3
   043A 8C                 1233 	.db #0x8c	; 140
   043B 89                 1234 	.db #0x89	; 137
   043C 8C                 1235 	.db #0x8c	; 140
   043D AB                 1236 	.db #0xab	; 171
   043E C0                 1237 	.db #0xc0	; 192
   043F C0                 1238 	.db #0xc0	; 192
   0440                    1239 _g_tiles_104:
   0440 4A                 1240 	.db #0x4a	; 74	'J'
   0441 4A                 1241 	.db #0x4a	; 74	'J'
   0442 C0                 1242 	.db #0xc0	; 192
   0443 C0                 1243 	.db #0xc0	; 192
   0444 4A                 1244 	.db #0x4a	; 74	'J'
   0445 4A                 1245 	.db #0x4a	; 74	'J'
   0446 C0                 1246 	.db #0xc0	; 192
   0447 C0                 1247 	.db #0xc0	; 192
   0448                    1248 _g_tiles_105:
   0448 85                 1249 	.db #0x85	; 133
   0449 C2                 1250 	.db #0xc2	; 194
   044A 85                 1251 	.db #0x85	; 133
   044B C2                 1252 	.db #0xc2	; 194
   044C 85                 1253 	.db #0x85	; 133
   044D C2                 1254 	.db #0xc2	; 194
   044E 85                 1255 	.db #0x85	; 133
   044F C2                 1256 	.db #0xc2	; 194
   0450                    1257 _g_tiles_106:
   0450 03                 1258 	.db #0x03	; 3
   0451 03                 1259 	.db #0x03	; 3
   0452 42                 1260 	.db #0x42	; 66	'B'
   0453 C0                 1261 	.db #0xc0	; 192
   0454 42                 1262 	.db #0x42	; 66	'B'
   0455 0F                 1263 	.db #0x0f	; 15
   0456 83                 1264 	.db #0x83	; 131
   0457 85                 1265 	.db #0x85	; 133
   0458                    1266 _g_tiles_107:
   0458 8D                 1267 	.db #0x8d	; 141
   0459 0F                 1268 	.db #0x0f	; 15
   045A 0F                 1269 	.db #0x0f	; 15
   045B 83                 1270 	.db #0x83	; 131
   045C 4B                 1271 	.db #0x4b	; 75	'K'
   045D 83                 1272 	.db #0x83	; 131
   045E 83                 1273 	.db #0x83	; 131
   045F 03                 1274 	.db #0x03	; 3
   0460                    1275 _g_tiles_108:
   0460 48                 1276 	.db #0x48	; 72	'H'
   0461 C0                 1277 	.db #0xc0	; 192
   0462 C0                 1278 	.db #0xc0	; 192
   0463 07                 1279 	.db #0x07	; 7
   0464 85                 1280 	.db #0x85	; 133
   0465 43                 1281 	.db #0x43	; 67	'C'
   0466 C1                 1282 	.db #0xc1	; 193
   0467 43                 1283 	.db #0x43	; 67	'C'
   0468                    1284 _g_tiles_109:
   0468 C0                 1285 	.db #0xc0	; 192
   0469 C0                 1286 	.db #0xc0	; 192
   046A 07                 1287 	.db #0x07	; 7
   046B 07                 1288 	.db #0x07	; 7
   046C 43                 1289 	.db #0x43	; 67	'C'
   046D 43                 1290 	.db #0x43	; 67	'C'
   046E 43                 1291 	.db #0x43	; 67	'C'
   046F 43                 1292 	.db #0x43	; 67	'C'
   0470                    1293 _g_tiles_110:
   0470 C0                 1294 	.db #0xc0	; 192
   0471 84                 1295 	.db #0x84	; 132
   0472 07                 1296 	.db #0x07	; 7
   0473 C0                 1297 	.db #0xc0	; 192
   0474 43                 1298 	.db #0x43	; 67	'C'
   0475 42                 1299 	.db #0x42	; 66	'B'
   0476 43                 1300 	.db #0x43	; 67	'C'
   0477 42                 1301 	.db #0x42	; 66	'B'
   0478                    1302 _g_tiles_111:
   0478 C0                 1303 	.db #0xc0	; 192
   0479 C0                 1304 	.db #0xc0	; 192
   047A C5                 1305 	.db #0xc5	; 197
   047B CE                 1306 	.db #0xce	; 206
   047C C5                 1307 	.db #0xc5	; 197
   047D C6                 1308 	.db #0xc6	; 198
   047E C1                 1309 	.db #0xc1	; 193
   047F C6                 1310 	.db #0xc6	; 198
   0480                    1311 _g_tiles_112:
   0480 C0                 1312 	.db #0xc0	; 192
   0481 C0                 1313 	.db #0xc0	; 192
   0482 CD                 1314 	.db #0xcd	; 205
   0483 C6                 1315 	.db #0xc6	; 198
   0484 C9                 1316 	.db #0xc9	; 201
   0485 C6                 1317 	.db #0xc6	; 198
   0486 C9                 1318 	.db #0xc9	; 201
   0487 C6                 1319 	.db #0xc6	; 198
   0488                    1320 _g_tiles_113:
   0488 C0                 1321 	.db #0xc0	; 192
   0489 C0                 1322 	.db #0xc0	; 192
   048A C9                 1323 	.db #0xc9	; 201
   048B 42                 1324 	.db #0x42	; 66	'B'
   048C C9                 1325 	.db #0xc9	; 201
   048D 42                 1326 	.db #0x42	; 66	'B'
   048E C9                 1327 	.db #0xc9	; 201
   048F 42                 1328 	.db #0x42	; 66	'B'
   0490                    1329 _g_tiles_114:
   0490 C1                 1330 	.db #0xc1	; 193
   0491 C6                 1331 	.db #0xc6	; 198
   0492 C1                 1332 	.db #0xc1	; 193
   0493 C6                 1333 	.db #0xc6	; 198
   0494 C1                 1334 	.db #0xc1	; 193
   0495 C2                 1335 	.db #0xc2	; 194
   0496 C0                 1336 	.db #0xc0	; 192
   0497 81                 1337 	.db #0x81	; 129
   0498                    1338 _g_tiles_115:
   0498 C9                 1339 	.db #0xc9	; 201
   0499 C6                 1340 	.db #0xc6	; 198
   049A C9                 1341 	.db #0xc9	; 201
   049B C6                 1342 	.db #0xc6	; 198
   049C C1                 1343 	.db #0xc1	; 193
   049D C2                 1344 	.db #0xc2	; 194
   049E C0                 1345 	.db #0xc0	; 192
   049F D5                 1346 	.db #0xd5	; 213
   04A0                    1347 _g_tiles_116:
   04A0 C9                 1348 	.db #0xc9	; 201
   04A1 42                 1349 	.db #0x42	; 66	'B'
   04A2 C9                 1350 	.db #0xc9	; 201
   04A3 42                 1351 	.db #0x42	; 66	'B'
   04A4 81                 1352 	.db #0x81	; 129
   04A5 42                 1353 	.db #0x42	; 66	'B'
   04A6 C0                 1354 	.db #0xc0	; 192
   04A7 C0                 1355 	.db #0xc0	; 192
   04A8                    1356 _g_tiles_117:
   04A8 81                 1357 	.db #0x81	; 129
   04A9 42                 1358 	.db #0x42	; 66	'B'
   04AA 81                 1359 	.db #0x81	; 129
   04AB C4                 1360 	.db #0xc4	; 196
   04AC 81                 1361 	.db #0x81	; 129
   04AD C4                 1362 	.db #0xc4	; 196
   04AE C0                 1363 	.db #0xc0	; 192
   04AF DD                 1364 	.db #0xdd	; 221
   04B0                    1365 _g_tiles_118:
   04B0 DD                 1366 	.db #0xdd	; 221
   04B1 AF                 1367 	.db #0xaf	; 175
   04B2 AF                 1368 	.db #0xaf	; 175
   04B3 4A                 1369 	.db #0x4a	; 74	'J'
   04B4 EA                 1370 	.db #0xea	; 234
   04B5 C5                 1371 	.db #0xc5	; 197
   04B6 C0                 1372 	.db #0xc0	; 192
   04B7 CA                 1373 	.db #0xca	; 202
   04B8                    1374 _g_tiles_119:
   04B8 4A                 1375 	.db #0x4a	; 74	'J'
   04B9 42                 1376 	.db #0x42	; 66	'B'
   04BA 4A                 1377 	.db #0x4a	; 74	'J'
   04BB 42                 1378 	.db #0x42	; 66	'B'
   04BC 85                 1379 	.db #0x85	; 133
   04BD C0                 1380 	.db #0xc0	; 192
   04BE C8                 1381 	.db #0xc8	; 200
   04BF 4A                 1382 	.db #0x4a	; 74	'J'
                           1383 	.area _INITIALIZER
                           1384 	.area _CABS (ABS)
